<?xml version="1.0" encoding="UTF-8"?><TestSessionContainer xmlns="http://www.codecover.org/xml/testsession-container" Date="1429250735861" TestSessionContainerId="e3c3f31c-2b6c-45ac-9e6d-877019e48d47" version="1.0">
<SrcFileList>
<SrcFile Content="import static org.junit.Assert.*;&#13;&#10;&#13;&#10;import org.junit.Test;&#13;&#10;&#13;&#10;import client.Controller.Dice;&#13;&#10;import client.Controller.Die;&#13;&#10;import client.Model.Road;&#13;&#10;&#13;&#10;public class test {&#13;&#10;&#9;&#13;&#10;&#9;@Test&#13;&#10;&#9;public void testDieInitialize() {&#13;&#10;&#9;&#9;Die die = new Die();&#13;&#10;&#9;&#9;assertTrue(die != null);&#13;&#10;&#9;}&#13;&#10;&#9;&#13;&#10;&#9;@Test&#13;&#10;&#9;public void testDieInitializeSeed() {&#13;&#10;&#9;&#9;Die die = new Die(1337);&#13;&#10;&#9;&#9;assertTrue(die != null);&#13;&#10;&#9;}&#13;&#10;&#13;&#10;&#9;@Test&#13;&#10;&#9;public void testRollDieMoreThanZero() {&#13;&#10;&#9;&#9;Die die = new Die(1337);&#13;&#10;&#9;&#9;assertTrue(die.rollDie() &gt; 0);&#13;&#10;&#9;&#9;&#13;&#10;&#9;&#9;die = new Die(0);&#13;&#10;&#9;&#9;assertTrue(die.rollDie() &gt; 0);&#13;&#10;&#9;&#9;&#13;&#10;&#9;&#9;die = new Die(30000);&#13;&#10;&#9;&#9;assertTrue(die.rollDie() &gt; 0);&#13;&#10;&#9;}&#13;&#10;&#13;&#10;&#9;@Test&#13;&#10;&#9;public void testRollDieLessThanSeven() {&#13;&#10;&#9;&#9;Die die = new Die(1337);&#13;&#10;&#9;&#9;assertTrue(die.rollDie() &lt; 7);&#13;&#10;&#9;&#9;&#13;&#10;&#9;&#9;die = new Die(0);&#13;&#10;&#9;&#9;assertTrue(die.rollDie() &lt; 7);&#13;&#10;&#9;&#9;&#13;&#10;&#9;&#9;die = new Die(30000);&#13;&#10;&#9;&#9;assertTrue(die.rollDie() &lt; 7);&#13;&#10;&#9;}&#13;&#10;&#9;&#13;&#10;&#9;@Test&#13;&#10;&#9;public void testDiceInitialize() {&#13;&#10;&#9;&#9;Dice dice = new Dice();&#13;&#10;&#9;&#9;assertTrue(dice != null);&#13;&#10;&#9;}&#13;&#10;&#13;&#10;&#9;@Test&#13;&#10;&#9;public void testRoadExists() {&#13;&#10;&#9;&#9;Road road = new Road(0, null, null);&#13;&#10;&#9;&#9;assertNotNull(road);&#13;&#10;&#9;}&#13;&#10;&#13;&#10;&#9;@Test&#13;&#10;&#9;public void testStructureGetPlayer() {&#13;&#10;&#9;&#9;//TODO fix&#13;&#10;//&#9;&#9;Structure struct = new Structure(1, 0, 0, 0, 0, 0, null);&#13;&#10;//&#9;&#9;assertEquals(1, struct.getPlayer());&#13;&#10;&#9;&#9;fail();&#13;&#10;&#9;}&#13;&#10;}&#13;&#10;" Filename="test.java" Intrnl_Id="1"/>
<SrcFile Content="import static org.junit.Assert.*;&#13;&#10;import org.junit.Test;&#13;&#10;import client.Controller.RoadManager;&#13;&#10;import client.Controller.StructureManager;&#13;&#10;&#13;&#10;public class StructurePieceTest {&#13;&#10;&#9;@Test&#13;&#10;&#9;public void testStructureManagerInitializes() {&#13;&#10;&#9;&#9;StructureManager sm = new StructureManager(3);&#13;&#10;&#9;&#9;assertNotNull(sm);&#13;&#10;&#9;}&#13;&#10;&#9;&#13;&#10;&#9;@Test&#13;&#10;&#9;public void testStructureMapInitializes() {&#13;&#10;&#9;&#9;StructureManager sm = new StructureManager(3);&#13;&#10;&#9;&#9;assertNotNull(sm.structureDependencyMap);&#13;&#10;&#9;}&#13;&#10;&#9;&#13;&#10;&#9;@Test&#13;&#10;&#9;public void testStructureMapCorrectSize() {&#13;&#10;&#9;&#9;StructureManager sm = new StructureManager(3);&#13;&#10;&#9;&#9;assertEquals(3, sm.structureDependencyMap.size());&#13;&#10;&#9;}&#13;&#10;&#9;&#13;&#10;&#9;@Test&#13;&#10;&#9;public void testStructureMapDoesntAddsStructure() {&#13;&#10;&#9;&#9;StructureManager sm = new StructureManager(3);&#13;&#10;&#9;&#9;sm.addStructure(1, 5);&#13;&#10;&#9;&#9;assertEquals(0, sm.getStructureCountForPlayer(1));&#13;&#10;&#9;}&#13;&#10;&#9;&#13;&#10;&#9;@Test&#13;&#10;&#9;public void testStructureMapAddsStructureToCorrectPlayer() {&#13;&#10;&#9;&#9;StructureManager sm = new StructureManager(3);&#13;&#10;&#9;&#9;RoadManager rm = new RoadManager(3);&#13;&#10;&#9;&#9;rm.addRoadPieceAtBeginning(1, 5);&#13;&#10;&#9;&#9;sm.addStructure(1, 5);&#13;&#10;&#9;&#9;assertEquals(1, sm.getStructureCountForPlayer(1));&#13;&#10;&#9;}&#13;&#10;&#9;&#13;&#10;&#9;@Test(expected=IndexOutOfBoundsException.class)&#13;&#10;&#9;public void testStructureMapThrowsExceptionWhenNonPlayerReferenced() {&#13;&#10;&#9;&#9;StructureManager sm = new StructureManager(3);&#13;&#10;&#9;&#9;RoadManager rm = new RoadManager(3);&#13;&#10;&#9;&#9;rm.addRoadPieceAtBeginning(1, 5);&#13;&#10;&#9;&#9;sm.addStructure(3, 5);&#13;&#10;&#9;}&#13;&#10;&#9;&#13;&#10;&#9;@Test(expected=IndexOutOfBoundsException.class)&#13;&#10;&#9;public void testStructureMapThrowsExceptionWhenNonLocationReferenced() {&#13;&#10;&#9;&#9;StructureManager sm = new StructureManager(3);&#13;&#10;&#9;&#9;RoadManager rm = new RoadManager(3);&#13;&#10;&#9;&#9;rm.addRoadPieceAtBeginning(1, 5);&#13;&#10;&#9;&#9;sm.addStructure(2, -1);&#13;&#10;&#9;}&#13;&#10;&#9;&#13;&#10;&#9;@Test&#13;&#10;&#9;public void testAddOneStructureAtBeginning() {&#13;&#10;&#9;&#9;int rslt;&#13;&#10;&#9;&#9;StructureManager sm = new StructureManager(3);&#13;&#10;&#9;&#9;rslt = sm.getStructureCountForPlayer(0);&#13;&#10;&#9;&#9;assertEquals(0, rslt);&#13;&#10;&#9;&#9;&#13;&#10;&#9;&#9;RoadManager rm = new RoadManager(3);&#13;&#10;&#9;&#9;rm.addRoadPieceAtBeginning(0, 27);&#13;&#10;&#9;&#9;sm.addStructure(0, 19);&#13;&#10;&#13;&#10;&#9;&#9;rslt = sm.getStructureCountForPlayer(0);&#13;&#10;&#9;&#9;assertEquals(1, rslt);&#13;&#10;&#9;}&#13;&#10;&#13;&#10;&#9;@Test&#13;&#10;&#9;public void testAddTwoSeparate() {&#13;&#10;&#9;&#9;int rslt;&#13;&#10;&#9;&#9;StructureManager sm = new StructureManager(3);&#13;&#10;&#9;&#9;&#13;&#10;&#9;&#9;RoadManager rm = new RoadManager(3);&#13;&#10;&#9;&#9;rm.addRoadPieceAtBeginning(0, 27);&#13;&#10;&#9;&#9;sm.addStructure(0, 19);&#13;&#10;&#9;&#9;&#13;&#10;&#9;&#9;rm.addRoadPieceAtBeginning(0, 66);&#13;&#10;&#9;&#9;sm.addStructure(0, 51);&#13;&#10;&#13;&#10;&#9;&#9;rslt = sm.getStructureCountForPlayer(0);&#13;&#10;&#9;&#9;assertEquals(2, rslt);&#13;&#10;&#9;}&#13;&#10;&#13;&#10;&#9;@Test&#13;&#10;&#9;public void testAddTwoAdjacent() {&#13;&#10;&#9;&#9;int rslt;&#13;&#10;&#9;&#9;StructureManager sm = new StructureManager(3);&#13;&#10;&#9;&#9;RoadManager rm = new RoadManager(3);&#13;&#10;&#9;&#9;rm.addRoadPieceAtBeginning(0, 27);&#13;&#10;&#9;&#9;sm.addStructure(0, 19);&#13;&#10;&#9;&#9;sm.addStructure(0, 20);&#13;&#10;&#13;&#10;&#9;&#9;rslt = sm.getStructureCountForPlayer(0);&#13;&#10;&#9;&#9;assertEquals(1, rslt);&#13;&#10;&#9;}&#13;&#10;&#13;&#10;&#9;@Test&#13;&#10;&#9;public void testOpponentAddAdjacent() {&#13;&#10;&#9;&#9;int rslt;&#13;&#10;&#9;&#9;StructureManager sm = new StructureManager(3);&#13;&#10;&#9;&#9;RoadManager rm = new RoadManager(3);&#13;&#10;&#9;&#9;rm.addRoadPieceAtBeginning(0, 27);&#13;&#10;&#9;&#9;sm.addStructure(0, 19);&#13;&#10;&#9;&#9;&#13;&#10;&#9;&#9;rm.addRoadPieceAtBeginning(1, 31);&#13;&#10;&#9;&#9;sm.addStructure(1, 20);&#13;&#10;&#13;&#10;&#9;&#9;rslt = sm.getStructureCountForPlayer(1);&#13;&#10;&#9;&#9;assertEquals(0, rslt);&#13;&#10;&#9;}&#13;&#10;&#13;&#10;}&#13;&#10;" Filename="StructurePieceTest.java" Intrnl_Id="2"/>
<SrcFile Content="import static org.junit.Assert.*;&#13;&#10;import org.junit.Test;&#13;&#10;import client.Controller.RoadManager;&#13;&#10;import client.Model.Road;&#13;&#10;import client.Model.RoadPiece;&#13;&#10;&#13;&#10;public class LongestRoadTest {&#13;&#10;&#13;&#10;&#9;@Test&#13;&#10;&#9;public void testRoadManagerInitializes() {&#13;&#10;&#9;&#9;RoadManager rm = new RoadManager(3);&#13;&#10;&#9;&#9;assertNotNull(rm);&#13;&#10;&#9;}&#13;&#10;&#13;&#10;&#9;@Test&#13;&#10;&#9;public void testRoadMapInitializes() {&#13;&#10;&#9;&#9;RoadManager rm = new RoadManager(3);&#13;&#10;&#9;&#9;assertNotNull(rm.roadDependencyMap);&#13;&#10;&#9;}&#13;&#10;&#13;&#10;&#9;@Test&#13;&#10;&#9;public void testRoadMapCorrectSize() {&#13;&#10;&#9;&#9;RoadManager rm = new RoadManager(3);&#13;&#10;&#9;&#9;assertEquals(3, rm.roadPieceDependencyMaps.size());&#13;&#10;&#9;}&#13;&#10;&#13;&#10;&#9;@Test&#13;&#10;&#9;public void testRoadMapAddsRoadToCorrectPlayer() {&#13;&#10;&#9;&#9;RoadManager rm = new RoadManager(3);&#13;&#10;&#9;&#9;rm.addRoadPieceAtBeginning(1, 5);&#13;&#10;&#9;&#9;assertEquals(1, rm.getRoadCountForPlayer(1));&#13;&#10;&#9;}&#13;&#10;&#13;&#10;&#9;@Test(expected = IndexOutOfBoundsException.class)&#13;&#10;&#9;public void testRoadMapThrowsExceptionWhenNonPlayerReferenced() {&#13;&#10;&#9;&#9;RoadManager rm = new RoadManager(3);&#13;&#10;&#9;&#9;rm.addRoadPiece(3, 5);&#13;&#10;&#9;}&#13;&#10;&#13;&#10;&#9;@Test(expected = IndexOutOfBoundsException.class)&#13;&#10;&#9;public void testRoadMapThrowsExceptionWhenNonLocationReferencedA() {&#13;&#10;&#9;&#9;RoadManager rm = new RoadManager(3);&#13;&#10;&#9;&#9;rm.addRoadPiece(2, 0);&#13;&#10;&#9;}&#13;&#10;&#13;&#10;&#9;@Test(expected = IndexOutOfBoundsException.class)&#13;&#10;&#9;public void testRoadMapThrowsExceptionWhenNonLocationReferencedB() {&#13;&#10;&#9;&#9;RoadManager rm = new RoadManager(4);&#13;&#10;&#9;&#9;rm.addRoadPiece(73, 0);&#13;&#10;&#9;}&#13;&#10;&#13;&#10;&#9;@Test&#13;&#10;&#9;public void testCorrectMapSizes() {&#13;&#10;&#9;&#9;int rslt;&#13;&#10;&#9;&#9;RoadManager rm = new RoadManager(3);&#13;&#10;&#9;&#9;rslt = rm.getRoadCountForPlayer(0);&#13;&#10;&#9;&#9;assertEquals(0, rslt);&#13;&#10;&#13;&#10;&#9;&#9;rm.addRoadPieceAtBeginning(0, 19);&#13;&#10;&#13;&#10;&#9;&#9;rslt = rm.getRoadCountForPlayer(0);&#13;&#10;&#9;&#9;assertEquals(1, rslt);&#13;&#10;&#13;&#10;&#9;&#9;rm.addRoadPieceAtBeginning(0, 20);&#13;&#10;&#9;&#9;rm.addRoadPieceAtBeginning(0, 24);&#13;&#10;&#9;&#9;rm.addRoadPieceAtBeginning(0, 30);&#13;&#10;&#9;&#9;rm.addRoadPieceAtBeginning(0, 1);&#13;&#10;&#13;&#10;&#9;&#9;rslt = rm.getRoadCountForPlayer(0);&#13;&#10;&#9;&#9;assertEquals(5, rslt);&#13;&#10;&#9;}&#13;&#10;&#13;&#10;&#9;@Test&#13;&#10;&#9;public void testAddOneRoadAtBeginning() {&#13;&#10;&#9;&#9;int rslt;&#13;&#10;&#9;&#9;RoadManager rm = new RoadManager(3);&#13;&#10;&#9;&#9;rslt = rm.findLongestRoadForPlayer(0);&#13;&#10;&#9;&#9;assertEquals(0, rslt);&#13;&#10;&#13;&#10;&#9;&#9;rm.addRoadPieceAtBeginning(0, 19);&#13;&#10;&#13;&#10;&#9;&#9;rslt = rm.findLongestRoadForPlayer(0);&#13;&#10;&#9;&#9;assertEquals(1, rslt);&#13;&#10;&#9;}&#13;&#10;&#13;&#10;&#9;@Test&#13;&#10;&#9;public void testAddOneRoad() {&#13;&#10;&#9;&#9;int rslt;&#13;&#10;&#9;&#9;RoadManager rm = new RoadManager(3);&#13;&#10;&#9;&#9;rslt = rm.findLongestRoadForPlayer(0);&#13;&#10;&#9;&#9;assertEquals(0, rslt);&#13;&#10;&#13;&#10;&#9;&#9;rm.addRoadPieceAtBeginning(0, 14);&#13;&#10;&#9;&#9;rm.addRoadPiece(0, 19);&#13;&#10;&#13;&#10;&#9;&#9;rslt = rm.findLongestRoadForPlayer(0);&#13;&#10;&#9;&#9;assertEquals(2, rslt);&#13;&#10;&#9;}&#13;&#10;&#13;&#10;&#9;@Test&#13;&#10;&#9;public void testAddTwoSeparate() {&#13;&#10;&#9;&#9;int rslt;&#13;&#10;&#9;&#9;RoadManager rm = new RoadManager(3);&#13;&#10;&#9;&#9;rm.addRoadPieceAtBeginning(0, 19);&#13;&#10;&#9;&#9;rm.addRoadPieceAtBeginning(0, 51);&#13;&#10;&#13;&#10;&#9;&#9;rslt = rm.findLongestRoadForPlayer(0);&#13;&#10;&#9;&#9;assertEquals(1, rslt);&#13;&#10;&#9;}&#13;&#10;&#13;&#10;&#9;@Test&#13;&#10;&#9;public void testAddTwoAdjacent() {&#13;&#10;&#9;&#9;int rslt;&#13;&#10;&#9;&#9;RoadManager rm = new RoadManager(3);&#13;&#10;&#9;&#9;rm.addRoadPieceAtBeginning(0, 19);&#13;&#10;&#9;&#9;rm.addRoadPiece(0, 22);&#13;&#10;&#13;&#10;&#9;&#9;rslt = rm.findLongestRoadForPlayer(0);&#13;&#10;&#9;&#9;assertEquals(2, rslt);&#13;&#10;&#9;}&#13;&#10;&#13;&#10;&#9;@Test&#13;&#10;&#9;public void testLoop() {&#13;&#10;&#9;&#9;int rslt;&#13;&#10;&#9;&#9;RoadManager rm = new RoadManager(3);&#13;&#10;&#9;&#9;rm.addRoadPieceAtBeginning(0, 19);&#13;&#10;&#9;&#9;rm.addRoadPiece(0, 22);&#13;&#10;&#9;&#9;rm.addRoadPiece(0, 31);&#13;&#10;&#9;&#9;rm.addRoadPiece(0, 36);&#13;&#10;&#9;&#9;rm.addRoadPiece(0, 32);&#13;&#10;&#9;&#9;rm.addRoadPiece(0, 23);&#13;&#10;&#13;&#10;&#9;&#9;rslt = rm.findLongestRoadForPlayer(0);&#13;&#10;&#9;&#9;assertEquals(6, rslt);&#13;&#10;&#9;}&#13;&#10;&#13;&#10;&#9;@Test&#13;&#10;&#9;public void testSnakeChain() {&#13;&#10;&#9;&#9;int rslt;&#13;&#10;&#9;&#9;RoadManager rm = new RoadManager(3);&#13;&#10;&#9;&#9;rm.addRoadPieceAtBeginning(0, 15);&#13;&#10;&#9;&#9;rm.addRoadPiece(0, 23);&#13;&#10;&#9;&#9;rm.addRoadPiece(0, 32);&#13;&#10;&#9;&#9;rm.addRoadPiece(0, 40);&#13;&#10;&#9;&#9;rm.addRoadPiece(0, 49);&#13;&#10;&#9;&#9;rm.addRoadPiece(0, 57);&#13;&#10;&#13;&#10;&#9;&#9;rslt = rm.findLongestRoadForPlayer(0);&#13;&#10;&#9;&#9;assertEquals(6, rslt);&#13;&#10;&#9;}&#13;&#10;&#13;&#10;&#9;@Test&#13;&#10;&#9;public void testChainWithLoopAtEnd() {&#13;&#10;&#9;&#9;int rslt;&#13;&#10;&#9;&#9;RoadManager rm = new RoadManager(3);&#13;&#10;&#9;&#9;// add chain&#13;&#10;&#9;&#9;rm.addRoadPieceAtBeginning(0, 15);&#13;&#10;&#9;&#9;rm.addRoadPiece(0, 23);&#13;&#10;&#9;&#9;rm.addRoadPiece(0, 32);&#13;&#10;&#9;&#9;rm.addRoadPiece(0, 40);&#13;&#10;&#9;&#9;rm.addRoadPiece(0, 49);&#13;&#10;&#9;&#9;rm.addRoadPiece(0, 57);&#13;&#10;&#13;&#10;&#9;&#9;// connect loop&#13;&#10;&#9;&#9;rm.addRoadPieceAtBeginning(0, 62);&#13;&#10;&#9;&#9;rm.addRoadPiece(0, 58);&#13;&#10;&#9;&#9;rm.addRoadPiece(0, 50);&#13;&#10;&#9;&#9;rm.addRoadPiece(0, 45);&#13;&#10;&#13;&#10;&#9;&#9;rslt = rm.findLongestRoadForPlayer(0);&#13;&#10;&#9;&#9;assertEquals(10, rslt);&#13;&#10;&#13;&#10;&#9;}&#13;&#10;&#13;&#10;&#9;@Test&#13;&#10;&#9;public void testChainWithLoopAtEndAndInMiddle() {&#13;&#10;&#9;&#9;int rslt;&#13;&#10;&#9;&#9;RoadManager rm = new RoadManager(3);&#13;&#10;&#9;&#9;// add chain&#13;&#10;&#9;&#9;rm.addRoadPieceAtBeginning(0, 1);&#13;&#10;&#9;&#9;rm.addRoadPiece(0, 2);&#13;&#10;&#9;&#9;rm.addRoadPiece(0, 7);&#13;&#10;&#9;&#9;rm.addRoadPiece(0, 15);&#13;&#10;&#9;&#9;rm.addRoadPiece(0, 23);&#13;&#10;&#9;&#9;rm.addRoadPiece(0, 32);&#13;&#10;&#9;&#9;rm.addRoadPiece(0, 40);&#13;&#10;&#9;&#9;rm.addRoadPiece(0, 49);&#13;&#10;&#9;&#9;rm.addRoadPiece(0, 57);&#13;&#10;&#13;&#10;&#9;&#9;// connect end loop&#13;&#10;&#9;&#9;rm.addRoadPieceAtBeginning(0, 62);&#13;&#10;&#9;&#9;rm.addRoadPiece(0, 58);&#13;&#10;&#9;&#9;rm.addRoadPiece(0, 50);&#13;&#10;&#9;&#9;rm.addRoadPiece(0, 45);&#13;&#10;&#13;&#10;&#9;&#9;// add second loop in middle&#13;&#10;&#9;&#9;rm.addRoadPieceAtBeginning(0, 11);&#13;&#10;&#9;&#9;rm.addRoadPiece(0, 16);&#13;&#10;&#9;&#9;rm.addRoadPiece(0, 28);&#13;&#10;&#9;&#9;rm.addRoadPiece(0, 24);&#13;&#10;&#13;&#10;&#9;&#9;rslt = rm.findLongestRoadForPlayer(0);&#13;&#10;&#9;&#9;assertEquals(15, rslt);&#13;&#10;&#13;&#10;&#9;}&#13;&#10;&#13;&#10;&#9;// @Test&#13;&#10;&#9;// public void testChainBrokenByOpponent() {&#13;&#10;&#9;//&#13;&#10;&#9;//&#13;&#10;&#9;// }&#13;&#10;&#9;//&#13;&#10;&#9;// @Test&#13;&#10;&#9;// public void testChainLoopBrokenByOpponent() {&#13;&#10;&#9;//&#13;&#10;&#9;// }&#13;&#10;&#13;&#10;&#9;// This test checks that only your road chain is used to calculate your&#13;&#10;&#9;// longest road.&#13;&#10;&#9;@Test&#13;&#10;&#9;public void testOpponentAddingSeparateRoads() {&#13;&#10;&#9;&#9;int rslt;&#13;&#10;&#9;&#9;RoadManager rm = new RoadManager(3);&#13;&#10;&#9;&#9;rm.addRoadPieceAtBeginning(0, 15);&#13;&#10;&#9;&#9;rm.addRoadPiece(0, 23);&#13;&#10;&#9;&#9;rm.addRoadPiece(0, 32);&#13;&#10;&#9;&#9;rm.addRoadPiece(0, 40);&#13;&#10;&#9;&#9;rm.addRoadPiece(0, 49);&#13;&#10;&#9;&#9;rm.addRoadPiece(0, 57);&#13;&#10;&#13;&#10;&#9;&#9;rslt = rm.findLongestRoadForPlayer(0);&#13;&#10;&#9;&#9;assertEquals(6, rslt);&#13;&#10;&#13;&#10;&#9;&#9;rm.addRoadPieceAtBeginning(1, 25);&#13;&#10;&#9;&#9;rm.addRoadPiece(1, 34);&#13;&#10;&#9;&#9;rm.addRoadPiece(1, 42);&#13;&#10;&#9;&#9;rm.addRoadPiece(1, 51);&#13;&#10;&#9;&#9;rm.addRoadPiece(1, 17);&#13;&#10;&#9;&#9;rm.addRoadPiece(1, 59);&#13;&#10;&#13;&#10;&#9;&#9;rslt = rm.findLongestRoadForPlayer(1);&#13;&#10;&#9;&#9;assertEquals(6, rslt);&#13;&#10;&#13;&#10;&#9;&#9;rslt = rm.findLongestRoadForPlayer(0);&#13;&#10;&#9;&#9;assertEquals(6, rslt);&#13;&#10;&#9;}&#13;&#10;&#13;&#10;&#9;// An opponent adding adjacent roads to yours should never effect the length&#13;&#10;&#9;// of your road. Only if they build a settlement. This test checks that your&#13;&#10;&#9;// opponents roads don't accidentally get added to your road for&#13;&#10;&#9;// calculating longest road when they touch your roads.&#13;&#10;&#9;@Test&#13;&#10;&#9;public void testOpponentAddingAdjacentRoads() {&#13;&#10;&#9;&#9;int rslt;&#13;&#10;&#9;&#9;RoadManager rm = new RoadManager(3);&#13;&#10;&#9;&#9;rm.addRoadPieceAtBeginning(0, 15);&#13;&#10;&#9;&#9;rm.addRoadPiece(0, 23);&#13;&#10;&#9;&#9;rm.addRoadPiece(0, 32);&#13;&#10;&#9;&#9;rm.addRoadPiece(0, 40);&#13;&#10;&#9;&#9;rm.addRoadPiece(0, 49);&#13;&#10;&#9;&#9;rm.addRoadPiece(0, 57);&#13;&#10;&#13;&#10;&#9;&#9;rslt = rm.findLongestRoadForPlayer(0);&#13;&#10;&#9;&#9;assertEquals(6, rslt);&#13;&#10;&#13;&#10;&#9;&#9;rm.addRoadPieceAtBeginning(1, 25);&#13;&#10;&#9;&#9;rm.addRoadPiece(1, 34);&#13;&#10;&#9;&#9;rm.addRoadPiece(1, 42);&#13;&#10;&#9;&#9;rm.addRoadPiece(1, 51);&#13;&#10;&#9;&#9;rm.addRoadPiece(1, 54);&#13;&#10;&#9;&#9;rm.addRoadPiece(1, 50);&#13;&#10;&#9;&#9;rm.addRoadPiece(1, 45);&#13;&#10;&#13;&#10;&#9;&#9;rslt = rm.findLongestRoadForPlayer(1);&#13;&#10;&#9;&#9;assertEquals(7, rslt);&#13;&#10;&#13;&#10;&#9;&#9;rslt = rm.findLongestRoadForPlayer(0);&#13;&#10;&#9;&#9;assertEquals(6, rslt);&#13;&#10;&#9;}&#13;&#10;&#13;&#10;&#9;@Test&#13;&#10;&#9;public void testOrderAddingConnectedRoads() {&#13;&#10;&#9;&#9;int rslt;&#13;&#10;&#9;&#9;RoadManager rm = new RoadManager(3);&#13;&#10;&#9;&#9;// first add two unconnected roads&#13;&#10;&#9;&#9;rm.addRoadPieceAtBeginning(0, 19);&#13;&#10;&#9;&#9;rm.addRoadPieceAtBeginning(0, 31);&#13;&#10;&#13;&#10;&#9;&#9;// then build a road connecting the two&#13;&#10;&#9;&#9;rm.addRoadPiece(0, 22);&#13;&#10;&#13;&#10;&#9;&#9;rslt = rm.findLongestRoadForPlayer(0);&#13;&#10;&#9;&#9;assertEquals(3, rslt);&#13;&#10;&#9;}&#13;&#10;&#13;&#10;&#9;@Test&#13;&#10;&#9;public void testConnectedRoadsOnOcean() {&#13;&#10;&#9;&#9;int rslt;&#13;&#10;&#9;&#9;RoadManager rm = new RoadManager(3);&#13;&#10;&#9;&#9;rm.addRoadPieceAtBeginning(0, 1);&#13;&#10;&#9;&#9;rm.addRoadPiece(0, 2);&#13;&#10;&#9;&#9;rm.addRoadPiece(0, 3);&#13;&#10;&#13;&#10;&#9;&#9;rslt = rm.findLongestRoadForPlayer(0);&#13;&#10;&#9;&#9;assertEquals(3, rslt);&#13;&#10;&#9;}&#13;&#10;&#13;&#10;&#9;@Test&#13;&#10;&#9;public void testRoadGetConnectedRoadsA() {&#13;&#10;&#9;&#9;int key = 0;&#13;&#10;&#9;&#9;int[] adjacentRoadsA = { 1 };&#13;&#10;&#9;&#9;int[] adjacentRoadsB = { 2 };&#13;&#10;&#9;&#9;Road road = new Road(key, adjacentRoadsA, adjacentRoadsB);&#13;&#10;&#13;&#10;&#9;&#9;assertTrue(road.getAdjacentRoadsA() == adjacentRoadsA);&#13;&#10;&#9;}&#13;&#10;&#13;&#10;&#9;@Test&#13;&#10;&#9;public void testRoadGetConnectedRoadsB() {&#13;&#10;&#9;&#9;int key = 0;&#13;&#10;&#9;&#9;int[] adjacentRoadsA = { 1 };&#13;&#10;&#9;&#9;int[] adjacentRoadsB = { 2 };&#13;&#10;&#9;&#9;Road road = new Road(key, adjacentRoadsA, adjacentRoadsB);&#13;&#10;&#13;&#10;&#9;&#9;assertTrue(road.getAdjacentRoadsB() == adjacentRoadsB);&#13;&#10;&#9;}&#13;&#10;&#13;&#10;&#9;@Test&#13;&#10;&#9;public void testRoadPieceGetConnectedRoadsA() {&#13;&#10;&#9;&#9;int key = 0;&#13;&#10;&#9;&#9;int[] adjacentRoadsA = { 1 };&#13;&#10;&#9;&#9;int[] adjacentRoadsB = { 2 };&#13;&#10;&#9;&#9;RoadPiece road = new RoadPiece(key, adjacentRoadsA, adjacentRoadsB);&#13;&#10;&#13;&#10;&#9;&#9;assertTrue(road.getAdjacentRoadsA() == adjacentRoadsA);&#13;&#10;&#9;}&#13;&#10;&#13;&#10;&#9;@Test&#13;&#10;&#9;public void testRoadPieceGetConnectedRoadsB() {&#13;&#10;&#9;&#9;int key = 0;&#13;&#10;&#9;&#9;int[] adjacentRoadsA = { 1 };&#13;&#10;&#9;&#9;int[] adjacentRoadsB = { 2 };&#13;&#10;&#9;&#9;RoadPiece road = new RoadPiece(key, adjacentRoadsA, adjacentRoadsB);&#13;&#10;&#13;&#10;&#9;&#9;assertTrue(road.getAdjacentRoadsB() == adjacentRoadsB);&#13;&#10;&#9;}&#13;&#10;&#13;&#10;&#9;@Test&#13;&#10;&#9;public void testRoadPieceSetConnectedRoadsA() {&#13;&#10;&#9;&#9;int key = 0;&#13;&#10;&#9;&#9;int[] adjacentRoadsA = {};&#13;&#10;&#9;&#9;int[] adjacentRoadsB = { 2 };&#13;&#10;&#9;&#9;RoadPiece road = new RoadPiece(key, adjacentRoadsA, adjacentRoadsB);&#13;&#10;&#9;&#9;adjacentRoadsA = new int[1];&#13;&#10;&#9;&#9;adjacentRoadsA[0] = 1;&#13;&#10;&#9;&#9;road.setAdjacentRoadsA(adjacentRoadsA);&#13;&#10;&#13;&#10;&#9;&#9;assertTrue(road.getAdjacentRoadsA() == adjacentRoadsA);&#13;&#10;&#9;}&#13;&#10;&#13;&#10;&#9;@Test&#13;&#10;&#9;public void testRoadPieceSetConnectedRoadsB() {&#13;&#10;&#9;&#9;int key = 0;&#13;&#10;&#9;&#9;int[] adjacentRoadsA = { 1 };&#13;&#10;&#9;&#9;int[] adjacentRoadsB = {};&#13;&#10;&#9;&#9;RoadPiece road = new RoadPiece(key, adjacentRoadsA, adjacentRoadsB);&#13;&#10;&#9;&#9;adjacentRoadsB = new int[1];&#13;&#10;&#9;&#9;adjacentRoadsB[0] = 2;&#13;&#10;&#9;&#9;road.setAdjacentRoadsB(adjacentRoadsB);&#13;&#10;&#13;&#10;&#9;&#9;assertTrue(road.getAdjacentRoadsB() == adjacentRoadsB);&#13;&#10;&#9;}&#13;&#10;&#13;&#10;&#9;@Test&#13;&#10;&#9;public void testTwoPlayersAddingSameRoad() {&#13;&#10;&#9;&#9;int rslt;&#13;&#10;&#9;&#9;RoadManager rm = new RoadManager(3);&#13;&#10;&#9;&#9;rm.addRoadPieceAtBeginning(0, 19);&#13;&#10;&#9;&#9;rm.addRoadPiece(0, 22);&#13;&#10;&#9;&#9;rm.addRoadPieceAtBeginning(1, 19);&#13;&#10;&#13;&#10;&#9;&#9;rslt = rm.findLongestRoadForPlayer(0);&#13;&#10;&#9;&#9;assertEquals(2, rslt);&#13;&#10;&#13;&#10;&#9;&#9;rslt = rm.findLongestRoadForPlayer(1);&#13;&#10;&#9;&#9;assertEquals(0, rslt);&#13;&#10;&#9;}&#13;&#10;&#13;&#10;&#9;@Test&#13;&#10;&#9;public void testTwoPlayersAddingSameRoadAtBeginning() {&#13;&#10;&#9;&#9;int rslt;&#13;&#10;&#9;&#9;RoadManager rm = new RoadManager(3);&#13;&#10;&#9;&#9;rm.addRoadPieceAtBeginning(0, 19);&#13;&#10;&#9;&#9;rm.addRoadPieceAtBeginning(1, 19);&#13;&#10;&#13;&#10;&#9;&#9;rslt = rm.findLongestRoadForPlayer(0);&#13;&#10;&#9;&#9;assertEquals(1, rslt);&#13;&#10;&#13;&#10;&#9;&#9;rslt = rm.findLongestRoadForPlayer(1);&#13;&#10;&#9;&#9;assertEquals(0, rslt);&#13;&#10;&#9;}&#13;&#10;}&#13;&#10;" Filename="LongestRoadTest.java" Intrnl_Id="3"/>
<SrcFile Content="import static org.junit.Assert.*;&#13;&#10;import java.util.HashSet;&#13;&#10;import java.util.Map.Entry;&#13;&#10;import org.junit.Test;&#13;&#10;import client.Controller.HexManager;&#13;&#10;import client.Controller.LocationKey;&#13;&#10;import client.Controller.StructureLocationKey;&#13;&#10;import client.GUI.HexComponent;&#13;&#10;&#13;&#10;public class HexManagerTest {&#13;&#10;&#13;&#10;&#9;@Test&#13;&#10;&#9;public void testInitializeRoadMapSize() {&#13;&#10;&#9;&#9;HexManager hm = new HexManager();&#13;&#10;&#9;&#9;assertEquals(114, hm.roadMap.size());&#13;&#10;&#9;}&#13;&#10;&#13;&#10;&#9;@Test&#13;&#10;&#9;public void testAllRoadsCovered() {&#13;&#10;&#9;&#9;HexManager hm = new HexManager();&#13;&#10;&#9;&#9;HashSet&lt;Integer&gt; set = new HashSet&lt;Integer&gt;();&#13;&#10;&#9;&#9;for (Entry&lt;LocationKey, Integer&gt; e : hm.roadMap.entrySet()) {&#13;&#10;&#9;&#9;&#9;set.add(e.getValue());&#13;&#10;&#9;&#9;}&#13;&#10;&#13;&#10;&#9;&#9;assertEquals(72, set.size());&#13;&#10;&#9;}&#13;&#10;&#13;&#10;&#9;@Test&#13;&#10;&#9;public void testCorrectNumberForAllRoads() {&#13;&#10;&#9;&#9;HexManager hm = new HexManager();&#13;&#10;&#9;&#9;int[] roadsOnOnlyOneHex = { 1, 2, 3, 4, 5, 6, 9, 10, 12, 13, 18, 21,&#13;&#10;&#9;&#9;&#9;&#9;26, 30, 35, 38, 43, 47, 52, 55, 60, 61, 63, 64, 67, 68, 69, 70,&#13;&#10;&#9;&#9;&#9;&#9;71, 72 };&#13;&#10;&#9;&#9;int[] roadOccurences = new int[72];&#13;&#10;&#9;&#9;for (Entry&lt;LocationKey, Integer&gt; e : hm.roadMap.entrySet()) {&#13;&#10;&#9;&#9;&#9;roadOccurences[e.getValue() - 1]++;&#13;&#10;&#9;&#9;}&#13;&#10;&#13;&#10;&#9;&#9;for (int i = 0; i &lt; roadOccurences.length; i++) {&#13;&#10;&#9;&#9;&#9;boolean isOnOnlyOneHex = false;&#13;&#10;&#9;&#9;&#9;for (int j = 0; j &lt; roadsOnOnlyOneHex.length; j++) {&#13;&#10;&#9;&#9;&#9;&#9;if (roadsOnOnlyOneHex[j] == i + 1) {&#13;&#10;&#9;&#9;&#9;&#9;&#9;isOnOnlyOneHex = true;&#13;&#10;&#9;&#9;&#9;&#9;&#9;break;&#13;&#10;&#9;&#9;&#9;&#9;}&#13;&#10;&#9;&#9;&#9;}&#13;&#10;&#13;&#10;&#9;&#9;&#9;if (isOnOnlyOneHex) {&#13;&#10;&#9;&#9;&#9;&#9;assertEquals(roadOccurences[i], 1);&#13;&#10;&#9;&#9;&#9;} else {&#13;&#10;&#9;&#9;&#9;&#9;assertEquals(roadOccurences[i], 2);&#13;&#10;&#9;&#9;&#9;}&#13;&#10;&#13;&#10;&#9;&#9;}&#13;&#10;&#9;}&#13;&#10;&#13;&#10;&#9;@Test&#13;&#10;&#9;public void testCorrectNumberOfRoadsForEachHex() {&#13;&#10;&#9;&#9;HexManager hm = new HexManager();&#13;&#10;&#9;&#9;int[] hexRoadCounts = new int[19];&#13;&#10;&#9;&#9;for (Entry&lt;LocationKey, Integer&gt; e : hm.roadMap.entrySet()) {&#13;&#10;&#9;&#9;&#9;hexRoadCounts[((LocationKey) (e.getKey())).getHexIndex()]++;&#13;&#10;&#9;&#9;}&#13;&#10;&#13;&#10;&#9;&#9;for (int i = 0; i &lt; hexRoadCounts.length; i++) {&#13;&#10;&#9;&#9;&#9;assertEquals(6, hexRoadCounts[i]);&#13;&#10;&#9;&#9;}&#13;&#10;&#9;}&#13;&#10;&#13;&#10;&#9;@Test&#13;&#10;&#9;public void testCorrectNumberOfStructuresForEachHex() {&#13;&#10;&#9;&#9;HexManager hm = new HexManager();&#13;&#10;&#9;&#9;int[] hexStructureCounts = new int[19];&#13;&#10;&#9;&#9;for (Entry&lt;StructureLocationKey, Integer&gt; e : hm.structureMap&#13;&#10;&#9;&#9;&#9;&#9;.entrySet()) {&#13;&#10;&#9;&#9;&#9;hexStructureCounts[((StructureLocationKey) (e.getKey()))&#13;&#10;&#9;&#9;&#9;&#9;&#9;.getHexIndex()]++;&#13;&#10;&#9;&#9;}&#13;&#10;&#13;&#10;&#9;&#9;for (int i = 0; i &lt; hexStructureCounts.length; i++) {&#13;&#10;&#9;&#9;&#9;assertEquals(6, hexStructureCounts[i]);&#13;&#10;&#9;&#9;}&#13;&#10;&#9;}&#13;&#10;&#13;&#10;&#9;@Test&#13;&#10;&#9;public void testCorrectNumberForAllStructures() {&#13;&#10;&#9;&#9;HexManager hm = new HexManager();&#13;&#10;&#9;&#9;int[] structuresOnOnlyOneHex = {};&#13;&#10;&#9;&#9;int[] structuresOnTwoHexs = {};&#13;&#10;&#9;&#9;int[] structureOccurences = new int[54];&#13;&#10;&#9;&#9;for (Entry&lt;StructureLocationKey, Integer&gt; e : hm.structureMap&#13;&#10;&#9;&#9;&#9;&#9;.entrySet()) {&#13;&#10;&#9;&#9;&#9;structureOccurences[e.getValue() - 1]++;&#13;&#10;&#9;&#9;}&#13;&#10;&#13;&#10;&#9;&#9;for (int i = 0; i &lt; structureOccurences.length; i++) {&#13;&#10;&#9;&#9;&#9;boolean isOnOnlyOneHex = false;&#13;&#10;&#13;&#10;&#9;&#9;&#9;for (int j = 0; j &lt; structuresOnOnlyOneHex.length; j++) {&#13;&#10;&#9;&#9;&#9;&#9;if (structuresOnOnlyOneHex[j] == i + 1) {&#13;&#10;&#9;&#9;&#9;&#9;&#9;isOnOnlyOneHex = true;&#13;&#10;&#9;&#9;&#9;&#9;&#9;break;&#13;&#10;&#9;&#9;&#9;&#9;}&#13;&#10;&#13;&#10;&#9;&#9;&#9;}&#13;&#10;&#13;&#10;&#9;&#9;&#9;if (isOnOnlyOneHex) {&#13;&#10;&#9;&#9;&#9;&#9;assertEquals(structureOccurences[i], 1);&#13;&#10;&#9;&#9;&#9;} else {&#13;&#10;&#9;&#9;&#9;&#9;boolean isOnTwoHexes = false;&#13;&#10;&#9;&#9;&#9;&#9;for (int j = 0; j &lt; structuresOnTwoHexs.length; j++) {&#13;&#10;&#9;&#9;&#9;&#9;&#9;if (structuresOnTwoHexs[j] == i + 1) {&#13;&#10;&#9;&#9;&#9;&#9;&#9;&#9;isOnTwoHexes = true;&#13;&#10;&#9;&#9;&#9;&#9;&#9;&#9;break;&#13;&#10;&#9;&#9;&#9;&#9;&#9;}&#13;&#10;&#13;&#10;&#9;&#9;&#9;&#9;}&#13;&#10;&#13;&#10;&#9;&#9;&#9;&#9;if (isOnTwoHexes) {&#13;&#10;&#9;&#9;&#9;&#9;&#9;assertEquals(structureOccurences[i], 2);&#13;&#10;&#9;&#9;&#9;&#9;} else {&#13;&#10;&#9;&#9;&#9;&#9;&#9;assertEquals(structureOccurences[i], 3);&#13;&#10;&#9;&#9;&#9;&#9;}&#13;&#10;&#13;&#10;&#9;&#9;&#9;}&#13;&#10;&#13;&#10;&#9;&#9;}&#13;&#10;&#9;}&#13;&#10;&#13;&#10;&#9;@Test&#13;&#10;&#9;public void testAllStructuresCovered() {&#13;&#10;&#9;&#9;HexManager hm = new HexManager();&#13;&#10;&#9;&#9;HashSet&lt;Integer&gt; set = new HashSet&lt;Integer&gt;();&#13;&#10;&#9;&#9;for (Entry&lt;StructureLocationKey, Integer&gt; e : hm.structureMap&#13;&#10;&#9;&#9;&#9;&#9;.entrySet()) {&#13;&#10;&#9;&#9;&#9;set.add(e.getValue());&#13;&#10;&#9;&#9;}&#13;&#10;&#13;&#10;&#9;&#9;assertEquals(54, set.size());&#13;&#10;&#9;}&#13;&#10;&#13;&#10;&#9;@Test&#13;&#10;&#9;public void testInitializeStructureMapSize() {&#13;&#10;&#9;&#9;HexManager hm = new HexManager();&#13;&#10;&#9;&#9;assertEquals(114, hm.structureMap.size());&#13;&#10;&#9;}&#13;&#10;&#13;&#10;&#9;@Test&#13;&#10;&#9;public void testStructureMapIteration() {&#13;&#10;&#9;&#9;HexManager hm = new HexManager();&#13;&#10;&#9;&#9;int id = hm.structureMap.get(new StructureLocationKey(6,&#13;&#10;&#9;&#9;&#9;&#9;HexComponent.StructurePosition.northeast));&#13;&#10;&#9;&#9;assertEquals(id, 2);&#13;&#10;&#13;&#10;&#9;&#9;id = hm.structureMap.get(new StructureLocationKey(6,&#13;&#10;&#9;&#9;&#9;&#9;HexComponent.StructurePosition.east));&#13;&#10;&#9;&#9;assertEquals(id, 5);&#13;&#10;&#13;&#10;&#9;&#9;id = hm.structureMap.get(new StructureLocationKey(5,&#13;&#10;&#9;&#9;&#9;&#9;HexComponent.StructurePosition.northwest));&#13;&#10;&#9;&#9;assertEquals(id, 5);&#13;&#10;&#13;&#10;&#9;&#9;id = hm.structureMap.get(new StructureLocationKey(6,&#13;&#10;&#9;&#9;&#9;&#9;HexComponent.StructurePosition.southeast));&#13;&#10;&#9;&#9;assertEquals(id, 10);&#13;&#10;&#13;&#10;&#9;&#9;id = hm.structureMap.get(new StructureLocationKey(5,&#13;&#10;&#9;&#9;&#9;&#9;HexComponent.StructurePosition.west));&#13;&#10;&#9;&#9;assertEquals(id, 10);&#13;&#10;&#13;&#10;&#9;&#9;id = hm.structureMap.get(new StructureLocationKey(5,&#13;&#10;&#9;&#9;&#9;&#9;HexComponent.StructurePosition.southwest));&#13;&#10;&#9;&#9;assertEquals(id, 16);&#13;&#10;&#13;&#10;&#9;&#9;id = hm.structureMap.get(new StructureLocationKey(15,&#13;&#10;&#9;&#9;&#9;&#9;HexComponent.StructurePosition.east));&#13;&#10;&#9;&#9;assertEquals(id, 16);&#13;&#10;&#13;&#10;&#9;&#9;id = hm.structureMap.get(new StructureLocationKey(15,&#13;&#10;&#9;&#9;&#9;&#9;HexComponent.StructurePosition.southeast));&#13;&#10;&#9;&#9;assertEquals(id, 22);&#13;&#10;&#13;&#10;&#9;&#9;id = hm.structureMap.get(new StructureLocationKey(15,&#13;&#10;&#9;&#9;&#9;&#9;HexComponent.StructurePosition.southwest));&#13;&#10;&#9;&#9;assertEquals(id, 21);&#13;&#10;&#13;&#10;&#9;&#9;id = hm.structureMap.get(new StructureLocationKey(16,&#13;&#10;&#9;&#9;&#9;&#9;HexComponent.StructurePosition.east));&#13;&#10;&#9;&#9;assertEquals(id, 21);&#13;&#10;&#13;&#10;&#9;&#9;id = hm.structureMap.get(new StructureLocationKey(18,&#13;&#10;&#9;&#9;&#9;&#9;HexComponent.StructurePosition.northwest));&#13;&#10;&#9;&#9;assertEquals(id, 21);&#13;&#10;&#9;}&#13;&#10;&#13;&#10;}&#13;&#10;" Filename="HexManagerTest.java" Intrnl_Id="4"/>
<SrcFile Content="import static org.junit.Assert.*;&#13;&#10;&#13;&#10;import org.junit.Before;&#13;&#10;import org.junit.Test;&#13;&#10;&#13;&#10;import client.Controller.Game;&#13;&#10;&#13;&#10;public class GameTest {&#13;&#10;&#9;Game game;&#13;&#10;&#13;&#10;&#9;@Before&#13;&#10;&#9;public void setUp() throws Exception {&#13;&#10;&#9;&#9;game = new Game();&#13;&#10;&#9;}&#13;&#10;&#13;&#10;&#9;@Test&#13;&#10;&#9;public void getDiceRollTest() {&#13;&#10;&#9;&#9;// TODO&#13;&#10;&#9;&#9;assertTrue(false);&#13;&#10;&#9;}&#13;&#10;&#13;&#10;}&#13;&#10;" Filename="GameTest.java" Intrnl_Id="5"/>
</SrcFileList>
<CritList>
<CritListEntry Name="org.codecover.model.utils.criteria.LoopCoverage" PluginName="org.codecover"/>
<CritListEntry Name="org.codecover.model.utils.criteria.QMOCoverage" PluginName="org.codecover"/>
<CritListEntry Name="org.codecover.model.utils.criteria.ConditionCoverage" PluginName="org.codecover"/>
<CritListEntry Name="org.codecover.model.utils.criteria.BranchCoverage" PluginName="org.codecover"/>
<CritListEntry Name="org.codecover.model.utils.criteria.SynchronizedStatementCoverage" PluginName="org.codecover"/>
<CritListEntry Name="org.codecover.model.utils.criteria.StatementCoverage" PluginName="org.codecover"/>
</CritList>
<BoolOpList/>
<HierarchyLvlTypeList>
<HierarchyLvlType EnglishName="method" IntrnlName="method" Intrnl_Id="6"/>
<HierarchyLvlType EnglishName="class" IntrnlName="class" Intrnl_Id="7"/>
<HierarchyLvlType EnglishName="default package" IntrnlName="default package" Intrnl_Id="8"/>
</HierarchyLvlTypeList>
<MASTRoot>
<HierarchyLvl HierarchyLvlId="64" HierarchyLvlTypeId="8" Intrnl_Id="9" Name="default package">
<Header/>
<LocList/>
<HierarchyLvl HierarchyLvlId="9" HierarchyLvlTypeId="7" Intrnl_Id="10" Name="test">
<Header>
<Loc EndOffset="172" SrcFileId="1" StartOffset="155"/>
</Header>
<LocList>
<Loc EndOffset="1276" SrcFileId="1" StartOffset="155"/>
</LocList>
<HierarchyLvl HierarchyLvlId="2" HierarchyLvlTypeId="6" Intrnl_Id="11" Name="testDieInitialize">
<Header>
<Loc EndOffset="219" SrcFileId="1" StartOffset="180"/>
</Header>
<LocList>
<Loc EndOffset="277" SrcFileId="1" StartOffset="180"/>
</LocList>
<StmntSeq Intrnl_Id="12">
<LocList>
<Loc EndOffset="245" SrcFileId="1" StartOffset="225"/>
<Loc EndOffset="273" SrcFileId="1" StartOffset="249"/>
</LocList>
<BasicStmnt CovItemId="S1" CovItemPrefix="test.java" Intrnl_Id="13">
<LocList>
<Loc EndOffset="245" SrcFileId="1" StartOffset="225"/>
</LocList>
</BasicStmnt>
<BasicStmnt CovItemId="S2" CovItemPrefix="test.java" Intrnl_Id="14">
<LocList>
<Loc EndOffset="273" SrcFileId="1" StartOffset="249"/>
</LocList>
</BasicStmnt>
</StmntSeq>
</HierarchyLvl>
<HierarchyLvl HierarchyLvlId="3" HierarchyLvlTypeId="6" Intrnl_Id="15" Name="testDieInitializeSeed">
<Header>
<Loc EndOffset="326" SrcFileId="1" StartOffset="283"/>
</Header>
<LocList>
<Loc EndOffset="388" SrcFileId="1" StartOffset="283"/>
</LocList>
<StmntSeq Intrnl_Id="16">
<LocList>
<Loc EndOffset="356" SrcFileId="1" StartOffset="332"/>
<Loc EndOffset="384" SrcFileId="1" StartOffset="360"/>
</LocList>
<BasicStmnt CovItemId="S3" CovItemPrefix="test.java" Intrnl_Id="17">
<LocList>
<Loc EndOffset="356" SrcFileId="1" StartOffset="332"/>
</LocList>
</BasicStmnt>
<BasicStmnt CovItemId="S4" CovItemPrefix="test.java" Intrnl_Id="18">
<LocList>
<Loc EndOffset="384" SrcFileId="1" StartOffset="360"/>
</LocList>
</BasicStmnt>
</StmntSeq>
</HierarchyLvl>
<HierarchyLvl HierarchyLvlId="4" HierarchyLvlTypeId="6" Intrnl_Id="19" Name="testRollDieMoreThanZero">
<Header>
<Loc EndOffset="438" SrcFileId="1" StartOffset="393"/>
</Header>
<LocList>
<Loc EndOffset="628" SrcFileId="1" StartOffset="393"/>
</LocList>
<StmntSeq Intrnl_Id="20">
<LocList>
<Loc EndOffset="468" SrcFileId="1" StartOffset="444"/>
<Loc EndOffset="502" SrcFileId="1" StartOffset="472"/>
<Loc EndOffset="527" SrcFileId="1" StartOffset="510"/>
<Loc EndOffset="561" SrcFileId="1" StartOffset="531"/>
<Loc EndOffset="590" SrcFileId="1" StartOffset="569"/>
<Loc EndOffset="624" SrcFileId="1" StartOffset="594"/>
</LocList>
<BasicStmnt CovItemId="S5" CovItemPrefix="test.java" Intrnl_Id="21">
<LocList>
<Loc EndOffset="468" SrcFileId="1" StartOffset="444"/>
</LocList>
</BasicStmnt>
<BasicStmnt CovItemId="S6" CovItemPrefix="test.java" Intrnl_Id="22">
<LocList>
<Loc EndOffset="502" SrcFileId="1" StartOffset="472"/>
</LocList>
</BasicStmnt>
<BasicStmnt CovItemId="S7" CovItemPrefix="test.java" Intrnl_Id="23">
<LocList>
<Loc EndOffset="527" SrcFileId="1" StartOffset="510"/>
</LocList>
</BasicStmnt>
<BasicStmnt CovItemId="S8" CovItemPrefix="test.java" Intrnl_Id="24">
<LocList>
<Loc EndOffset="561" SrcFileId="1" StartOffset="531"/>
</LocList>
</BasicStmnt>
<BasicStmnt CovItemId="S9" CovItemPrefix="test.java" Intrnl_Id="25">
<LocList>
<Loc EndOffset="590" SrcFileId="1" StartOffset="569"/>
</LocList>
</BasicStmnt>
<BasicStmnt CovItemId="S10" CovItemPrefix="test.java" Intrnl_Id="26">
<LocList>
<Loc EndOffset="624" SrcFileId="1" StartOffset="594"/>
</LocList>
</BasicStmnt>
</StmntSeq>
</HierarchyLvl>
<HierarchyLvl HierarchyLvlId="5" HierarchyLvlTypeId="6" Intrnl_Id="27" Name="testRollDieLessThanSeven">
<Header>
<Loc EndOffset="679" SrcFileId="1" StartOffset="633"/>
</Header>
<LocList>
<Loc EndOffset="869" SrcFileId="1" StartOffset="633"/>
</LocList>
<StmntSeq Intrnl_Id="28">
<LocList>
<Loc EndOffset="709" SrcFileId="1" StartOffset="685"/>
<Loc EndOffset="743" SrcFileId="1" StartOffset="713"/>
<Loc EndOffset="768" SrcFileId="1" StartOffset="751"/>
<Loc EndOffset="802" SrcFileId="1" StartOffset="772"/>
<Loc EndOffset="831" SrcFileId="1" StartOffset="810"/>
<Loc EndOffset="865" SrcFileId="1" StartOffset="835"/>
</LocList>
<BasicStmnt CovItemId="S11" CovItemPrefix="test.java" Intrnl_Id="29">
<LocList>
<Loc EndOffset="709" SrcFileId="1" StartOffset="685"/>
</LocList>
</BasicStmnt>
<BasicStmnt CovItemId="S12" CovItemPrefix="test.java" Intrnl_Id="30">
<LocList>
<Loc EndOffset="743" SrcFileId="1" StartOffset="713"/>
</LocList>
</BasicStmnt>
<BasicStmnt CovItemId="S13" CovItemPrefix="test.java" Intrnl_Id="31">
<LocList>
<Loc EndOffset="768" SrcFileId="1" StartOffset="751"/>
</LocList>
</BasicStmnt>
<BasicStmnt CovItemId="S14" CovItemPrefix="test.java" Intrnl_Id="32">
<LocList>
<Loc EndOffset="802" SrcFileId="1" StartOffset="772"/>
</LocList>
</BasicStmnt>
<BasicStmnt CovItemId="S15" CovItemPrefix="test.java" Intrnl_Id="33">
<LocList>
<Loc EndOffset="831" SrcFileId="1" StartOffset="810"/>
</LocList>
</BasicStmnt>
<BasicStmnt CovItemId="S16" CovItemPrefix="test.java" Intrnl_Id="34">
<LocList>
<Loc EndOffset="865" SrcFileId="1" StartOffset="835"/>
</LocList>
</BasicStmnt>
</StmntSeq>
</HierarchyLvl>
<HierarchyLvl HierarchyLvlId="6" HierarchyLvlTypeId="6" Intrnl_Id="35" Name="testDiceInitialize">
<Header>
<Loc EndOffset="915" SrcFileId="1" StartOffset="875"/>
</Header>
<LocList>
<Loc EndOffset="977" SrcFileId="1" StartOffset="875"/>
</LocList>
<StmntSeq Intrnl_Id="36">
<LocList>
<Loc EndOffset="944" SrcFileId="1" StartOffset="921"/>
<Loc EndOffset="973" SrcFileId="1" StartOffset="948"/>
</LocList>
<BasicStmnt CovItemId="S17" CovItemPrefix="test.java" Intrnl_Id="37">
<LocList>
<Loc EndOffset="944" SrcFileId="1" StartOffset="921"/>
</LocList>
</BasicStmnt>
<BasicStmnt CovItemId="S18" CovItemPrefix="test.java" Intrnl_Id="38">
<LocList>
<Loc EndOffset="973" SrcFileId="1" StartOffset="948"/>
</LocList>
</BasicStmnt>
</StmntSeq>
</HierarchyLvl>
<HierarchyLvl HierarchyLvlId="7" HierarchyLvlTypeId="6" Intrnl_Id="39" Name="testRoadExists">
<Header>
<Loc EndOffset="1018" SrcFileId="1" StartOffset="982"/>
</Header>
<LocList>
<Loc EndOffset="1088" SrcFileId="1" StartOffset="982"/>
</LocList>
<StmntSeq Intrnl_Id="40">
<LocList>
<Loc EndOffset="1060" SrcFileId="1" StartOffset="1024"/>
<Loc EndOffset="1084" SrcFileId="1" StartOffset="1064"/>
</LocList>
<BasicStmnt CovItemId="S19" CovItemPrefix="test.java" Intrnl_Id="41">
<LocList>
<Loc EndOffset="1060" SrcFileId="1" StartOffset="1024"/>
</LocList>
</BasicStmnt>
<BasicStmnt CovItemId="S20" CovItemPrefix="test.java" Intrnl_Id="42">
<LocList>
<Loc EndOffset="1084" SrcFileId="1" StartOffset="1064"/>
</LocList>
</BasicStmnt>
</StmntSeq>
</HierarchyLvl>
<HierarchyLvl HierarchyLvlId="8" HierarchyLvlTypeId="6" Intrnl_Id="43" Name="testStructureGetPlayer">
<Header>
<Loc EndOffset="1137" SrcFileId="1" StartOffset="1093"/>
</Header>
<LocList>
<Loc EndOffset="1273" SrcFileId="1" StartOffset="1093"/>
</LocList>
<StmntSeq Intrnl_Id="44">
<LocList>
<Loc EndOffset="1269" SrcFileId="1" StartOffset="1262"/>
</LocList>
<BasicStmnt CovItemId="S21" CovItemPrefix="test.java" Intrnl_Id="45">
<LocList>
<Loc EndOffset="1269" SrcFileId="1" StartOffset="1262"/>
</LocList>
</BasicStmnt>
</StmntSeq>
</HierarchyLvl>
</HierarchyLvl>
<HierarchyLvl HierarchyLvlId="21" HierarchyLvlTypeId="7" Intrnl_Id="46" Name="StructurePieceTest">
<Header>
<Loc EndOffset="175" SrcFileId="2" StartOffset="144"/>
</Header>
<LocList>
<Loc EndOffset="3115" SrcFileId="2" StartOffset="144"/>
</LocList>
<HierarchyLvl HierarchyLvlId="10" HierarchyLvlTypeId="6" Intrnl_Id="47" Name="testStructureManagerInitializes">
<Header>
<Loc EndOffset="233" SrcFileId="2" StartOffset="180"/>
</Header>
<LocList>
<Loc EndOffset="311" SrcFileId="2" StartOffset="180"/>
</LocList>
<StmntSeq Intrnl_Id="48">
<LocList>
<Loc EndOffset="285" SrcFileId="2" StartOffset="239"/>
<Loc EndOffset="307" SrcFileId="2" StartOffset="289"/>
</LocList>
<BasicStmnt CovItemId="S1" CovItemPrefix="StructurePieceTest.java" Intrnl_Id="49">
<LocList>
<Loc EndOffset="285" SrcFileId="2" StartOffset="239"/>
</LocList>
</BasicStmnt>
<BasicStmnt CovItemId="S2" CovItemPrefix="StructurePieceTest.java" Intrnl_Id="50">
<LocList>
<Loc EndOffset="307" SrcFileId="2" StartOffset="289"/>
</LocList>
</BasicStmnt>
</StmntSeq>
</HierarchyLvl>
<HierarchyLvl HierarchyLvlId="11" HierarchyLvlTypeId="6" Intrnl_Id="51" Name="testStructureMapInitializes">
<Header>
<Loc EndOffset="366" SrcFileId="2" StartOffset="317"/>
</Header>
<LocList>
<Loc EndOffset="467" SrcFileId="2" StartOffset="317"/>
</LocList>
<StmntSeq Intrnl_Id="52">
<LocList>
<Loc EndOffset="418" SrcFileId="2" StartOffset="372"/>
<Loc EndOffset="463" SrcFileId="2" StartOffset="422"/>
</LocList>
<BasicStmnt CovItemId="S3" CovItemPrefix="StructurePieceTest.java" Intrnl_Id="53">
<LocList>
<Loc EndOffset="418" SrcFileId="2" StartOffset="372"/>
</LocList>
</BasicStmnt>
<BasicStmnt CovItemId="S4" CovItemPrefix="StructurePieceTest.java" Intrnl_Id="54">
<LocList>
<Loc EndOffset="463" SrcFileId="2" StartOffset="422"/>
</LocList>
</BasicStmnt>
</StmntSeq>
</HierarchyLvl>
<HierarchyLvl HierarchyLvlId="12" HierarchyLvlTypeId="6" Intrnl_Id="55" Name="testStructureMapCorrectSize">
<Header>
<Loc EndOffset="522" SrcFileId="2" StartOffset="473"/>
</Header>
<LocList>
<Loc EndOffset="632" SrcFileId="2" StartOffset="473"/>
</LocList>
<StmntSeq Intrnl_Id="56">
<LocList>
<Loc EndOffset="574" SrcFileId="2" StartOffset="528"/>
<Loc EndOffset="628" SrcFileId="2" StartOffset="578"/>
</LocList>
<BasicStmnt CovItemId="S5" CovItemPrefix="StructurePieceTest.java" Intrnl_Id="57">
<LocList>
<Loc EndOffset="574" SrcFileId="2" StartOffset="528"/>
</LocList>
</BasicStmnt>
<BasicStmnt CovItemId="S6" CovItemPrefix="StructurePieceTest.java" Intrnl_Id="58">
<LocList>
<Loc EndOffset="628" SrcFileId="2" StartOffset="578"/>
</LocList>
</BasicStmnt>
</StmntSeq>
</HierarchyLvl>
<HierarchyLvl HierarchyLvlId="13" HierarchyLvlTypeId="6" Intrnl_Id="59" Name="testStructureMapDoesntAddsStructure">
<Header>
<Loc EndOffset="695" SrcFileId="2" StartOffset="638"/>
</Header>
<LocList>
<Loc EndOffset="831" SrcFileId="2" StartOffset="638"/>
</LocList>
<StmntSeq Intrnl_Id="60">
<LocList>
<Loc EndOffset="747" SrcFileId="2" StartOffset="701"/>
<Loc EndOffset="773" SrcFileId="2" StartOffset="751"/>
<Loc EndOffset="827" SrcFileId="2" StartOffset="777"/>
</LocList>
<BasicStmnt CovItemId="S7" CovItemPrefix="StructurePieceTest.java" Intrnl_Id="61">
<LocList>
<Loc EndOffset="747" SrcFileId="2" StartOffset="701"/>
</LocList>
</BasicStmnt>
<BasicStmnt CovItemId="S8" CovItemPrefix="StructurePieceTest.java" Intrnl_Id="62">
<LocList>
<Loc EndOffset="773" SrcFileId="2" StartOffset="751"/>
</LocList>
</BasicStmnt>
<BasicStmnt CovItemId="S9" CovItemPrefix="StructurePieceTest.java" Intrnl_Id="63">
<LocList>
<Loc EndOffset="827" SrcFileId="2" StartOffset="777"/>
</LocList>
</BasicStmnt>
</StmntSeq>
</HierarchyLvl>
<HierarchyLvl HierarchyLvlId="14" HierarchyLvlTypeId="6" Intrnl_Id="64" Name="testStructureMapAddsStructureToCorrectPlayer">
<Header>
<Loc EndOffset="903" SrcFileId="2" StartOffset="837"/>
</Header>
<LocList>
<Loc EndOffset="1116" SrcFileId="2" StartOffset="837"/>
</LocList>
<StmntSeq Intrnl_Id="65">
<LocList>
<Loc EndOffset="955" SrcFileId="2" StartOffset="909"/>
<Loc EndOffset="995" SrcFileId="2" StartOffset="959"/>
<Loc EndOffset="1032" SrcFileId="2" StartOffset="999"/>
<Loc EndOffset="1058" SrcFileId="2" StartOffset="1036"/>
<Loc EndOffset="1112" SrcFileId="2" StartOffset="1062"/>
</LocList>
<BasicStmnt CovItemId="S10" CovItemPrefix="StructurePieceTest.java" Intrnl_Id="66">
<LocList>
<Loc EndOffset="955" SrcFileId="2" StartOffset="909"/>
</LocList>
</BasicStmnt>
<BasicStmnt CovItemId="S11" CovItemPrefix="StructurePieceTest.java" Intrnl_Id="67">
<LocList>
<Loc EndOffset="995" SrcFileId="2" StartOffset="959"/>
</LocList>
</BasicStmnt>
<BasicStmnt CovItemId="S12" CovItemPrefix="StructurePieceTest.java" Intrnl_Id="68">
<LocList>
<Loc EndOffset="1032" SrcFileId="2" StartOffset="999"/>
</LocList>
</BasicStmnt>
<BasicStmnt CovItemId="S13" CovItemPrefix="StructurePieceTest.java" Intrnl_Id="69">
<LocList>
<Loc EndOffset="1058" SrcFileId="2" StartOffset="1036"/>
</LocList>
</BasicStmnt>
<BasicStmnt CovItemId="S14" CovItemPrefix="StructurePieceTest.java" Intrnl_Id="70">
<LocList>
<Loc EndOffset="1112" SrcFileId="2" StartOffset="1062"/>
</LocList>
</BasicStmnt>
</StmntSeq>
</HierarchyLvl>
<HierarchyLvl HierarchyLvlId="15" HierarchyLvlTypeId="6" Intrnl_Id="71" Name="testStructureMapThrowsExceptionWhenNonPlayerReferenced">
<Header>
<Loc EndOffset="1240" SrcFileId="2" StartOffset="1122"/>
</Header>
<LocList>
<Loc EndOffset="1399" SrcFileId="2" StartOffset="1122"/>
</LocList>
<StmntSeq Intrnl_Id="72">
<LocList>
<Loc EndOffset="1292" SrcFileId="2" StartOffset="1246"/>
<Loc EndOffset="1332" SrcFileId="2" StartOffset="1296"/>
<Loc EndOffset="1369" SrcFileId="2" StartOffset="1336"/>
<Loc EndOffset="1395" SrcFileId="2" StartOffset="1373"/>
</LocList>
<BasicStmnt CovItemId="S15" CovItemPrefix="StructurePieceTest.java" Intrnl_Id="73">
<LocList>
<Loc EndOffset="1292" SrcFileId="2" StartOffset="1246"/>
</LocList>
</BasicStmnt>
<BasicStmnt CovItemId="S16" CovItemPrefix="StructurePieceTest.java" Intrnl_Id="74">
<LocList>
<Loc EndOffset="1332" SrcFileId="2" StartOffset="1296"/>
</LocList>
</BasicStmnt>
<BasicStmnt CovItemId="S17" CovItemPrefix="StructurePieceTest.java" Intrnl_Id="75">
<LocList>
<Loc EndOffset="1369" SrcFileId="2" StartOffset="1336"/>
</LocList>
</BasicStmnt>
<BasicStmnt CovItemId="S18" CovItemPrefix="StructurePieceTest.java" Intrnl_Id="76">
<LocList>
<Loc EndOffset="1395" SrcFileId="2" StartOffset="1373"/>
</LocList>
</BasicStmnt>
</StmntSeq>
</HierarchyLvl>
<HierarchyLvl HierarchyLvlId="16" HierarchyLvlTypeId="6" Intrnl_Id="77" Name="testStructureMapThrowsExceptionWhenNonLocationReferenced">
<Header>
<Loc EndOffset="1525" SrcFileId="2" StartOffset="1405"/>
</Header>
<LocList>
<Loc EndOffset="1685" SrcFileId="2" StartOffset="1405"/>
</LocList>
<StmntSeq Intrnl_Id="78">
<LocList>
<Loc EndOffset="1577" SrcFileId="2" StartOffset="1531"/>
<Loc EndOffset="1617" SrcFileId="2" StartOffset="1581"/>
<Loc EndOffset="1654" SrcFileId="2" StartOffset="1621"/>
<Loc EndOffset="1681" SrcFileId="2" StartOffset="1658"/>
</LocList>
<BasicStmnt CovItemId="S19" CovItemPrefix="StructurePieceTest.java" Intrnl_Id="79">
<LocList>
<Loc EndOffset="1577" SrcFileId="2" StartOffset="1531"/>
</LocList>
</BasicStmnt>
<BasicStmnt CovItemId="S20" CovItemPrefix="StructurePieceTest.java" Intrnl_Id="80">
<LocList>
<Loc EndOffset="1617" SrcFileId="2" StartOffset="1581"/>
</LocList>
</BasicStmnt>
<BasicStmnt CovItemId="S21" CovItemPrefix="StructurePieceTest.java" Intrnl_Id="81">
<LocList>
<Loc EndOffset="1654" SrcFileId="2" StartOffset="1621"/>
</LocList>
</BasicStmnt>
<BasicStmnt CovItemId="S22" CovItemPrefix="StructurePieceTest.java" Intrnl_Id="82">
<LocList>
<Loc EndOffset="1681" SrcFileId="2" StartOffset="1658"/>
</LocList>
</BasicStmnt>
</StmntSeq>
</HierarchyLvl>
<HierarchyLvl HierarchyLvlId="17" HierarchyLvlTypeId="6" Intrnl_Id="83" Name="testAddOneStructureAtBeginning">
<Header>
<Loc EndOffset="1743" SrcFileId="2" StartOffset="1691"/>
</Header>
<LocList>
<Loc EndOffset="2063" SrcFileId="2" StartOffset="1691"/>
</LocList>
<StmntSeq Intrnl_Id="84">
<LocList>
<Loc EndOffset="1808" SrcFileId="2" StartOffset="1762"/>
<Loc EndOffset="1852" SrcFileId="2" StartOffset="1812"/>
<Loc EndOffset="1878" SrcFileId="2" StartOffset="1856"/>
<Loc EndOffset="1922" SrcFileId="2" StartOffset="1886"/>
<Loc EndOffset="1960" SrcFileId="2" StartOffset="1926"/>
<Loc EndOffset="1987" SrcFileId="2" StartOffset="1964"/>
<Loc EndOffset="2033" SrcFileId="2" StartOffset="1993"/>
<Loc EndOffset="2059" SrcFileId="2" StartOffset="2037"/>
</LocList>
<BasicStmnt CovItemId="S23" CovItemPrefix="StructurePieceTest.java" Intrnl_Id="85">
<LocList>
<Loc EndOffset="1808" SrcFileId="2" StartOffset="1762"/>
</LocList>
</BasicStmnt>
<BasicStmnt CovItemId="S24" CovItemPrefix="StructurePieceTest.java" Intrnl_Id="86">
<LocList>
<Loc EndOffset="1852" SrcFileId="2" StartOffset="1812"/>
</LocList>
</BasicStmnt>
<BasicStmnt CovItemId="S25" CovItemPrefix="StructurePieceTest.java" Intrnl_Id="87">
<LocList>
<Loc EndOffset="1878" SrcFileId="2" StartOffset="1856"/>
</LocList>
</BasicStmnt>
<BasicStmnt CovItemId="S26" CovItemPrefix="StructurePieceTest.java" Intrnl_Id="88">
<LocList>
<Loc EndOffset="1922" SrcFileId="2" StartOffset="1886"/>
</LocList>
</BasicStmnt>
<BasicStmnt CovItemId="S27" CovItemPrefix="StructurePieceTest.java" Intrnl_Id="89">
<LocList>
<Loc EndOffset="1960" SrcFileId="2" StartOffset="1926"/>
</LocList>
</BasicStmnt>
<BasicStmnt CovItemId="S28" CovItemPrefix="StructurePieceTest.java" Intrnl_Id="90">
<LocList>
<Loc EndOffset="1987" SrcFileId="2" StartOffset="1964"/>
</LocList>
</BasicStmnt>
<BasicStmnt CovItemId="S29" CovItemPrefix="StructurePieceTest.java" Intrnl_Id="91">
<LocList>
<Loc EndOffset="2033" SrcFileId="2" StartOffset="1993"/>
</LocList>
</BasicStmnt>
<BasicStmnt CovItemId="S30" CovItemPrefix="StructurePieceTest.java" Intrnl_Id="92">
<LocList>
<Loc EndOffset="2059" SrcFileId="2" StartOffset="2037"/>
</LocList>
</BasicStmnt>
</StmntSeq>
</HierarchyLvl>
<HierarchyLvl HierarchyLvlId="18" HierarchyLvlTypeId="6" Intrnl_Id="93" Name="testAddTwoSeparate">
<Header>
<Loc EndOffset="2108" SrcFileId="2" StartOffset="2068"/>
</Header>
<LocList>
<Loc EndOffset="2427" SrcFileId="2" StartOffset="2068"/>
</LocList>
<StmntSeq Intrnl_Id="94">
<LocList>
<Loc EndOffset="2173" SrcFileId="2" StartOffset="2127"/>
<Loc EndOffset="2217" SrcFileId="2" StartOffset="2181"/>
<Loc EndOffset="2255" SrcFileId="2" StartOffset="2221"/>
<Loc EndOffset="2282" SrcFileId="2" StartOffset="2259"/>
<Loc EndOffset="2324" SrcFileId="2" StartOffset="2290"/>
<Loc EndOffset="2351" SrcFileId="2" StartOffset="2328"/>
<Loc EndOffset="2397" SrcFileId="2" StartOffset="2357"/>
<Loc EndOffset="2423" SrcFileId="2" StartOffset="2401"/>
</LocList>
<BasicStmnt CovItemId="S31" CovItemPrefix="StructurePieceTest.java" Intrnl_Id="95">
<LocList>
<Loc EndOffset="2173" SrcFileId="2" StartOffset="2127"/>
</LocList>
</BasicStmnt>
<BasicStmnt CovItemId="S32" CovItemPrefix="StructurePieceTest.java" Intrnl_Id="96">
<LocList>
<Loc EndOffset="2217" SrcFileId="2" StartOffset="2181"/>
</LocList>
</BasicStmnt>
<BasicStmnt CovItemId="S33" CovItemPrefix="StructurePieceTest.java" Intrnl_Id="97">
<LocList>
<Loc EndOffset="2255" SrcFileId="2" StartOffset="2221"/>
</LocList>
</BasicStmnt>
<BasicStmnt CovItemId="S34" CovItemPrefix="StructurePieceTest.java" Intrnl_Id="98">
<LocList>
<Loc EndOffset="2282" SrcFileId="2" StartOffset="2259"/>
</LocList>
</BasicStmnt>
<BasicStmnt CovItemId="S35" CovItemPrefix="StructurePieceTest.java" Intrnl_Id="99">
<LocList>
<Loc EndOffset="2324" SrcFileId="2" StartOffset="2290"/>
</LocList>
</BasicStmnt>
<BasicStmnt CovItemId="S36" CovItemPrefix="StructurePieceTest.java" Intrnl_Id="100">
<LocList>
<Loc EndOffset="2351" SrcFileId="2" StartOffset="2328"/>
</LocList>
</BasicStmnt>
<BasicStmnt CovItemId="S37" CovItemPrefix="StructurePieceTest.java" Intrnl_Id="101">
<LocList>
<Loc EndOffset="2397" SrcFileId="2" StartOffset="2357"/>
</LocList>
</BasicStmnt>
<BasicStmnt CovItemId="S38" CovItemPrefix="StructurePieceTest.java" Intrnl_Id="102">
<LocList>
<Loc EndOffset="2423" SrcFileId="2" StartOffset="2401"/>
</LocList>
</BasicStmnt>
</StmntSeq>
</HierarchyLvl>
<HierarchyLvl HierarchyLvlId="19" HierarchyLvlTypeId="6" Intrnl_Id="103" Name="testAddTwoAdjacent">
<Header>
<Loc EndOffset="2472" SrcFileId="2" StartOffset="2432"/>
</Header>
<LocList>
<Loc EndOffset="2745" SrcFileId="2" StartOffset="2432"/>
</LocList>
<StmntSeq Intrnl_Id="104">
<LocList>
<Loc EndOffset="2537" SrcFileId="2" StartOffset="2491"/>
<Loc EndOffset="2577" SrcFileId="2" StartOffset="2541"/>
<Loc EndOffset="2615" SrcFileId="2" StartOffset="2581"/>
<Loc EndOffset="2642" SrcFileId="2" StartOffset="2619"/>
<Loc EndOffset="2669" SrcFileId="2" StartOffset="2646"/>
<Loc EndOffset="2715" SrcFileId="2" StartOffset="2675"/>
<Loc EndOffset="2741" SrcFileId="2" StartOffset="2719"/>
</LocList>
<BasicStmnt CovItemId="S39" CovItemPrefix="StructurePieceTest.java" Intrnl_Id="105">
<LocList>
<Loc EndOffset="2537" SrcFileId="2" StartOffset="2491"/>
</LocList>
</BasicStmnt>
<BasicStmnt CovItemId="S40" CovItemPrefix="StructurePieceTest.java" Intrnl_Id="106">
<LocList>
<Loc EndOffset="2577" SrcFileId="2" StartOffset="2541"/>
</LocList>
</BasicStmnt>
<BasicStmnt CovItemId="S41" CovItemPrefix="StructurePieceTest.java" Intrnl_Id="107">
<LocList>
<Loc EndOffset="2615" SrcFileId="2" StartOffset="2581"/>
</LocList>
</BasicStmnt>
<BasicStmnt CovItemId="S42" CovItemPrefix="StructurePieceTest.java" Intrnl_Id="108">
<LocList>
<Loc EndOffset="2642" SrcFileId="2" StartOffset="2619"/>
</LocList>
</BasicStmnt>
<BasicStmnt CovItemId="S43" CovItemPrefix="StructurePieceTest.java" Intrnl_Id="109">
<LocList>
<Loc EndOffset="2669" SrcFileId="2" StartOffset="2646"/>
</LocList>
</BasicStmnt>
<BasicStmnt CovItemId="S44" CovItemPrefix="StructurePieceTest.java" Intrnl_Id="110">
<LocList>
<Loc EndOffset="2715" SrcFileId="2" StartOffset="2675"/>
</LocList>
</BasicStmnt>
<BasicStmnt CovItemId="S45" CovItemPrefix="StructurePieceTest.java" Intrnl_Id="111">
<LocList>
<Loc EndOffset="2741" SrcFileId="2" StartOffset="2719"/>
</LocList>
</BasicStmnt>
</StmntSeq>
</HierarchyLvl>
<HierarchyLvl HierarchyLvlId="20" HierarchyLvlTypeId="6" Intrnl_Id="112" Name="testOpponentAddAdjacent">
<Header>
<Loc EndOffset="2795" SrcFileId="2" StartOffset="2750"/>
</Header>
<LocList>
<Loc EndOffset="3110" SrcFileId="2" StartOffset="2750"/>
</LocList>
<StmntSeq Intrnl_Id="113">
<LocList>
<Loc EndOffset="2860" SrcFileId="2" StartOffset="2814"/>
<Loc EndOffset="2900" SrcFileId="2" StartOffset="2864"/>
<Loc EndOffset="2938" SrcFileId="2" StartOffset="2904"/>
<Loc EndOffset="2965" SrcFileId="2" StartOffset="2942"/>
<Loc EndOffset="3007" SrcFileId="2" StartOffset="2973"/>
<Loc EndOffset="3034" SrcFileId="2" StartOffset="3011"/>
<Loc EndOffset="3080" SrcFileId="2" StartOffset="3040"/>
<Loc EndOffset="3106" SrcFileId="2" StartOffset="3084"/>
</LocList>
<BasicStmnt CovItemId="S46" CovItemPrefix="StructurePieceTest.java" Intrnl_Id="114">
<LocList>
<Loc EndOffset="2860" SrcFileId="2" StartOffset="2814"/>
</LocList>
</BasicStmnt>
<BasicStmnt CovItemId="S47" CovItemPrefix="StructurePieceTest.java" Intrnl_Id="115">
<LocList>
<Loc EndOffset="2900" SrcFileId="2" StartOffset="2864"/>
</LocList>
</BasicStmnt>
<BasicStmnt CovItemId="S48" CovItemPrefix="StructurePieceTest.java" Intrnl_Id="116">
<LocList>
<Loc EndOffset="2938" SrcFileId="2" StartOffset="2904"/>
</LocList>
</BasicStmnt>
<BasicStmnt CovItemId="S49" CovItemPrefix="StructurePieceTest.java" Intrnl_Id="117">
<LocList>
<Loc EndOffset="2965" SrcFileId="2" StartOffset="2942"/>
</LocList>
</BasicStmnt>
<BasicStmnt CovItemId="S50" CovItemPrefix="StructurePieceTest.java" Intrnl_Id="118">
<LocList>
<Loc EndOffset="3007" SrcFileId="2" StartOffset="2973"/>
</LocList>
</BasicStmnt>
<BasicStmnt CovItemId="S51" CovItemPrefix="StructurePieceTest.java" Intrnl_Id="119">
<LocList>
<Loc EndOffset="3034" SrcFileId="2" StartOffset="3011"/>
</LocList>
</BasicStmnt>
<BasicStmnt CovItemId="S52" CovItemPrefix="StructurePieceTest.java" Intrnl_Id="120">
<LocList>
<Loc EndOffset="3080" SrcFileId="2" StartOffset="3040"/>
</LocList>
</BasicStmnt>
<BasicStmnt CovItemId="S53" CovItemPrefix="StructurePieceTest.java" Intrnl_Id="121">
<LocList>
<Loc EndOffset="3106" SrcFileId="2" StartOffset="3084"/>
</LocList>
</BasicStmnt>
</StmntSeq>
</HierarchyLvl>
</HierarchyLvl>
<HierarchyLvl HierarchyLvlId="50" HierarchyLvlTypeId="7" Intrnl_Id="122" Name="LongestRoadTest">
<Header>
<Loc EndOffset="187" SrcFileId="3" StartOffset="159"/>
</Header>
<LocList>
<Loc EndOffset="9988" SrcFileId="3" StartOffset="159"/>
</LocList>
<HierarchyLvl HierarchyLvlId="22" HierarchyLvlTypeId="6" Intrnl_Id="123" Name="testRoadManagerInitializes">
<Header>
<Loc EndOffset="242" SrcFileId="3" StartOffset="194"/>
</Header>
<LocList>
<Loc EndOffset="310" SrcFileId="3" StartOffset="194"/>
</LocList>
<StmntSeq Intrnl_Id="124">
<LocList>
<Loc EndOffset="284" SrcFileId="3" StartOffset="248"/>
<Loc EndOffset="306" SrcFileId="3" StartOffset="288"/>
</LocList>
<BasicStmnt CovItemId="S1" CovItemPrefix="LongestRoadTest.java" Intrnl_Id="125">
<LocList>
<Loc EndOffset="284" SrcFileId="3" StartOffset="248"/>
</LocList>
</BasicStmnt>
<BasicStmnt CovItemId="S2" CovItemPrefix="LongestRoadTest.java" Intrnl_Id="126">
<LocList>
<Loc EndOffset="306" SrcFileId="3" StartOffset="288"/>
</LocList>
</BasicStmnt>
</StmntSeq>
</HierarchyLvl>
<HierarchyLvl HierarchyLvlId="23" HierarchyLvlTypeId="6" Intrnl_Id="127" Name="testRoadMapInitializes">
<Header>
<Loc EndOffset="359" SrcFileId="3" StartOffset="315"/>
</Header>
<LocList>
<Loc EndOffset="445" SrcFileId="3" StartOffset="315"/>
</LocList>
<StmntSeq Intrnl_Id="128">
<LocList>
<Loc EndOffset="401" SrcFileId="3" StartOffset="365"/>
<Loc EndOffset="441" SrcFileId="3" StartOffset="405"/>
</LocList>
<BasicStmnt CovItemId="S3" CovItemPrefix="LongestRoadTest.java" Intrnl_Id="129">
<LocList>
<Loc EndOffset="401" SrcFileId="3" StartOffset="365"/>
</LocList>
</BasicStmnt>
<BasicStmnt CovItemId="S4" CovItemPrefix="LongestRoadTest.java" Intrnl_Id="130">
<LocList>
<Loc EndOffset="441" SrcFileId="3" StartOffset="405"/>
</LocList>
</BasicStmnt>
</StmntSeq>
</HierarchyLvl>
<HierarchyLvl HierarchyLvlId="24" HierarchyLvlTypeId="6" Intrnl_Id="131" Name="testRoadMapCorrectSize">
<Header>
<Loc EndOffset="494" SrcFileId="3" StartOffset="450"/>
</Header>
<LocList>
<Loc EndOffset="595" SrcFileId="3" StartOffset="450"/>
</LocList>
<StmntSeq Intrnl_Id="132">
<LocList>
<Loc EndOffset="536" SrcFileId="3" StartOffset="500"/>
<Loc EndOffset="591" SrcFileId="3" StartOffset="540"/>
</LocList>
<BasicStmnt CovItemId="S5" CovItemPrefix="LongestRoadTest.java" Intrnl_Id="133">
<LocList>
<Loc EndOffset="536" SrcFileId="3" StartOffset="500"/>
</LocList>
</BasicStmnt>
<BasicStmnt CovItemId="S6" CovItemPrefix="LongestRoadTest.java" Intrnl_Id="134">
<LocList>
<Loc EndOffset="591" SrcFileId="3" StartOffset="540"/>
</LocList>
</BasicStmnt>
</StmntSeq>
</HierarchyLvl>
<HierarchyLvl HierarchyLvlId="25" HierarchyLvlTypeId="6" Intrnl_Id="135" Name="testRoadMapAddsRoadToCorrectPlayer">
<Header>
<Loc EndOffset="656" SrcFileId="3" StartOffset="600"/>
</Header>
<LocList>
<Loc EndOffset="788" SrcFileId="3" StartOffset="600"/>
</LocList>
<StmntSeq Intrnl_Id="136">
<LocList>
<Loc EndOffset="698" SrcFileId="3" StartOffset="662"/>
<Loc EndOffset="735" SrcFileId="3" StartOffset="702"/>
<Loc EndOffset="784" SrcFileId="3" StartOffset="739"/>
</LocList>
<BasicStmnt CovItemId="S7" CovItemPrefix="LongestRoadTest.java" Intrnl_Id="137">
<LocList>
<Loc EndOffset="698" SrcFileId="3" StartOffset="662"/>
</LocList>
</BasicStmnt>
<BasicStmnt CovItemId="S8" CovItemPrefix="LongestRoadTest.java" Intrnl_Id="138">
<LocList>
<Loc EndOffset="735" SrcFileId="3" StartOffset="702"/>
</LocList>
</BasicStmnt>
<BasicStmnt CovItemId="S9" CovItemPrefix="LongestRoadTest.java" Intrnl_Id="139">
<LocList>
<Loc EndOffset="784" SrcFileId="3" StartOffset="739"/>
</LocList>
</BasicStmnt>
</StmntSeq>
</HierarchyLvl>
<HierarchyLvl HierarchyLvlId="26" HierarchyLvlTypeId="6" Intrnl_Id="140" Name="testRoadMapThrowsExceptionWhenNonPlayerReferenced">
<Header>
<Loc EndOffset="908" SrcFileId="3" StartOffset="793"/>
</Header>
<LocList>
<Loc EndOffset="980" SrcFileId="3" StartOffset="793"/>
</LocList>
<StmntSeq Intrnl_Id="141">
<LocList>
<Loc EndOffset="950" SrcFileId="3" StartOffset="914"/>
<Loc EndOffset="976" SrcFileId="3" StartOffset="954"/>
</LocList>
<BasicStmnt CovItemId="S10" CovItemPrefix="LongestRoadTest.java" Intrnl_Id="142">
<LocList>
<Loc EndOffset="950" SrcFileId="3" StartOffset="914"/>
</LocList>
</BasicStmnt>
<BasicStmnt CovItemId="S11" CovItemPrefix="LongestRoadTest.java" Intrnl_Id="143">
<LocList>
<Loc EndOffset="976" SrcFileId="3" StartOffset="954"/>
</LocList>
</BasicStmnt>
</StmntSeq>
</HierarchyLvl>
<HierarchyLvl HierarchyLvlId="27" HierarchyLvlTypeId="6" Intrnl_Id="144" Name="testRoadMapThrowsExceptionWhenNonLocationReferencedA">
<Header>
<Loc EndOffset="1103" SrcFileId="3" StartOffset="985"/>
</Header>
<LocList>
<Loc EndOffset="1175" SrcFileId="3" StartOffset="985"/>
</LocList>
<StmntSeq Intrnl_Id="145">
<LocList>
<Loc EndOffset="1145" SrcFileId="3" StartOffset="1109"/>
<Loc EndOffset="1171" SrcFileId="3" StartOffset="1149"/>
</LocList>
<BasicStmnt CovItemId="S12" CovItemPrefix="LongestRoadTest.java" Intrnl_Id="146">
<LocList>
<Loc EndOffset="1145" SrcFileId="3" StartOffset="1109"/>
</LocList>
</BasicStmnt>
<BasicStmnt CovItemId="S13" CovItemPrefix="LongestRoadTest.java" Intrnl_Id="147">
<LocList>
<Loc EndOffset="1171" SrcFileId="3" StartOffset="1149"/>
</LocList>
</BasicStmnt>
</StmntSeq>
</HierarchyLvl>
<HierarchyLvl HierarchyLvlId="28" HierarchyLvlTypeId="6" Intrnl_Id="148" Name="testRoadMapThrowsExceptionWhenNonLocationReferencedB">
<Header>
<Loc EndOffset="1298" SrcFileId="3" StartOffset="1180"/>
</Header>
<LocList>
<Loc EndOffset="1371" SrcFileId="3" StartOffset="1180"/>
</LocList>
<StmntSeq Intrnl_Id="149">
<LocList>
<Loc EndOffset="1340" SrcFileId="3" StartOffset="1304"/>
<Loc EndOffset="1367" SrcFileId="3" StartOffset="1344"/>
</LocList>
<BasicStmnt CovItemId="S14" CovItemPrefix="LongestRoadTest.java" Intrnl_Id="150">
<LocList>
<Loc EndOffset="1340" SrcFileId="3" StartOffset="1304"/>
</LocList>
</BasicStmnt>
<BasicStmnt CovItemId="S15" CovItemPrefix="LongestRoadTest.java" Intrnl_Id="151">
<LocList>
<Loc EndOffset="1367" SrcFileId="3" StartOffset="1344"/>
</LocList>
</BasicStmnt>
</StmntSeq>
</HierarchyLvl>
<HierarchyLvl HierarchyLvlId="29" HierarchyLvlTypeId="6" Intrnl_Id="152" Name="testCorrectMapSizes">
<Header>
<Loc EndOffset="1417" SrcFileId="3" StartOffset="1376"/>
</Header>
<LocList>
<Loc EndOffset="1868" SrcFileId="3" StartOffset="1376"/>
</LocList>
<StmntSeq Intrnl_Id="153">
<LocList>
<Loc EndOffset="1472" SrcFileId="3" StartOffset="1436"/>
<Loc EndOffset="1511" SrcFileId="3" StartOffset="1476"/>
<Loc EndOffset="1537" SrcFileId="3" StartOffset="1515"/>
<Loc EndOffset="1577" SrcFileId="3" StartOffset="1543"/>
<Loc EndOffset="1618" SrcFileId="3" StartOffset="1583"/>
<Loc EndOffset="1644" SrcFileId="3" StartOffset="1622"/>
<Loc EndOffset="1684" SrcFileId="3" StartOffset="1650"/>
<Loc EndOffset="1722" SrcFileId="3" StartOffset="1688"/>
<Loc EndOffset="1760" SrcFileId="3" StartOffset="1726"/>
<Loc EndOffset="1797" SrcFileId="3" StartOffset="1764"/>
<Loc EndOffset="1838" SrcFileId="3" StartOffset="1803"/>
<Loc EndOffset="1864" SrcFileId="3" StartOffset="1842"/>
</LocList>
<BasicStmnt CovItemId="S16" CovItemPrefix="LongestRoadTest.java" Intrnl_Id="154">
<LocList>
<Loc EndOffset="1472" SrcFileId="3" StartOffset="1436"/>
</LocList>
</BasicStmnt>
<BasicStmnt CovItemId="S17" CovItemPrefix="LongestRoadTest.java" Intrnl_Id="155">
<LocList>
<Loc EndOffset="1511" SrcFileId="3" StartOffset="1476"/>
</LocList>
</BasicStmnt>
<BasicStmnt CovItemId="S18" CovItemPrefix="LongestRoadTest.java" Intrnl_Id="156">
<LocList>
<Loc EndOffset="1537" SrcFileId="3" StartOffset="1515"/>
</LocList>
</BasicStmnt>
<BasicStmnt CovItemId="S19" CovItemPrefix="LongestRoadTest.java" Intrnl_Id="157">
<LocList>
<Loc EndOffset="1577" SrcFileId="3" StartOffset="1543"/>
</LocList>
</BasicStmnt>
<BasicStmnt CovItemId="S20" CovItemPrefix="LongestRoadTest.java" Intrnl_Id="158">
<LocList>
<Loc EndOffset="1618" SrcFileId="3" StartOffset="1583"/>
</LocList>
</BasicStmnt>
<BasicStmnt CovItemId="S21" CovItemPrefix="LongestRoadTest.java" Intrnl_Id="159">
<LocList>
<Loc EndOffset="1644" SrcFileId="3" StartOffset="1622"/>
</LocList>
</BasicStmnt>
<BasicStmnt CovItemId="S22" CovItemPrefix="LongestRoadTest.java" Intrnl_Id="160">
<LocList>
<Loc EndOffset="1684" SrcFileId="3" StartOffset="1650"/>
</LocList>
</BasicStmnt>
<BasicStmnt CovItemId="S23" CovItemPrefix="LongestRoadTest.java" Intrnl_Id="161">
<LocList>
<Loc EndOffset="1722" SrcFileId="3" StartOffset="1688"/>
</LocList>
</BasicStmnt>
<BasicStmnt CovItemId="S24" CovItemPrefix="LongestRoadTest.java" Intrnl_Id="162">
<LocList>
<Loc EndOffset="1760" SrcFileId="3" StartOffset="1726"/>
</LocList>
</BasicStmnt>
<BasicStmnt CovItemId="S25" CovItemPrefix="LongestRoadTest.java" Intrnl_Id="163">
<LocList>
<Loc EndOffset="1797" SrcFileId="3" StartOffset="1764"/>
</LocList>
</BasicStmnt>
<BasicStmnt CovItemId="S26" CovItemPrefix="LongestRoadTest.java" Intrnl_Id="164">
<LocList>
<Loc EndOffset="1838" SrcFileId="3" StartOffset="1803"/>
</LocList>
</BasicStmnt>
<BasicStmnt CovItemId="S27" CovItemPrefix="LongestRoadTest.java" Intrnl_Id="165">
<LocList>
<Loc EndOffset="1864" SrcFileId="3" StartOffset="1842"/>
</LocList>
</BasicStmnt>
</StmntSeq>
</HierarchyLvl>
<HierarchyLvl HierarchyLvlId="30" HierarchyLvlTypeId="6" Intrnl_Id="166" Name="testAddOneRoadAtBeginning">
<Header>
<Loc EndOffset="1920" SrcFileId="3" StartOffset="1873"/>
</Header>
<LocList>
<Loc EndOffset="2157" SrcFileId="3" StartOffset="1873"/>
</LocList>
<StmntSeq Intrnl_Id="167">
<LocList>
<Loc EndOffset="1975" SrcFileId="3" StartOffset="1939"/>
<Loc EndOffset="2017" SrcFileId="3" StartOffset="1979"/>
<Loc EndOffset="2043" SrcFileId="3" StartOffset="2021"/>
<Loc EndOffset="2083" SrcFileId="3" StartOffset="2049"/>
<Loc EndOffset="2127" SrcFileId="3" StartOffset="2089"/>
<Loc EndOffset="2153" SrcFileId="3" StartOffset="2131"/>
</LocList>
<BasicStmnt CovItemId="S28" CovItemPrefix="LongestRoadTest.java" Intrnl_Id="168">
<LocList>
<Loc EndOffset="1975" SrcFileId="3" StartOffset="1939"/>
</LocList>
</BasicStmnt>
<BasicStmnt CovItemId="S29" CovItemPrefix="LongestRoadTest.java" Intrnl_Id="169">
<LocList>
<Loc EndOffset="2017" SrcFileId="3" StartOffset="1979"/>
</LocList>
</BasicStmnt>
<BasicStmnt CovItemId="S30" CovItemPrefix="LongestRoadTest.java" Intrnl_Id="170">
<LocList>
<Loc EndOffset="2043" SrcFileId="3" StartOffset="2021"/>
</LocList>
</BasicStmnt>
<BasicStmnt CovItemId="S31" CovItemPrefix="LongestRoadTest.java" Intrnl_Id="171">
<LocList>
<Loc EndOffset="2083" SrcFileId="3" StartOffset="2049"/>
</LocList>
</BasicStmnt>
<BasicStmnt CovItemId="S32" CovItemPrefix="LongestRoadTest.java" Intrnl_Id="172">
<LocList>
<Loc EndOffset="2127" SrcFileId="3" StartOffset="2089"/>
</LocList>
</BasicStmnt>
<BasicStmnt CovItemId="S33" CovItemPrefix="LongestRoadTest.java" Intrnl_Id="173">
<LocList>
<Loc EndOffset="2153" SrcFileId="3" StartOffset="2131"/>
</LocList>
</BasicStmnt>
</StmntSeq>
</HierarchyLvl>
<HierarchyLvl HierarchyLvlId="31" HierarchyLvlTypeId="6" Intrnl_Id="174" Name="testAddOneRoad">
<Header>
<Loc EndOffset="2198" SrcFileId="3" StartOffset="2162"/>
</Header>
<LocList>
<Loc EndOffset="2462" SrcFileId="3" StartOffset="2162"/>
</LocList>
<StmntSeq Intrnl_Id="175">
<LocList>
<Loc EndOffset="2253" SrcFileId="3" StartOffset="2217"/>
<Loc EndOffset="2295" SrcFileId="3" StartOffset="2257"/>
<Loc EndOffset="2321" SrcFileId="3" StartOffset="2299"/>
<Loc EndOffset="2361" SrcFileId="3" StartOffset="2327"/>
<Loc EndOffset="2388" SrcFileId="3" StartOffset="2365"/>
<Loc EndOffset="2432" SrcFileId="3" StartOffset="2394"/>
<Loc EndOffset="2458" SrcFileId="3" StartOffset="2436"/>
</LocList>
<BasicStmnt CovItemId="S34" CovItemPrefix="LongestRoadTest.java" Intrnl_Id="176">
<LocList>
<Loc EndOffset="2253" SrcFileId="3" StartOffset="2217"/>
</LocList>
</BasicStmnt>
<BasicStmnt CovItemId="S35" CovItemPrefix="LongestRoadTest.java" Intrnl_Id="177">
<LocList>
<Loc EndOffset="2295" SrcFileId="3" StartOffset="2257"/>
</LocList>
</BasicStmnt>
<BasicStmnt CovItemId="S36" CovItemPrefix="LongestRoadTest.java" Intrnl_Id="178">
<LocList>
<Loc EndOffset="2321" SrcFileId="3" StartOffset="2299"/>
</LocList>
</BasicStmnt>
<BasicStmnt CovItemId="S37" CovItemPrefix="LongestRoadTest.java" Intrnl_Id="179">
<LocList>
<Loc EndOffset="2361" SrcFileId="3" StartOffset="2327"/>
</LocList>
</BasicStmnt>
<BasicStmnt CovItemId="S38" CovItemPrefix="LongestRoadTest.java" Intrnl_Id="180">
<LocList>
<Loc EndOffset="2388" SrcFileId="3" StartOffset="2365"/>
</LocList>
</BasicStmnt>
<BasicStmnt CovItemId="S39" CovItemPrefix="LongestRoadTest.java" Intrnl_Id="181">
<LocList>
<Loc EndOffset="2432" SrcFileId="3" StartOffset="2394"/>
</LocList>
</BasicStmnt>
<BasicStmnt CovItemId="S40" CovItemPrefix="LongestRoadTest.java" Intrnl_Id="182">
<LocList>
<Loc EndOffset="2458" SrcFileId="3" StartOffset="2436"/>
</LocList>
</BasicStmnt>
</StmntSeq>
</HierarchyLvl>
<HierarchyLvl HierarchyLvlId="32" HierarchyLvlTypeId="6" Intrnl_Id="183" Name="testAddTwoSeparate">
<Header>
<Loc EndOffset="2507" SrcFileId="3" StartOffset="2467"/>
</Header>
<LocList>
<Loc EndOffset="2712" SrcFileId="3" StartOffset="2467"/>
</LocList>
<StmntSeq Intrnl_Id="184">
<LocList>
<Loc EndOffset="2562" SrcFileId="3" StartOffset="2526"/>
<Loc EndOffset="2600" SrcFileId="3" StartOffset="2566"/>
<Loc EndOffset="2638" SrcFileId="3" StartOffset="2604"/>
<Loc EndOffset="2682" SrcFileId="3" StartOffset="2644"/>
<Loc EndOffset="2708" SrcFileId="3" StartOffset="2686"/>
</LocList>
<BasicStmnt CovItemId="S41" CovItemPrefix="LongestRoadTest.java" Intrnl_Id="185">
<LocList>
<Loc EndOffset="2562" SrcFileId="3" StartOffset="2526"/>
</LocList>
</BasicStmnt>
<BasicStmnt CovItemId="S42" CovItemPrefix="LongestRoadTest.java" Intrnl_Id="186">
<LocList>
<Loc EndOffset="2600" SrcFileId="3" StartOffset="2566"/>
</LocList>
</BasicStmnt>
<BasicStmnt CovItemId="S43" CovItemPrefix="LongestRoadTest.java" Intrnl_Id="187">
<LocList>
<Loc EndOffset="2638" SrcFileId="3" StartOffset="2604"/>
</LocList>
</BasicStmnt>
<BasicStmnt CovItemId="S44" CovItemPrefix="LongestRoadTest.java" Intrnl_Id="188">
<LocList>
<Loc EndOffset="2682" SrcFileId="3" StartOffset="2644"/>
</LocList>
</BasicStmnt>
<BasicStmnt CovItemId="S45" CovItemPrefix="LongestRoadTest.java" Intrnl_Id="189">
<LocList>
<Loc EndOffset="2708" SrcFileId="3" StartOffset="2686"/>
</LocList>
</BasicStmnt>
</StmntSeq>
</HierarchyLvl>
<HierarchyLvl HierarchyLvlId="33" HierarchyLvlTypeId="6" Intrnl_Id="190" Name="testAddTwoAdjacent">
<Header>
<Loc EndOffset="2757" SrcFileId="3" StartOffset="2717"/>
</Header>
<LocList>
<Loc EndOffset="2951" SrcFileId="3" StartOffset="2717"/>
</LocList>
<StmntSeq Intrnl_Id="191">
<LocList>
<Loc EndOffset="2812" SrcFileId="3" StartOffset="2776"/>
<Loc EndOffset="2850" SrcFileId="3" StartOffset="2816"/>
<Loc EndOffset="2877" SrcFileId="3" StartOffset="2854"/>
<Loc EndOffset="2921" SrcFileId="3" StartOffset="2883"/>
<Loc EndOffset="2947" SrcFileId="3" StartOffset="2925"/>
</LocList>
<BasicStmnt CovItemId="S46" CovItemPrefix="LongestRoadTest.java" Intrnl_Id="192">
<LocList>
<Loc EndOffset="2812" SrcFileId="3" StartOffset="2776"/>
</LocList>
</BasicStmnt>
<BasicStmnt CovItemId="S47" CovItemPrefix="LongestRoadTest.java" Intrnl_Id="193">
<LocList>
<Loc EndOffset="2850" SrcFileId="3" StartOffset="2816"/>
</LocList>
</BasicStmnt>
<BasicStmnt CovItemId="S48" CovItemPrefix="LongestRoadTest.java" Intrnl_Id="194">
<LocList>
<Loc EndOffset="2877" SrcFileId="3" StartOffset="2854"/>
</LocList>
</BasicStmnt>
<BasicStmnt CovItemId="S49" CovItemPrefix="LongestRoadTest.java" Intrnl_Id="195">
<LocList>
<Loc EndOffset="2921" SrcFileId="3" StartOffset="2883"/>
</LocList>
</BasicStmnt>
<BasicStmnt CovItemId="S50" CovItemPrefix="LongestRoadTest.java" Intrnl_Id="196">
<LocList>
<Loc EndOffset="2947" SrcFileId="3" StartOffset="2925"/>
</LocList>
</BasicStmnt>
</StmntSeq>
</HierarchyLvl>
<HierarchyLvl HierarchyLvlId="34" HierarchyLvlTypeId="6" Intrnl_Id="197" Name="testLoop">
<Header>
<Loc EndOffset="2986" SrcFileId="3" StartOffset="2956"/>
</Header>
<LocList>
<Loc EndOffset="3288" SrcFileId="3" StartOffset="2956"/>
</LocList>
<StmntSeq Intrnl_Id="198">
<LocList>
<Loc EndOffset="3041" SrcFileId="3" StartOffset="3005"/>
<Loc EndOffset="3079" SrcFileId="3" StartOffset="3045"/>
<Loc EndOffset="3106" SrcFileId="3" StartOffset="3083"/>
<Loc EndOffset="3133" SrcFileId="3" StartOffset="3110"/>
<Loc EndOffset="3160" SrcFileId="3" StartOffset="3137"/>
<Loc EndOffset="3187" SrcFileId="3" StartOffset="3164"/>
<Loc EndOffset="3214" SrcFileId="3" StartOffset="3191"/>
<Loc EndOffset="3258" SrcFileId="3" StartOffset="3220"/>
<Loc EndOffset="3284" SrcFileId="3" StartOffset="3262"/>
</LocList>
<BasicStmnt CovItemId="S51" CovItemPrefix="LongestRoadTest.java" Intrnl_Id="199">
<LocList>
<Loc EndOffset="3041" SrcFileId="3" StartOffset="3005"/>
</LocList>
</BasicStmnt>
<BasicStmnt CovItemId="S52" CovItemPrefix="LongestRoadTest.java" Intrnl_Id="200">
<LocList>
<Loc EndOffset="3079" SrcFileId="3" StartOffset="3045"/>
</LocList>
</BasicStmnt>
<BasicStmnt CovItemId="S53" CovItemPrefix="LongestRoadTest.java" Intrnl_Id="201">
<LocList>
<Loc EndOffset="3106" SrcFileId="3" StartOffset="3083"/>
</LocList>
</BasicStmnt>
<BasicStmnt CovItemId="S54" CovItemPrefix="LongestRoadTest.java" Intrnl_Id="202">
<LocList>
<Loc EndOffset="3133" SrcFileId="3" StartOffset="3110"/>
</LocList>
</BasicStmnt>
<BasicStmnt CovItemId="S55" CovItemPrefix="LongestRoadTest.java" Intrnl_Id="203">
<LocList>
<Loc EndOffset="3160" SrcFileId="3" StartOffset="3137"/>
</LocList>
</BasicStmnt>
<BasicStmnt CovItemId="S56" CovItemPrefix="LongestRoadTest.java" Intrnl_Id="204">
<LocList>
<Loc EndOffset="3187" SrcFileId="3" StartOffset="3164"/>
</LocList>
</BasicStmnt>
<BasicStmnt CovItemId="S57" CovItemPrefix="LongestRoadTest.java" Intrnl_Id="205">
<LocList>
<Loc EndOffset="3214" SrcFileId="3" StartOffset="3191"/>
</LocList>
</BasicStmnt>
<BasicStmnt CovItemId="S58" CovItemPrefix="LongestRoadTest.java" Intrnl_Id="206">
<LocList>
<Loc EndOffset="3258" SrcFileId="3" StartOffset="3220"/>
</LocList>
</BasicStmnt>
<BasicStmnt CovItemId="S59" CovItemPrefix="LongestRoadTest.java" Intrnl_Id="207">
<LocList>
<Loc EndOffset="3284" SrcFileId="3" StartOffset="3262"/>
</LocList>
</BasicStmnt>
</StmntSeq>
</HierarchyLvl>
<HierarchyLvl HierarchyLvlId="35" HierarchyLvlTypeId="6" Intrnl_Id="208" Name="testSnakeChain">
<Header>
<Loc EndOffset="3329" SrcFileId="3" StartOffset="3293"/>
</Header>
<LocList>
<Loc EndOffset="3631" SrcFileId="3" StartOffset="3293"/>
</LocList>
<StmntSeq Intrnl_Id="209">
<LocList>
<Loc EndOffset="3384" SrcFileId="3" StartOffset="3348"/>
<Loc EndOffset="3422" SrcFileId="3" StartOffset="3388"/>
<Loc EndOffset="3449" SrcFileId="3" StartOffset="3426"/>
<Loc EndOffset="3476" SrcFileId="3" StartOffset="3453"/>
<Loc EndOffset="3503" SrcFileId="3" StartOffset="3480"/>
<Loc EndOffset="3530" SrcFileId="3" StartOffset="3507"/>
<Loc EndOffset="3557" SrcFileId="3" StartOffset="3534"/>
<Loc EndOffset="3601" SrcFileId="3" StartOffset="3563"/>
<Loc EndOffset="3627" SrcFileId="3" StartOffset="3605"/>
</LocList>
<BasicStmnt CovItemId="S60" CovItemPrefix="LongestRoadTest.java" Intrnl_Id="210">
<LocList>
<Loc EndOffset="3384" SrcFileId="3" StartOffset="3348"/>
</LocList>
</BasicStmnt>
<BasicStmnt CovItemId="S61" CovItemPrefix="LongestRoadTest.java" Intrnl_Id="211">
<LocList>
<Loc EndOffset="3422" SrcFileId="3" StartOffset="3388"/>
</LocList>
</BasicStmnt>
<BasicStmnt CovItemId="S62" CovItemPrefix="LongestRoadTest.java" Intrnl_Id="212">
<LocList>
<Loc EndOffset="3449" SrcFileId="3" StartOffset="3426"/>
</LocList>
</BasicStmnt>
<BasicStmnt CovItemId="S63" CovItemPrefix="LongestRoadTest.java" Intrnl_Id="213">
<LocList>
<Loc EndOffset="3476" SrcFileId="3" StartOffset="3453"/>
</LocList>
</BasicStmnt>
<BasicStmnt CovItemId="S64" CovItemPrefix="LongestRoadTest.java" Intrnl_Id="214">
<LocList>
<Loc EndOffset="3503" SrcFileId="3" StartOffset="3480"/>
</LocList>
</BasicStmnt>
<BasicStmnt CovItemId="S65" CovItemPrefix="LongestRoadTest.java" Intrnl_Id="215">
<LocList>
<Loc EndOffset="3530" SrcFileId="3" StartOffset="3507"/>
</LocList>
</BasicStmnt>
<BasicStmnt CovItemId="S66" CovItemPrefix="LongestRoadTest.java" Intrnl_Id="216">
<LocList>
<Loc EndOffset="3557" SrcFileId="3" StartOffset="3534"/>
</LocList>
</BasicStmnt>
<BasicStmnt CovItemId="S67" CovItemPrefix="LongestRoadTest.java" Intrnl_Id="217">
<LocList>
<Loc EndOffset="3601" SrcFileId="3" StartOffset="3563"/>
</LocList>
</BasicStmnt>
<BasicStmnt CovItemId="S68" CovItemPrefix="LongestRoadTest.java" Intrnl_Id="218">
<LocList>
<Loc EndOffset="3627" SrcFileId="3" StartOffset="3605"/>
</LocList>
</BasicStmnt>
</StmntSeq>
</HierarchyLvl>
<HierarchyLvl HierarchyLvlId="36" HierarchyLvlTypeId="6" Intrnl_Id="219" Name="testChainWithLoopAtEnd">
<Header>
<Loc EndOffset="3680" SrcFileId="3" StartOffset="3636"/>
</Header>
<LocList>
<Loc EndOffset="4141" SrcFileId="3" StartOffset="3636"/>
</LocList>
<StmntSeq Intrnl_Id="220">
<LocList>
<Loc EndOffset="3735" SrcFileId="3" StartOffset="3699"/>
<Loc EndOffset="3789" SrcFileId="3" StartOffset="3755"/>
<Loc EndOffset="3816" SrcFileId="3" StartOffset="3793"/>
<Loc EndOffset="3843" SrcFileId="3" StartOffset="3820"/>
<Loc EndOffset="3870" SrcFileId="3" StartOffset="3847"/>
<Loc EndOffset="3897" SrcFileId="3" StartOffset="3874"/>
<Loc EndOffset="3924" SrcFileId="3" StartOffset="3901"/>
<Loc EndOffset="3983" SrcFileId="3" StartOffset="3949"/>
<Loc EndOffset="4010" SrcFileId="3" StartOffset="3987"/>
<Loc EndOffset="4037" SrcFileId="3" StartOffset="4014"/>
<Loc EndOffset="4064" SrcFileId="3" StartOffset="4041"/>
<Loc EndOffset="4108" SrcFileId="3" StartOffset="4070"/>
<Loc EndOffset="4135" SrcFileId="3" StartOffset="4112"/>
</LocList>
<BasicStmnt CovItemId="S69" CovItemPrefix="LongestRoadTest.java" Intrnl_Id="221">
<LocList>
<Loc EndOffset="3735" SrcFileId="3" StartOffset="3699"/>
</LocList>
</BasicStmnt>
<BasicStmnt CovItemId="S70" CovItemPrefix="LongestRoadTest.java" Intrnl_Id="222">
<LocList>
<Loc EndOffset="3789" SrcFileId="3" StartOffset="3755"/>
</LocList>
</BasicStmnt>
<BasicStmnt CovItemId="S71" CovItemPrefix="LongestRoadTest.java" Intrnl_Id="223">
<LocList>
<Loc EndOffset="3816" SrcFileId="3" StartOffset="3793"/>
</LocList>
</BasicStmnt>
<BasicStmnt CovItemId="S72" CovItemPrefix="LongestRoadTest.java" Intrnl_Id="224">
<LocList>
<Loc EndOffset="3843" SrcFileId="3" StartOffset="3820"/>
</LocList>
</BasicStmnt>
<BasicStmnt CovItemId="S73" CovItemPrefix="LongestRoadTest.java" Intrnl_Id="225">
<LocList>
<Loc EndOffset="3870" SrcFileId="3" StartOffset="3847"/>
</LocList>
</BasicStmnt>
<BasicStmnt CovItemId="S74" CovItemPrefix="LongestRoadTest.java" Intrnl_Id="226">
<LocList>
<Loc EndOffset="3897" SrcFileId="3" StartOffset="3874"/>
</LocList>
</BasicStmnt>
<BasicStmnt CovItemId="S75" CovItemPrefix="LongestRoadTest.java" Intrnl_Id="227">
<LocList>
<Loc EndOffset="3924" SrcFileId="3" StartOffset="3901"/>
</LocList>
</BasicStmnt>
<BasicStmnt CovItemId="S76" CovItemPrefix="LongestRoadTest.java" Intrnl_Id="228">
<LocList>
<Loc EndOffset="3983" SrcFileId="3" StartOffset="3949"/>
</LocList>
</BasicStmnt>
<BasicStmnt CovItemId="S77" CovItemPrefix="LongestRoadTest.java" Intrnl_Id="229">
<LocList>
<Loc EndOffset="4010" SrcFileId="3" StartOffset="3987"/>
</LocList>
</BasicStmnt>
<BasicStmnt CovItemId="S78" CovItemPrefix="LongestRoadTest.java" Intrnl_Id="230">
<LocList>
<Loc EndOffset="4037" SrcFileId="3" StartOffset="4014"/>
</LocList>
</BasicStmnt>
<BasicStmnt CovItemId="S79" CovItemPrefix="LongestRoadTest.java" Intrnl_Id="231">
<LocList>
<Loc EndOffset="4064" SrcFileId="3" StartOffset="4041"/>
</LocList>
</BasicStmnt>
<BasicStmnt CovItemId="S80" CovItemPrefix="LongestRoadTest.java" Intrnl_Id="232">
<LocList>
<Loc EndOffset="4108" SrcFileId="3" StartOffset="4070"/>
</LocList>
</BasicStmnt>
<BasicStmnt CovItemId="S81" CovItemPrefix="LongestRoadTest.java" Intrnl_Id="233">
<LocList>
<Loc EndOffset="4135" SrcFileId="3" StartOffset="4112"/>
</LocList>
</BasicStmnt>
</StmntSeq>
</HierarchyLvl>
<HierarchyLvl HierarchyLvlId="37" HierarchyLvlTypeId="6" Intrnl_Id="234" Name="testChainWithLoopAtEndAndInMiddle">
<Header>
<Loc EndOffset="4201" SrcFileId="3" StartOffset="4146"/>
</Header>
<LocList>
<Loc EndOffset="4897" SrcFileId="3" StartOffset="4146"/>
</LocList>
<StmntSeq Intrnl_Id="235">
<LocList>
<Loc EndOffset="4256" SrcFileId="3" StartOffset="4220"/>
<Loc EndOffset="4309" SrcFileId="3" StartOffset="4276"/>
<Loc EndOffset="4335" SrcFileId="3" StartOffset="4313"/>
<Loc EndOffset="4361" SrcFileId="3" StartOffset="4339"/>
<Loc EndOffset="4388" SrcFileId="3" StartOffset="4365"/>
<Loc EndOffset="4415" SrcFileId="3" StartOffset="4392"/>
<Loc EndOffset="4442" SrcFileId="3" StartOffset="4419"/>
<Loc EndOffset="4469" SrcFileId="3" StartOffset="4446"/>
<Loc EndOffset="4496" SrcFileId="3" StartOffset="4473"/>
<Loc EndOffset="4523" SrcFileId="3" StartOffset="4500"/>
<Loc EndOffset="4586" SrcFileId="3" StartOffset="4552"/>
<Loc EndOffset="4613" SrcFileId="3" StartOffset="4590"/>
<Loc EndOffset="4640" SrcFileId="3" StartOffset="4617"/>
<Loc EndOffset="4667" SrcFileId="3" StartOffset="4644"/>
<Loc EndOffset="4739" SrcFileId="3" StartOffset="4705"/>
<Loc EndOffset="4766" SrcFileId="3" StartOffset="4743"/>
<Loc EndOffset="4793" SrcFileId="3" StartOffset="4770"/>
<Loc EndOffset="4820" SrcFileId="3" StartOffset="4797"/>
<Loc EndOffset="4864" SrcFileId="3" StartOffset="4826"/>
<Loc EndOffset="4891" SrcFileId="3" StartOffset="4868"/>
</LocList>
<BasicStmnt CovItemId="S82" CovItemPrefix="LongestRoadTest.java" Intrnl_Id="236">
<LocList>
<Loc EndOffset="4256" SrcFileId="3" StartOffset="4220"/>
</LocList>
</BasicStmnt>
<BasicStmnt CovItemId="S83" CovItemPrefix="LongestRoadTest.java" Intrnl_Id="237">
<LocList>
<Loc EndOffset="4309" SrcFileId="3" StartOffset="4276"/>
</LocList>
</BasicStmnt>
<BasicStmnt CovItemId="S84" CovItemPrefix="LongestRoadTest.java" Intrnl_Id="238">
<LocList>
<Loc EndOffset="4335" SrcFileId="3" StartOffset="4313"/>
</LocList>
</BasicStmnt>
<BasicStmnt CovItemId="S85" CovItemPrefix="LongestRoadTest.java" Intrnl_Id="239">
<LocList>
<Loc EndOffset="4361" SrcFileId="3" StartOffset="4339"/>
</LocList>
</BasicStmnt>
<BasicStmnt CovItemId="S86" CovItemPrefix="LongestRoadTest.java" Intrnl_Id="240">
<LocList>
<Loc EndOffset="4388" SrcFileId="3" StartOffset="4365"/>
</LocList>
</BasicStmnt>
<BasicStmnt CovItemId="S87" CovItemPrefix="LongestRoadTest.java" Intrnl_Id="241">
<LocList>
<Loc EndOffset="4415" SrcFileId="3" StartOffset="4392"/>
</LocList>
</BasicStmnt>
<BasicStmnt CovItemId="S88" CovItemPrefix="LongestRoadTest.java" Intrnl_Id="242">
<LocList>
<Loc EndOffset="4442" SrcFileId="3" StartOffset="4419"/>
</LocList>
</BasicStmnt>
<BasicStmnt CovItemId="S89" CovItemPrefix="LongestRoadTest.java" Intrnl_Id="243">
<LocList>
<Loc EndOffset="4469" SrcFileId="3" StartOffset="4446"/>
</LocList>
</BasicStmnt>
<BasicStmnt CovItemId="S90" CovItemPrefix="LongestRoadTest.java" Intrnl_Id="244">
<LocList>
<Loc EndOffset="4496" SrcFileId="3" StartOffset="4473"/>
</LocList>
</BasicStmnt>
<BasicStmnt CovItemId="S91" CovItemPrefix="LongestRoadTest.java" Intrnl_Id="245">
<LocList>
<Loc EndOffset="4523" SrcFileId="3" StartOffset="4500"/>
</LocList>
</BasicStmnt>
<BasicStmnt CovItemId="S92" CovItemPrefix="LongestRoadTest.java" Intrnl_Id="246">
<LocList>
<Loc EndOffset="4586" SrcFileId="3" StartOffset="4552"/>
</LocList>
</BasicStmnt>
<BasicStmnt CovItemId="S93" CovItemPrefix="LongestRoadTest.java" Intrnl_Id="247">
<LocList>
<Loc EndOffset="4613" SrcFileId="3" StartOffset="4590"/>
</LocList>
</BasicStmnt>
<BasicStmnt CovItemId="S94" CovItemPrefix="LongestRoadTest.java" Intrnl_Id="248">
<LocList>
<Loc EndOffset="4640" SrcFileId="3" StartOffset="4617"/>
</LocList>
</BasicStmnt>
<BasicStmnt CovItemId="S95" CovItemPrefix="LongestRoadTest.java" Intrnl_Id="249">
<LocList>
<Loc EndOffset="4667" SrcFileId="3" StartOffset="4644"/>
</LocList>
</BasicStmnt>
<BasicStmnt CovItemId="S96" CovItemPrefix="LongestRoadTest.java" Intrnl_Id="250">
<LocList>
<Loc EndOffset="4739" SrcFileId="3" StartOffset="4705"/>
</LocList>
</BasicStmnt>
<BasicStmnt CovItemId="S97" CovItemPrefix="LongestRoadTest.java" Intrnl_Id="251">
<LocList>
<Loc EndOffset="4766" SrcFileId="3" StartOffset="4743"/>
</LocList>
</BasicStmnt>
<BasicStmnt CovItemId="S98" CovItemPrefix="LongestRoadTest.java" Intrnl_Id="252">
<LocList>
<Loc EndOffset="4793" SrcFileId="3" StartOffset="4770"/>
</LocList>
</BasicStmnt>
<BasicStmnt CovItemId="S99" CovItemPrefix="LongestRoadTest.java" Intrnl_Id="253">
<LocList>
<Loc EndOffset="4820" SrcFileId="3" StartOffset="4797"/>
</LocList>
</BasicStmnt>
<BasicStmnt CovItemId="S100" CovItemPrefix="LongestRoadTest.java" Intrnl_Id="254">
<LocList>
<Loc EndOffset="4864" SrcFileId="3" StartOffset="4826"/>
</LocList>
</BasicStmnt>
<BasicStmnt CovItemId="S101" CovItemPrefix="LongestRoadTest.java" Intrnl_Id="255">
<LocList>
<Loc EndOffset="4891" SrcFileId="3" StartOffset="4868"/>
</LocList>
</BasicStmnt>
</StmntSeq>
</HierarchyLvl>
<HierarchyLvl HierarchyLvlId="38" HierarchyLvlTypeId="6" Intrnl_Id="256" Name="testOpponentAddingSeparateRoads">
<Header>
<Loc EndOffset="5204" SrcFileId="3" StartOffset="5151"/>
</Header>
<LocList>
<Loc EndOffset="5821" SrcFileId="3" StartOffset="5151"/>
</LocList>
<StmntSeq Intrnl_Id="257">
<LocList>
<Loc EndOffset="5259" SrcFileId="3" StartOffset="5223"/>
<Loc EndOffset="5297" SrcFileId="3" StartOffset="5263"/>
<Loc EndOffset="5324" SrcFileId="3" StartOffset="5301"/>
<Loc EndOffset="5351" SrcFileId="3" StartOffset="5328"/>
<Loc EndOffset="5378" SrcFileId="3" StartOffset="5355"/>
<Loc EndOffset="5405" SrcFileId="3" StartOffset="5382"/>
<Loc EndOffset="5432" SrcFileId="3" StartOffset="5409"/>
<Loc EndOffset="5476" SrcFileId="3" StartOffset="5438"/>
<Loc EndOffset="5502" SrcFileId="3" StartOffset="5480"/>
<Loc EndOffset="5542" SrcFileId="3" StartOffset="5508"/>
<Loc EndOffset="5569" SrcFileId="3" StartOffset="5546"/>
<Loc EndOffset="5596" SrcFileId="3" StartOffset="5573"/>
<Loc EndOffset="5623" SrcFileId="3" StartOffset="5600"/>
<Loc EndOffset="5650" SrcFileId="3" StartOffset="5627"/>
<Loc EndOffset="5677" SrcFileId="3" StartOffset="5654"/>
<Loc EndOffset="5721" SrcFileId="3" StartOffset="5683"/>
<Loc EndOffset="5747" SrcFileId="3" StartOffset="5725"/>
<Loc EndOffset="5791" SrcFileId="3" StartOffset="5753"/>
<Loc EndOffset="5817" SrcFileId="3" StartOffset="5795"/>
</LocList>
<BasicStmnt CovItemId="S102" CovItemPrefix="LongestRoadTest.java" Intrnl_Id="258">
<LocList>
<Loc EndOffset="5259" SrcFileId="3" StartOffset="5223"/>
</LocList>
</BasicStmnt>
<BasicStmnt CovItemId="S103" CovItemPrefix="LongestRoadTest.java" Intrnl_Id="259">
<LocList>
<Loc EndOffset="5297" SrcFileId="3" StartOffset="5263"/>
</LocList>
</BasicStmnt>
<BasicStmnt CovItemId="S104" CovItemPrefix="LongestRoadTest.java" Intrnl_Id="260">
<LocList>
<Loc EndOffset="5324" SrcFileId="3" StartOffset="5301"/>
</LocList>
</BasicStmnt>
<BasicStmnt CovItemId="S105" CovItemPrefix="LongestRoadTest.java" Intrnl_Id="261">
<LocList>
<Loc EndOffset="5351" SrcFileId="3" StartOffset="5328"/>
</LocList>
</BasicStmnt>
<BasicStmnt CovItemId="S106" CovItemPrefix="LongestRoadTest.java" Intrnl_Id="262">
<LocList>
<Loc EndOffset="5378" SrcFileId="3" StartOffset="5355"/>
</LocList>
</BasicStmnt>
<BasicStmnt CovItemId="S107" CovItemPrefix="LongestRoadTest.java" Intrnl_Id="263">
<LocList>
<Loc EndOffset="5405" SrcFileId="3" StartOffset="5382"/>
</LocList>
</BasicStmnt>
<BasicStmnt CovItemId="S108" CovItemPrefix="LongestRoadTest.java" Intrnl_Id="264">
<LocList>
<Loc EndOffset="5432" SrcFileId="3" StartOffset="5409"/>
</LocList>
</BasicStmnt>
<BasicStmnt CovItemId="S109" CovItemPrefix="LongestRoadTest.java" Intrnl_Id="265">
<LocList>
<Loc EndOffset="5476" SrcFileId="3" StartOffset="5438"/>
</LocList>
</BasicStmnt>
<BasicStmnt CovItemId="S110" CovItemPrefix="LongestRoadTest.java" Intrnl_Id="266">
<LocList>
<Loc EndOffset="5502" SrcFileId="3" StartOffset="5480"/>
</LocList>
</BasicStmnt>
<BasicStmnt CovItemId="S111" CovItemPrefix="LongestRoadTest.java" Intrnl_Id="267">
<LocList>
<Loc EndOffset="5542" SrcFileId="3" StartOffset="5508"/>
</LocList>
</BasicStmnt>
<BasicStmnt CovItemId="S112" CovItemPrefix="LongestRoadTest.java" Intrnl_Id="268">
<LocList>
<Loc EndOffset="5569" SrcFileId="3" StartOffset="5546"/>
</LocList>
</BasicStmnt>
<BasicStmnt CovItemId="S113" CovItemPrefix="LongestRoadTest.java" Intrnl_Id="269">
<LocList>
<Loc EndOffset="5596" SrcFileId="3" StartOffset="5573"/>
</LocList>
</BasicStmnt>
<BasicStmnt CovItemId="S114" CovItemPrefix="LongestRoadTest.java" Intrnl_Id="270">
<LocList>
<Loc EndOffset="5623" SrcFileId="3" StartOffset="5600"/>
</LocList>
</BasicStmnt>
<BasicStmnt CovItemId="S115" CovItemPrefix="LongestRoadTest.java" Intrnl_Id="271">
<LocList>
<Loc EndOffset="5650" SrcFileId="3" StartOffset="5627"/>
</LocList>
</BasicStmnt>
<BasicStmnt CovItemId="S116" CovItemPrefix="LongestRoadTest.java" Intrnl_Id="272">
<LocList>
<Loc EndOffset="5677" SrcFileId="3" StartOffset="5654"/>
</LocList>
</BasicStmnt>
<BasicStmnt CovItemId="S117" CovItemPrefix="LongestRoadTest.java" Intrnl_Id="273">
<LocList>
<Loc EndOffset="5721" SrcFileId="3" StartOffset="5683"/>
</LocList>
</BasicStmnt>
<BasicStmnt CovItemId="S118" CovItemPrefix="LongestRoadTest.java" Intrnl_Id="274">
<LocList>
<Loc EndOffset="5747" SrcFileId="3" StartOffset="5725"/>
</LocList>
</BasicStmnt>
<BasicStmnt CovItemId="S119" CovItemPrefix="LongestRoadTest.java" Intrnl_Id="275">
<LocList>
<Loc EndOffset="5791" SrcFileId="3" StartOffset="5753"/>
</LocList>
</BasicStmnt>
<BasicStmnt CovItemId="S120" CovItemPrefix="LongestRoadTest.java" Intrnl_Id="276">
<LocList>
<Loc EndOffset="5817" SrcFileId="3" StartOffset="5795"/>
</LocList>
</BasicStmnt>
</StmntSeq>
</HierarchyLvl>
<HierarchyLvl HierarchyLvlId="39" HierarchyLvlTypeId="6" Intrnl_Id="277" Name="testOpponentAddingAdjacentRoads">
<Header>
<Loc EndOffset="6162" SrcFileId="3" StartOffset="6109"/>
</Header>
<LocList>
<Loc EndOffset="6806" SrcFileId="3" StartOffset="6109"/>
</LocList>
<StmntSeq Intrnl_Id="278">
<LocList>
<Loc EndOffset="6217" SrcFileId="3" StartOffset="6181"/>
<Loc EndOffset="6255" SrcFileId="3" StartOffset="6221"/>
<Loc EndOffset="6282" SrcFileId="3" StartOffset="6259"/>
<Loc EndOffset="6309" SrcFileId="3" StartOffset="6286"/>
<Loc EndOffset="6336" SrcFileId="3" StartOffset="6313"/>
<Loc EndOffset="6363" SrcFileId="3" StartOffset="6340"/>
<Loc EndOffset="6390" SrcFileId="3" StartOffset="6367"/>
<Loc EndOffset="6434" SrcFileId="3" StartOffset="6396"/>
<Loc EndOffset="6460" SrcFileId="3" StartOffset="6438"/>
<Loc EndOffset="6500" SrcFileId="3" StartOffset="6466"/>
<Loc EndOffset="6527" SrcFileId="3" StartOffset="6504"/>
<Loc EndOffset="6554" SrcFileId="3" StartOffset="6531"/>
<Loc EndOffset="6581" SrcFileId="3" StartOffset="6558"/>
<Loc EndOffset="6608" SrcFileId="3" StartOffset="6585"/>
<Loc EndOffset="6635" SrcFileId="3" StartOffset="6612"/>
<Loc EndOffset="6662" SrcFileId="3" StartOffset="6639"/>
<Loc EndOffset="6706" SrcFileId="3" StartOffset="6668"/>
<Loc EndOffset="6732" SrcFileId="3" StartOffset="6710"/>
<Loc EndOffset="6776" SrcFileId="3" StartOffset="6738"/>
<Loc EndOffset="6802" SrcFileId="3" StartOffset="6780"/>
</LocList>
<BasicStmnt CovItemId="S121" CovItemPrefix="LongestRoadTest.java" Intrnl_Id="279">
<LocList>
<Loc EndOffset="6217" SrcFileId="3" StartOffset="6181"/>
</LocList>
</BasicStmnt>
<BasicStmnt CovItemId="S122" CovItemPrefix="LongestRoadTest.java" Intrnl_Id="280">
<LocList>
<Loc EndOffset="6255" SrcFileId="3" StartOffset="6221"/>
</LocList>
</BasicStmnt>
<BasicStmnt CovItemId="S123" CovItemPrefix="LongestRoadTest.java" Intrnl_Id="281">
<LocList>
<Loc EndOffset="6282" SrcFileId="3" StartOffset="6259"/>
</LocList>
</BasicStmnt>
<BasicStmnt CovItemId="S124" CovItemPrefix="LongestRoadTest.java" Intrnl_Id="282">
<LocList>
<Loc EndOffset="6309" SrcFileId="3" StartOffset="6286"/>
</LocList>
</BasicStmnt>
<BasicStmnt CovItemId="S125" CovItemPrefix="LongestRoadTest.java" Intrnl_Id="283">
<LocList>
<Loc EndOffset="6336" SrcFileId="3" StartOffset="6313"/>
</LocList>
</BasicStmnt>
<BasicStmnt CovItemId="S126" CovItemPrefix="LongestRoadTest.java" Intrnl_Id="284">
<LocList>
<Loc EndOffset="6363" SrcFileId="3" StartOffset="6340"/>
</LocList>
</BasicStmnt>
<BasicStmnt CovItemId="S127" CovItemPrefix="LongestRoadTest.java" Intrnl_Id="285">
<LocList>
<Loc EndOffset="6390" SrcFileId="3" StartOffset="6367"/>
</LocList>
</BasicStmnt>
<BasicStmnt CovItemId="S128" CovItemPrefix="LongestRoadTest.java" Intrnl_Id="286">
<LocList>
<Loc EndOffset="6434" SrcFileId="3" StartOffset="6396"/>
</LocList>
</BasicStmnt>
<BasicStmnt CovItemId="S129" CovItemPrefix="LongestRoadTest.java" Intrnl_Id="287">
<LocList>
<Loc EndOffset="6460" SrcFileId="3" StartOffset="6438"/>
</LocList>
</BasicStmnt>
<BasicStmnt CovItemId="S130" CovItemPrefix="LongestRoadTest.java" Intrnl_Id="288">
<LocList>
<Loc EndOffset="6500" SrcFileId="3" StartOffset="6466"/>
</LocList>
</BasicStmnt>
<BasicStmnt CovItemId="S131" CovItemPrefix="LongestRoadTest.java" Intrnl_Id="289">
<LocList>
<Loc EndOffset="6527" SrcFileId="3" StartOffset="6504"/>
</LocList>
</BasicStmnt>
<BasicStmnt CovItemId="S132" CovItemPrefix="LongestRoadTest.java" Intrnl_Id="290">
<LocList>
<Loc EndOffset="6554" SrcFileId="3" StartOffset="6531"/>
</LocList>
</BasicStmnt>
<BasicStmnt CovItemId="S133" CovItemPrefix="LongestRoadTest.java" Intrnl_Id="291">
<LocList>
<Loc EndOffset="6581" SrcFileId="3" StartOffset="6558"/>
</LocList>
</BasicStmnt>
<BasicStmnt CovItemId="S134" CovItemPrefix="LongestRoadTest.java" Intrnl_Id="292">
<LocList>
<Loc EndOffset="6608" SrcFileId="3" StartOffset="6585"/>
</LocList>
</BasicStmnt>
<BasicStmnt CovItemId="S135" CovItemPrefix="LongestRoadTest.java" Intrnl_Id="293">
<LocList>
<Loc EndOffset="6635" SrcFileId="3" StartOffset="6612"/>
</LocList>
</BasicStmnt>
<BasicStmnt CovItemId="S136" CovItemPrefix="LongestRoadTest.java" Intrnl_Id="294">
<LocList>
<Loc EndOffset="6662" SrcFileId="3" StartOffset="6639"/>
</LocList>
</BasicStmnt>
<BasicStmnt CovItemId="S137" CovItemPrefix="LongestRoadTest.java" Intrnl_Id="295">
<LocList>
<Loc EndOffset="6706" SrcFileId="3" StartOffset="6668"/>
</LocList>
</BasicStmnt>
<BasicStmnt CovItemId="S138" CovItemPrefix="LongestRoadTest.java" Intrnl_Id="296">
<LocList>
<Loc EndOffset="6732" SrcFileId="3" StartOffset="6710"/>
</LocList>
</BasicStmnt>
<BasicStmnt CovItemId="S139" CovItemPrefix="LongestRoadTest.java" Intrnl_Id="297">
<LocList>
<Loc EndOffset="6776" SrcFileId="3" StartOffset="6738"/>
</LocList>
</BasicStmnt>
<BasicStmnt CovItemId="S140" CovItemPrefix="LongestRoadTest.java" Intrnl_Id="298">
<LocList>
<Loc EndOffset="6802" SrcFileId="3" StartOffset="6780"/>
</LocList>
</BasicStmnt>
</StmntSeq>
</HierarchyLvl>
<HierarchyLvl HierarchyLvlId="40" HierarchyLvlTypeId="6" Intrnl_Id="299" Name="testOrderAddingConnectedRoads">
<Header>
<Loc EndOffset="6862" SrcFileId="3" StartOffset="6811"/>
</Header>
<LocList>
<Loc EndOffset="7177" SrcFileId="3" StartOffset="6811"/>
</LocList>
<StmntSeq Intrnl_Id="300">
<LocList>
<Loc EndOffset="6917" SrcFileId="3" StartOffset="6881"/>
<Loc EndOffset="6993" SrcFileId="3" StartOffset="6959"/>
<Loc EndOffset="7031" SrcFileId="3" StartOffset="6997"/>
<Loc EndOffset="7103" SrcFileId="3" StartOffset="7080"/>
<Loc EndOffset="7147" SrcFileId="3" StartOffset="7109"/>
<Loc EndOffset="7173" SrcFileId="3" StartOffset="7151"/>
</LocList>
<BasicStmnt CovItemId="S141" CovItemPrefix="LongestRoadTest.java" Intrnl_Id="301">
<LocList>
<Loc EndOffset="6917" SrcFileId="3" StartOffset="6881"/>
</LocList>
</BasicStmnt>
<BasicStmnt CovItemId="S142" CovItemPrefix="LongestRoadTest.java" Intrnl_Id="302">
<LocList>
<Loc EndOffset="6993" SrcFileId="3" StartOffset="6959"/>
</LocList>
</BasicStmnt>
<BasicStmnt CovItemId="S143" CovItemPrefix="LongestRoadTest.java" Intrnl_Id="303">
<LocList>
<Loc EndOffset="7031" SrcFileId="3" StartOffset="6997"/>
</LocList>
</BasicStmnt>
<BasicStmnt CovItemId="S144" CovItemPrefix="LongestRoadTest.java" Intrnl_Id="304">
<LocList>
<Loc EndOffset="7103" SrcFileId="3" StartOffset="7080"/>
</LocList>
</BasicStmnt>
<BasicStmnt CovItemId="S145" CovItemPrefix="LongestRoadTest.java" Intrnl_Id="305">
<LocList>
<Loc EndOffset="7147" SrcFileId="3" StartOffset="7109"/>
</LocList>
</BasicStmnt>
<BasicStmnt CovItemId="S146" CovItemPrefix="LongestRoadTest.java" Intrnl_Id="306">
<LocList>
<Loc EndOffset="7173" SrcFileId="3" StartOffset="7151"/>
</LocList>
</BasicStmnt>
</StmntSeq>
</HierarchyLvl>
<HierarchyLvl HierarchyLvlId="41" HierarchyLvlTypeId="6" Intrnl_Id="307" Name="testConnectedRoadsOnOcean">
<Header>
<Loc EndOffset="7229" SrcFileId="3" StartOffset="7182"/>
</Header>
<LocList>
<Loc EndOffset="7447" SrcFileId="3" StartOffset="7182"/>
</LocList>
<StmntSeq Intrnl_Id="308">
<LocList>
<Loc EndOffset="7284" SrcFileId="3" StartOffset="7248"/>
<Loc EndOffset="7321" SrcFileId="3" StartOffset="7288"/>
<Loc EndOffset="7347" SrcFileId="3" StartOffset="7325"/>
<Loc EndOffset="7373" SrcFileId="3" StartOffset="7351"/>
<Loc EndOffset="7417" SrcFileId="3" StartOffset="7379"/>
<Loc EndOffset="7443" SrcFileId="3" StartOffset="7421"/>
</LocList>
<BasicStmnt CovItemId="S147" CovItemPrefix="LongestRoadTest.java" Intrnl_Id="309">
<LocList>
<Loc EndOffset="7284" SrcFileId="3" StartOffset="7248"/>
</LocList>
</BasicStmnt>
<BasicStmnt CovItemId="S148" CovItemPrefix="LongestRoadTest.java" Intrnl_Id="310">
<LocList>
<Loc EndOffset="7321" SrcFileId="3" StartOffset="7288"/>
</LocList>
</BasicStmnt>
<BasicStmnt CovItemId="S149" CovItemPrefix="LongestRoadTest.java" Intrnl_Id="311">
<LocList>
<Loc EndOffset="7347" SrcFileId="3" StartOffset="7325"/>
</LocList>
</BasicStmnt>
<BasicStmnt CovItemId="S150" CovItemPrefix="LongestRoadTest.java" Intrnl_Id="312">
<LocList>
<Loc EndOffset="7373" SrcFileId="3" StartOffset="7351"/>
</LocList>
</BasicStmnt>
<BasicStmnt CovItemId="S151" CovItemPrefix="LongestRoadTest.java" Intrnl_Id="313">
<LocList>
<Loc EndOffset="7417" SrcFileId="3" StartOffset="7379"/>
</LocList>
</BasicStmnt>
<BasicStmnt CovItemId="S152" CovItemPrefix="LongestRoadTest.java" Intrnl_Id="314">
<LocList>
<Loc EndOffset="7443" SrcFileId="3" StartOffset="7421"/>
</LocList>
</BasicStmnt>
</StmntSeq>
</HierarchyLvl>
<HierarchyLvl HierarchyLvlId="42" HierarchyLvlTypeId="6" Intrnl_Id="315" Name="testRoadGetConnectedRoadsA">
<Header>
<Loc EndOffset="7500" SrcFileId="3" StartOffset="7452"/>
</Header>
<LocList>
<Loc EndOffset="7711" SrcFileId="3" StartOffset="7452"/>
</LocList>
<StmntSeq Intrnl_Id="316">
<LocList>
<Loc EndOffset="7518" SrcFileId="3" StartOffset="7506"/>
<Loc EndOffset="7551" SrcFileId="3" StartOffset="7522"/>
<Loc EndOffset="7584" SrcFileId="3" StartOffset="7555"/>
<Loc EndOffset="7646" SrcFileId="3" StartOffset="7588"/>
<Loc EndOffset="7707" SrcFileId="3" StartOffset="7652"/>
</LocList>
<BasicStmnt CovItemId="S153" CovItemPrefix="LongestRoadTest.java" Intrnl_Id="317">
<LocList>
<Loc EndOffset="7518" SrcFileId="3" StartOffset="7506"/>
</LocList>
</BasicStmnt>
<BasicStmnt CovItemId="S154" CovItemPrefix="LongestRoadTest.java" Intrnl_Id="318">
<LocList>
<Loc EndOffset="7551" SrcFileId="3" StartOffset="7522"/>
</LocList>
</BasicStmnt>
<BasicStmnt CovItemId="S155" CovItemPrefix="LongestRoadTest.java" Intrnl_Id="319">
<LocList>
<Loc EndOffset="7584" SrcFileId="3" StartOffset="7555"/>
</LocList>
</BasicStmnt>
<BasicStmnt CovItemId="S156" CovItemPrefix="LongestRoadTest.java" Intrnl_Id="320">
<LocList>
<Loc EndOffset="7646" SrcFileId="3" StartOffset="7588"/>
</LocList>
</BasicStmnt>
<BasicStmnt CovItemId="S157" CovItemPrefix="LongestRoadTest.java" Intrnl_Id="321">
<LocList>
<Loc EndOffset="7707" SrcFileId="3" StartOffset="7652"/>
</LocList>
</BasicStmnt>
</StmntSeq>
</HierarchyLvl>
<HierarchyLvl HierarchyLvlId="43" HierarchyLvlTypeId="6" Intrnl_Id="322" Name="testRoadGetConnectedRoadsB">
<Header>
<Loc EndOffset="7764" SrcFileId="3" StartOffset="7716"/>
</Header>
<LocList>
<Loc EndOffset="7975" SrcFileId="3" StartOffset="7716"/>
</LocList>
<StmntSeq Intrnl_Id="323">
<LocList>
<Loc EndOffset="7782" SrcFileId="3" StartOffset="7770"/>
<Loc EndOffset="7815" SrcFileId="3" StartOffset="7786"/>
<Loc EndOffset="7848" SrcFileId="3" StartOffset="7819"/>
<Loc EndOffset="7910" SrcFileId="3" StartOffset="7852"/>
<Loc EndOffset="7971" SrcFileId="3" StartOffset="7916"/>
</LocList>
<BasicStmnt CovItemId="S158" CovItemPrefix="LongestRoadTest.java" Intrnl_Id="324">
<LocList>
<Loc EndOffset="7782" SrcFileId="3" StartOffset="7770"/>
</LocList>
</BasicStmnt>
<BasicStmnt CovItemId="S159" CovItemPrefix="LongestRoadTest.java" Intrnl_Id="325">
<LocList>
<Loc EndOffset="7815" SrcFileId="3" StartOffset="7786"/>
</LocList>
</BasicStmnt>
<BasicStmnt CovItemId="S160" CovItemPrefix="LongestRoadTest.java" Intrnl_Id="326">
<LocList>
<Loc EndOffset="7848" SrcFileId="3" StartOffset="7819"/>
</LocList>
</BasicStmnt>
<BasicStmnt CovItemId="S161" CovItemPrefix="LongestRoadTest.java" Intrnl_Id="327">
<LocList>
<Loc EndOffset="7910" SrcFileId="3" StartOffset="7852"/>
</LocList>
</BasicStmnt>
<BasicStmnt CovItemId="S162" CovItemPrefix="LongestRoadTest.java" Intrnl_Id="328">
<LocList>
<Loc EndOffset="7971" SrcFileId="3" StartOffset="7916"/>
</LocList>
</BasicStmnt>
</StmntSeq>
</HierarchyLvl>
<HierarchyLvl HierarchyLvlId="44" HierarchyLvlTypeId="6" Intrnl_Id="329" Name="testRoadPieceGetConnectedRoadsA">
<Header>
<Loc EndOffset="8033" SrcFileId="3" StartOffset="7980"/>
</Header>
<LocList>
<Loc EndOffset="8254" SrcFileId="3" StartOffset="7980"/>
</LocList>
<StmntSeq Intrnl_Id="330">
<LocList>
<Loc EndOffset="8051" SrcFileId="3" StartOffset="8039"/>
<Loc EndOffset="8084" SrcFileId="3" StartOffset="8055"/>
<Loc EndOffset="8117" SrcFileId="3" StartOffset="8088"/>
<Loc EndOffset="8189" SrcFileId="3" StartOffset="8121"/>
<Loc EndOffset="8250" SrcFileId="3" StartOffset="8195"/>
</LocList>
<BasicStmnt CovItemId="S163" CovItemPrefix="LongestRoadTest.java" Intrnl_Id="331">
<LocList>
<Loc EndOffset="8051" SrcFileId="3" StartOffset="8039"/>
</LocList>
</BasicStmnt>
<BasicStmnt CovItemId="S164" CovItemPrefix="LongestRoadTest.java" Intrnl_Id="332">
<LocList>
<Loc EndOffset="8084" SrcFileId="3" StartOffset="8055"/>
</LocList>
</BasicStmnt>
<BasicStmnt CovItemId="S165" CovItemPrefix="LongestRoadTest.java" Intrnl_Id="333">
<LocList>
<Loc EndOffset="8117" SrcFileId="3" StartOffset="8088"/>
</LocList>
</BasicStmnt>
<BasicStmnt CovItemId="S166" CovItemPrefix="LongestRoadTest.java" Intrnl_Id="334">
<LocList>
<Loc EndOffset="8189" SrcFileId="3" StartOffset="8121"/>
</LocList>
</BasicStmnt>
<BasicStmnt CovItemId="S167" CovItemPrefix="LongestRoadTest.java" Intrnl_Id="335">
<LocList>
<Loc EndOffset="8250" SrcFileId="3" StartOffset="8195"/>
</LocList>
</BasicStmnt>
</StmntSeq>
</HierarchyLvl>
<HierarchyLvl HierarchyLvlId="45" HierarchyLvlTypeId="6" Intrnl_Id="336" Name="testRoadPieceGetConnectedRoadsB">
<Header>
<Loc EndOffset="8312" SrcFileId="3" StartOffset="8259"/>
</Header>
<LocList>
<Loc EndOffset="8533" SrcFileId="3" StartOffset="8259"/>
</LocList>
<StmntSeq Intrnl_Id="337">
<LocList>
<Loc EndOffset="8330" SrcFileId="3" StartOffset="8318"/>
<Loc EndOffset="8363" SrcFileId="3" StartOffset="8334"/>
<Loc EndOffset="8396" SrcFileId="3" StartOffset="8367"/>
<Loc EndOffset="8468" SrcFileId="3" StartOffset="8400"/>
<Loc EndOffset="8529" SrcFileId="3" StartOffset="8474"/>
</LocList>
<BasicStmnt CovItemId="S168" CovItemPrefix="LongestRoadTest.java" Intrnl_Id="338">
<LocList>
<Loc EndOffset="8330" SrcFileId="3" StartOffset="8318"/>
</LocList>
</BasicStmnt>
<BasicStmnt CovItemId="S169" CovItemPrefix="LongestRoadTest.java" Intrnl_Id="339">
<LocList>
<Loc EndOffset="8363" SrcFileId="3" StartOffset="8334"/>
</LocList>
</BasicStmnt>
<BasicStmnt CovItemId="S170" CovItemPrefix="LongestRoadTest.java" Intrnl_Id="340">
<LocList>
<Loc EndOffset="8396" SrcFileId="3" StartOffset="8367"/>
</LocList>
</BasicStmnt>
<BasicStmnt CovItemId="S171" CovItemPrefix="LongestRoadTest.java" Intrnl_Id="341">
<LocList>
<Loc EndOffset="8468" SrcFileId="3" StartOffset="8400"/>
</LocList>
</BasicStmnt>
<BasicStmnt CovItemId="S172" CovItemPrefix="LongestRoadTest.java" Intrnl_Id="342">
<LocList>
<Loc EndOffset="8529" SrcFileId="3" StartOffset="8474"/>
</LocList>
</BasicStmnt>
</StmntSeq>
</HierarchyLvl>
<HierarchyLvl HierarchyLvlId="46" HierarchyLvlTypeId="6" Intrnl_Id="343" Name="testRoadPieceSetConnectedRoadsA">
<Header>
<Loc EndOffset="8591" SrcFileId="3" StartOffset="8538"/>
</Header>
<LocList>
<Loc EndOffset="8910" SrcFileId="3" StartOffset="8538"/>
</LocList>
<StmntSeq Intrnl_Id="344">
<LocList>
<Loc EndOffset="8609" SrcFileId="3" StartOffset="8597"/>
<Loc EndOffset="8639" SrcFileId="3" StartOffset="8613"/>
<Loc EndOffset="8672" SrcFileId="3" StartOffset="8643"/>
<Loc EndOffset="8744" SrcFileId="3" StartOffset="8676"/>
<Loc EndOffset="8776" SrcFileId="3" StartOffset="8748"/>
<Loc EndOffset="8802" SrcFileId="3" StartOffset="8780"/>
<Loc EndOffset="8845" SrcFileId="3" StartOffset="8806"/>
<Loc EndOffset="8906" SrcFileId="3" StartOffset="8851"/>
</LocList>
<BasicStmnt CovItemId="S173" CovItemPrefix="LongestRoadTest.java" Intrnl_Id="345">
<LocList>
<Loc EndOffset="8609" SrcFileId="3" StartOffset="8597"/>
</LocList>
</BasicStmnt>
<BasicStmnt CovItemId="S174" CovItemPrefix="LongestRoadTest.java" Intrnl_Id="346">
<LocList>
<Loc EndOffset="8639" SrcFileId="3" StartOffset="8613"/>
</LocList>
</BasicStmnt>
<BasicStmnt CovItemId="S175" CovItemPrefix="LongestRoadTest.java" Intrnl_Id="347">
<LocList>
<Loc EndOffset="8672" SrcFileId="3" StartOffset="8643"/>
</LocList>
</BasicStmnt>
<BasicStmnt CovItemId="S176" CovItemPrefix="LongestRoadTest.java" Intrnl_Id="348">
<LocList>
<Loc EndOffset="8744" SrcFileId="3" StartOffset="8676"/>
</LocList>
</BasicStmnt>
<BasicStmnt CovItemId="S177" CovItemPrefix="LongestRoadTest.java" Intrnl_Id="349">
<LocList>
<Loc EndOffset="8776" SrcFileId="3" StartOffset="8748"/>
</LocList>
</BasicStmnt>
<BasicStmnt CovItemId="S178" CovItemPrefix="LongestRoadTest.java" Intrnl_Id="350">
<LocList>
<Loc EndOffset="8802" SrcFileId="3" StartOffset="8780"/>
</LocList>
</BasicStmnt>
<BasicStmnt CovItemId="S179" CovItemPrefix="LongestRoadTest.java" Intrnl_Id="351">
<LocList>
<Loc EndOffset="8845" SrcFileId="3" StartOffset="8806"/>
</LocList>
</BasicStmnt>
<BasicStmnt CovItemId="S180" CovItemPrefix="LongestRoadTest.java" Intrnl_Id="352">
<LocList>
<Loc EndOffset="8906" SrcFileId="3" StartOffset="8851"/>
</LocList>
</BasicStmnt>
</StmntSeq>
</HierarchyLvl>
<HierarchyLvl HierarchyLvlId="47" HierarchyLvlTypeId="6" Intrnl_Id="353" Name="testRoadPieceSetConnectedRoadsB">
<Header>
<Loc EndOffset="8968" SrcFileId="3" StartOffset="8915"/>
</Header>
<LocList>
<Loc EndOffset="9287" SrcFileId="3" StartOffset="8915"/>
</LocList>
<StmntSeq Intrnl_Id="354">
<LocList>
<Loc EndOffset="8986" SrcFileId="3" StartOffset="8974"/>
<Loc EndOffset="9019" SrcFileId="3" StartOffset="8990"/>
<Loc EndOffset="9049" SrcFileId="3" StartOffset="9023"/>
<Loc EndOffset="9121" SrcFileId="3" StartOffset="9053"/>
<Loc EndOffset="9153" SrcFileId="3" StartOffset="9125"/>
<Loc EndOffset="9179" SrcFileId="3" StartOffset="9157"/>
<Loc EndOffset="9222" SrcFileId="3" StartOffset="9183"/>
<Loc EndOffset="9283" SrcFileId="3" StartOffset="9228"/>
</LocList>
<BasicStmnt CovItemId="S181" CovItemPrefix="LongestRoadTest.java" Intrnl_Id="355">
<LocList>
<Loc EndOffset="8986" SrcFileId="3" StartOffset="8974"/>
</LocList>
</BasicStmnt>
<BasicStmnt CovItemId="S182" CovItemPrefix="LongestRoadTest.java" Intrnl_Id="356">
<LocList>
<Loc EndOffset="9019" SrcFileId="3" StartOffset="8990"/>
</LocList>
</BasicStmnt>
<BasicStmnt CovItemId="S183" CovItemPrefix="LongestRoadTest.java" Intrnl_Id="357">
<LocList>
<Loc EndOffset="9049" SrcFileId="3" StartOffset="9023"/>
</LocList>
</BasicStmnt>
<BasicStmnt CovItemId="S184" CovItemPrefix="LongestRoadTest.java" Intrnl_Id="358">
<LocList>
<Loc EndOffset="9121" SrcFileId="3" StartOffset="9053"/>
</LocList>
</BasicStmnt>
<BasicStmnt CovItemId="S185" CovItemPrefix="LongestRoadTest.java" Intrnl_Id="359">
<LocList>
<Loc EndOffset="9153" SrcFileId="3" StartOffset="9125"/>
</LocList>
</BasicStmnt>
<BasicStmnt CovItemId="S186" CovItemPrefix="LongestRoadTest.java" Intrnl_Id="360">
<LocList>
<Loc EndOffset="9179" SrcFileId="3" StartOffset="9157"/>
</LocList>
</BasicStmnt>
<BasicStmnt CovItemId="S187" CovItemPrefix="LongestRoadTest.java" Intrnl_Id="361">
<LocList>
<Loc EndOffset="9222" SrcFileId="3" StartOffset="9183"/>
</LocList>
</BasicStmnt>
<BasicStmnt CovItemId="S188" CovItemPrefix="LongestRoadTest.java" Intrnl_Id="362">
<LocList>
<Loc EndOffset="9283" SrcFileId="3" StartOffset="9228"/>
</LocList>
</BasicStmnt>
</StmntSeq>
</HierarchyLvl>
<HierarchyLvl HierarchyLvlId="48" HierarchyLvlTypeId="6" Intrnl_Id="363" Name="testTwoPlayersAddingSameRoad">
<Header>
<Loc EndOffset="9342" SrcFileId="3" StartOffset="9292"/>
</Header>
<LocList>
<Loc EndOffset="9644" SrcFileId="3" StartOffset="9292"/>
</LocList>
<StmntSeq Intrnl_Id="364">
<LocList>
<Loc EndOffset="9397" SrcFileId="3" StartOffset="9361"/>
<Loc EndOffset="9435" SrcFileId="3" StartOffset="9401"/>
<Loc EndOffset="9462" SrcFileId="3" StartOffset="9439"/>
<Loc EndOffset="9500" SrcFileId="3" StartOffset="9466"/>
<Loc EndOffset="9544" SrcFileId="3" StartOffset="9506"/>
<Loc EndOffset="9570" SrcFileId="3" StartOffset="9548"/>
<Loc EndOffset="9614" SrcFileId="3" StartOffset="9576"/>
<Loc EndOffset="9640" SrcFileId="3" StartOffset="9618"/>
</LocList>
<BasicStmnt CovItemId="S189" CovItemPrefix="LongestRoadTest.java" Intrnl_Id="365">
<LocList>
<Loc EndOffset="9397" SrcFileId="3" StartOffset="9361"/>
</LocList>
</BasicStmnt>
<BasicStmnt CovItemId="S190" CovItemPrefix="LongestRoadTest.java" Intrnl_Id="366">
<LocList>
<Loc EndOffset="9435" SrcFileId="3" StartOffset="9401"/>
</LocList>
</BasicStmnt>
<BasicStmnt CovItemId="S191" CovItemPrefix="LongestRoadTest.java" Intrnl_Id="367">
<LocList>
<Loc EndOffset="9462" SrcFileId="3" StartOffset="9439"/>
</LocList>
</BasicStmnt>
<BasicStmnt CovItemId="S192" CovItemPrefix="LongestRoadTest.java" Intrnl_Id="368">
<LocList>
<Loc EndOffset="9500" SrcFileId="3" StartOffset="9466"/>
</LocList>
</BasicStmnt>
<BasicStmnt CovItemId="S193" CovItemPrefix="LongestRoadTest.java" Intrnl_Id="369">
<LocList>
<Loc EndOffset="9544" SrcFileId="3" StartOffset="9506"/>
</LocList>
</BasicStmnt>
<BasicStmnt CovItemId="S194" CovItemPrefix="LongestRoadTest.java" Intrnl_Id="370">
<LocList>
<Loc EndOffset="9570" SrcFileId="3" StartOffset="9548"/>
</LocList>
</BasicStmnt>
<BasicStmnt CovItemId="S195" CovItemPrefix="LongestRoadTest.java" Intrnl_Id="371">
<LocList>
<Loc EndOffset="9614" SrcFileId="3" StartOffset="9576"/>
</LocList>
</BasicStmnt>
<BasicStmnt CovItemId="S196" CovItemPrefix="LongestRoadTest.java" Intrnl_Id="372">
<LocList>
<Loc EndOffset="9640" SrcFileId="3" StartOffset="9618"/>
</LocList>
</BasicStmnt>
</StmntSeq>
</HierarchyLvl>
<HierarchyLvl HierarchyLvlId="49" HierarchyLvlTypeId="6" Intrnl_Id="373" Name="testTwoPlayersAddingSameRoadAtBeginning">
<Header>
<Loc EndOffset="9710" SrcFileId="3" StartOffset="9649"/>
</Header>
<LocList>
<Loc EndOffset="9985" SrcFileId="3" StartOffset="9649"/>
</LocList>
<StmntSeq Intrnl_Id="374">
<LocList>
<Loc EndOffset="9765" SrcFileId="3" StartOffset="9729"/>
<Loc EndOffset="9803" SrcFileId="3" StartOffset="9769"/>
<Loc EndOffset="9841" SrcFileId="3" StartOffset="9807"/>
<Loc EndOffset="9885" SrcFileId="3" StartOffset="9847"/>
<Loc EndOffset="9911" SrcFileId="3" StartOffset="9889"/>
<Loc EndOffset="9955" SrcFileId="3" StartOffset="9917"/>
<Loc EndOffset="9981" SrcFileId="3" StartOffset="9959"/>
</LocList>
<BasicStmnt CovItemId="S197" CovItemPrefix="LongestRoadTest.java" Intrnl_Id="375">
<LocList>
<Loc EndOffset="9765" SrcFileId="3" StartOffset="9729"/>
</LocList>
</BasicStmnt>
<BasicStmnt CovItemId="S198" CovItemPrefix="LongestRoadTest.java" Intrnl_Id="376">
<LocList>
<Loc EndOffset="9803" SrcFileId="3" StartOffset="9769"/>
</LocList>
</BasicStmnt>
<BasicStmnt CovItemId="S199" CovItemPrefix="LongestRoadTest.java" Intrnl_Id="377">
<LocList>
<Loc EndOffset="9841" SrcFileId="3" StartOffset="9807"/>
</LocList>
</BasicStmnt>
<BasicStmnt CovItemId="S200" CovItemPrefix="LongestRoadTest.java" Intrnl_Id="378">
<LocList>
<Loc EndOffset="9885" SrcFileId="3" StartOffset="9847"/>
</LocList>
</BasicStmnt>
<BasicStmnt CovItemId="S201" CovItemPrefix="LongestRoadTest.java" Intrnl_Id="379">
<LocList>
<Loc EndOffset="9911" SrcFileId="3" StartOffset="9889"/>
</LocList>
</BasicStmnt>
<BasicStmnt CovItemId="S202" CovItemPrefix="LongestRoadTest.java" Intrnl_Id="380">
<LocList>
<Loc EndOffset="9955" SrcFileId="3" StartOffset="9917"/>
</LocList>
</BasicStmnt>
<BasicStmnt CovItemId="S203" CovItemPrefix="LongestRoadTest.java" Intrnl_Id="381">
<LocList>
<Loc EndOffset="9981" SrcFileId="3" StartOffset="9959"/>
</LocList>
</BasicStmnt>
</StmntSeq>
</HierarchyLvl>
</HierarchyLvl>
<HierarchyLvl HierarchyLvlId="60" HierarchyLvlTypeId="7" Intrnl_Id="382" Name="HexManagerTest">
<Header>
<Loc EndOffset="302" SrcFileId="4" StartOffset="275"/>
</Header>
<LocList>
<Loc EndOffset="5346" SrcFileId="4" StartOffset="275"/>
</LocList>
<HierarchyLvl HierarchyLvlId="51" HierarchyLvlTypeId="6" Intrnl_Id="383" Name="testInitializeRoadMapSize">
<Header>
<Loc EndOffset="356" SrcFileId="4" StartOffset="309"/>
</Header>
<LocList>
<Loc EndOffset="440" SrcFileId="4" StartOffset="309"/>
</LocList>
<StmntSeq Intrnl_Id="384">
<LocList>
<Loc EndOffset="395" SrcFileId="4" StartOffset="362"/>
<Loc EndOffset="436" SrcFileId="4" StartOffset="399"/>
</LocList>
<BasicStmnt CovItemId="S1" CovItemPrefix="HexManagerTest.java" Intrnl_Id="385">
<LocList>
<Loc EndOffset="395" SrcFileId="4" StartOffset="362"/>
</LocList>
</BasicStmnt>
<BasicStmnt CovItemId="S2" CovItemPrefix="HexManagerTest.java" Intrnl_Id="386">
<LocList>
<Loc EndOffset="436" SrcFileId="4" StartOffset="399"/>
</LocList>
</BasicStmnt>
</StmntSeq>
</HierarchyLvl>
<HierarchyLvl HierarchyLvlId="52" HierarchyLvlTypeId="6" Intrnl_Id="387" Name="testAllRoadsCovered">
<Header>
<Loc EndOffset="486" SrcFileId="4" StartOffset="445"/>
</Header>
<LocList>
<Loc EndOffset="711" SrcFileId="4" StartOffset="445"/>
</LocList>
<StmntSeq Intrnl_Id="388">
<LocList>
<Loc EndOffset="525" SrcFileId="4" StartOffset="492"/>
<Loc EndOffset="575" SrcFileId="4" StartOffset="529"/>
<Loc EndOffset="672" SrcFileId="4" StartOffset="579"/>
<Loc EndOffset="707" SrcFileId="4" StartOffset="678"/>
</LocList>
<BasicStmnt CovItemId="S3" CovItemPrefix="HexManagerTest.java" Intrnl_Id="389">
<LocList>
<Loc EndOffset="525" SrcFileId="4" StartOffset="492"/>
</LocList>
</BasicStmnt>
<BasicStmnt CovItemId="S4" CovItemPrefix="HexManagerTest.java" Intrnl_Id="390">
<LocList>
<Loc EndOffset="575" SrcFileId="4" StartOffset="529"/>
</LocList>
</BasicStmnt>
<LoopStmnt CovItemId="S5" CovItemPrefix="HexManagerTest.java" Intrnl_Id="391" MltplExecId="L1-2" MltplExecPrefix="HexManagerTest.java" NvrExecId="L1-0" NvrExecPrefix="HexManagerTest.java" OnceExecutedId="L1-1" OnceExecutedPrefix="HexManagerTest.java" OptBodyExec="true">
<StmntSeq Intrnl_Id="392">
<LocList>
<Loc EndOffset="667" SrcFileId="4" StartOffset="645"/>
</LocList>
<BasicStmnt CovItemId="S6" CovItemPrefix="HexManagerTest.java" Intrnl_Id="393">
<LocList>
<Loc EndOffset="667" SrcFileId="4" StartOffset="645"/>
</LocList>
</BasicStmnt>
</StmntSeq>
<Keyword EndOffset="582" SrcFileId="4" StartOffset="579"/>
<LocList>
<Loc EndOffset="672" SrcFileId="4" StartOffset="579"/>
</LocList>
</LoopStmnt>
<BasicStmnt CovItemId="S7" CovItemPrefix="HexManagerTest.java" Intrnl_Id="394">
<LocList>
<Loc EndOffset="707" SrcFileId="4" StartOffset="678"/>
</LocList>
</BasicStmnt>
</StmntSeq>
</HierarchyLvl>
<HierarchyLvl HierarchyLvlId="53" HierarchyLvlTypeId="6" Intrnl_Id="395" Name="testCorrectNumberForAllRoads">
<Header>
<Loc EndOffset="766" SrcFileId="4" StartOffset="716"/>
</Header>
<LocList>
<Loc EndOffset="1495" SrcFileId="4" StartOffset="716"/>
</LocList>
<StmntSeq Intrnl_Id="396">
<LocList>
<Loc EndOffset="805" SrcFileId="4" StartOffset="772"/>
<Loc EndOffset="961" SrcFileId="4" StartOffset="809"/>
<Loc EndOffset="1000" SrcFileId="4" StartOffset="965"/>
<Loc EndOffset="1110" SrcFileId="4" StartOffset="1004"/>
<Loc EndOffset="1491" SrcFileId="4" StartOffset="1116"/>
</LocList>
<BasicStmnt CovItemId="S8" CovItemPrefix="HexManagerTest.java" Intrnl_Id="397">
<LocList>
<Loc EndOffset="805" SrcFileId="4" StartOffset="772"/>
</LocList>
</BasicStmnt>
<BasicStmnt CovItemId="S9" CovItemPrefix="HexManagerTest.java" Intrnl_Id="398">
<LocList>
<Loc EndOffset="961" SrcFileId="4" StartOffset="809"/>
</LocList>
</BasicStmnt>
<BasicStmnt CovItemId="S10" CovItemPrefix="HexManagerTest.java" Intrnl_Id="399">
<LocList>
<Loc EndOffset="1000" SrcFileId="4" StartOffset="965"/>
</LocList>
</BasicStmnt>
<LoopStmnt CovItemId="S11" CovItemPrefix="HexManagerTest.java" Intrnl_Id="400" MltplExecId="L2-2" MltplExecPrefix="HexManagerTest.java" NvrExecId="L2-0" NvrExecPrefix="HexManagerTest.java" OnceExecutedId="L2-1" OnceExecutedPrefix="HexManagerTest.java" OptBodyExec="true">
<StmntSeq Intrnl_Id="401">
<LocList>
<Loc EndOffset="1105" SrcFileId="4" StartOffset="1070"/>
</LocList>
<BasicStmnt CovItemId="S12" CovItemPrefix="HexManagerTest.java" Intrnl_Id="402">
<LocList>
<Loc EndOffset="1105" SrcFileId="4" StartOffset="1070"/>
</LocList>
</BasicStmnt>
</StmntSeq>
<Keyword EndOffset="1007" SrcFileId="4" StartOffset="1004"/>
<LocList>
<Loc EndOffset="1110" SrcFileId="4" StartOffset="1004"/>
</LocList>
</LoopStmnt>
<LoopStmnt CovItemId="S13" CovItemPrefix="HexManagerTest.java" Intrnl_Id="403" MltplExecId="L3-2" MltplExecPrefix="HexManagerTest.java" NvrExecId="L3-0" NvrExecPrefix="HexManagerTest.java" OnceExecutedId="L3-1" OnceExecutedPrefix="HexManagerTest.java" OptBodyExec="true">
<StmntSeq Intrnl_Id="404">
<LocList>
<Loc EndOffset="1201" SrcFileId="4" StartOffset="1170"/>
<Loc EndOffset="1355" SrcFileId="4" StartOffset="1206"/>
<Loc EndOffset="1484" SrcFileId="4" StartOffset="1362"/>
</LocList>
<BasicStmnt CovItemId="S14" CovItemPrefix="HexManagerTest.java" Intrnl_Id="405">
<LocList>
<Loc EndOffset="1201" SrcFileId="4" StartOffset="1170"/>
</LocList>
</BasicStmnt>
<LoopStmnt CovItemId="S15" CovItemPrefix="HexManagerTest.java" Intrnl_Id="406" MltplExecId="L4-2" MltplExecPrefix="HexManagerTest.java" NvrExecId="L4-0" NvrExecPrefix="HexManagerTest.java" OnceExecutedId="L4-1" OnceExecutedPrefix="HexManagerTest.java" OptBodyExec="true">
<StmntSeq Intrnl_Id="407">
<LocList>
<Loc EndOffset="1349" SrcFileId="4" StartOffset="1264"/>
</LocList>
<CondStmnt CovItemId="S16" CovItemPrefix="HexManagerTest.java" Intrnl_Id="408">
<Branch CovItemId="B1" CovItemPrefix="HexManagerTest.java" Implct="false" Intrnl_Id="409">
<Cond/>
<LocList>
<Loc EndOffset="1349" SrcFileId="4" StartOffset="1299"/>
</LocList>
<StmntSeq Intrnl_Id="410">
<LocList>
<Loc EndOffset="1329" SrcFileId="4" StartOffset="1307"/>
<Loc EndOffset="1342" SrcFileId="4" StartOffset="1336"/>
</LocList>
<BasicStmnt CovItemId="S17" CovItemPrefix="HexManagerTest.java" Intrnl_Id="411">
<LocList>
<Loc EndOffset="1329" SrcFileId="4" StartOffset="1307"/>
</LocList>
</BasicStmnt>
<BasicStmnt CovItemId="S18" CovItemPrefix="HexManagerTest.java" Intrnl_Id="412">
<LocList>
<Loc EndOffset="1342" SrcFileId="4" StartOffset="1336"/>
</LocList>
</BasicStmnt>
</StmntSeq>
</Branch>
<Branch CovItemId="B2" CovItemPrefix="HexManagerTest.java" Implct="true" Intrnl_Id="413">
<Cond/>
<LocList/>
<StmntSeq Intrnl_Id="414">
<LocList/>
</StmntSeq>
</Branch>
<Keyword EndOffset="1266" SrcFileId="4" StartOffset="1264"/>
<LocList>
<Loc EndOffset="1349" SrcFileId="4" StartOffset="1264"/>
</LocList>
<RootTerm CovItemId="C3" CovItemPrefix="HexManagerTest.java" Intrnl_Id="415">
<BasicBoolTerm Intrnl_Id="416">
<LocList>
<Loc EndOffset="1297" SrcFileId="4" StartOffset="1268"/>
</LocList>
</BasicBoolTerm>
</RootTerm>
</CondStmnt>
</StmntSeq>
<Keyword EndOffset="1209" SrcFileId="4" StartOffset="1206"/>
<LocList>
<Loc EndOffset="1355" SrcFileId="4" StartOffset="1206"/>
</LocList>
<RootTerm CovItemId="C2" CovItemPrefix="HexManagerTest.java" Intrnl_Id="417">
<BasicBoolTerm Intrnl_Id="418">
<LocList>
<Loc EndOffset="1250" SrcFileId="4" StartOffset="1222"/>
</LocList>
</BasicBoolTerm>
</RootTerm>
</LoopStmnt>
<CondStmnt CovItemId="S19" CovItemPrefix="HexManagerTest.java" Intrnl_Id="419">
<Branch CovItemId="B3" CovItemPrefix="HexManagerTest.java" Implct="false" Intrnl_Id="420">
<Cond/>
<LocList>
<Loc EndOffset="1430" SrcFileId="4" StartOffset="1382"/>
</LocList>
<StmntSeq Intrnl_Id="421">
<LocList>
<Loc EndOffset="1424" SrcFileId="4" StartOffset="1389"/>
</LocList>
<BasicStmnt CovItemId="S20" CovItemPrefix="HexManagerTest.java" Intrnl_Id="422">
<LocList>
<Loc EndOffset="1424" SrcFileId="4" StartOffset="1389"/>
</LocList>
</BasicStmnt>
</StmntSeq>
</Branch>
<Branch CovItemId="B4" CovItemPrefix="HexManagerTest.java" Implct="false" Intrnl_Id="423">
<Cond>
<Loc EndOffset="1435" SrcFileId="4" StartOffset="1431"/>
</Cond>
<LocList>
<Loc EndOffset="1484" SrcFileId="4" StartOffset="1436"/>
</LocList>
<StmntSeq Intrnl_Id="424">
<LocList>
<Loc EndOffset="1478" SrcFileId="4" StartOffset="1443"/>
</LocList>
<BasicStmnt CovItemId="S21" CovItemPrefix="HexManagerTest.java" Intrnl_Id="425">
<LocList>
<Loc EndOffset="1478" SrcFileId="4" StartOffset="1443"/>
</LocList>
</BasicStmnt>
</StmntSeq>
</Branch>
<Keyword EndOffset="1364" SrcFileId="4" StartOffset="1362"/>
<LocList>
<Loc EndOffset="1484" SrcFileId="4" StartOffset="1362"/>
</LocList>
<RootTerm CovItemId="C4" CovItemPrefix="HexManagerTest.java" Intrnl_Id="426">
<BasicBoolTerm Intrnl_Id="427">
<LocList>
<Loc EndOffset="1380" SrcFileId="4" StartOffset="1366"/>
</LocList>
</BasicBoolTerm>
</RootTerm>
</CondStmnt>
</StmntSeq>
<Keyword EndOffset="1119" SrcFileId="4" StartOffset="1116"/>
<LocList>
<Loc EndOffset="1491" SrcFileId="4" StartOffset="1116"/>
</LocList>
<RootTerm CovItemId="C1" CovItemPrefix="HexManagerTest.java" Intrnl_Id="428">
<BasicBoolTerm Intrnl_Id="429">
<LocList>
<Loc EndOffset="1157" SrcFileId="4" StartOffset="1132"/>
</LocList>
</BasicBoolTerm>
</RootTerm>
</LoopStmnt>
</StmntSeq>
</HierarchyLvl>
<HierarchyLvl HierarchyLvlId="54" HierarchyLvlTypeId="6" Intrnl_Id="430" Name="testCorrectNumberOfRoadsForEachHex">
<Header>
<Loc EndOffset="1556" SrcFileId="4" StartOffset="1500"/>
</Header>
<LocList>
<Loc EndOffset="1870" SrcFileId="4" StartOffset="1500"/>
</LocList>
<StmntSeq Intrnl_Id="431">
<LocList>
<Loc EndOffset="1595" SrcFileId="4" StartOffset="1562"/>
<Loc EndOffset="1633" SrcFileId="4" StartOffset="1599"/>
<Loc EndOffset="1768" SrcFileId="4" StartOffset="1637"/>
<Loc EndOffset="1866" SrcFileId="4" StartOffset="1774"/>
</LocList>
<BasicStmnt CovItemId="S22" CovItemPrefix="HexManagerTest.java" Intrnl_Id="432">
<LocList>
<Loc EndOffset="1595" SrcFileId="4" StartOffset="1562"/>
</LocList>
</BasicStmnt>
<BasicStmnt CovItemId="S23" CovItemPrefix="HexManagerTest.java" Intrnl_Id="433">
<LocList>
<Loc EndOffset="1633" SrcFileId="4" StartOffset="1599"/>
</LocList>
</BasicStmnt>
<LoopStmnt CovItemId="S24" CovItemPrefix="HexManagerTest.java" Intrnl_Id="434" MltplExecId="L5-2" MltplExecPrefix="HexManagerTest.java" NvrExecId="L5-0" NvrExecPrefix="HexManagerTest.java" OnceExecutedId="L5-1" OnceExecutedPrefix="HexManagerTest.java" OptBodyExec="true">
<StmntSeq Intrnl_Id="435">
<LocList>
<Loc EndOffset="1763" SrcFileId="4" StartOffset="1703"/>
</LocList>
<BasicStmnt CovItemId="S25" CovItemPrefix="HexManagerTest.java" Intrnl_Id="436">
<LocList>
<Loc EndOffset="1763" SrcFileId="4" StartOffset="1703"/>
</LocList>
</BasicStmnt>
</StmntSeq>
<Keyword EndOffset="1640" SrcFileId="4" StartOffset="1637"/>
<LocList>
<Loc EndOffset="1768" SrcFileId="4" StartOffset="1637"/>
</LocList>
</LoopStmnt>
<LoopStmnt CovItemId="S26" CovItemPrefix="HexManagerTest.java" Intrnl_Id="437" MltplExecId="L6-2" MltplExecPrefix="HexManagerTest.java" NvrExecId="L6-0" NvrExecPrefix="HexManagerTest.java" OnceExecutedId="L6-1" OnceExecutedPrefix="HexManagerTest.java" OptBodyExec="true">
<StmntSeq Intrnl_Id="438">
<LocList>
<Loc EndOffset="1861" SrcFileId="4" StartOffset="1827"/>
</LocList>
<BasicStmnt CovItemId="S27" CovItemPrefix="HexManagerTest.java" Intrnl_Id="439">
<LocList>
<Loc EndOffset="1861" SrcFileId="4" StartOffset="1827"/>
</LocList>
</BasicStmnt>
</StmntSeq>
<Keyword EndOffset="1777" SrcFileId="4" StartOffset="1774"/>
<LocList>
<Loc EndOffset="1866" SrcFileId="4" StartOffset="1774"/>
</LocList>
<RootTerm CovItemId="C5" CovItemPrefix="HexManagerTest.java" Intrnl_Id="440">
<BasicBoolTerm Intrnl_Id="441">
<LocList>
<Loc EndOffset="1814" SrcFileId="4" StartOffset="1790"/>
</LocList>
</BasicBoolTerm>
</RootTerm>
</LoopStmnt>
</StmntSeq>
</HierarchyLvl>
<HierarchyLvl HierarchyLvlId="55" HierarchyLvlTypeId="6" Intrnl_Id="442" Name="testCorrectNumberOfStructuresForEachHex">
<Header>
<Loc EndOffset="1936" SrcFileId="4" StartOffset="1875"/>
</Header>
<LocList>
<Loc EndOffset="2306" SrcFileId="4" StartOffset="1875"/>
</LocList>
<StmntSeq Intrnl_Id="443">
<LocList>
<Loc EndOffset="1975" SrcFileId="4" StartOffset="1942"/>
<Loc EndOffset="2018" SrcFileId="4" StartOffset="1979"/>
<Loc EndOffset="2194" SrcFileId="4" StartOffset="2022"/>
<Loc EndOffset="2302" SrcFileId="4" StartOffset="2200"/>
</LocList>
<BasicStmnt CovItemId="S28" CovItemPrefix="HexManagerTest.java" Intrnl_Id="444">
<LocList>
<Loc EndOffset="1975" SrcFileId="4" StartOffset="1942"/>
</LocList>
</BasicStmnt>
<BasicStmnt CovItemId="S29" CovItemPrefix="HexManagerTest.java" Intrnl_Id="445">
<LocList>
<Loc EndOffset="2018" SrcFileId="4" StartOffset="1979"/>
</LocList>
</BasicStmnt>
<LoopStmnt CovItemId="S30" CovItemPrefix="HexManagerTest.java" Intrnl_Id="446" MltplExecId="L7-2" MltplExecPrefix="HexManagerTest.java" NvrExecId="L7-0" NvrExecPrefix="HexManagerTest.java" OnceExecutedId="L7-1" OnceExecutedPrefix="HexManagerTest.java" OptBodyExec="true">
<StmntSeq Intrnl_Id="447">
<LocList>
<Loc EndOffset="2189" SrcFileId="4" StartOffset="2108"/>
</LocList>
<BasicStmnt CovItemId="S31" CovItemPrefix="HexManagerTest.java" Intrnl_Id="448">
<LocList>
<Loc EndOffset="2189" SrcFileId="4" StartOffset="2108"/>
</LocList>
</BasicStmnt>
</StmntSeq>
<Keyword EndOffset="2025" SrcFileId="4" StartOffset="2022"/>
<LocList>
<Loc EndOffset="2194" SrcFileId="4" StartOffset="2022"/>
</LocList>
</LoopStmnt>
<LoopStmnt CovItemId="S32" CovItemPrefix="HexManagerTest.java" Intrnl_Id="449" MltplExecId="L8-2" MltplExecPrefix="HexManagerTest.java" NvrExecId="L8-0" NvrExecPrefix="HexManagerTest.java" OnceExecutedId="L8-1" OnceExecutedPrefix="HexManagerTest.java" OptBodyExec="true">
<StmntSeq Intrnl_Id="450">
<LocList>
<Loc EndOffset="2297" SrcFileId="4" StartOffset="2258"/>
</LocList>
<BasicStmnt CovItemId="S33" CovItemPrefix="HexManagerTest.java" Intrnl_Id="451">
<LocList>
<Loc EndOffset="2297" SrcFileId="4" StartOffset="2258"/>
</LocList>
</BasicStmnt>
</StmntSeq>
<Keyword EndOffset="2203" SrcFileId="4" StartOffset="2200"/>
<LocList>
<Loc EndOffset="2302" SrcFileId="4" StartOffset="2200"/>
</LocList>
<RootTerm CovItemId="C6" CovItemPrefix="HexManagerTest.java" Intrnl_Id="452">
<BasicBoolTerm Intrnl_Id="453">
<LocList>
<Loc EndOffset="2245" SrcFileId="4" StartOffset="2216"/>
</LocList>
</BasicBoolTerm>
</RootTerm>
</LoopStmnt>
</StmntSeq>
</HierarchyLvl>
<HierarchyLvl HierarchyLvlId="56" HierarchyLvlTypeId="6" Intrnl_Id="454" Name="testCorrectNumberForAllStructures">
<Header>
<Loc EndOffset="2366" SrcFileId="4" StartOffset="2311"/>
</Header>
<LocList>
<Loc EndOffset="3368" SrcFileId="4" StartOffset="2311"/>
</LocList>
<StmntSeq Intrnl_Id="455">
<LocList>
<Loc EndOffset="2405" SrcFileId="4" StartOffset="2372"/>
<Loc EndOffset="2443" SrcFileId="4" StartOffset="2409"/>
<Loc EndOffset="2478" SrcFileId="4" StartOffset="2447"/>
<Loc EndOffset="2522" SrcFileId="4" StartOffset="2482"/>
<Loc EndOffset="2657" SrcFileId="4" StartOffset="2526"/>
<Loc EndOffset="3364" SrcFileId="4" StartOffset="2663"/>
</LocList>
<BasicStmnt CovItemId="S34" CovItemPrefix="HexManagerTest.java" Intrnl_Id="456">
<LocList>
<Loc EndOffset="2405" SrcFileId="4" StartOffset="2372"/>
</LocList>
</BasicStmnt>
<BasicStmnt CovItemId="S35" CovItemPrefix="HexManagerTest.java" Intrnl_Id="457">
<LocList>
<Loc EndOffset="2443" SrcFileId="4" StartOffset="2409"/>
</LocList>
</BasicStmnt>
<BasicStmnt CovItemId="S36" CovItemPrefix="HexManagerTest.java" Intrnl_Id="458">
<LocList>
<Loc EndOffset="2478" SrcFileId="4" StartOffset="2447"/>
</LocList>
</BasicStmnt>
<BasicStmnt CovItemId="S37" CovItemPrefix="HexManagerTest.java" Intrnl_Id="459">
<LocList>
<Loc EndOffset="2522" SrcFileId="4" StartOffset="2482"/>
</LocList>
</BasicStmnt>
<LoopStmnt CovItemId="S38" CovItemPrefix="HexManagerTest.java" Intrnl_Id="460" MltplExecId="L9-2" MltplExecPrefix="HexManagerTest.java" NvrExecId="L9-0" NvrExecPrefix="HexManagerTest.java" OnceExecutedId="L9-1" OnceExecutedPrefix="HexManagerTest.java" OptBodyExec="true">
<StmntSeq Intrnl_Id="461">
<LocList>
<Loc EndOffset="2652" SrcFileId="4" StartOffset="2612"/>
</LocList>
<BasicStmnt CovItemId="S39" CovItemPrefix="HexManagerTest.java" Intrnl_Id="462">
<LocList>
<Loc EndOffset="2652" SrcFileId="4" StartOffset="2612"/>
</LocList>
</BasicStmnt>
</StmntSeq>
<Keyword EndOffset="2529" SrcFileId="4" StartOffset="2526"/>
<LocList>
<Loc EndOffset="2657" SrcFileId="4" StartOffset="2526"/>
</LocList>
</LoopStmnt>
<LoopStmnt CovItemId="S40" CovItemPrefix="HexManagerTest.java" Intrnl_Id="463" MltplExecId="L10-2" MltplExecPrefix="HexManagerTest.java" NvrExecId="L10-0" NvrExecPrefix="HexManagerTest.java" OnceExecutedId="L10-1" OnceExecutedPrefix="HexManagerTest.java" OptBodyExec="true">
<StmntSeq Intrnl_Id="464">
<LocList>
<Loc EndOffset="2753" SrcFileId="4" StartOffset="2722"/>
<Loc EndOffset="2921" SrcFileId="4" StartOffset="2760"/>
<Loc EndOffset="3357" SrcFileId="4" StartOffset="2928"/>
</LocList>
<BasicStmnt CovItemId="S41" CovItemPrefix="HexManagerTest.java" Intrnl_Id="465">
<LocList>
<Loc EndOffset="2753" SrcFileId="4" StartOffset="2722"/>
</LocList>
</BasicStmnt>
<LoopStmnt CovItemId="S42" CovItemPrefix="HexManagerTest.java" Intrnl_Id="466" MltplExecId="L11-2" MltplExecPrefix="HexManagerTest.java" NvrExecId="L11-0" NvrExecPrefix="HexManagerTest.java" OnceExecutedId="L11-1" OnceExecutedPrefix="HexManagerTest.java" OptBodyExec="true">
<StmntSeq Intrnl_Id="467">
<LocList>
<Loc EndOffset="2913" SrcFileId="4" StartOffset="2823"/>
</LocList>
<CondStmnt CovItemId="S43" CovItemPrefix="HexManagerTest.java" Intrnl_Id="468">
<Branch CovItemId="B5" CovItemPrefix="HexManagerTest.java" Implct="false" Intrnl_Id="469">
<Cond/>
<LocList>
<Loc EndOffset="2913" SrcFileId="4" StartOffset="2863"/>
</LocList>
<StmntSeq Intrnl_Id="470">
<LocList>
<Loc EndOffset="2893" SrcFileId="4" StartOffset="2871"/>
<Loc EndOffset="2906" SrcFileId="4" StartOffset="2900"/>
</LocList>
<BasicStmnt CovItemId="S44" CovItemPrefix="HexManagerTest.java" Intrnl_Id="471">
<LocList>
<Loc EndOffset="2893" SrcFileId="4" StartOffset="2871"/>
</LocList>
</BasicStmnt>
<BasicStmnt CovItemId="S45" CovItemPrefix="HexManagerTest.java" Intrnl_Id="472">
<LocList>
<Loc EndOffset="2906" SrcFileId="4" StartOffset="2900"/>
</LocList>
</BasicStmnt>
</StmntSeq>
</Branch>
<Branch CovItemId="B6" CovItemPrefix="HexManagerTest.java" Implct="true" Intrnl_Id="473">
<Cond/>
<LocList/>
<StmntSeq Intrnl_Id="474">
<LocList/>
</StmntSeq>
</Branch>
<Keyword EndOffset="2825" SrcFileId="4" StartOffset="2823"/>
<LocList>
<Loc EndOffset="2913" SrcFileId="4" StartOffset="2823"/>
</LocList>
<RootTerm CovItemId="C9" CovItemPrefix="HexManagerTest.java" Intrnl_Id="475">
<BasicBoolTerm Intrnl_Id="476">
<LocList>
<Loc EndOffset="2861" SrcFileId="4" StartOffset="2827"/>
</LocList>
</BasicBoolTerm>
</RootTerm>
</CondStmnt>
</StmntSeq>
<Keyword EndOffset="2763" SrcFileId="4" StartOffset="2760"/>
<LocList>
<Loc EndOffset="2921" SrcFileId="4" StartOffset="2760"/>
</LocList>
<RootTerm CovItemId="C8" CovItemPrefix="HexManagerTest.java" Intrnl_Id="477">
<BasicBoolTerm Intrnl_Id="478">
<LocList>
<Loc EndOffset="2809" SrcFileId="4" StartOffset="2776"/>
</LocList>
</BasicBoolTerm>
</RootTerm>
</LoopStmnt>
<CondStmnt CovItemId="S46" CovItemPrefix="HexManagerTest.java" Intrnl_Id="479">
<Branch CovItemId="B7" CovItemPrefix="HexManagerTest.java" Implct="false" Intrnl_Id="480">
<Cond/>
<LocList>
<Loc EndOffset="3001" SrcFileId="4" StartOffset="2948"/>
</LocList>
<StmntSeq Intrnl_Id="481">
<LocList>
<Loc EndOffset="2995" SrcFileId="4" StartOffset="2955"/>
</LocList>
<BasicStmnt CovItemId="S47" CovItemPrefix="HexManagerTest.java" Intrnl_Id="482">
<LocList>
<Loc EndOffset="2995" SrcFileId="4" StartOffset="2955"/>
</LocList>
</BasicStmnt>
</StmntSeq>
</Branch>
<Branch CovItemId="B8" CovItemPrefix="HexManagerTest.java" Implct="false" Intrnl_Id="483">
<Cond>
<Loc EndOffset="3006" SrcFileId="4" StartOffset="3002"/>
</Cond>
<LocList>
<Loc EndOffset="3357" SrcFileId="4" StartOffset="3007"/>
</LocList>
<StmntSeq Intrnl_Id="484">
<LocList>
<Loc EndOffset="3043" SrcFileId="4" StartOffset="3014"/>
<Loc EndOffset="3207" SrcFileId="4" StartOffset="3049"/>
<Loc EndOffset="3349" SrcFileId="4" StartOffset="3215"/>
</LocList>
<BasicStmnt CovItemId="S48" CovItemPrefix="HexManagerTest.java" Intrnl_Id="485">
<LocList>
<Loc EndOffset="3043" SrcFileId="4" StartOffset="3014"/>
</LocList>
</BasicStmnt>
<LoopStmnt CovItemId="S49" CovItemPrefix="HexManagerTest.java" Intrnl_Id="486" MltplExecId="L12-2" MltplExecPrefix="HexManagerTest.java" NvrExecId="L12-0" NvrExecPrefix="HexManagerTest.java" OnceExecutedId="L12-1" OnceExecutedPrefix="HexManagerTest.java" OptBodyExec="true">
<StmntSeq Intrnl_Id="487">
<LocList>
<Loc EndOffset="3198" SrcFileId="4" StartOffset="3110"/>
</LocList>
<CondStmnt CovItemId="S50" CovItemPrefix="HexManagerTest.java" Intrnl_Id="488">
<Branch CovItemId="B9" CovItemPrefix="HexManagerTest.java" Implct="false" Intrnl_Id="489">
<Cond/>
<LocList>
<Loc EndOffset="3198" SrcFileId="4" StartOffset="3147"/>
</LocList>
<StmntSeq Intrnl_Id="490">
<LocList>
<Loc EndOffset="3176" SrcFileId="4" StartOffset="3156"/>
<Loc EndOffset="3190" SrcFileId="4" StartOffset="3184"/>
</LocList>
<BasicStmnt CovItemId="S51" CovItemPrefix="HexManagerTest.java" Intrnl_Id="491">
<LocList>
<Loc EndOffset="3176" SrcFileId="4" StartOffset="3156"/>
</LocList>
</BasicStmnt>
<BasicStmnt CovItemId="S52" CovItemPrefix="HexManagerTest.java" Intrnl_Id="492">
<LocList>
<Loc EndOffset="3190" SrcFileId="4" StartOffset="3184"/>
</LocList>
</BasicStmnt>
</StmntSeq>
</Branch>
<Branch CovItemId="B10" CovItemPrefix="HexManagerTest.java" Implct="true" Intrnl_Id="493">
<Cond/>
<LocList/>
<StmntSeq Intrnl_Id="494">
<LocList/>
</StmntSeq>
</Branch>
<Keyword EndOffset="3112" SrcFileId="4" StartOffset="3110"/>
<LocList>
<Loc EndOffset="3198" SrcFileId="4" StartOffset="3110"/>
</LocList>
<RootTerm CovItemId="C12" CovItemPrefix="HexManagerTest.java" Intrnl_Id="495">
<BasicBoolTerm Intrnl_Id="496">
<LocList>
<Loc EndOffset="3145" SrcFileId="4" StartOffset="3114"/>
</LocList>
</BasicBoolTerm>
</RootTerm>
</CondStmnt>
</StmntSeq>
<Keyword EndOffset="3052" SrcFileId="4" StartOffset="3049"/>
<LocList>
<Loc EndOffset="3207" SrcFileId="4" StartOffset="3049"/>
</LocList>
<RootTerm CovItemId="C11" CovItemPrefix="HexManagerTest.java" Intrnl_Id="497">
<BasicBoolTerm Intrnl_Id="498">
<LocList>
<Loc EndOffset="3095" SrcFileId="4" StartOffset="3065"/>
</LocList>
</BasicBoolTerm>
</RootTerm>
</LoopStmnt>
<CondStmnt CovItemId="S53" CovItemPrefix="HexManagerTest.java" Intrnl_Id="499">
<Branch CovItemId="B11" CovItemPrefix="HexManagerTest.java" Implct="false" Intrnl_Id="500">
<Cond/>
<LocList>
<Loc EndOffset="3288" SrcFileId="4" StartOffset="3233"/>
</LocList>
<StmntSeq Intrnl_Id="501">
<LocList>
<Loc EndOffset="3281" SrcFileId="4" StartOffset="3241"/>
</LocList>
<BasicStmnt CovItemId="S54" CovItemPrefix="HexManagerTest.java" Intrnl_Id="502">
<LocList>
<Loc EndOffset="3281" SrcFileId="4" StartOffset="3241"/>
</LocList>
</BasicStmnt>
</StmntSeq>
</Branch>
<Branch CovItemId="B12" CovItemPrefix="HexManagerTest.java" Implct="false" Intrnl_Id="503">
<Cond>
<Loc EndOffset="3293" SrcFileId="4" StartOffset="3289"/>
</Cond>
<LocList>
<Loc EndOffset="3349" SrcFileId="4" StartOffset="3294"/>
</LocList>
<StmntSeq Intrnl_Id="504">
<LocList>
<Loc EndOffset="3342" SrcFileId="4" StartOffset="3302"/>
</LocList>
<BasicStmnt CovItemId="S55" CovItemPrefix="HexManagerTest.java" Intrnl_Id="505">
<LocList>
<Loc EndOffset="3342" SrcFileId="4" StartOffset="3302"/>
</LocList>
</BasicStmnt>
</StmntSeq>
</Branch>
<Keyword EndOffset="3217" SrcFileId="4" StartOffset="3215"/>
<LocList>
<Loc EndOffset="3349" SrcFileId="4" StartOffset="3215"/>
</LocList>
<RootTerm CovItemId="C13" CovItemPrefix="HexManagerTest.java" Intrnl_Id="506">
<BasicBoolTerm Intrnl_Id="507">
<LocList>
<Loc EndOffset="3231" SrcFileId="4" StartOffset="3219"/>
</LocList>
</BasicBoolTerm>
</RootTerm>
</CondStmnt>
</StmntSeq>
</Branch>
<Keyword EndOffset="2930" SrcFileId="4" StartOffset="2928"/>
<LocList>
<Loc EndOffset="3357" SrcFileId="4" StartOffset="2928"/>
</LocList>
<RootTerm CovItemId="C10" CovItemPrefix="HexManagerTest.java" Intrnl_Id="508">
<BasicBoolTerm Intrnl_Id="509">
<LocList>
<Loc EndOffset="2946" SrcFileId="4" StartOffset="2932"/>
</LocList>
</BasicBoolTerm>
</RootTerm>
</CondStmnt>
</StmntSeq>
<Keyword EndOffset="2666" SrcFileId="4" StartOffset="2663"/>
<LocList>
<Loc EndOffset="3364" SrcFileId="4" StartOffset="2663"/>
</LocList>
<RootTerm CovItemId="C7" CovItemPrefix="HexManagerTest.java" Intrnl_Id="510">
<BasicBoolTerm Intrnl_Id="511">
<LocList>
<Loc EndOffset="2709" SrcFileId="4" StartOffset="2679"/>
</LocList>
</BasicBoolTerm>
</RootTerm>
</LoopStmnt>
</StmntSeq>
</HierarchyLvl>
<HierarchyLvl HierarchyLvlId="57" HierarchyLvlTypeId="6" Intrnl_Id="512" Name="testAllStructuresCovered">
<Header>
<Loc EndOffset="3419" SrcFileId="4" StartOffset="3373"/>
</Header>
<LocList>
<Loc EndOffset="3664" SrcFileId="4" StartOffset="3373"/>
</LocList>
<StmntSeq Intrnl_Id="513">
<LocList>
<Loc EndOffset="3458" SrcFileId="4" StartOffset="3425"/>
<Loc EndOffset="3508" SrcFileId="4" StartOffset="3462"/>
<Loc EndOffset="3625" SrcFileId="4" StartOffset="3512"/>
<Loc EndOffset="3660" SrcFileId="4" StartOffset="3631"/>
</LocList>
<BasicStmnt CovItemId="S56" CovItemPrefix="HexManagerTest.java" Intrnl_Id="514">
<LocList>
<Loc EndOffset="3458" SrcFileId="4" StartOffset="3425"/>
</LocList>
</BasicStmnt>
<BasicStmnt CovItemId="S57" CovItemPrefix="HexManagerTest.java" Intrnl_Id="515">
<LocList>
<Loc EndOffset="3508" SrcFileId="4" StartOffset="3462"/>
</LocList>
</BasicStmnt>
<LoopStmnt CovItemId="S58" CovItemPrefix="HexManagerTest.java" Intrnl_Id="516" MltplExecId="L13-2" MltplExecPrefix="HexManagerTest.java" NvrExecId="L13-0" NvrExecPrefix="HexManagerTest.java" OnceExecutedId="L13-1" OnceExecutedPrefix="HexManagerTest.java" OptBodyExec="true">
<StmntSeq Intrnl_Id="517">
<LocList>
<Loc EndOffset="3620" SrcFileId="4" StartOffset="3598"/>
</LocList>
<BasicStmnt CovItemId="S59" CovItemPrefix="HexManagerTest.java" Intrnl_Id="518">
<LocList>
<Loc EndOffset="3620" SrcFileId="4" StartOffset="3598"/>
</LocList>
</BasicStmnt>
</StmntSeq>
<Keyword EndOffset="3515" SrcFileId="4" StartOffset="3512"/>
<LocList>
<Loc EndOffset="3625" SrcFileId="4" StartOffset="3512"/>
</LocList>
</LoopStmnt>
<BasicStmnt CovItemId="S60" CovItemPrefix="HexManagerTest.java" Intrnl_Id="519">
<LocList>
<Loc EndOffset="3660" SrcFileId="4" StartOffset="3631"/>
</LocList>
</BasicStmnt>
</StmntSeq>
</HierarchyLvl>
<HierarchyLvl HierarchyLvlId="58" HierarchyLvlTypeId="6" Intrnl_Id="520" Name="testInitializeStructureMapSize">
<Header>
<Loc EndOffset="3721" SrcFileId="4" StartOffset="3669"/>
</Header>
<LocList>
<Loc EndOffset="3810" SrcFileId="4" StartOffset="3669"/>
</LocList>
<StmntSeq Intrnl_Id="521">
<LocList>
<Loc EndOffset="3760" SrcFileId="4" StartOffset="3727"/>
<Loc EndOffset="3806" SrcFileId="4" StartOffset="3764"/>
</LocList>
<BasicStmnt CovItemId="S61" CovItemPrefix="HexManagerTest.java" Intrnl_Id="522">
<LocList>
<Loc EndOffset="3760" SrcFileId="4" StartOffset="3727"/>
</LocList>
</BasicStmnt>
<BasicStmnt CovItemId="S62" CovItemPrefix="HexManagerTest.java" Intrnl_Id="523">
<LocList>
<Loc EndOffset="3806" SrcFileId="4" StartOffset="3764"/>
</LocList>
</BasicStmnt>
</StmntSeq>
</HierarchyLvl>
<HierarchyLvl HierarchyLvlId="59" HierarchyLvlTypeId="6" Intrnl_Id="524" Name="testStructureMapIteration">
<Header>
<Loc EndOffset="3862" SrcFileId="4" StartOffset="3815"/>
</Header>
<LocList>
<Loc EndOffset="5341" SrcFileId="4" StartOffset="3815"/>
</LocList>
<StmntSeq Intrnl_Id="525">
<LocList>
<Loc EndOffset="3901" SrcFileId="4" StartOffset="3868"/>
<Loc EndOffset="4010" SrcFileId="4" StartOffset="3905"/>
<Loc EndOffset="4034" SrcFileId="4" StartOffset="4014"/>
<Loc EndOffset="4136" SrcFileId="4" StartOffset="4040"/>
<Loc EndOffset="4160" SrcFileId="4" StartOffset="4140"/>
<Loc EndOffset="4267" SrcFileId="4" StartOffset="4166"/>
<Loc EndOffset="4291" SrcFileId="4" StartOffset="4271"/>
<Loc EndOffset="4398" SrcFileId="4" StartOffset="4297"/>
<Loc EndOffset="4423" SrcFileId="4" StartOffset="4402"/>
<Loc EndOffset="4525" SrcFileId="4" StartOffset="4429"/>
<Loc EndOffset="4550" SrcFileId="4" StartOffset="4529"/>
<Loc EndOffset="4657" SrcFileId="4" StartOffset="4556"/>
<Loc EndOffset="4682" SrcFileId="4" StartOffset="4661"/>
<Loc EndOffset="4785" SrcFileId="4" StartOffset="4688"/>
<Loc EndOffset="4810" SrcFileId="4" StartOffset="4789"/>
<Loc EndOffset="4918" SrcFileId="4" StartOffset="4816"/>
<Loc EndOffset="4943" SrcFileId="4" StartOffset="4922"/>
<Loc EndOffset="5051" SrcFileId="4" StartOffset="4949"/>
<Loc EndOffset="5076" SrcFileId="4" StartOffset="5055"/>
<Loc EndOffset="5179" SrcFileId="4" StartOffset="5082"/>
<Loc EndOffset="5204" SrcFileId="4" StartOffset="5183"/>
<Loc EndOffset="5312" SrcFileId="4" StartOffset="5210"/>
<Loc EndOffset="5337" SrcFileId="4" StartOffset="5316"/>
</LocList>
<BasicStmnt CovItemId="S63" CovItemPrefix="HexManagerTest.java" Intrnl_Id="526">
<LocList>
<Loc EndOffset="3901" SrcFileId="4" StartOffset="3868"/>
</LocList>
</BasicStmnt>
<BasicStmnt CovItemId="S64" CovItemPrefix="HexManagerTest.java" Intrnl_Id="527">
<LocList>
<Loc EndOffset="4010" SrcFileId="4" StartOffset="3905"/>
</LocList>
</BasicStmnt>
<BasicStmnt CovItemId="S65" CovItemPrefix="HexManagerTest.java" Intrnl_Id="528">
<LocList>
<Loc EndOffset="4034" SrcFileId="4" StartOffset="4014"/>
</LocList>
</BasicStmnt>
<BasicStmnt CovItemId="S66" CovItemPrefix="HexManagerTest.java" Intrnl_Id="529">
<LocList>
<Loc EndOffset="4136" SrcFileId="4" StartOffset="4040"/>
</LocList>
</BasicStmnt>
<BasicStmnt CovItemId="S67" CovItemPrefix="HexManagerTest.java" Intrnl_Id="530">
<LocList>
<Loc EndOffset="4160" SrcFileId="4" StartOffset="4140"/>
</LocList>
</BasicStmnt>
<BasicStmnt CovItemId="S68" CovItemPrefix="HexManagerTest.java" Intrnl_Id="531">
<LocList>
<Loc EndOffset="4267" SrcFileId="4" StartOffset="4166"/>
</LocList>
</BasicStmnt>
<BasicStmnt CovItemId="S69" CovItemPrefix="HexManagerTest.java" Intrnl_Id="532">
<LocList>
<Loc EndOffset="4291" SrcFileId="4" StartOffset="4271"/>
</LocList>
</BasicStmnt>
<BasicStmnt CovItemId="S70" CovItemPrefix="HexManagerTest.java" Intrnl_Id="533">
<LocList>
<Loc EndOffset="4398" SrcFileId="4" StartOffset="4297"/>
</LocList>
</BasicStmnt>
<BasicStmnt CovItemId="S71" CovItemPrefix="HexManagerTest.java" Intrnl_Id="534">
<LocList>
<Loc EndOffset="4423" SrcFileId="4" StartOffset="4402"/>
</LocList>
</BasicStmnt>
<BasicStmnt CovItemId="S72" CovItemPrefix="HexManagerTest.java" Intrnl_Id="535">
<LocList>
<Loc EndOffset="4525" SrcFileId="4" StartOffset="4429"/>
</LocList>
</BasicStmnt>
<BasicStmnt CovItemId="S73" CovItemPrefix="HexManagerTest.java" Intrnl_Id="536">
<LocList>
<Loc EndOffset="4550" SrcFileId="4" StartOffset="4529"/>
</LocList>
</BasicStmnt>
<BasicStmnt CovItemId="S74" CovItemPrefix="HexManagerTest.java" Intrnl_Id="537">
<LocList>
<Loc EndOffset="4657" SrcFileId="4" StartOffset="4556"/>
</LocList>
</BasicStmnt>
<BasicStmnt CovItemId="S75" CovItemPrefix="HexManagerTest.java" Intrnl_Id="538">
<LocList>
<Loc EndOffset="4682" SrcFileId="4" StartOffset="4661"/>
</LocList>
</BasicStmnt>
<BasicStmnt CovItemId="S76" CovItemPrefix="HexManagerTest.java" Intrnl_Id="539">
<LocList>
<Loc EndOffset="4785" SrcFileId="4" StartOffset="4688"/>
</LocList>
</BasicStmnt>
<BasicStmnt CovItemId="S77" CovItemPrefix="HexManagerTest.java" Intrnl_Id="540">
<LocList>
<Loc EndOffset="4810" SrcFileId="4" StartOffset="4789"/>
</LocList>
</BasicStmnt>
<BasicStmnt CovItemId="S78" CovItemPrefix="HexManagerTest.java" Intrnl_Id="541">
<LocList>
<Loc EndOffset="4918" SrcFileId="4" StartOffset="4816"/>
</LocList>
</BasicStmnt>
<BasicStmnt CovItemId="S79" CovItemPrefix="HexManagerTest.java" Intrnl_Id="542">
<LocList>
<Loc EndOffset="4943" SrcFileId="4" StartOffset="4922"/>
</LocList>
</BasicStmnt>
<BasicStmnt CovItemId="S80" CovItemPrefix="HexManagerTest.java" Intrnl_Id="543">
<LocList>
<Loc EndOffset="5051" SrcFileId="4" StartOffset="4949"/>
</LocList>
</BasicStmnt>
<BasicStmnt CovItemId="S81" CovItemPrefix="HexManagerTest.java" Intrnl_Id="544">
<LocList>
<Loc EndOffset="5076" SrcFileId="4" StartOffset="5055"/>
</LocList>
</BasicStmnt>
<BasicStmnt CovItemId="S82" CovItemPrefix="HexManagerTest.java" Intrnl_Id="545">
<LocList>
<Loc EndOffset="5179" SrcFileId="4" StartOffset="5082"/>
</LocList>
</BasicStmnt>
<BasicStmnt CovItemId="S83" CovItemPrefix="HexManagerTest.java" Intrnl_Id="546">
<LocList>
<Loc EndOffset="5204" SrcFileId="4" StartOffset="5183"/>
</LocList>
</BasicStmnt>
<BasicStmnt CovItemId="S84" CovItemPrefix="HexManagerTest.java" Intrnl_Id="547">
<LocList>
<Loc EndOffset="5312" SrcFileId="4" StartOffset="5210"/>
</LocList>
</BasicStmnt>
<BasicStmnt CovItemId="S85" CovItemPrefix="HexManagerTest.java" Intrnl_Id="548">
<LocList>
<Loc EndOffset="5337" SrcFileId="4" StartOffset="5316"/>
</LocList>
</BasicStmnt>
</StmntSeq>
</HierarchyLvl>
</HierarchyLvl>
<HierarchyLvl HierarchyLvlId="63" HierarchyLvlTypeId="7" Intrnl_Id="549" Name="GameTest">
<Header>
<Loc EndOffset="144" SrcFileId="5" StartOffset="123"/>
</Header>
<LocList>
<Loc EndOffset="324" SrcFileId="5" StartOffset="123"/>
</LocList>
<HierarchyLvl HierarchyLvlId="61" HierarchyLvlTypeId="6" Intrnl_Id="550" Name="setUp">
<Header>
<Loc EndOffset="210" SrcFileId="5" StartOffset="164"/>
</Header>
<LocList>
<Loc EndOffset="238" SrcFileId="5" StartOffset="164"/>
</LocList>
<StmntSeq Intrnl_Id="551">
<LocList>
<Loc EndOffset="234" SrcFileId="5" StartOffset="216"/>
</LocList>
<BasicStmnt CovItemId="S1" CovItemPrefix="GameTest.java" Intrnl_Id="552">
<LocList>
<Loc EndOffset="234" SrcFileId="5" StartOffset="216"/>
</LocList>
</BasicStmnt>
</StmntSeq>
</HierarchyLvl>
<HierarchyLvl HierarchyLvlId="62" HierarchyLvlTypeId="6" Intrnl_Id="553" Name="getDiceRollTest">
<Header>
<Loc EndOffset="280" SrcFileId="5" StartOffset="243"/>
</Header>
<LocList>
<Loc EndOffset="319" SrcFileId="5" StartOffset="243"/>
</LocList>
<StmntSeq Intrnl_Id="554">
<LocList>
<Loc EndOffset="315" SrcFileId="5" StartOffset="297"/>
</LocList>
<BasicStmnt CovItemId="S2" CovItemPrefix="GameTest.java" Intrnl_Id="555">
<LocList>
<Loc EndOffset="315" SrcFileId="5" StartOffset="297"/>
</LocList>
</BasicStmnt>
</StmntSeq>
</HierarchyLvl>
</HierarchyLvl>
</HierarchyLvl>
</MASTRoot>
</TestSessionContainer>
