<?xml version="1.0" encoding="UTF-8"?><TestSessionContainer xmlns="http://www.codecover.org/xml/testsession-container" Date="1429253656489" TestSessionContainerId="6001d12d-2e86-411e-b656-6311011f10ff" version="1.0">
<SrcFileList>
<SrcFile Content="package client.Model;&#13;&#10;&#13;&#10;public class Structure{&#13;&#10;&#9;&#13;&#10;&#9;&#13;&#10;&#9;public Structure(int key, int[] adjacentSettlements) {&#13;&#10;&#9;&#9;&#13;&#10;&#9;}&#13;&#10;&#9;&#13;&#10;&#9;public int[] getAdjacentSettlements(){&#13;&#10;&#9;&#9;return null;&#13;&#10;&#9;}&#13;&#10;}&#13;&#10;" Filename="Structure.java" Intrnl_Id="1"/>
<SrcFile Content="package client.Model;&#13;&#10;&#13;&#10;public class Robber {&#13;&#10;&#13;&#10;}&#13;&#10;" Filename="Robber.java" Intrnl_Id="2"/>
<SrcFile Content="package client.Model;&#13;&#10;public class RoadPiece {&#13;&#10;&#13;&#10;&#9;private int key;&#13;&#10;&#9;private int[] adjacentRoadsA;&#13;&#10;&#9;private int[] adjacentRoadsB;&#13;&#10;&#13;&#10;&#9;public RoadPiece(int key, int[] adjacentRoadsA, int[] adjacentRoadsB) {&#13;&#10;&#9;&#9;this.key = key;&#13;&#10;&#9;&#9;this.adjacentRoadsA = adjacentRoadsA;&#13;&#10;&#9;&#9;this.adjacentRoadsB = adjacentRoadsB;&#13;&#10;&#9;}&#13;&#10;&#13;&#10;&#9;public int[] getOppositeDirectionRoads(int roadKey) {&#13;&#10;&#9;&#9;if (roadKey &lt; 0) {&#13;&#10;&#9;&#9;&#9;return getAllAdjacentRoads();&#13;&#10;&#9;&#9;}&#13;&#10;&#13;&#10;&#9;&#9;for (int i = 0; i &lt; this.adjacentRoadsA.length; i++) {&#13;&#10;&#9;&#9;&#9;if (this.adjacentRoadsA[i] == roadKey) {&#13;&#10;&#9;&#9;&#9;&#9;return this.adjacentRoadsB;&#13;&#10;&#9;&#9;&#9;}&#13;&#10;&#9;&#9;}&#13;&#10;&#9;&#9;return this.adjacentRoadsA;&#13;&#10;&#9;}&#13;&#10;&#13;&#10;&#9;public int[] getAllAdjacentRoads() {&#13;&#10;&#9;&#9;int[] allAdjacentRoads = new int[adjacentRoadsA.length&#13;&#10;&#9;&#9;&#9;&#9;+ adjacentRoadsB.length];&#13;&#10;&#9;&#9;int index = 0;&#13;&#10;&#13;&#10;&#9;&#9;for (int i = 0; i &lt; this.adjacentRoadsA.length; i++) {&#13;&#10;&#9;&#9;&#9;allAdjacentRoads[index] = this.adjacentRoadsA[i];&#13;&#10;&#9;&#9;&#9;index++;&#13;&#10;&#9;&#9;}&#13;&#10;&#13;&#10;&#9;&#9;for (int i = 0; i &lt; this.adjacentRoadsB.length; i++) {&#13;&#10;&#9;&#9;&#9;allAdjacentRoads[index] = this.adjacentRoadsB[i];&#13;&#10;&#9;&#9;&#9;index++;&#13;&#10;&#9;&#9;}&#13;&#10;&#13;&#10;&#9;&#9;return allAdjacentRoads;&#13;&#10;&#9;}&#13;&#10;&#13;&#10;&#9;@Override&#13;&#10;&#9;public String toString() {&#13;&#10;&#9;&#9;StringBuilder sb = new StringBuilder(&quot;&quot;);&#13;&#10;&#9;&#9;sb.append(&quot;( &quot;);&#13;&#10;&#9;&#9;sb.append(key);&#13;&#10;&#9;&#9;sb.append(&quot; ( &quot;);&#13;&#10;&#9;&#9;for (int i = 0; i &lt; this.adjacentRoadsA.length; i++) {&#13;&#10;&#9;&#9;&#9;sb.append(this.adjacentRoadsA[i]);&#13;&#10;&#9;&#9;&#9;sb.append(&quot; &quot;);&#13;&#10;&#9;&#9;}&#13;&#10;&#9;&#9;sb.append(&quot;) &quot;);&#13;&#10;&#9;&#9;sb.append(&quot; ( &quot;);&#13;&#10;&#9;&#9;for (int i = 0; i &lt; this.adjacentRoadsB.length; i++) {&#13;&#10;&#9;&#9;&#9;sb.append(this.adjacentRoadsB[i]);&#13;&#10;&#9;&#9;&#9;sb.append(&quot; &quot;);&#13;&#10;&#9;&#9;}&#13;&#10;&#9;&#9;sb.append(&quot;) &quot;);&#13;&#10;&#9;&#9;sb.append(&quot; ) &quot;);&#13;&#10;&#9;&#9;return sb.toString();&#13;&#10;&#9;}&#13;&#10;&#13;&#10;&#9;@Override&#13;&#10;&#9;public boolean equals(Object o) {&#13;&#10;&#9;&#9;if (this.getClass() != o.getClass()) {&#13;&#10;&#9;&#9;&#9;return false;&#13;&#10;&#9;&#9;}&#13;&#10;&#9;&#9;return this.toString().equals(((RoadPiece) o).toString());&#13;&#10;&#9;}&#13;&#10;&#13;&#10;&#9;public int[] getAdjacentRoadsA() {&#13;&#10;&#9;&#9;return adjacentRoadsA;&#13;&#10;&#9;}&#13;&#10;&#13;&#10;&#9;public int[] getAdjacentRoadsB() {&#13;&#10;&#9;&#9;return adjacentRoadsB;&#13;&#10;&#9;}&#13;&#10;&#9;&#13;&#10;&#9;public void setAdjacentRoadsA(int[] adjacentRoadsA) {&#13;&#10;&#9;&#9;this.adjacentRoadsA = adjacentRoadsA;&#9;&#13;&#10;&#9;}&#13;&#10;&#13;&#10;&#9;public void setAdjacentRoadsB(int[] adjacentRoadsB) {&#13;&#10;&#9;&#9;this.adjacentRoadsB = adjacentRoadsB;&#9;&#13;&#10;&#9;}&#13;&#10;&#13;&#10;&#9;//TODO remove?&#13;&#10;&#9;// public int getRoadValue() {&#13;&#10;&#9;// return this.key;&#13;&#10;&#9;// }&#13;&#10;&#13;&#10;}&#13;&#10;" Filename="RoadPiece.java" Intrnl_Id="3"/>
<SrcFile Content="package client.Model;&#13;&#10;public class Road {&#13;&#10;&#9;private int key;&#13;&#10;&#9;private int[] adjacentRoadsA;&#13;&#10;&#9;private int[] adjacentRoadsB;&#13;&#10;&#13;&#10;&#9;public Road(int key, int[] adjacentRoadsA, int[] adjacentRoadsB) {&#13;&#10;&#9;&#9;this.key = key;&#13;&#10;&#9;&#9;this.adjacentRoadsA = adjacentRoadsA;&#13;&#10;&#9;&#9;this.adjacentRoadsB = adjacentRoadsB;&#13;&#10;&#9;}&#13;&#10;&#9;&#13;&#10;&#9;public int[] getAdjacentRoadsA() {&#13;&#10;&#9;&#9;return this.adjacentRoadsA;&#13;&#10;&#9;}&#13;&#10;&#9;&#13;&#10;&#9;public int[] getAdjacentRoadsB() {&#13;&#10;&#9;&#9;return this.adjacentRoadsB;&#13;&#10;&#9;}&#13;&#10;&#13;&#10;&#9;@Override&#13;&#10;&#9;public String toString() {&#13;&#10;&#9;&#9;StringBuilder sb = new StringBuilder(&quot;&quot;);&#13;&#10;&#9;&#9;sb.append(&quot;( &quot;);&#13;&#10;&#9;&#9;sb.append(key);&#13;&#10;&#9;&#9;sb.append(&quot; ( &quot;);&#13;&#10;&#9;&#9;for (int i = 0; i &lt; this.adjacentRoadsA.length; i++) {&#13;&#10;&#9;&#9;&#9;sb.append(this.adjacentRoadsA[i]);&#13;&#10;&#9;&#9;&#9;sb.append(&quot; &quot;);&#13;&#10;&#9;&#9;}&#13;&#10;&#9;&#9;sb.append(&quot;) &quot;);&#13;&#10;&#9;&#9;sb.append(&quot; ( &quot;);&#13;&#10;&#9;&#9;for (int i = 0; i &lt; this.adjacentRoadsB.length; i++) {&#13;&#10;&#9;&#9;&#9;sb.append(this.adjacentRoadsB[i]);&#13;&#10;&#9;&#9;&#9;sb.append(&quot; &quot;);&#13;&#10;&#9;&#9;}&#13;&#10;&#9;&#9;sb.append(&quot;) &quot;);&#13;&#10;&#9;&#9;sb.append(&quot; ) &quot;);&#13;&#10;&#9;&#9;return sb.toString();&#13;&#10;&#9;}&#13;&#10;&#13;&#10;&#9;@Override&#13;&#10;&#9;public boolean equals(Object o) {&#13;&#10;&#9;&#9;if (this.getClass() != o.getClass()) {&#13;&#10;&#9;&#9;&#9;return false;&#13;&#10;&#9;&#9;}&#13;&#10;&#9;&#9;return this.toString().equals(((Road) o).toString());&#13;&#10;&#9;}&#13;&#10;&#13;&#10;}&#13;&#10;" Filename="Road.java" Intrnl_Id="4"/>
<SrcFile Content="package client.Model;&#13;&#10;&#13;&#10;public class Port {&#13;&#10;&#13;&#10;}&#13;&#10;" Filename="Port.java" Intrnl_Id="5"/>
<SrcFile Content="package client.Model;&#13;&#10;&#13;&#10;/**&#13;&#10; * this class manages all of the individual player's data.&#13;&#10; * &#13;&#10; * @author Andrew Davidson. Created May 28, 2010.&#13;&#10; */&#13;&#10;public class Player {&#13;&#10;&#9;// TODO implement an enumeration for resource cards&#13;&#10;&#9;// TODO add port and bank trade rates&#13;&#10;&#9;private int wheatCount;&#13;&#10;&#9;private int woodCount;&#13;&#10;&#9;private int woolCount;&#13;&#10;&#9;private int brickCount;&#13;&#10;&#9;private int oreCount;&#13;&#10;&#9;private int playedSoldierCount;&#13;&#10;&#9;private int victoryPoints;&#13;&#10;&#9;private int totalResourceCards;&#13;&#10;&#9;//TODO remove or implement&#13;&#10;//&#9;private int playerIndex;&#13;&#10;//&#9;private int[] unplayedDevCardCount;&#13;&#10;//&#9;private Color color;&#13;&#10;&#13;&#10;&#9;/**&#13;&#10;&#9; * returns all of the player's cards in a convenient array.&#13;&#10;&#9; * &#13;&#10;&#9; * @return array of player's cards&#13;&#10;&#9; */&#13;&#10;&#9;public int[] getCards() {&#13;&#10;&#9;&#9;int[] cards = { this.wheatCount, this.woodCount, this.woolCount,&#13;&#10;&#9;&#9;&#9;&#9;this.brickCount, this.oreCount, this.playedSoldierCount,&#13;&#10;&#9;&#9;&#9;&#9;this.totalResourceCards };&#13;&#10;&#9;&#9;return cards;&#13;&#10;&#9;}&#13;&#10;&#13;&#10;&#9;/**&#13;&#10;&#9; * adjusts, but does NOT replace the old number of cards the player holds.&#13;&#10;&#9; * &#13;&#10;&#9; * @param delta&#13;&#10;&#9; *            - the number of cards to add or remove from the player's hand&#13;&#10;&#9; */&#13;&#10;&#9;public void adjustCards(int[] delta) {&#13;&#10;&#9;&#9;this.wheatCount += delta[0];&#13;&#10;&#9;&#9;this.woodCount += delta[1];&#13;&#10;&#9;&#9;this.woolCount += delta[2];&#13;&#10;&#9;&#9;this.brickCount += delta[3];&#13;&#10;&#9;&#9;this.oreCount += delta[4];&#13;&#10;&#9;&#9;this.playedSoldierCount += delta[5];&#13;&#10;&#9;&#9;this.updateTotal();&#13;&#10;&#9;}&#13;&#10;&#13;&#10;&#9;/**&#13;&#10;&#9; * calculates the total number of cards that the player holds, primarily to&#13;&#10;&#9; * determine how many cards will be lost if a seven is rolled.&#13;&#10;&#9; * &#13;&#10;&#9; */&#13;&#10;&#9;private void updateTotal() {&#13;&#10;&#9;&#9;this.totalResourceCards = this.wheatCount + this.woodCount + this.woolCount&#13;&#10;&#9;&#9;&#9;&#9;+ this.brickCount + this.oreCount;&#13;&#10;&#9;}&#13;&#10;&#13;&#10;&#9;/**&#13;&#10;&#9; * tells panel how many victory points the player has. The player wins at&#13;&#10;&#9; * 10.&#13;&#10;&#9; * &#13;&#10;&#9; * @return number of victory points&#13;&#10;&#9; */&#13;&#10;&#9;public int getVPs() {&#13;&#10;&#9;&#9;return this.victoryPoints;&#13;&#10;&#9;}&#13;&#10;}&#13;&#10;" Filename="Player.java" Intrnl_Id="6"/>
<SrcFile Content="package client.Model;&#13;&#10;&#13;&#10;public class Hex {&#13;&#10;&#13;&#10;}&#13;&#10;" Filename="Hex.java" Intrnl_Id="7"/>
<SrcFile Content="package client.Controller;&#13;&#10;&#13;&#10;public class StructurePiece {&#13;&#10;&#13;&#10;&#9;&#13;&#10;&#9;&#13;&#10;}&#13;&#10;" Filename="StructurePiece.java" Intrnl_Id="8"/>
<SrcFile Content="package client.Controller;&#13;&#10;&#13;&#10;import java.util.ArrayList;&#13;&#10;import java.util.HashMap;&#13;&#10;import client.Model.Structure;&#13;&#10;&#13;&#10;public class StructureManager {&#13;&#10;&#9;&#13;&#10;&#9;public ArrayList&lt;HashMap&lt;Integer, StructurePiece&gt;&gt; structurePieceMaps;&#13;&#10;&#9;public HashMap&lt;Integer, Structure&gt; structureDependencyMap;&#13;&#10;&#9;&#13;&#10;&#9;public StructureManager(int playerCount) {&#13;&#10;&#9;&#9;structurePieceMaps = new ArrayList&lt;HashMap&lt;Integer, StructurePiece&gt;&gt;();&#13;&#10;&#9;&#9;for (int i = 0; i &lt; playerCount; i++) {&#13;&#10;&#9;&#9;&#9;structurePieceMaps.add(new HashMap&lt;Integer, StructurePiece&gt;());&#13;&#10;&#9;&#9;}&#13;&#10;&#9;}&#13;&#10;&#9;&#13;&#10;&#9;public void addStructure(int playerNumber, int structureId) throws IndexOutOfBoundsException {&#13;&#10;&#9;&#9;//check to make sure playerNumber and structureId are valid&#13;&#10;&#9;&#9;if(playerNumber&lt;0) {&#13;&#10;&#9;&#9;&#9;throw new IndexOutOfBoundsException(&quot;Player Number &quot;+playerNumber+&quot; not valid.&quot;);&#13;&#10;&#9;&#9;}&#13;&#10;&#9;&#9;if(playerNumber&gt;structurePieceMaps.size()) {&#13;&#10;&#9;&#9;&#9;throw new IndexOutOfBoundsException(&quot;Structure ID &quot;+structureId+&quot; not valid.&quot;);&#13;&#10;&#9;&#9;}&#13;&#10;&#9;&#9;&#13;&#10;&#9;&#9;&#13;&#10;&#9;&#9;//check if structure already exists&#13;&#10;//&#9;&#9;for (HashMap&lt;Integer, RoadPiece&gt; hash : structurePieceMaps) {&#13;&#10;//&#9;&#9;&#9;if (hash.containsKey(roadIndex)) {// check if road exists&#13;&#10;//&#9;&#9;&#9;&#9;// throw new Exception(&quot;Road already exists&quot;);&#13;&#10;//&#9;&#9;&#9;&#9;noOverlap = false;&#13;&#10;//&#9;&#9;&#9;}&#13;&#10;//&#9;&#9;}&#13;&#10;&#9;&#9;&#13;&#10;&#9;&#9;//check to make sure there is no adjacent structure&#13;&#10;&#9;&#9;&#9;//uses structureDependencyMap&#13;&#10;&#9;&#9;&#13;&#10;&#9;&#9;//check to make sure there is an adjacent road&#13;&#10;&#9;&#9;//hasAdjacentRoad(int structureId)&#13;&#10;&#9;&#9;&#13;&#10;&#9;&#9;//actually add the structure&#13;&#10;&#9;}&#13;&#10;&#9;&#13;&#10;&#9;public void updateStructure(int playerNumber, int structureId) throws Exception{&#13;&#10;&#9;&#9;&#13;&#10;&#9;}&#13;&#10;&#9;&#13;&#10;&#9;public int getStructureCountForPlayer(int playerNumber){&#13;&#10;&#9;&#9;return -1;&#13;&#10;&#9;}&#13;&#10;&#13;&#10;}&#13;&#10;" Filename="StructureManager.java" Intrnl_Id="9"/>
<SrcFile Content="package client.Controller;&#13;&#10;&#13;&#10;import client.GUI.HexComponent.StructurePosition;&#13;&#10;&#13;&#10;public class StructureLocationKey {&#13;&#10;&#13;&#10;&#9;private StructurePosition pos;&#13;&#10;&#9;private int hexIndex;&#13;&#10;&#13;&#10;&#9;public StructureLocationKey(int hexIndex, StructurePosition pos) {&#13;&#10;&#9;&#9;this.hexIndex = hexIndex;&#13;&#10;&#9;&#9;this.pos = pos;&#13;&#10;&#9;}&#13;&#10;&#13;&#10;&#9;public int getHexIndex() {&#13;&#10;&#9;&#9;return this.hexIndex;&#13;&#10;&#9;}&#13;&#10;&#13;&#10;&#9;private StructurePosition getStructurePosition() {&#13;&#10;&#9;&#9;return this.pos;&#13;&#10;&#9;}&#13;&#10;&#13;&#10;&#9;@Override&#13;&#10;&#9;public int hashCode() {&#13;&#10;&#9;&#9;return this.hexIndex * 40 + this.pos.hashCode();&#13;&#10;&#9;}&#13;&#10;&#13;&#10;&#9;@Override&#13;&#10;&#9;public boolean equals(Object o) {&#13;&#10;&#9;&#9;if (o.getClass() != this.getClass()) {&#13;&#10;&#9;&#9;&#9;return false;&#13;&#10;&#9;&#9;}&#13;&#10;&#9;&#9;if (((StructureLocationKey) o).getHexIndex() != this.hexIndex) {&#13;&#10;&#9;&#9;&#9;return false;&#13;&#10;&#9;&#9;}&#13;&#10;&#9;&#9;if (((StructureLocationKey) o).getStructurePosition() != this.pos) {&#13;&#10;&#9;&#9;&#9;return false;&#13;&#10;&#9;&#9;}&#13;&#10;&#9;&#9;return true;&#13;&#10;&#9;}&#13;&#10;&#13;&#10;}&#13;&#10;" Filename="StructureLocationKey.java" Intrnl_Id="10"/>
<SrcFile Content="package client.Controller;&#13;&#10;&#13;&#10;import java.util.ArrayList;&#13;&#10;import java.util.Arrays;&#13;&#10;import java.util.HashMap;&#13;&#10;import java.util.Map.Entry;&#13;&#10;&#13;&#10;import client.Model.Road;&#13;&#10;import client.Model.RoadPiece;&#13;&#10;&#13;&#10;public class RoadManager {&#13;&#10;&#13;&#10;&#9;public ArrayList&lt;HashMap&lt;Integer, RoadPiece&gt;&gt; roadPieceDependencyMaps;&#13;&#10;&#9;public HashMap&lt;Integer, Road&gt; roadDependencyMap;&#13;&#10;&#13;&#10;&#9;public RoadManager(int playerCount) {&#13;&#10;&#13;&#10;&#9;&#9;roadPieceDependencyMaps = new ArrayList&lt;HashMap&lt;Integer, RoadPiece&gt;&gt;();&#13;&#10;&#9;&#9;for (int i = 0; i &lt; playerCount; i++) {&#13;&#10;&#9;&#9;&#9;roadPieceDependencyMaps.add(new HashMap&lt;Integer, RoadPiece&gt;());&#13;&#10;&#9;&#9;}&#13;&#10;&#13;&#10;&#9;&#9;initializeRoadGraph();&#13;&#10;&#13;&#10;&#9;}&#13;&#10;&#13;&#10;&#9;public int findLongestRoadForPlayer(int playerIndex) {&#13;&#10;&#9;&#9;int max = 0;&#13;&#10;&#9;&#9;for (Entry&lt;Integer, RoadPiece&gt; e : roadPieceDependencyMaps.get(&#13;&#10;&#9;&#9;&#9;&#9;playerIndex).entrySet()) {&#13;&#10;&#9;&#9;&#9;RoadPiece road = e.getValue();&#13;&#10;&#9;&#9;&#9;int rslt = findLongestRoadForRoadPiece(e.getKey(), playerIndex);&#13;&#10;&#9;&#9;&#9;System.out.println(road.toString() + &quot;:        &quot; + rslt);&#13;&#10;&#9;&#9;&#9;if (rslt &gt; max) {&#13;&#10;&#9;&#9;&#9;&#9;max = rslt;&#13;&#10;&#9;&#9;&#9;}&#13;&#10;&#9;&#9;}&#13;&#10;&#9;&#9;return max;&#13;&#10;&#9;}&#13;&#10;&#13;&#10;&#9;public int findLongestRoadForRoadPiece(int road, int playerIndex) {&#13;&#10;&#9;&#9;int[] adjacentRoads = roadPieceDependencyMaps.get(playerIndex)&#13;&#10;&#9;&#9;&#9;&#9;.get(road).getAllAdjacentRoads();&#13;&#10;&#9;&#9;int[] results = new int[adjacentRoads.length];&#13;&#10;&#13;&#10;&#9;&#9;for (int i = 0; i &lt; adjacentRoads.length; i++) {&#13;&#10;&#9;&#9;&#9;results[i] = findLongestRoad(adjacentRoads[i], road,&#13;&#10;&#9;&#9;&#9;&#9;&#9;new int[] { road }, playerIndex);&#13;&#10;&#9;&#9;}&#13;&#10;&#13;&#10;&#9;&#9;int max = 0;&#13;&#10;&#13;&#10;&#9;&#9;for (int i = 0; i &lt; adjacentRoads.length; i++) {&#13;&#10;&#9;&#9;&#9;if (results[i] &gt; max)&#13;&#10;&#9;&#9;&#9;&#9;max = results[i];&#13;&#10;&#9;&#9;}&#13;&#10;&#13;&#10;&#9;&#9;return max + 1;&#13;&#10;&#9;}&#13;&#10;&#13;&#10;&#9;public int findLongestRoad(int road, int previousRoad,&#13;&#10;&#9;&#9;&#9;int[] previouslyVisitedRoads, int playerIndex) {&#13;&#10;&#13;&#10;&#9;&#9;int[] roadsToCheck = roadPieceDependencyMaps.get(playerIndex).get(road)&#13;&#10;&#9;&#9;&#9;&#9;.getOppositeDirectionRoads(previousRoad);&#13;&#10;&#9;&#9;ArrayList&lt;Integer&gt; roadsToVisit = new ArrayList&lt;Integer&gt;();&#13;&#10;&#9;&#9;for (int i = 0; i &lt; roadsToCheck.length; i++) {&#13;&#10;&#9;&#9;&#9;if (!(containsRoad(previouslyVisitedRoads, roadsToCheck[i]))) {&#13;&#10;&#9;&#9;&#9;&#9;roadsToVisit.add(roadsToCheck[i]);&#13;&#10;&#9;&#9;&#9;}&#13;&#10;&#9;&#9;}&#13;&#10;&#13;&#10;&#9;&#9;int visitCount = roadsToVisit.size();&#13;&#10;&#13;&#10;&#9;&#9;if (visitCount == 0) {&#13;&#10;&#9;&#9;&#9;return 1;&#13;&#10;&#9;&#9;}&#13;&#10;&#13;&#10;&#9;&#9;int oldLength = previouslyVisitedRoads.length;&#13;&#10;&#9;&#9;int[] visitedRoads = Arrays.copyOf(previouslyVisitedRoads,&#13;&#10;&#9;&#9;&#9;&#9;oldLength + 1);&#13;&#10;&#9;&#9;visitedRoads[oldLength] = road;&#13;&#10;&#13;&#10;&#9;&#9;if (visitCount == 1) {&#13;&#10;&#9;&#9;&#9;return 1 + findLongestRoad(roadsToVisit.get(0), road, visitedRoads,&#13;&#10;&#9;&#9;&#9;&#9;&#9;playerIndex);&#13;&#10;&#9;&#9;}&#13;&#10;&#13;&#10;&#9;&#9;if (visitCount == 2) {&#13;&#10;&#9;&#9;&#9;int a = findLongestRoad(roadsToVisit.get(0), road, visitedRoads,&#13;&#10;&#9;&#9;&#9;&#9;&#9;playerIndex);&#13;&#10;&#9;&#9;&#9;int b = findLongestRoad(roadsToVisit.get(1), road, visitedRoads,&#13;&#10;&#9;&#9;&#9;&#9;&#9;playerIndex);&#13;&#10;&#9;&#9;&#9;return 1 + Math.max(a, b);&#13;&#10;&#9;&#9;}&#13;&#10;&#13;&#10;&#9;&#9;// CRITICAL ERROR!!!&#13;&#10;&#9;&#9;return -4000;&#13;&#10;&#9;}&#13;&#10;&#13;&#10;&#9;private boolean containsRoad(int[] previouslyVisitedRoads, int roadToCheck) {&#13;&#10;&#9;&#9;for (int i = 0; i &lt; previouslyVisitedRoads.length; i++) {&#13;&#10;&#9;&#9;&#9;if (previouslyVisitedRoads[i] == roadToCheck) {&#13;&#10;&#9;&#9;&#9;&#9;return true;&#13;&#10;&#9;&#9;&#9;}&#13;&#10;&#9;&#9;}&#13;&#10;&#9;&#9;return false;&#13;&#10;&#9;}&#13;&#10;&#13;&#10;&#9;// TODO sever the connection in the dependency map if a player builds a&#13;&#10;&#9;// settlement in between two of their opponents roads.&#13;&#10;&#9;public void addRoadPiece(int playerIndex, int roadIndex) {&#13;&#10;&#9;&#9;// for each player, make sure that the piece doesn't already exist.&#13;&#10;&#9;&#9;// Then, check to make sure one of its adjoining roads exists. Then link&#13;&#10;&#9;&#9;// it to any roadpiece it may be touching and vice versa&#13;&#10;&#9;&#9;&#13;&#10;&#9;&#9;if(roadIndex&lt;1 || roadIndex&gt;72)&#13;&#10;&#9;&#9;&#9;throw new IndexOutOfBoundsException(&quot;roadIndex &quot;+roadIndex+&quot; out of bounds!&quot;);&#13;&#10;&#13;&#10;&#9;&#9;boolean noOverlap = true;&#13;&#10;&#9;&#9;for (HashMap&lt;Integer, RoadPiece&gt; hash : roadPieceDependencyMaps) {&#13;&#10;&#9;&#9;&#9;if (hash.containsKey(roadIndex)) {// check if road exists&#13;&#10;&#9;&#9;&#9;&#9;// throw new Exception(&quot;Road already exists&quot;);&#13;&#10;&#9;&#9;&#9;&#9;noOverlap = false;&#13;&#10;&#9;&#9;&#9;}&#13;&#10;&#9;&#9;}&#13;&#10;&#13;&#10;&#9;&#9;if (noOverlap) {&#13;&#10;&#13;&#10;&#9;&#9;&#9;// check to see if there are adjacent roadPieces owned by the player&#13;&#10;&#9;&#9;&#9;// to see if the road can be placed&#13;&#10;&#9;&#9;&#9;// and then add them in the dependency map&#13;&#10;&#9;&#9;&#9;ArrayList&lt;Integer&gt; adjacentRoadPiecesListA = new ArrayList&lt;Integer&gt;();&#13;&#10;&#9;&#9;&#9;ArrayList&lt;Integer&gt; adjacentRoadPiecesListB = new ArrayList&lt;Integer&gt;();&#13;&#10;&#9;&#9;&#9;boolean isAdjacent = false;&#13;&#10;&#13;&#10;&#9;&#9;&#9;int[] adjacentRoadsA = roadDependencyMap.get(roadIndex)&#13;&#10;&#9;&#9;&#9;&#9;&#9;.getAdjacentRoadsA();&#13;&#10;&#9;&#9;&#9;for (int key : adjacentRoadsA) {&#13;&#10;&#9;&#9;&#9;&#9;if (roadPieceDependencyMaps.get(playerIndex).containsKey(key)) {&#13;&#10;&#9;&#9;&#9;&#9;&#9;adjacentRoadPiecesListA.add(key);&#13;&#10;&#9;&#9;&#9;&#9;&#9;isAdjacent = true;&#13;&#10;&#9;&#9;&#9;&#9;}&#13;&#10;&#9;&#9;&#9;}&#13;&#10;&#13;&#10;&#9;&#9;&#9;int[] adjacentRoadsB = roadDependencyMap.get(roadIndex)&#13;&#10;&#9;&#9;&#9;&#9;&#9;.getAdjacentRoadsB();&#13;&#10;&#9;&#9;&#9;for (int key : adjacentRoadsB) {&#13;&#10;&#9;&#9;&#9;&#9;if (roadPieceDependencyMaps.get(playerIndex).containsKey(key)) {&#13;&#10;&#9;&#9;&#9;&#9;&#9;adjacentRoadPiecesListB.add(key);&#13;&#10;&#9;&#9;&#9;&#9;&#9;isAdjacent = true;&#13;&#10;&#9;&#9;&#9;&#9;}&#13;&#10;&#9;&#9;&#9;}&#13;&#10;&#13;&#10;&#9;&#9;&#9;if (isAdjacent) {&#13;&#10;&#9;&#9;&#9;&#9;// convert the adjacentRoadPieces ArrayLists into arrays&#13;&#10;&#9;&#9;&#9;&#9;int[] adjacentRoadPiecesA = new int[adjacentRoadPiecesListA&#13;&#10;&#9;&#9;&#9;&#9;&#9;&#9;.size()];&#13;&#10;&#9;&#9;&#9;&#9;for (int i = 0; i &lt; adjacentRoadPiecesListA.size(); i++) {&#13;&#10;&#9;&#9;&#9;&#9;&#9;adjacentRoadPiecesA[i] = adjacentRoadPiecesListA.get(i);&#13;&#10;&#9;&#9;&#9;&#9;}&#13;&#10;&#13;&#10;&#9;&#9;&#9;&#9;int[] adjacentRoadPiecesB = new int[adjacentRoadPiecesListB&#13;&#10;&#9;&#9;&#9;&#9;&#9;&#9;.size()];&#13;&#10;&#9;&#9;&#9;&#9;for (int i = 0; i &lt; adjacentRoadPiecesListB.size(); i++) {&#13;&#10;&#9;&#9;&#9;&#9;&#9;adjacentRoadPiecesB[i] = adjacentRoadPiecesListB.get(i);&#13;&#10;&#9;&#9;&#9;&#9;}&#13;&#10;&#13;&#10;&#9;&#9;&#9;&#9;roadPieceDependencyMaps.get(playerIndex).put(&#13;&#10;&#9;&#9;&#9;&#9;&#9;&#9;roadIndex,&#13;&#10;&#9;&#9;&#9;&#9;&#9;&#9;new RoadPiece(roadIndex, adjacentRoadPiecesA,&#13;&#10;&#9;&#9;&#9;&#9;&#9;&#9;&#9;&#9;adjacentRoadPiecesB));&#13;&#10;&#13;&#10;&#9;&#9;&#9;&#9;// Connect the new roadPiece to existing adjacent roadPieces&#13;&#10;&#9;&#9;&#9;&#9;// For each of the new pieces adjacent roads, check whether it&#13;&#10;&#9;&#9;&#9;&#9;// should be&#13;&#10;&#9;&#9;&#9;&#9;// added to the A or B array, then add it to the appropriate&#13;&#10;&#9;&#9;&#9;&#9;// array&#13;&#10;&#9;&#9;&#9;&#9;for (int key : adjacentRoadPiecesA) {&#13;&#10;&#9;&#9;&#9;&#9;&#9;System.out.println(&quot;key: &quot; + key);&#13;&#10;&#9;&#9;&#9;&#9;&#9;int[] a = roadDependencyMap.get(key).getAdjacentRoadsA();&#13;&#10;&#9;&#9;&#9;&#9;&#9;for (int i = 0; i &lt; a.length; i++) {&#13;&#10;&#9;&#9;&#9;&#9;&#9;&#9;if (a[i] == roadIndex) {&#13;&#10;&#9;&#9;&#9;&#9;&#9;&#9;&#9;int[] adjacentA = roadPieceDependencyMaps&#13;&#10;&#9;&#9;&#9;&#9;&#9;&#9;&#9;&#9;&#9;.get(playerIndex).get(key)&#13;&#10;&#9;&#9;&#9;&#9;&#9;&#9;&#9;&#9;&#9;.getAdjacentRoadsA();&#13;&#10;&#9;&#9;&#9;&#9;&#9;&#9;&#9;int[] tempA = new int[adjacentA.length + 1];&#13;&#10;&#9;&#9;&#9;&#9;&#9;&#9;&#9;for (int j = 0; j &lt; adjacentA.length; j++) {&#13;&#10;&#9;&#9;&#9;&#9;&#9;&#9;&#9;&#9;tempA[j] = adjacentA[j];&#13;&#10;&#9;&#9;&#9;&#9;&#9;&#9;&#9;}&#13;&#10;&#9;&#9;&#9;&#9;&#9;&#9;&#9;tempA[tempA.length - 1] = roadIndex;&#13;&#10;&#9;&#9;&#9;&#9;&#9;&#9;&#9;roadPieceDependencyMaps.get(playerIndex).get(key)&#13;&#10;&#9;&#9;&#9;&#9;&#9;&#9;&#9;&#9;&#9;.setAdjacentRoadsA(tempA);&#13;&#10;&#9;&#9;&#9;&#9;&#9;&#9;}&#13;&#10;&#9;&#9;&#9;&#9;&#9;}&#13;&#10;&#9;&#9;&#9;&#9;&#9;int[] b = roadDependencyMap.get(key).getAdjacentRoadsB();&#13;&#10;&#9;&#9;&#9;&#9;&#9;for (int i = 0; i &lt; b.length; i++) {&#13;&#10;&#9;&#9;&#9;&#9;&#9;&#9;if (b[i] == roadIndex) {&#13;&#10;&#9;&#9;&#9;&#9;&#9;&#9;&#9;int[] adjacentB = roadPieceDependencyMaps&#13;&#10;&#9;&#9;&#9;&#9;&#9;&#9;&#9;&#9;&#9;.get(playerIndex).get(key)&#13;&#10;&#9;&#9;&#9;&#9;&#9;&#9;&#9;&#9;&#9;.getAdjacentRoadsB();&#13;&#10;&#9;&#9;&#9;&#9;&#9;&#9;&#9;int[] tempB = new int[adjacentB.length + 1];&#13;&#10;&#9;&#9;&#9;&#9;&#9;&#9;&#9;for (int j = 0; j &lt; adjacentB.length; j++) {&#13;&#10;&#9;&#9;&#9;&#9;&#9;&#9;&#9;&#9;tempB[j] = adjacentB[j];&#13;&#10;&#9;&#9;&#9;&#9;&#9;&#9;&#9;}&#13;&#10;&#9;&#9;&#9;&#9;&#9;&#9;&#9;tempB[tempB.length - 1] = roadIndex;&#13;&#10;&#9;&#9;&#9;&#9;&#9;&#9;&#9;roadPieceDependencyMaps.get(playerIndex).get(key)&#13;&#10;&#9;&#9;&#9;&#9;&#9;&#9;&#9;&#9;&#9;.setAdjacentRoadsB(tempB);&#13;&#10;&#9;&#9;&#9;&#9;&#9;&#9;}&#13;&#10;&#9;&#9;&#9;&#9;&#9;}&#13;&#10;&#9;&#9;&#9;&#9;}&#13;&#10;&#9;&#9;&#9;&#9;for (int key : adjacentRoadPiecesB) {&#13;&#10;&#9;&#9;&#9;&#9;&#9;System.out.println(&quot;key: &quot; + key);&#13;&#10;&#9;&#9;&#9;&#9;&#9;int[] a = roadDependencyMap.get(key).getAdjacentRoadsA();&#13;&#10;&#9;&#9;&#9;&#9;&#9;for (int i = 0; i &lt; a.length; i++) {&#13;&#10;&#9;&#9;&#9;&#9;&#9;&#9;if (a[i] == roadIndex) {&#13;&#10;&#9;&#9;&#9;&#9;&#9;&#9;&#9;int[] adjacentA = roadPieceDependencyMaps&#13;&#10;&#9;&#9;&#9;&#9;&#9;&#9;&#9;&#9;&#9;.get(playerIndex).get(key)&#13;&#10;&#9;&#9;&#9;&#9;&#9;&#9;&#9;&#9;&#9;.getAdjacentRoadsA();&#13;&#10;&#9;&#9;&#9;&#9;&#9;&#9;&#9;int[] tempA = new int[adjacentA.length + 1];&#13;&#10;&#9;&#9;&#9;&#9;&#9;&#9;&#9;for (int j = 0; j &lt; adjacentA.length; j++) {&#13;&#10;&#9;&#9;&#9;&#9;&#9;&#9;&#9;&#9;tempA[j] = adjacentA[j];&#13;&#10;&#9;&#9;&#9;&#9;&#9;&#9;&#9;}&#13;&#10;&#9;&#9;&#9;&#9;&#9;&#9;&#9;tempA[tempA.length - 1] = roadIndex;&#13;&#10;&#9;&#9;&#9;&#9;&#9;&#9;&#9;roadPieceDependencyMaps.get(playerIndex).get(key)&#13;&#10;&#9;&#9;&#9;&#9;&#9;&#9;&#9;&#9;&#9;.setAdjacentRoadsA(tempA);&#13;&#10;&#9;&#9;&#9;&#9;&#9;&#9;}&#13;&#10;&#9;&#9;&#9;&#9;&#9;}&#13;&#10;&#9;&#9;&#9;&#9;&#9;int[] b = roadDependencyMap.get(key).getAdjacentRoadsB();&#13;&#10;&#9;&#9;&#9;&#9;&#9;for (int i = 0; i &lt; b.length; i++) {&#13;&#10;&#9;&#9;&#9;&#9;&#9;&#9;if (b[i] == roadIndex) {&#13;&#10;&#9;&#9;&#9;&#9;&#9;&#9;&#9;int[] adjacentB = roadPieceDependencyMaps&#13;&#10;&#9;&#9;&#9;&#9;&#9;&#9;&#9;&#9;&#9;.get(playerIndex).get(key)&#13;&#10;&#9;&#9;&#9;&#9;&#9;&#9;&#9;&#9;&#9;.getAdjacentRoadsB();&#13;&#10;&#9;&#9;&#9;&#9;&#9;&#9;&#9;int[] tempB = new int[adjacentB.length + 1];&#13;&#10;&#9;&#9;&#9;&#9;&#9;&#9;&#9;for (int j = 0; j &lt; adjacentB.length; j++) {&#13;&#10;&#9;&#9;&#9;&#9;&#9;&#9;&#9;&#9;tempB[j] = adjacentB[j];&#13;&#10;&#9;&#9;&#9;&#9;&#9;&#9;&#9;}&#13;&#10;&#9;&#9;&#9;&#9;&#9;&#9;&#9;tempB[tempB.length - 1] = roadIndex;&#13;&#10;&#9;&#9;&#9;&#9;&#9;&#9;&#9;roadPieceDependencyMaps.get(playerIndex).get(key)&#13;&#10;&#9;&#9;&#9;&#9;&#9;&#9;&#9;&#9;&#9;.setAdjacentRoadsB(tempB);&#13;&#10;&#9;&#9;&#9;&#9;&#9;&#9;}&#13;&#10;&#9;&#9;&#9;&#9;&#9;}&#13;&#10;&#9;&#9;&#9;&#9;}&#13;&#10;&#9;&#9;&#9;}&#13;&#10;&#13;&#10;&#9;&#9;&#9;System.out.println(roadPieceDependencyMaps.get(playerIndex));&#13;&#10;&#9;&#9;}&#13;&#10;&#9;}&#13;&#10;&#13;&#10;&#9;public void addRoadPieceAtBeginning(int playerIndex, int roadIndex) {&#13;&#10;&#9;&#9;// for each player, make sure that the piece doesn't already exist.&#13;&#10;&#9;&#9;// Then, don't check to make sure one of its adjoining roads exists.&#13;&#10;&#9;&#9;// Then, link it to any road that it may be touching and vice versa.&#13;&#10;&#13;&#10;&#9;&#9;boolean noOverlap = true;&#13;&#10;&#9;&#9;for (HashMap&lt;Integer, RoadPiece&gt; hash : roadPieceDependencyMaps) {&#13;&#10;&#9;&#9;&#9;if (hash.containsKey(roadIndex)) {// check if road exists&#13;&#10;&#9;&#9;&#9;&#9;// throw new Exception(&quot;Road already exists&quot;);&#13;&#10;&#9;&#9;&#9;&#9;noOverlap = false;&#13;&#10;&#9;&#9;&#9;}&#13;&#10;&#9;&#9;}&#13;&#10;&#13;&#10;&#9;&#9;if (noOverlap) {&#13;&#10;&#13;&#10;&#9;&#9;&#9;// check to see if there are adjacent roadPieces owned by the player&#13;&#10;&#9;&#9;&#9;// and then add them in the dependency map&#13;&#10;&#9;&#9;&#9;ArrayList&lt;Integer&gt; adjacentRoadPiecesListA = new ArrayList&lt;Integer&gt;();&#13;&#10;&#9;&#9;&#9;ArrayList&lt;Integer&gt; adjacentRoadPiecesListB = new ArrayList&lt;Integer&gt;();&#13;&#10;&#13;&#10;&#9;&#9;&#9;int[] adjacentRoadsA = roadDependencyMap.get(roadIndex)&#13;&#10;&#9;&#9;&#9;&#9;&#9;.getAdjacentRoadsA();&#13;&#10;&#9;&#9;&#9;for (int key : adjacentRoadsA) {&#13;&#10;&#9;&#9;&#9;&#9;if (roadPieceDependencyMaps.get(playerIndex).containsKey(key)) {&#13;&#10;&#9;&#9;&#9;&#9;&#9;adjacentRoadPiecesListA.add(key);&#13;&#10;&#9;&#9;&#9;&#9;}&#13;&#10;&#9;&#9;&#9;}&#13;&#10;&#13;&#10;&#9;&#9;&#9;int[] adjacentRoadsB = roadDependencyMap.get(roadIndex)&#13;&#10;&#9;&#9;&#9;&#9;&#9;.getAdjacentRoadsB();&#13;&#10;&#9;&#9;&#9;for (int key : adjacentRoadsB) {&#13;&#10;&#9;&#9;&#9;&#9;if (roadPieceDependencyMaps.get(playerIndex).containsKey(key)) {&#13;&#10;&#9;&#9;&#9;&#9;&#9;adjacentRoadPiecesListB.add(key);&#13;&#10;&#9;&#9;&#9;&#9;}&#13;&#10;&#9;&#9;&#9;}&#13;&#10;&#13;&#10;&#9;&#9;&#9;// convert the adjacentRoadPieces ArrayLists into arrays&#13;&#10;&#9;&#9;&#9;int[] adjacentRoadPiecesA = new int[adjacentRoadPiecesListA.size()];&#13;&#10;&#9;&#9;&#9;for (int i = 0; i &lt; adjacentRoadPiecesListA.size(); i++) {&#13;&#10;&#9;&#9;&#9;&#9;adjacentRoadPiecesA[i] = adjacentRoadPiecesListA.get(i);&#13;&#10;&#9;&#9;&#9;}&#13;&#10;&#13;&#10;&#9;&#9;&#9;int[] adjacentRoadPiecesB = new int[adjacentRoadPiecesListB.size()];&#13;&#10;&#9;&#9;&#9;for (int i = 0; i &lt; adjacentRoadPiecesListB.size(); i++) {&#13;&#10;&#9;&#9;&#9;&#9;adjacentRoadPiecesB[i] = adjacentRoadPiecesListB.get(i);&#13;&#10;&#9;&#9;&#9;}&#13;&#10;&#13;&#10;&#9;&#9;&#9;roadPieceDependencyMaps.get(playerIndex).put(&#13;&#10;&#9;&#9;&#9;&#9;&#9;roadIndex,&#13;&#10;&#9;&#9;&#9;&#9;&#9;new RoadPiece(roadIndex, adjacentRoadPiecesA,&#13;&#10;&#9;&#9;&#9;&#9;&#9;&#9;&#9;adjacentRoadPiecesB));&#13;&#10;&#13;&#10;&#9;&#9;&#9;// Connect the new roadPiece to existing adjacent roadPieces&#13;&#10;&#9;&#9;&#9;// For each of the new pieces adjacent roads, check whether it&#13;&#10;&#9;&#9;&#9;// should be&#13;&#10;&#9;&#9;&#9;// added to the A or B array, then add it to the appropriate array&#13;&#10;&#9;&#9;&#9;for (int key : adjacentRoadPiecesA) {&#13;&#10;&#9;&#9;&#9;&#9;System.out.println(&quot;key: &quot; + key);&#13;&#10;&#9;&#9;&#9;&#9;int[] a = roadDependencyMap.get(key).getAdjacentRoadsA();&#13;&#10;&#9;&#9;&#9;&#9;for (int i = 0; i &lt; a.length; i++) {&#13;&#10;&#9;&#9;&#9;&#9;&#9;if (a[i] == roadIndex) {&#13;&#10;&#9;&#9;&#9;&#9;&#9;&#9;int[] adjacentA = roadPieceDependencyMaps&#13;&#10;&#9;&#9;&#9;&#9;&#9;&#9;&#9;&#9;.get(playerIndex).get(key).getAdjacentRoadsA();&#13;&#10;&#9;&#9;&#9;&#9;&#9;&#9;int[] tempA = new int[adjacentA.length + 1];&#13;&#10;&#9;&#9;&#9;&#9;&#9;&#9;for (int j = 0; j &lt; adjacentA.length; j++) {&#13;&#10;&#9;&#9;&#9;&#9;&#9;&#9;&#9;tempA[j] = adjacentA[j];&#13;&#10;&#9;&#9;&#9;&#9;&#9;&#9;}&#13;&#10;&#9;&#9;&#9;&#9;&#9;&#9;tempA[tempA.length - 1] = roadIndex;&#13;&#10;&#9;&#9;&#9;&#9;&#9;&#9;roadPieceDependencyMaps.get(playerIndex).get(key)&#13;&#10;&#9;&#9;&#9;&#9;&#9;&#9;&#9;&#9;.setAdjacentRoadsA(tempA);&#13;&#10;&#9;&#9;&#9;&#9;&#9;}&#13;&#10;&#9;&#9;&#9;&#9;}&#13;&#10;&#9;&#9;&#9;&#9;int[] b = roadDependencyMap.get(key).getAdjacentRoadsB();&#13;&#10;&#9;&#9;&#9;&#9;for (int i = 0; i &lt; b.length; i++) {&#13;&#10;&#9;&#9;&#9;&#9;&#9;if (b[i] == roadIndex) {&#13;&#10;&#9;&#9;&#9;&#9;&#9;&#9;int[] adjacentB = roadPieceDependencyMaps&#13;&#10;&#9;&#9;&#9;&#9;&#9;&#9;&#9;&#9;.get(playerIndex).get(key).getAdjacentRoadsB();&#13;&#10;&#9;&#9;&#9;&#9;&#9;&#9;int[] tempB = new int[adjacentB.length + 1];&#13;&#10;&#9;&#9;&#9;&#9;&#9;&#9;for (int j = 0; j &lt; adjacentB.length; j++) {&#13;&#10;&#9;&#9;&#9;&#9;&#9;&#9;&#9;tempB[j] = adjacentB[j];&#13;&#10;&#9;&#9;&#9;&#9;&#9;&#9;}&#13;&#10;&#9;&#9;&#9;&#9;&#9;&#9;tempB[tempB.length - 1] = roadIndex;&#13;&#10;&#9;&#9;&#9;&#9;&#9;&#9;roadPieceDependencyMaps.get(playerIndex).get(key)&#13;&#10;&#9;&#9;&#9;&#9;&#9;&#9;&#9;&#9;.setAdjacentRoadsB(tempB);&#13;&#10;&#9;&#9;&#9;&#9;&#9;}&#13;&#10;&#9;&#9;&#9;&#9;}&#13;&#10;&#9;&#9;&#9;}&#13;&#10;&#9;&#9;&#9;for (int key : adjacentRoadPiecesB) {&#13;&#10;&#9;&#9;&#9;&#9;System.out.println(&quot;key: &quot; + key);&#13;&#10;&#9;&#9;&#9;&#9;int[] a = roadDependencyMap.get(key).getAdjacentRoadsA();&#13;&#10;&#9;&#9;&#9;&#9;for (int i = 0; i &lt; a.length; i++) {&#13;&#10;&#9;&#9;&#9;&#9;&#9;if (a[i] == roadIndex) {&#13;&#10;&#9;&#9;&#9;&#9;&#9;&#9;int[] adjacentA = roadPieceDependencyMaps&#13;&#10;&#9;&#9;&#9;&#9;&#9;&#9;&#9;&#9;.get(playerIndex).get(key).getAdjacentRoadsA();&#13;&#10;&#9;&#9;&#9;&#9;&#9;&#9;int[] tempA = new int[adjacentA.length + 1];&#13;&#10;&#9;&#9;&#9;&#9;&#9;&#9;for (int j = 0; j &lt; adjacentA.length; j++) {&#13;&#10;&#9;&#9;&#9;&#9;&#9;&#9;&#9;tempA[j] = adjacentA[j];&#13;&#10;&#9;&#9;&#9;&#9;&#9;&#9;}&#13;&#10;&#9;&#9;&#9;&#9;&#9;&#9;tempA[tempA.length - 1] = roadIndex;&#13;&#10;&#9;&#9;&#9;&#9;&#9;&#9;roadPieceDependencyMaps.get(playerIndex).get(key)&#13;&#10;&#9;&#9;&#9;&#9;&#9;&#9;&#9;&#9;.setAdjacentRoadsA(tempA);&#13;&#10;&#9;&#9;&#9;&#9;&#9;}&#13;&#10;&#9;&#9;&#9;&#9;}&#13;&#10;&#9;&#9;&#9;&#9;int[] b = roadDependencyMap.get(key).getAdjacentRoadsB();&#13;&#10;&#9;&#9;&#9;&#9;for (int i = 0; i &lt; b.length; i++) {&#13;&#10;&#9;&#9;&#9;&#9;&#9;if (b[i] == roadIndex) {&#13;&#10;&#9;&#9;&#9;&#9;&#9;&#9;int[] adjacentB = roadPieceDependencyMaps&#13;&#10;&#9;&#9;&#9;&#9;&#9;&#9;&#9;&#9;.get(playerIndex).get(key).getAdjacentRoadsB();&#13;&#10;&#9;&#9;&#9;&#9;&#9;&#9;int[] tempB = new int[adjacentB.length + 1];&#13;&#10;&#9;&#9;&#9;&#9;&#9;&#9;for (int j = 0; j &lt; adjacentB.length; j++) {&#13;&#10;&#9;&#9;&#9;&#9;&#9;&#9;&#9;tempB[j] = adjacentB[j];&#13;&#10;&#9;&#9;&#9;&#9;&#9;&#9;}&#13;&#10;&#9;&#9;&#9;&#9;&#9;&#9;tempB[tempB.length - 1] = roadIndex;&#13;&#10;&#9;&#9;&#9;&#9;&#9;&#9;roadPieceDependencyMaps.get(playerIndex).get(key)&#13;&#10;&#9;&#9;&#9;&#9;&#9;&#9;&#9;&#9;.setAdjacentRoadsB(tempB);&#13;&#10;&#9;&#9;&#9;&#9;&#9;}&#13;&#10;&#9;&#9;&#9;&#9;}&#13;&#10;&#9;&#9;&#9;}&#13;&#10;&#13;&#10;&#9;&#9;&#9;System.out.println(roadPieceDependencyMaps.get(playerIndex));&#13;&#10;&#9;&#9;}&#13;&#10;&#13;&#10;&#9;}&#13;&#10;&#13;&#10;&#9;public int getRoadCountForPlayer(int playerIndex) {&#13;&#10;&#9;&#9;return roadPieceDependencyMaps.get(playerIndex).size();&#13;&#10;&#9;}&#13;&#10;&#13;&#10;&#9;private void initializeRoadGraph() {&#13;&#10;&#9;&#9;roadDependencyMap = new HashMap&lt;Integer, Road&gt;();&#13;&#10;&#13;&#10;&#9;&#9;roadDependencyMap.put(1, new Road(1, new int[] { 2 }, new int[] { 3 }));&#13;&#10;&#9;&#9;roadDependencyMap.put(2, new Road(2, new int[] { 1 },&#13;&#10;&#9;&#9;&#9;&#9;new int[] { 4, 7 }));&#13;&#10;&#9;&#9;roadDependencyMap.put(3, new Road(3, new int[] { 1 },&#13;&#10;&#9;&#9;&#9;&#9;new int[] { 8, 5 }));&#13;&#10;&#9;&#9;roadDependencyMap.put(4, new Road(4, new int[] { 6 },&#13;&#10;&#9;&#9;&#9;&#9;new int[] { 2, 7 }));&#13;&#10;&#9;&#9;roadDependencyMap.put(5, new Road(5, new int[] { 9 },&#13;&#10;&#9;&#9;&#9;&#9;new int[] { 3, 8 }));&#13;&#10;&#9;&#9;roadDependencyMap.put(6, new Road(6, new int[] { 4 }, new int[] { 10,&#13;&#10;&#9;&#9;&#9;&#9;14 }));&#13;&#10;&#9;&#9;roadDependencyMap.put(7, new Road(7, new int[] { 2, 4 }, new int[] {&#13;&#10;&#9;&#9;&#9;&#9;11, 15 }));&#13;&#10;&#9;&#9;roadDependencyMap.put(8, new Road(8, new int[] { 3, 5 }, new int[] {&#13;&#10;&#9;&#9;&#9;&#9;11, 16 }));&#13;&#10;&#9;&#9;roadDependencyMap.put(9, new Road(9, new int[] { 5 }, new int[] { 17,&#13;&#10;&#9;&#9;&#9;&#9;12 }));&#13;&#10;&#9;&#9;roadDependencyMap.put(10, new Road(10, new int[] { 6, 14 },&#13;&#10;&#9;&#9;&#9;&#9;new int[] { 13 }));&#13;&#10;&#9;&#9;roadDependencyMap.put(11, new Road(11, new int[] { 7, 15 }, new int[] {&#13;&#10;&#9;&#9;&#9;&#9;8, 16 }));&#13;&#10;&#9;&#9;roadDependencyMap.put(12, new Road(12, new int[] { 9, 17 },&#13;&#10;&#9;&#9;&#9;&#9;new int[] { 18 }));&#13;&#10;&#9;&#9;roadDependencyMap.put(13, new Road(13, new int[] { 10 },&#13;&#10;&#9;&#9;&#9;&#9;new int[] { 21 }));&#13;&#10;&#9;&#9;roadDependencyMap.put(14, new Road(14, new int[] { 10, 6 }, new int[] {&#13;&#10;&#9;&#9;&#9;&#9;22, 19 }));&#13;&#10;&#9;&#9;roadDependencyMap.put(15, new Road(15, new int[] { 19, 23 }, new int[] {&#13;&#10;&#9;&#9;&#9;&#9;7, 11 }));&#13;&#10;&#9;&#9;roadDependencyMap.put(16, new Road(16, new int[] { 11, 8 }, new int[] {&#13;&#10;&#9;&#9;&#9;&#9;24, 20 }));&#13;&#10;&#9;&#9;roadDependencyMap.put(17, new Road(17, new int[] { 20, 25 }, new int[] {&#13;&#10;&#9;&#9;&#9;&#9;9, 12 }));&#13;&#10;&#9;&#9;roadDependencyMap.put(18, new Road(18, new int[] { 12 },&#13;&#10;&#9;&#9;&#9;&#9;new int[] { 26 }));&#13;&#10;&#9;&#9;roadDependencyMap.put(19, new Road(19, new int[] { 14, 22 }, new int[] {&#13;&#10;&#9;&#9;&#9;&#9;15, 23 }));&#13;&#10;&#9;&#9;roadDependencyMap.put(20, new Road(20, new int[] { 16, 24 }, new int[] {&#13;&#10;&#9;&#9;&#9;&#9;17, 25 }));&#13;&#10;&#9;&#9;roadDependencyMap.put(21, new Road(21, new int[] { 30, 27 },&#13;&#10;&#9;&#9;&#9;&#9;new int[] { 13 }));&#13;&#10;&#9;&#9;roadDependencyMap.put(22, new Road(22, new int[] { 27, 31 }, new int[] {&#13;&#10;&#9;&#9;&#9;&#9;14, 19 }));&#13;&#10;&#9;&#9;roadDependencyMap.put(23, new Road(23, new int[] { 19, 15 }, new int[] {&#13;&#10;&#9;&#9;&#9;&#9;32, 28 }));&#13;&#10;&#9;&#9;roadDependencyMap.put(24, new Road(24, new int[] { 28, 33 }, new int[] {&#13;&#10;&#9;&#9;&#9;&#9;16, 20 }));&#13;&#10;&#9;&#9;roadDependencyMap.put(25, new Road(25, new int[] { 20, 17 }, new int[] {&#13;&#10;&#9;&#9;&#9;&#9;34, 29 }));&#13;&#10;&#9;&#9;roadDependencyMap.put(26, new Road(26, new int[] { 18 }, new int[] {&#13;&#10;&#9;&#9;&#9;&#9;29, 35 }));&#13;&#10;&#9;&#9;roadDependencyMap.put(27, new Road(27, new int[] { 21, 30 }, new int[] {&#13;&#10;&#9;&#9;&#9;&#9;22, 31 }));&#13;&#10;&#9;&#9;roadDependencyMap.put(28, new Road(28, new int[] { 23, 32 }, new int[] {&#13;&#10;&#9;&#9;&#9;&#9;24, 33 }));&#13;&#10;&#9;&#9;roadDependencyMap.put(29, new Road(29, new int[] { 25, 34 }, new int[] {&#13;&#10;&#9;&#9;&#9;&#9;26, 35 }));&#13;&#10;&#9;&#9;roadDependencyMap.put(30, new Road(30, new int[] { 21, 27 },&#13;&#10;&#9;&#9;&#9;&#9;new int[] { 38 }));&#13;&#10;&#9;&#9;roadDependencyMap.put(31, new Road(31, new int[] { 27, 22 }, new int[] {&#13;&#10;&#9;&#9;&#9;&#9;39, 36 }));&#13;&#10;&#9;&#9;roadDependencyMap.put(32, new Road(32, new int[] { 23, 28 }, new int[] {&#13;&#10;&#9;&#9;&#9;&#9;36, 40 }));&#13;&#10;&#9;&#9;roadDependencyMap.put(33, new Road(33, new int[] { 28, 24 }, new int[] {&#13;&#10;&#9;&#9;&#9;&#9;41, 37 }));&#13;&#10;&#9;&#9;roadDependencyMap.put(34, new Road(34, new int[] { 25, 29 }, new int[] {&#13;&#10;&#9;&#9;&#9;&#9;37, 42 }));&#13;&#10;&#9;&#9;roadDependencyMap.put(35, new Road(35, new int[] { 29, 26 },&#13;&#10;&#9;&#9;&#9;&#9;new int[] { 43 }));&#13;&#10;&#9;&#9;roadDependencyMap.put(36, new Road(36, new int[] { 31, 39 }, new int[] {&#13;&#10;&#9;&#9;&#9;&#9;32, 40 }));&#13;&#10;&#9;&#9;roadDependencyMap.put(37, new Road(37, new int[] { 33, 41 }, new int[] {&#13;&#10;&#9;&#9;&#9;&#9;34, 42 }));&#13;&#10;&#9;&#9;roadDependencyMap.put(38, new Road(38, new int[] { 30 }, new int[] {&#13;&#10;&#9;&#9;&#9;&#9;47, 44 }));&#13;&#10;&#9;&#9;roadDependencyMap.put(39, new Road(39, new int[] { 44, 48 }, new int[] {&#13;&#10;&#9;&#9;&#9;&#9;31, 36 }));&#13;&#10;&#9;&#9;roadDependencyMap.put(40, new Road(40, new int[] { 36, 32 }, new int[] {&#13;&#10;&#9;&#9;&#9;&#9;49, 45 }));&#13;&#10;&#9;&#9;roadDependencyMap.put(41, new Road(41, new int[] { 45, 50 }, new int[] {&#13;&#10;&#9;&#9;&#9;&#9;33, 37 }));&#13;&#10;&#9;&#9;roadDependencyMap.put(42, new Road(42, new int[] { 37, 34 }, new int[] {&#13;&#10;&#9;&#9;&#9;&#9;51, 46 }));&#13;&#10;&#9;&#9;roadDependencyMap.put(43, new Road(43, new int[] { 35 }, new int[] {&#13;&#10;&#9;&#9;&#9;&#9;46, 52 }));&#13;&#10;&#9;&#9;roadDependencyMap.put(44, new Road(44, new int[] { 38, 47 }, new int[] {&#13;&#10;&#9;&#9;&#9;&#9;39, 48 }));&#13;&#10;&#9;&#9;roadDependencyMap.put(45, new Road(45, new int[] { 40, 49 }, new int[] {&#13;&#10;&#9;&#9;&#9;&#9;41, 50 }));&#13;&#10;&#9;&#9;roadDependencyMap.put(46, new Road(46, new int[] { 42, 51 }, new int[] {&#13;&#10;&#9;&#9;&#9;&#9;43, 52 }));&#13;&#10;&#9;&#9;roadDependencyMap.put(47, new Road(47, new int[] { 38, 44 },&#13;&#10;&#9;&#9;&#9;&#9;new int[] { 55 }));&#13;&#10;&#9;&#9;roadDependencyMap.put(48, new Road(48, new int[] { 56, 53 }, new int[] {&#13;&#10;&#9;&#9;&#9;&#9;44, 39 }));&#13;&#10;&#9;&#9;roadDependencyMap.put(49, new Road(49, new int[] { 53, 57 }, new int[] {&#13;&#10;&#9;&#9;&#9;&#9;40, 45 }));&#13;&#10;&#9;&#9;roadDependencyMap.put(50, new Road(50, new int[] { 45, 41 }, new int[] {&#13;&#10;&#9;&#9;&#9;&#9;58, 54 }));&#13;&#10;&#9;&#9;roadDependencyMap.put(51, new Road(51, new int[] { 54, 59 }, new int[] {&#13;&#10;&#9;&#9;&#9;&#9;42, 46 }));&#13;&#10;&#9;&#9;roadDependencyMap.put(52, new Road(52, new int[] { 46, 43 },&#13;&#10;&#9;&#9;&#9;&#9;new int[] { 60 }));&#13;&#10;&#9;&#9;roadDependencyMap.put(53, new Road(53, new int[] { 48, 56 }, new int[] {&#13;&#10;&#9;&#9;&#9;&#9;49, 57 }));&#13;&#10;&#9;&#9;roadDependencyMap.put(54, new Road(54, new int[] { 50, 58 }, new int[] {&#13;&#10;&#9;&#9;&#9;&#9;51, 59 }));&#13;&#10;&#9;&#9;roadDependencyMap.put(55, new Road(55, new int[] { 47 },&#13;&#10;&#9;&#9;&#9;&#9;new int[] { 61 }));&#13;&#10;&#9;&#9;roadDependencyMap.put(56, new Road(56, new int[] { 61, 64 }, new int[] {&#13;&#10;&#9;&#9;&#9;&#9;48, 53 }));&#13;&#10;&#9;&#9;roadDependencyMap.put(57, new Road(57, new int[] { 53, 49 }, new int[] {&#13;&#10;&#9;&#9;&#9;&#9;65, 62 }));&#13;&#10;&#9;&#9;roadDependencyMap.put(58, new Road(58, new int[] { 62, 66 }, new int[] {&#13;&#10;&#9;&#9;&#9;&#9;50, 54 }));&#13;&#10;&#9;&#9;roadDependencyMap.put(59, new Road(59, new int[] { 54, 51 }, new int[] {&#13;&#10;&#9;&#9;&#9;&#9;67, 63 }));&#13;&#10;&#9;&#9;roadDependencyMap.put(60, new Road(60, new int[] { 52 },&#13;&#10;&#9;&#9;&#9;&#9;new int[] { 63 }));&#13;&#10;&#9;&#9;roadDependencyMap.put(61, new Road(61, new int[] { 55 }, new int[] {&#13;&#10;&#9;&#9;&#9;&#9;56, 64 }));&#13;&#10;&#9;&#9;roadDependencyMap.put(62, new Road(62, new int[] { 57, 65 }, new int[] {&#13;&#10;&#9;&#9;&#9;&#9;58, 66 }));&#13;&#10;&#9;&#9;roadDependencyMap.put(63, new Road(63, new int[] { 59, 67 },&#13;&#10;&#9;&#9;&#9;&#9;new int[] { 60 }));&#13;&#10;&#9;&#9;roadDependencyMap.put(64, new Road(64, new int[] { 61, 56 },&#13;&#10;&#9;&#9;&#9;&#9;new int[] { 68 }));&#13;&#10;&#9;&#9;roadDependencyMap.put(65, new Road(65, new int[] { 68, 70 }, new int[] {&#13;&#10;&#9;&#9;&#9;&#9;57, 62 }));&#13;&#10;&#9;&#9;roadDependencyMap.put(66, new Road(66, new int[] { 62, 58 }, new int[] {&#13;&#10;&#9;&#9;&#9;&#9;71, 69 }));&#13;&#10;&#9;&#9;roadDependencyMap.put(67, new Road(67, new int[] { 59, 63 },&#13;&#10;&#9;&#9;&#9;&#9;new int[] { 69 }));&#13;&#10;&#9;&#9;roadDependencyMap.put(68, new Road(68, new int[] { 64 }, new int[] {&#13;&#10;&#9;&#9;&#9;&#9;65, 70 }));&#13;&#10;&#9;&#9;roadDependencyMap.put(69, new Road(69, new int[] { 67 }, new int[] {&#13;&#10;&#9;&#9;&#9;&#9;66, 71 }));&#13;&#10;&#9;&#9;roadDependencyMap.put(70, new Road(70, new int[] { 68, 65 },&#13;&#10;&#9;&#9;&#9;&#9;new int[] { 72 }));&#13;&#10;&#9;&#9;roadDependencyMap.put(71, new Road(71, new int[] { 66, 69 },&#13;&#10;&#9;&#9;&#9;&#9;new int[] { 72 }));&#13;&#10;&#9;&#9;roadDependencyMap.put(72, new Road(72, new int[] { 70 },&#13;&#10;&#9;&#9;&#9;&#9;new int[] { 71 }));&#13;&#10;&#9;}&#13;&#10;&#13;&#10;}&#13;&#10;" Filename="RoadManager.java" Intrnl_Id="11"/>
<SrcFile Content="package client.Controller;&#13;&#10;&#13;&#10;import java.awt.Dimension;&#13;&#10;import java.awt.FlowLayout;&#13;&#10;import javax.swing.JFrame;&#13;&#10;import client.GUI.BoardRenderer;&#13;&#10;import client.GUI.UserPanel;&#13;&#10;&#13;&#10;/**&#13;&#10; * creates the frame, the board, and the user panel.&#13;&#10; * &#13;&#10; * @author Andrew Davidson. Created May 7, 2010.&#13;&#10; */&#13;&#10;&#13;&#10;public class Main {&#13;&#10;&#13;&#10;&#9;private static final Dimension SIZE = new Dimension(1200, 900);&#13;&#10;&#13;&#10;&#9;/**&#13;&#10;&#9; * Starts the program.&#13;&#10;&#9; * &#13;&#10;&#9; * @param args&#13;&#10;&#9; *            Command-line arguments, ignored here&#13;&#10;&#9; */&#13;&#10;&#9;public static void main(String[] args) {&#13;&#10;&#9;&#9;JFrame frame = new JFrame();&#13;&#10;&#9;&#9;frame.setSize(SIZE);&#13;&#10;&#9;&#9;frame.setTitle(&quot;Settlers of Catan&quot;);&#13;&#10;&#9;&#9;frame.setLayout(new FlowLayout());&#13;&#10;&#9;&#9;Game game = new Game();&#13;&#10;&#9;&#9;UserPanel myPanel = new UserPanel(game);&#13;&#10;&#9;&#9;frame.add(myPanel, FlowLayout.LEFT);&#13;&#10;&#9;&#9;BoardRenderer myBoard = new BoardRenderer(game);&#13;&#10;&#9;&#9;frame.add(myBoard, FlowLayout.CENTER);&#13;&#10;&#9;&#9;frame.setDefaultCloseOperation(JFrame.EXIT_ON_CLOSE);&#13;&#10;&#9;&#9;frame.setVisible(true);&#13;&#10;&#9;}&#13;&#10;}" Filename="Main.java" Intrnl_Id="12"/>
<SrcFile Content="package client.Controller;&#13;&#10;&#13;&#10;import client.GUI.HexComponent;&#13;&#10;import client.GUI.HexComponent.RoadPosition;&#13;&#10;&#13;&#10;public class LocationKey {&#13;&#10;&#13;&#10;&#9;private int hexIndex;&#13;&#10;&#9;private RoadPosition pos;&#13;&#10;&#13;&#10;&#9;public LocationKey(int hexIndex, HexComponent.RoadPosition pos) {&#13;&#10;&#9;&#9;this.hexIndex = hexIndex;&#13;&#10;&#9;&#9;this.pos = pos;&#13;&#10;&#9;}&#13;&#10;&#13;&#10;&#9;public int getHexIndex() {&#13;&#10;&#9;&#9;return this.hexIndex;&#13;&#10;&#9;}&#13;&#10;&#13;&#10;&#9;@Override&#13;&#10;&#9;public boolean equals(Object o) {&#13;&#10;&#9;&#9;if (o.getClass() != this.getClass()) {&#13;&#10;&#9;&#9;&#9;return false;&#13;&#10;&#9;&#9;}&#13;&#10;&#9;&#9;if (((LocationKey) o).getHexIndex() != this.hexIndex) {&#13;&#10;&#9;&#9;&#9;return false;&#13;&#10;&#9;&#9;}&#13;&#10;&#9;&#9;if (((LocationKey) o).getRoadPosition() != this.pos) {&#13;&#10;&#9;&#9;&#9;return false;&#13;&#10;&#9;&#9;}&#13;&#10;&#9;&#9;return true;&#13;&#10;&#9;}&#13;&#10;&#13;&#10;&#9;private RoadPosition getRoadPosition() {&#13;&#10;&#9;&#9;return this.pos;&#13;&#10;&#9;}&#13;&#10;&#13;&#10;&#9;@Override&#13;&#10;&#9;public int hashCode() {&#13;&#10;&#9;&#9;return this.hexIndex * 40 + this.pos.hashCode();&#13;&#10;&#9;}&#13;&#10;}&#13;&#10;" Filename="LocationKey.java" Intrnl_Id="13"/>
<SrcFile Content="package client.Controller;&#13;&#10;&#13;&#10;import java.util.HashMap;&#13;&#10;import client.GUI.HexComponent;&#13;&#10;&#13;&#10;public class HexManager {&#13;&#10;&#13;&#10;&#9;public HashMap&lt;LocationKey, Integer&gt; roadMap;&#13;&#10;&#9;public HashMap&lt;StructureLocationKey, Integer&gt; structureMap;&#13;&#10;&#13;&#10;&#9;public HexManager() {&#13;&#10;&#13;&#10;&#9;&#9;initializeRoadMap();&#13;&#10;&#9;&#9;initializeStructureMap();&#13;&#10;&#13;&#10;&#9;}&#13;&#10;&#13;&#10;&#9;public int getRoadId(int hexIndex, HexComponent.RoadPosition pos) {&#13;&#10;&#9;&#9;return this.roadMap.get(new LocationKey(hexIndex, pos));&#13;&#10;&#9;}&#13;&#10;&#13;&#10;&#9;public int getStructureId(int hexIndex, HexComponent.StructurePosition pos) {&#13;&#10;&#9;&#9;return -1;&#13;&#10;&#9;}&#13;&#10;&#13;&#10;&#9;private void initializeRoadMap() {&#13;&#10;&#9;&#9;this.roadMap = new HashMap&lt;LocationKey, Integer&gt;();&#13;&#10;&#13;&#10;&#9;&#9;this.roadMap.put(&#13;&#10;&#9;&#9;&#9;&#9;new LocationKey(0, HexComponent.RoadPosition.northwest), 65);&#13;&#10;&#9;&#9;this.roadMap.put(new LocationKey(0, HexComponent.RoadPosition.north),&#13;&#10;&#9;&#9;&#9;&#9;62);&#13;&#10;&#9;&#9;this.roadMap.put(&#13;&#10;&#9;&#9;&#9;&#9;new LocationKey(0, HexComponent.RoadPosition.northeast), 66);&#13;&#10;&#9;&#9;this.roadMap.put(&#13;&#10;&#9;&#9;&#9;&#9;new LocationKey(0, HexComponent.RoadPosition.southeast), 71);&#13;&#10;&#9;&#9;this.roadMap.put(new LocationKey(0, HexComponent.RoadPosition.south),&#13;&#10;&#9;&#9;&#9;&#9;72);&#13;&#10;&#9;&#9;this.roadMap.put(&#13;&#10;&#9;&#9;&#9;&#9;new LocationKey(0, HexComponent.RoadPosition.southwest), 70);&#13;&#10;&#13;&#10;&#9;&#9;this.roadMap.put(&#13;&#10;&#9;&#9;&#9;&#9;new LocationKey(1, HexComponent.RoadPosition.northwest), 58);&#13;&#10;&#9;&#9;this.roadMap.put(new LocationKey(1, HexComponent.RoadPosition.north),&#13;&#10;&#9;&#9;&#9;&#9;54);&#13;&#10;&#9;&#9;this.roadMap.put(&#13;&#10;&#9;&#9;&#9;&#9;new LocationKey(1, HexComponent.RoadPosition.northeast), 59);&#13;&#10;&#9;&#9;this.roadMap.put(&#13;&#10;&#9;&#9;&#9;&#9;new LocationKey(1, HexComponent.RoadPosition.southeast), 67);&#13;&#10;&#9;&#9;this.roadMap.put(new LocationKey(1, HexComponent.RoadPosition.south),&#13;&#10;&#9;&#9;&#9;&#9;69);&#13;&#10;&#9;&#9;this.roadMap.put(&#13;&#10;&#9;&#9;&#9;&#9;new LocationKey(1, HexComponent.RoadPosition.southwest), 66);&#13;&#10;&#13;&#10;&#9;&#9;this.roadMap.put(&#13;&#10;&#9;&#9;&#9;&#9;new LocationKey(2, HexComponent.RoadPosition.northwest), 51);&#13;&#10;&#9;&#9;this.roadMap.put(new LocationKey(2, HexComponent.RoadPosition.north),&#13;&#10;&#9;&#9;&#9;&#9;46);&#13;&#10;&#9;&#9;this.roadMap.put(&#13;&#10;&#9;&#9;&#9;&#9;new LocationKey(2, HexComponent.RoadPosition.northeast), 52);&#13;&#10;&#9;&#9;this.roadMap.put(&#13;&#10;&#9;&#9;&#9;&#9;new LocationKey(2, HexComponent.RoadPosition.southeast), 60);&#13;&#10;&#9;&#9;this.roadMap.put(new LocationKey(2, HexComponent.RoadPosition.south),&#13;&#10;&#9;&#9;&#9;&#9;63);&#13;&#10;&#9;&#9;this.roadMap.put(&#13;&#10;&#9;&#9;&#9;&#9;new LocationKey(2, HexComponent.RoadPosition.southwest), 59);&#13;&#10;&#13;&#10;&#9;&#9;this.roadMap.put(&#13;&#10;&#9;&#9;&#9;&#9;new LocationKey(3, HexComponent.RoadPosition.northwest), 34);&#13;&#10;&#9;&#9;this.roadMap.put(new LocationKey(3, HexComponent.RoadPosition.north),&#13;&#10;&#9;&#9;&#9;&#9;29);&#13;&#10;&#9;&#9;this.roadMap.put(&#13;&#10;&#9;&#9;&#9;&#9;new LocationKey(3, HexComponent.RoadPosition.northeast), 35);&#13;&#10;&#9;&#9;this.roadMap.put(&#13;&#10;&#9;&#9;&#9;&#9;new LocationKey(3, HexComponent.RoadPosition.southeast), 43);&#13;&#10;&#9;&#9;this.roadMap.put(new LocationKey(3, HexComponent.RoadPosition.south),&#13;&#10;&#9;&#9;&#9;&#9;46);&#13;&#10;&#9;&#9;this.roadMap.put(&#13;&#10;&#9;&#9;&#9;&#9;new LocationKey(3, HexComponent.RoadPosition.southwest), 42);&#13;&#10;&#13;&#10;&#9;&#9;this.roadMap.put(&#13;&#10;&#9;&#9;&#9;&#9;new LocationKey(4, HexComponent.RoadPosition.northwest), 17);&#13;&#10;&#9;&#9;this.roadMap.put(new LocationKey(4, HexComponent.RoadPosition.north),&#13;&#10;&#9;&#9;&#9;&#9;12);&#13;&#10;&#9;&#9;this.roadMap.put(&#13;&#10;&#9;&#9;&#9;&#9;new LocationKey(4, HexComponent.RoadPosition.northeast), 18);&#13;&#10;&#9;&#9;this.roadMap.put(&#13;&#10;&#9;&#9;&#9;&#9;new LocationKey(4, HexComponent.RoadPosition.southeast), 26);&#13;&#10;&#9;&#9;this.roadMap.put(new LocationKey(4, HexComponent.RoadPosition.south),&#13;&#10;&#9;&#9;&#9;&#9;29);&#13;&#10;&#9;&#9;this.roadMap.put(&#13;&#10;&#9;&#9;&#9;&#9;new LocationKey(4, HexComponent.RoadPosition.southwest), 25);&#13;&#10;&#13;&#10;&#9;&#9;this.roadMap.put(&#13;&#10;&#9;&#9;&#9;&#9;new LocationKey(5, HexComponent.RoadPosition.northwest), 8);&#13;&#10;&#9;&#9;this.roadMap&#13;&#10;&#9;&#9;&#9;&#9;.put(new LocationKey(5, HexComponent.RoadPosition.north), 5);&#13;&#10;&#9;&#9;this.roadMap.put(&#13;&#10;&#9;&#9;&#9;&#9;new LocationKey(5, HexComponent.RoadPosition.northeast), 9);&#13;&#10;&#9;&#9;this.roadMap.put(&#13;&#10;&#9;&#9;&#9;&#9;new LocationKey(5, HexComponent.RoadPosition.southeast), 17);&#13;&#10;&#9;&#9;this.roadMap.put(new LocationKey(5, HexComponent.RoadPosition.south),&#13;&#10;&#9;&#9;&#9;&#9;20);&#13;&#10;&#9;&#9;this.roadMap.put(&#13;&#10;&#9;&#9;&#9;&#9;new LocationKey(5, HexComponent.RoadPosition.southwest), 16);&#13;&#10;&#13;&#10;&#9;&#9;this.roadMap.put(&#13;&#10;&#9;&#9;&#9;&#9;new LocationKey(6, HexComponent.RoadPosition.northwest), 2);&#13;&#10;&#9;&#9;this.roadMap&#13;&#10;&#9;&#9;&#9;&#9;.put(new LocationKey(6, HexComponent.RoadPosition.north), 1);&#13;&#10;&#9;&#9;this.roadMap.put(&#13;&#10;&#9;&#9;&#9;&#9;new LocationKey(6, HexComponent.RoadPosition.northeast), 3);&#13;&#10;&#9;&#9;this.roadMap.put(&#13;&#10;&#9;&#9;&#9;&#9;new LocationKey(6, HexComponent.RoadPosition.southeast), 8);&#13;&#10;&#9;&#9;this.roadMap.put(new LocationKey(6, HexComponent.RoadPosition.south),&#13;&#10;&#9;&#9;&#9;&#9;11);&#13;&#10;&#9;&#9;this.roadMap.put(&#13;&#10;&#9;&#9;&#9;&#9;new LocationKey(6, HexComponent.RoadPosition.southwest), 7);&#13;&#10;&#13;&#10;&#9;&#9;this.roadMap.put(&#13;&#10;&#9;&#9;&#9;&#9;new LocationKey(7, HexComponent.RoadPosition.northwest), 6);&#13;&#10;&#9;&#9;this.roadMap&#13;&#10;&#9;&#9;&#9;&#9;.put(new LocationKey(7, HexComponent.RoadPosition.north), 4);&#13;&#10;&#9;&#9;this.roadMap.put(&#13;&#10;&#9;&#9;&#9;&#9;new LocationKey(7, HexComponent.RoadPosition.northeast), 7);&#13;&#10;&#9;&#9;this.roadMap.put(&#13;&#10;&#9;&#9;&#9;&#9;new LocationKey(7, HexComponent.RoadPosition.southeast), 15);&#13;&#10;&#9;&#9;this.roadMap.put(new LocationKey(7, HexComponent.RoadPosition.south),&#13;&#10;&#9;&#9;&#9;&#9;19);&#13;&#10;&#9;&#9;this.roadMap.put(&#13;&#10;&#9;&#9;&#9;&#9;new LocationKey(7, HexComponent.RoadPosition.southwest), 14);&#13;&#10;&#13;&#10;&#9;&#9;this.roadMap.put(&#13;&#10;&#9;&#9;&#9;&#9;new LocationKey(8, HexComponent.RoadPosition.northwest), 13);&#13;&#10;&#9;&#9;this.roadMap.put(new LocationKey(8, HexComponent.RoadPosition.north),&#13;&#10;&#9;&#9;&#9;&#9;10);&#13;&#10;&#9;&#9;this.roadMap.put(&#13;&#10;&#9;&#9;&#9;&#9;new LocationKey(8, HexComponent.RoadPosition.northeast), 14);&#13;&#10;&#9;&#9;this.roadMap.put(&#13;&#10;&#9;&#9;&#9;&#9;new LocationKey(8, HexComponent.RoadPosition.southeast), 22);&#13;&#10;&#9;&#9;this.roadMap.put(new LocationKey(8, HexComponent.RoadPosition.south),&#13;&#10;&#9;&#9;&#9;&#9;27);&#13;&#10;&#9;&#9;this.roadMap.put(&#13;&#10;&#9;&#9;&#9;&#9;new LocationKey(8, HexComponent.RoadPosition.southwest), 21);&#13;&#10;&#13;&#10;&#9;&#9;this.roadMap.put(&#13;&#10;&#9;&#9;&#9;&#9;new LocationKey(9, HexComponent.RoadPosition.northwest), 30);&#13;&#10;&#9;&#9;this.roadMap.put(new LocationKey(9, HexComponent.RoadPosition.north),&#13;&#10;&#9;&#9;&#9;&#9;27);&#13;&#10;&#9;&#9;this.roadMap.put(&#13;&#10;&#9;&#9;&#9;&#9;new LocationKey(9, HexComponent.RoadPosition.northeast), 31);&#13;&#10;&#9;&#9;this.roadMap.put(&#13;&#10;&#9;&#9;&#9;&#9;new LocationKey(9, HexComponent.RoadPosition.southeast), 39);&#13;&#10;&#9;&#9;this.roadMap.put(new LocationKey(9, HexComponent.RoadPosition.south),&#13;&#10;&#9;&#9;&#9;&#9;44);&#13;&#10;&#9;&#9;this.roadMap.put(&#13;&#10;&#9;&#9;&#9;&#9;new LocationKey(9, HexComponent.RoadPosition.southwest), 38);&#13;&#10;&#13;&#10;&#9;&#9;this.roadMap.put(new LocationKey(10,&#13;&#10;&#9;&#9;&#9;&#9;HexComponent.RoadPosition.northwest), 47);&#13;&#10;&#9;&#9;this.roadMap.put(new LocationKey(10, HexComponent.RoadPosition.north),&#13;&#10;&#9;&#9;&#9;&#9;44);&#13;&#10;&#9;&#9;this.roadMap.put(new LocationKey(10,&#13;&#10;&#9;&#9;&#9;&#9;HexComponent.RoadPosition.northeast), 48);&#13;&#10;&#9;&#9;this.roadMap.put(new LocationKey(10,&#13;&#10;&#9;&#9;&#9;&#9;HexComponent.RoadPosition.southeast), 56);&#13;&#10;&#9;&#9;this.roadMap.put(new LocationKey(10, HexComponent.RoadPosition.south),&#13;&#10;&#9;&#9;&#9;&#9;61);&#13;&#10;&#9;&#9;this.roadMap.put(new LocationKey(10,&#13;&#10;&#9;&#9;&#9;&#9;HexComponent.RoadPosition.southwest), 55);&#13;&#10;&#13;&#10;&#9;&#9;this.roadMap.put(new LocationKey(11,&#13;&#10;&#9;&#9;&#9;&#9;HexComponent.RoadPosition.northwest), 56);&#13;&#10;&#9;&#9;this.roadMap.put(new LocationKey(11, HexComponent.RoadPosition.north),&#13;&#10;&#9;&#9;&#9;&#9;53);&#13;&#10;&#9;&#9;this.roadMap.put(new LocationKey(11,&#13;&#10;&#9;&#9;&#9;&#9;HexComponent.RoadPosition.northeast), 57);&#13;&#10;&#9;&#9;this.roadMap.put(new LocationKey(11,&#13;&#10;&#9;&#9;&#9;&#9;HexComponent.RoadPosition.southeast), 65);&#13;&#10;&#9;&#9;this.roadMap.put(new LocationKey(11, HexComponent.RoadPosition.south),&#13;&#10;&#9;&#9;&#9;&#9;68);&#13;&#10;&#9;&#9;this.roadMap.put(new LocationKey(11,&#13;&#10;&#9;&#9;&#9;&#9;HexComponent.RoadPosition.southwest), 64);&#13;&#10;&#13;&#10;&#9;&#9;this.roadMap.put(new LocationKey(12,&#13;&#10;&#9;&#9;&#9;&#9;HexComponent.RoadPosition.northwest), 49);&#13;&#10;&#9;&#9;this.roadMap.put(new LocationKey(12, HexComponent.RoadPosition.north),&#13;&#10;&#9;&#9;&#9;&#9;45);&#13;&#10;&#9;&#9;this.roadMap.put(new LocationKey(12,&#13;&#10;&#9;&#9;&#9;&#9;HexComponent.RoadPosition.northeast), 50);&#13;&#10;&#9;&#9;this.roadMap.put(new LocationKey(12,&#13;&#10;&#9;&#9;&#9;&#9;HexComponent.RoadPosition.southeast), 58);&#13;&#10;&#9;&#9;this.roadMap.put(new LocationKey(12, HexComponent.RoadPosition.south),&#13;&#10;&#9;&#9;&#9;&#9;62);&#13;&#10;&#9;&#9;this.roadMap.put(new LocationKey(12,&#13;&#10;&#9;&#9;&#9;&#9;HexComponent.RoadPosition.southwest), 57);&#13;&#10;&#13;&#10;&#9;&#9;this.roadMap.put(new LocationKey(13,&#13;&#10;&#9;&#9;&#9;&#9;HexComponent.RoadPosition.northwest), 41);&#13;&#10;&#9;&#9;this.roadMap.put(new LocationKey(13, HexComponent.RoadPosition.north),&#13;&#10;&#9;&#9;&#9;&#9;37);&#13;&#10;&#9;&#9;this.roadMap.put(new LocationKey(13,&#13;&#10;&#9;&#9;&#9;&#9;HexComponent.RoadPosition.northeast), 42);&#13;&#10;&#9;&#9;this.roadMap.put(new LocationKey(13,&#13;&#10;&#9;&#9;&#9;&#9;HexComponent.RoadPosition.southeast), 51);&#13;&#10;&#9;&#9;this.roadMap.put(new LocationKey(13, HexComponent.RoadPosition.south),&#13;&#10;&#9;&#9;&#9;&#9;54);&#13;&#10;&#9;&#9;this.roadMap.put(new LocationKey(13,&#13;&#10;&#9;&#9;&#9;&#9;HexComponent.RoadPosition.southwest), 50);&#13;&#10;&#13;&#10;&#9;&#9;this.roadMap.put(new LocationKey(14,&#13;&#10;&#9;&#9;&#9;&#9;HexComponent.RoadPosition.northwest), 24);&#13;&#10;&#9;&#9;this.roadMap.put(new LocationKey(14, HexComponent.RoadPosition.north),&#13;&#10;&#9;&#9;&#9;&#9;20);&#13;&#10;&#9;&#9;this.roadMap.put(new LocationKey(14,&#13;&#10;&#9;&#9;&#9;&#9;HexComponent.RoadPosition.northeast), 25);&#13;&#10;&#9;&#9;this.roadMap.put(new LocationKey(14,&#13;&#10;&#9;&#9;&#9;&#9;HexComponent.RoadPosition.southeast), 34);&#13;&#10;&#9;&#9;this.roadMap.put(new LocationKey(14, HexComponent.RoadPosition.south),&#13;&#10;&#9;&#9;&#9;&#9;37);&#13;&#10;&#9;&#9;this.roadMap.put(new LocationKey(14,&#13;&#10;&#9;&#9;&#9;&#9;HexComponent.RoadPosition.southwest), 33);&#13;&#10;&#13;&#10;&#9;&#9;this.roadMap.put(new LocationKey(15,&#13;&#10;&#9;&#9;&#9;&#9;HexComponent.RoadPosition.northwest), 15);&#13;&#10;&#9;&#9;this.roadMap.put(new LocationKey(15, HexComponent.RoadPosition.north),&#13;&#10;&#9;&#9;&#9;&#9;11);&#13;&#10;&#9;&#9;this.roadMap.put(new LocationKey(15,&#13;&#10;&#9;&#9;&#9;&#9;HexComponent.RoadPosition.northeast), 16);&#13;&#10;&#9;&#9;this.roadMap.put(new LocationKey(15,&#13;&#10;&#9;&#9;&#9;&#9;HexComponent.RoadPosition.southeast), 24);&#13;&#10;&#9;&#9;this.roadMap.put(new LocationKey(15, HexComponent.RoadPosition.south),&#13;&#10;&#9;&#9;&#9;&#9;28);&#13;&#10;&#9;&#9;this.roadMap.put(new LocationKey(15,&#13;&#10;&#9;&#9;&#9;&#9;HexComponent.RoadPosition.southwest), 23);&#13;&#10;&#13;&#10;&#9;&#9;this.roadMap.put(new LocationKey(16,&#13;&#10;&#9;&#9;&#9;&#9;HexComponent.RoadPosition.northwest), 22);&#13;&#10;&#9;&#9;this.roadMap.put(new LocationKey(16, HexComponent.RoadPosition.north),&#13;&#10;&#9;&#9;&#9;&#9;19);&#13;&#10;&#9;&#9;this.roadMap.put(new LocationKey(16,&#13;&#10;&#9;&#9;&#9;&#9;HexComponent.RoadPosition.northeast), 23);&#13;&#10;&#9;&#9;this.roadMap.put(new LocationKey(16,&#13;&#10;&#9;&#9;&#9;&#9;HexComponent.RoadPosition.southeast), 32);&#13;&#10;&#9;&#9;this.roadMap.put(new LocationKey(16, HexComponent.RoadPosition.south),&#13;&#10;&#9;&#9;&#9;&#9;36);&#13;&#10;&#9;&#9;this.roadMap.put(new LocationKey(16,&#13;&#10;&#9;&#9;&#9;&#9;HexComponent.RoadPosition.southwest), 31);&#13;&#10;&#13;&#10;&#9;&#9;this.roadMap.put(new LocationKey(17,&#13;&#10;&#9;&#9;&#9;&#9;HexComponent.RoadPosition.northwest), 39);&#13;&#10;&#9;&#9;this.roadMap.put(new LocationKey(17, HexComponent.RoadPosition.north),&#13;&#10;&#9;&#9;&#9;&#9;36);&#13;&#10;&#9;&#9;this.roadMap.put(new LocationKey(17,&#13;&#10;&#9;&#9;&#9;&#9;HexComponent.RoadPosition.northeast), 40);&#13;&#10;&#9;&#9;this.roadMap.put(new LocationKey(17,&#13;&#10;&#9;&#9;&#9;&#9;HexComponent.RoadPosition.southeast), 49);&#13;&#10;&#9;&#9;this.roadMap.put(new LocationKey(17, HexComponent.RoadPosition.south),&#13;&#10;&#9;&#9;&#9;&#9;53);&#13;&#10;&#9;&#9;this.roadMap.put(new LocationKey(17,&#13;&#10;&#9;&#9;&#9;&#9;HexComponent.RoadPosition.southwest), 48);&#13;&#10;&#13;&#10;&#9;&#9;this.roadMap.put(new LocationKey(18,&#13;&#10;&#9;&#9;&#9;&#9;HexComponent.RoadPosition.northwest), 32);&#13;&#10;&#9;&#9;this.roadMap.put(new LocationKey(18, HexComponent.RoadPosition.north),&#13;&#10;&#9;&#9;&#9;&#9;28);&#13;&#10;&#9;&#9;this.roadMap.put(new LocationKey(18,&#13;&#10;&#9;&#9;&#9;&#9;HexComponent.RoadPosition.northeast), 33);&#13;&#10;&#9;&#9;this.roadMap.put(new LocationKey(18,&#13;&#10;&#9;&#9;&#9;&#9;HexComponent.RoadPosition.southeast), 41);&#13;&#10;&#9;&#9;this.roadMap.put(new LocationKey(18, HexComponent.RoadPosition.south),&#13;&#10;&#9;&#9;&#9;&#9;45);&#13;&#10;&#9;&#9;this.roadMap.put(new LocationKey(18,&#13;&#10;&#9;&#9;&#9;&#9;HexComponent.RoadPosition.southwest), 40);&#13;&#10;&#13;&#10;&#9;}&#13;&#10;&#13;&#10;&#9;private void initializeStructureMap() {&#13;&#10;&#13;&#10;&#9;&#9;this.structureMap = new HashMap&lt;StructureLocationKey, Integer&gt;();&#13;&#10;&#13;&#10;&#9;&#9;this.structureMap.put(new StructureLocationKey(0,&#13;&#10;&#9;&#9;&#9;&#9;HexComponent.StructurePosition.west), 50);&#13;&#10;&#9;&#9;this.structureMap.put(new StructureLocationKey(0,&#13;&#10;&#9;&#9;&#9;&#9;HexComponent.StructurePosition.northwest), 45);&#13;&#10;&#9;&#9;this.structureMap.put(new StructureLocationKey(0,&#13;&#10;&#9;&#9;&#9;&#9;HexComponent.StructurePosition.northeast), 46);&#13;&#10;&#9;&#9;this.structureMap.put(new StructureLocationKey(0,&#13;&#10;&#9;&#9;&#9;&#9;HexComponent.StructurePosition.east), 51);&#13;&#10;&#9;&#9;this.structureMap.put(new StructureLocationKey(0,&#13;&#10;&#9;&#9;&#9;&#9;HexComponent.StructurePosition.southeast), 54);&#13;&#10;&#9;&#9;this.structureMap.put(new StructureLocationKey(0,&#13;&#10;&#9;&#9;&#9;&#9;HexComponent.StructurePosition.southwest), 53);&#13;&#10;&#13;&#10;&#9;&#9;this.structureMap.put(new StructureLocationKey(1,&#13;&#10;&#9;&#9;&#9;&#9;HexComponent.StructurePosition.west), 46);&#13;&#10;&#9;&#9;this.structureMap.put(new StructureLocationKey(1,&#13;&#10;&#9;&#9;&#9;&#9;HexComponent.StructurePosition.northwest), 40);&#13;&#10;&#9;&#9;this.structureMap.put(new StructureLocationKey(1,&#13;&#10;&#9;&#9;&#9;&#9;HexComponent.StructurePosition.northeast), 41);&#13;&#10;&#9;&#9;this.structureMap.put(new StructureLocationKey(1,&#13;&#10;&#9;&#9;&#9;&#9;HexComponent.StructurePosition.east), 47);&#13;&#10;&#9;&#9;this.structureMap.put(new StructureLocationKey(1,&#13;&#10;&#9;&#9;&#9;&#9;HexComponent.StructurePosition.southeast), 52);&#13;&#10;&#9;&#9;this.structureMap.put(new StructureLocationKey(1,&#13;&#10;&#9;&#9;&#9;&#9;HexComponent.StructurePosition.southwest), 51);&#13;&#10;&#13;&#10;&#9;&#9;this.structureMap.put(new StructureLocationKey(2,&#13;&#10;&#9;&#9;&#9;&#9;HexComponent.StructurePosition.west), 41);&#13;&#10;&#9;&#9;this.structureMap.put(new StructureLocationKey(2,&#13;&#10;&#9;&#9;&#9;&#9;HexComponent.StructurePosition.northwest), 35);&#13;&#10;&#9;&#9;this.structureMap.put(new StructureLocationKey(2,&#13;&#10;&#9;&#9;&#9;&#9;HexComponent.StructurePosition.northeast), 36);&#13;&#10;&#9;&#9;this.structureMap.put(new StructureLocationKey(2,&#13;&#10;&#9;&#9;&#9;&#9;HexComponent.StructurePosition.east), 42);&#13;&#10;&#9;&#9;this.structureMap.put(new StructureLocationKey(2,&#13;&#10;&#9;&#9;&#9;&#9;HexComponent.StructurePosition.southeast), 48);&#13;&#10;&#9;&#9;this.structureMap.put(new StructureLocationKey(2,&#13;&#10;&#9;&#9;&#9;&#9;HexComponent.StructurePosition.southwest), 47);&#13;&#10;&#13;&#10;&#9;&#9;this.structureMap.put(new StructureLocationKey(3,&#13;&#10;&#9;&#9;&#9;&#9;HexComponent.StructurePosition.west), 29);&#13;&#10;&#9;&#9;this.structureMap.put(new StructureLocationKey(3,&#13;&#10;&#9;&#9;&#9;&#9;HexComponent.StructurePosition.northwest), 23);&#13;&#10;&#9;&#9;this.structureMap.put(new StructureLocationKey(3,&#13;&#10;&#9;&#9;&#9;&#9;HexComponent.StructurePosition.northeast), 24);&#13;&#10;&#9;&#9;this.structureMap.put(new StructureLocationKey(3,&#13;&#10;&#9;&#9;&#9;&#9;HexComponent.StructurePosition.east), 30);&#13;&#10;&#9;&#9;this.structureMap.put(new StructureLocationKey(3,&#13;&#10;&#9;&#9;&#9;&#9;HexComponent.StructurePosition.southeast), 36);&#13;&#10;&#9;&#9;this.structureMap.put(new StructureLocationKey(3,&#13;&#10;&#9;&#9;&#9;&#9;HexComponent.StructurePosition.southwest), 35);&#13;&#10;&#13;&#10;&#9;&#9;this.structureMap.put(new StructureLocationKey(4,&#13;&#10;&#9;&#9;&#9;&#9;HexComponent.StructurePosition.west), 17);&#13;&#10;&#9;&#9;this.structureMap.put(new StructureLocationKey(4,&#13;&#10;&#9;&#9;&#9;&#9;HexComponent.StructurePosition.northwest), 11);&#13;&#10;&#9;&#9;this.structureMap.put(new StructureLocationKey(4,&#13;&#10;&#9;&#9;&#9;&#9;HexComponent.StructurePosition.northeast), 12);&#13;&#10;&#9;&#9;this.structureMap.put(new StructureLocationKey(4,&#13;&#10;&#9;&#9;&#9;&#9;HexComponent.StructurePosition.east), 18);&#13;&#10;&#9;&#9;this.structureMap.put(new StructureLocationKey(4,&#13;&#10;&#9;&#9;&#9;&#9;HexComponent.StructurePosition.southeast), 24);&#13;&#10;&#9;&#9;this.structureMap.put(new StructureLocationKey(4,&#13;&#10;&#9;&#9;&#9;&#9;HexComponent.StructurePosition.southwest), 23);&#13;&#10;&#13;&#10;&#9;&#9;this.structureMap.put(new StructureLocationKey(5,&#13;&#10;&#9;&#9;&#9;&#9;HexComponent.StructurePosition.west), 10);&#13;&#10;&#9;&#9;this.structureMap.put(new StructureLocationKey(5,&#13;&#10;&#9;&#9;&#9;&#9;HexComponent.StructurePosition.northwest), 5);&#13;&#10;&#9;&#9;this.structureMap.put(new StructureLocationKey(5,&#13;&#10;&#9;&#9;&#9;&#9;HexComponent.StructurePosition.northeast), 6);&#13;&#10;&#9;&#9;this.structureMap.put(new StructureLocationKey(5,&#13;&#10;&#9;&#9;&#9;&#9;HexComponent.StructurePosition.east), 11);&#13;&#10;&#9;&#9;this.structureMap.put(new StructureLocationKey(5,&#13;&#10;&#9;&#9;&#9;&#9;HexComponent.StructurePosition.southeast), 17);&#13;&#10;&#9;&#9;this.structureMap.put(new StructureLocationKey(5,&#13;&#10;&#9;&#9;&#9;&#9;HexComponent.StructurePosition.southwest), 16);&#13;&#10;&#13;&#10;&#9;&#9;this.structureMap.put(new StructureLocationKey(6,&#13;&#10;&#9;&#9;&#9;&#9;HexComponent.StructurePosition.west), 4);&#13;&#10;&#9;&#9;this.structureMap.put(new StructureLocationKey(6,&#13;&#10;&#9;&#9;&#9;&#9;HexComponent.StructurePosition.northwest), 1);&#13;&#10;&#9;&#9;this.structureMap.put(new StructureLocationKey(6,&#13;&#10;&#9;&#9;&#9;&#9;HexComponent.StructurePosition.northeast), 2);&#13;&#10;&#9;&#9;this.structureMap.put(new StructureLocationKey(6,&#13;&#10;&#9;&#9;&#9;&#9;HexComponent.StructurePosition.east), 5);&#13;&#10;&#9;&#9;this.structureMap.put(new StructureLocationKey(6,&#13;&#10;&#9;&#9;&#9;&#9;HexComponent.StructurePosition.southeast), 10);&#13;&#10;&#9;&#9;this.structureMap.put(new StructureLocationKey(6,&#13;&#10;&#9;&#9;&#9;&#9;HexComponent.StructurePosition.southwest), 9);&#13;&#10;&#13;&#10;&#9;&#9;this.structureMap.put(new StructureLocationKey(7,&#13;&#10;&#9;&#9;&#9;&#9;HexComponent.StructurePosition.west), 8);&#13;&#10;&#9;&#9;this.structureMap.put(new StructureLocationKey(7,&#13;&#10;&#9;&#9;&#9;&#9;HexComponent.StructurePosition.northwest), 3);&#13;&#10;&#9;&#9;this.structureMap.put(new StructureLocationKey(7,&#13;&#10;&#9;&#9;&#9;&#9;HexComponent.StructurePosition.northeast), 4);&#13;&#10;&#9;&#9;this.structureMap.put(new StructureLocationKey(7,&#13;&#10;&#9;&#9;&#9;&#9;HexComponent.StructurePosition.east), 9);&#13;&#10;&#9;&#9;this.structureMap.put(new StructureLocationKey(7,&#13;&#10;&#9;&#9;&#9;&#9;HexComponent.StructurePosition.southeast), 15);&#13;&#10;&#9;&#9;this.structureMap.put(new StructureLocationKey(7,&#13;&#10;&#9;&#9;&#9;&#9;HexComponent.StructurePosition.southwest), 14);&#13;&#10;&#13;&#10;&#9;&#9;this.structureMap.put(new StructureLocationKey(8,&#13;&#10;&#9;&#9;&#9;&#9;HexComponent.StructurePosition.west), 13);&#13;&#10;&#9;&#9;this.structureMap.put(new StructureLocationKey(8,&#13;&#10;&#9;&#9;&#9;&#9;HexComponent.StructurePosition.northwest), 7);&#13;&#10;&#9;&#9;this.structureMap.put(new StructureLocationKey(8,&#13;&#10;&#9;&#9;&#9;&#9;HexComponent.StructurePosition.northeast), 8);&#13;&#10;&#9;&#9;this.structureMap.put(new StructureLocationKey(8,&#13;&#10;&#9;&#9;&#9;&#9;HexComponent.StructurePosition.east), 14);&#13;&#10;&#9;&#9;this.structureMap.put(new StructureLocationKey(8,&#13;&#10;&#9;&#9;&#9;&#9;HexComponent.StructurePosition.southeast), 20);&#13;&#10;&#9;&#9;this.structureMap.put(new StructureLocationKey(8,&#13;&#10;&#9;&#9;&#9;&#9;HexComponent.StructurePosition.southwest), 19);&#13;&#10;&#13;&#10;&#9;&#9;this.structureMap.put(new StructureLocationKey(9,&#13;&#10;&#9;&#9;&#9;&#9;HexComponent.StructurePosition.west), 25);&#13;&#10;&#9;&#9;this.structureMap.put(new StructureLocationKey(9,&#13;&#10;&#9;&#9;&#9;&#9;HexComponent.StructurePosition.northwest), 19);&#13;&#10;&#9;&#9;this.structureMap.put(new StructureLocationKey(9,&#13;&#10;&#9;&#9;&#9;&#9;HexComponent.StructurePosition.northeast), 20);&#13;&#10;&#9;&#9;this.structureMap.put(new StructureLocationKey(9,&#13;&#10;&#9;&#9;&#9;&#9;HexComponent.StructurePosition.east), 26);&#13;&#10;&#9;&#9;this.structureMap.put(new StructureLocationKey(9,&#13;&#10;&#9;&#9;&#9;&#9;HexComponent.StructurePosition.southeast), 32);&#13;&#10;&#9;&#9;this.structureMap.put(new StructureLocationKey(9,&#13;&#10;&#9;&#9;&#9;&#9;HexComponent.StructurePosition.southwest), 31);&#13;&#10;&#13;&#10;&#9;&#9;this.structureMap.put(new StructureLocationKey(10,&#13;&#10;&#9;&#9;&#9;&#9;HexComponent.StructurePosition.west), 37);&#13;&#10;&#9;&#9;this.structureMap.put(new StructureLocationKey(10,&#13;&#10;&#9;&#9;&#9;&#9;HexComponent.StructurePosition.northwest), 31);&#13;&#10;&#9;&#9;this.structureMap.put(new StructureLocationKey(10,&#13;&#10;&#9;&#9;&#9;&#9;HexComponent.StructurePosition.northeast), 32);&#13;&#10;&#9;&#9;this.structureMap.put(new StructureLocationKey(10,&#13;&#10;&#9;&#9;&#9;&#9;HexComponent.StructurePosition.east), 38);&#13;&#10;&#9;&#9;this.structureMap.put(new StructureLocationKey(10,&#13;&#10;&#9;&#9;&#9;&#9;HexComponent.StructurePosition.southeast), 44);&#13;&#10;&#9;&#9;this.structureMap.put(new StructureLocationKey(10,&#13;&#10;&#9;&#9;&#9;&#9;HexComponent.StructurePosition.southwest), 43);&#13;&#10;&#13;&#10;&#9;&#9;this.structureMap.put(new StructureLocationKey(11,&#13;&#10;&#9;&#9;&#9;&#9;HexComponent.StructurePosition.west), 44);&#13;&#10;&#9;&#9;this.structureMap.put(new StructureLocationKey(11,&#13;&#10;&#9;&#9;&#9;&#9;HexComponent.StructurePosition.northwest), 38);&#13;&#10;&#9;&#9;this.structureMap.put(new StructureLocationKey(11,&#13;&#10;&#9;&#9;&#9;&#9;HexComponent.StructurePosition.northeast), 39);&#13;&#10;&#9;&#9;this.structureMap.put(new StructureLocationKey(11,&#13;&#10;&#9;&#9;&#9;&#9;HexComponent.StructurePosition.east), 45);&#13;&#10;&#9;&#9;this.structureMap.put(new StructureLocationKey(11,&#13;&#10;&#9;&#9;&#9;&#9;HexComponent.StructurePosition.southeast), 50);&#13;&#10;&#9;&#9;this.structureMap.put(new StructureLocationKey(11,&#13;&#10;&#9;&#9;&#9;&#9;HexComponent.StructurePosition.southwest), 49);&#13;&#10;&#13;&#10;&#9;&#9;this.structureMap.put(new StructureLocationKey(12,&#13;&#10;&#9;&#9;&#9;&#9;HexComponent.StructurePosition.west), 39);&#13;&#10;&#9;&#9;this.structureMap.put(new StructureLocationKey(12,&#13;&#10;&#9;&#9;&#9;&#9;HexComponent.StructurePosition.northwest), 33);&#13;&#10;&#9;&#9;this.structureMap.put(new StructureLocationKey(12,&#13;&#10;&#9;&#9;&#9;&#9;HexComponent.StructurePosition.northeast), 34);&#13;&#10;&#9;&#9;this.structureMap.put(new StructureLocationKey(12,&#13;&#10;&#9;&#9;&#9;&#9;HexComponent.StructurePosition.east), 40);&#13;&#10;&#9;&#9;this.structureMap.put(new StructureLocationKey(12,&#13;&#10;&#9;&#9;&#9;&#9;HexComponent.StructurePosition.southeast), 46);&#13;&#10;&#9;&#9;this.structureMap.put(new StructureLocationKey(12,&#13;&#10;&#9;&#9;&#9;&#9;HexComponent.StructurePosition.southwest), 45);&#13;&#10;&#13;&#10;&#9;&#9;this.structureMap.put(new StructureLocationKey(13,&#13;&#10;&#9;&#9;&#9;&#9;HexComponent.StructurePosition.west), 34);&#13;&#10;&#9;&#9;this.structureMap.put(new StructureLocationKey(13,&#13;&#10;&#9;&#9;&#9;&#9;HexComponent.StructurePosition.northwest), 28);&#13;&#10;&#9;&#9;this.structureMap.put(new StructureLocationKey(13,&#13;&#10;&#9;&#9;&#9;&#9;HexComponent.StructurePosition.northeast), 29);&#13;&#10;&#9;&#9;this.structureMap.put(new StructureLocationKey(13,&#13;&#10;&#9;&#9;&#9;&#9;HexComponent.StructurePosition.east), 35);&#13;&#10;&#9;&#9;this.structureMap.put(new StructureLocationKey(13,&#13;&#10;&#9;&#9;&#9;&#9;HexComponent.StructurePosition.southeast), 41);&#13;&#10;&#9;&#9;this.structureMap.put(new StructureLocationKey(13,&#13;&#10;&#9;&#9;&#9;&#9;HexComponent.StructurePosition.southwest), 40);&#13;&#10;&#13;&#10;&#9;&#9;this.structureMap.put(new StructureLocationKey(14,&#13;&#10;&#9;&#9;&#9;&#9;HexComponent.StructurePosition.west), 22);&#13;&#10;&#9;&#9;this.structureMap.put(new StructureLocationKey(14,&#13;&#10;&#9;&#9;&#9;&#9;HexComponent.StructurePosition.northwest), 16);&#13;&#10;&#9;&#9;this.structureMap.put(new StructureLocationKey(14,&#13;&#10;&#9;&#9;&#9;&#9;HexComponent.StructurePosition.northeast), 17);&#13;&#10;&#9;&#9;this.structureMap.put(new StructureLocationKey(14,&#13;&#10;&#9;&#9;&#9;&#9;HexComponent.StructurePosition.east), 23);&#13;&#10;&#9;&#9;this.structureMap.put(new StructureLocationKey(14,&#13;&#10;&#9;&#9;&#9;&#9;HexComponent.StructurePosition.southeast), 29);&#13;&#10;&#9;&#9;this.structureMap.put(new StructureLocationKey(14,&#13;&#10;&#9;&#9;&#9;&#9;HexComponent.StructurePosition.southwest), 28);&#13;&#10;&#13;&#10;&#9;&#9;this.structureMap.put(new StructureLocationKey(15,&#13;&#10;&#9;&#9;&#9;&#9;HexComponent.StructurePosition.west), 15);&#13;&#10;&#9;&#9;this.structureMap.put(new StructureLocationKey(15,&#13;&#10;&#9;&#9;&#9;&#9;HexComponent.StructurePosition.northwest), 9);&#13;&#10;&#9;&#9;this.structureMap.put(new StructureLocationKey(15,&#13;&#10;&#9;&#9;&#9;&#9;HexComponent.StructurePosition.northeast), 10);&#13;&#10;&#9;&#9;this.structureMap.put(new StructureLocationKey(15,&#13;&#10;&#9;&#9;&#9;&#9;HexComponent.StructurePosition.east), 16);&#13;&#10;&#9;&#9;this.structureMap.put(new StructureLocationKey(15,&#13;&#10;&#9;&#9;&#9;&#9;HexComponent.StructurePosition.southeast), 22);&#13;&#10;&#9;&#9;this.structureMap.put(new StructureLocationKey(15,&#13;&#10;&#9;&#9;&#9;&#9;HexComponent.StructurePosition.southwest), 21);&#13;&#10;&#13;&#10;&#9;&#9;this.structureMap.put(new StructureLocationKey(16,&#13;&#10;&#9;&#9;&#9;&#9;HexComponent.StructurePosition.west), 20);&#13;&#10;&#9;&#9;this.structureMap.put(new StructureLocationKey(16,&#13;&#10;&#9;&#9;&#9;&#9;HexComponent.StructurePosition.northwest), 14);&#13;&#10;&#9;&#9;this.structureMap.put(new StructureLocationKey(16,&#13;&#10;&#9;&#9;&#9;&#9;HexComponent.StructurePosition.northeast), 15);&#13;&#10;&#9;&#9;this.structureMap.put(new StructureLocationKey(16,&#13;&#10;&#9;&#9;&#9;&#9;HexComponent.StructurePosition.east), 21);&#13;&#10;&#9;&#9;this.structureMap.put(new StructureLocationKey(16,&#13;&#10;&#9;&#9;&#9;&#9;HexComponent.StructurePosition.southeast), 27);&#13;&#10;&#9;&#9;this.structureMap.put(new StructureLocationKey(16,&#13;&#10;&#9;&#9;&#9;&#9;HexComponent.StructurePosition.southwest), 26);&#13;&#10;&#13;&#10;&#9;&#9;this.structureMap.put(new StructureLocationKey(17,&#13;&#10;&#9;&#9;&#9;&#9;HexComponent.StructurePosition.west), 32);&#13;&#10;&#9;&#9;this.structureMap.put(new StructureLocationKey(17,&#13;&#10;&#9;&#9;&#9;&#9;HexComponent.StructurePosition.northwest), 26);&#13;&#10;&#9;&#9;this.structureMap.put(new StructureLocationKey(17,&#13;&#10;&#9;&#9;&#9;&#9;HexComponent.StructurePosition.northeast), 27);&#13;&#10;&#9;&#9;this.structureMap.put(new StructureLocationKey(17,&#13;&#10;&#9;&#9;&#9;&#9;HexComponent.StructurePosition.east), 33);&#13;&#10;&#9;&#9;this.structureMap.put(new StructureLocationKey(17,&#13;&#10;&#9;&#9;&#9;&#9;HexComponent.StructurePosition.southeast), 39);&#13;&#10;&#9;&#9;this.structureMap.put(new StructureLocationKey(17,&#13;&#10;&#9;&#9;&#9;&#9;HexComponent.StructurePosition.southwest), 38);&#13;&#10;&#13;&#10;&#9;&#9;this.structureMap.put(new StructureLocationKey(18,&#13;&#10;&#9;&#9;&#9;&#9;HexComponent.StructurePosition.west), 27);&#13;&#10;&#9;&#9;this.structureMap.put(new StructureLocationKey(18,&#13;&#10;&#9;&#9;&#9;&#9;HexComponent.StructurePosition.northwest), 21);&#13;&#10;&#9;&#9;this.structureMap.put(new StructureLocationKey(18,&#13;&#10;&#9;&#9;&#9;&#9;HexComponent.StructurePosition.northeast), 22);&#13;&#10;&#9;&#9;this.structureMap.put(new StructureLocationKey(18,&#13;&#10;&#9;&#9;&#9;&#9;HexComponent.StructurePosition.east), 28);&#13;&#10;&#9;&#9;this.structureMap.put(new StructureLocationKey(18,&#13;&#10;&#9;&#9;&#9;&#9;HexComponent.StructurePosition.southeast), 34);&#13;&#10;&#9;&#9;this.structureMap.put(new StructureLocationKey(18,&#13;&#10;&#9;&#9;&#9;&#9;HexComponent.StructurePosition.southwest), 33);&#13;&#10;&#13;&#10;&#9;}&#13;&#10;&#13;&#10;}&#13;&#10;" Filename="HexManager.java" Intrnl_Id="14"/>
<SrcFile Content="package client.Controller;&#13;&#10;&#13;&#10;import java.awt.Color;&#13;&#10;import java.util.ArrayList;&#13;&#10;import java.util.Random;&#13;&#10;import javax.swing.JOptionPane;&#13;&#10;import client.GUI.BoardRenderer;&#13;&#10;import client.GUI.HexComponent;&#13;&#10;import client.GUI.UserPanel;&#13;&#10;import client.Model.Player;&#13;&#10;&#13;&#10;public class Game {&#13;&#10;&#13;&#10;&#9;public static final Color desertColor = new Color(255, 255, 170);&#13;&#10;&#9;public static final Color wheatColor = new Color(255, 255, 0);&#13;&#10;&#9;public static final Color sheepColor = new Color(0, 255, 0);&#13;&#10;&#9;public static final Color woodColor = new Color(0, 100, 0);&#13;&#10;&#9;public static final Color oreColor = new Color(170, 170, 170);&#13;&#10;&#9;public static final Color brickColor = new Color(200, 70, 0);&#13;&#10;&#13;&#10;&#9;public static enum Resource {&#13;&#10;&#9;&#9;wood(0), brick(1), sheep(2), ore(3), wheat(4), desert(-1);&#13;&#10;&#13;&#10;&#9;&#9;private int numVal;&#13;&#10;&#13;&#10;&#9;&#9;Resource(int numVal) {&#13;&#10;&#9;&#9;&#9;this.numVal = numVal;&#13;&#10;&#9;&#9;}&#13;&#10;&#13;&#10;&#9;&#9;public int getNumVal() {&#13;&#10;&#9;&#9;&#9;return numVal;&#13;&#10;&#9;&#9;}&#13;&#10;&#9;}&#13;&#10;&#13;&#10;&#9;public static enum TurnPhase {&#13;&#10;&#9;&#9;preroll, pretrade, trade, prebuild, build, end&#13;&#10;&#9;}&#13;&#10;&#13;&#10;&#9;// development cards aren't built, they are drawn, so they aren't included&#13;&#10;&#9;// in this.&#13;&#10;&#9;public static enum BuildType {&#13;&#10;&#9;&#9;road, settlement, city, none&#13;&#10;&#9;}&#13;&#10;&#13;&#10;&#9;private BoardRenderer board;&#13;&#10;&#9;private UserPanel userPanel;&#13;&#10;&#9;private TurnPhase currentTurnPhase = TurnPhase.build;&#13;&#10;&#9;private BuildType currentBuildType = BuildType.city;&#13;&#10;&#9;private int currentPlayer;&#13;&#10;&#9;private Player[] players;&#13;&#10;&#9;private Color[] colorArray;&#13;&#10;&#9;private int numberOfPlayers;&#13;&#10;&#9;private RoadManager roadMgr;&#13;&#10;&#9;private HexManager hexMgr;&#13;&#10;&#13;&#10;&#9;/**&#13;&#10;&#9; * The number of hexes on the field.&#13;&#10;&#9; */&#13;&#10;&#9;public static final int boardSize = 19;&#13;&#10;&#9;private static int[] randomNumberArray = new int[boardSize];&#13;&#10;&#9;private static Game.Resource[] randomColorArray = new Game.Resource[boardSize];&#13;&#10;&#13;&#10;&#9;public Game() {&#13;&#10;&#13;&#10;&#9;&#9;// This array contains all of the roll numbers in the order that they&#13;&#10;&#9;&#9;// are always supposed to appear. These are placed in a clockwise inward&#13;&#10;&#9;&#9;// spiral starting at the bottom hex.&#13;&#10;&#9;&#9;int[] rollNumberArray = { 5, 2, 6, 3, 8, 10, 9, 12, 11, 4, 8, 10, 9, 4,&#13;&#10;&#9;&#9;&#9;&#9;5, 6, 3, 11 };&#13;&#10;&#13;&#10;&#9;&#9;// makes an array of the different resources for the hexes.&#13;&#10;&#9;&#9;ArrayList&lt;Resource&gt; colorNumberArray = new ArrayList&lt;Game.Resource&gt;();&#13;&#10;&#9;&#9;colorNumberArray.add(Resource.desert);&#13;&#10;&#9;&#9;colorNumberArray.add(Resource.wood);&#13;&#10;&#9;&#9;colorNumberArray.add(Resource.wood);&#13;&#10;&#9;&#9;colorNumberArray.add(Resource.wood);&#13;&#10;&#9;&#9;colorNumberArray.add(Resource.wood);&#13;&#10;&#9;&#9;colorNumberArray.add(Resource.brick);&#13;&#10;&#9;&#9;colorNumberArray.add(Resource.brick);&#13;&#10;&#9;&#9;colorNumberArray.add(Resource.brick);&#13;&#10;&#9;&#9;colorNumberArray.add(Resource.ore);&#13;&#10;&#9;&#9;colorNumberArray.add(Resource.ore);&#13;&#10;&#9;&#9;colorNumberArray.add(Resource.ore);&#13;&#10;&#9;&#9;colorNumberArray.add(Resource.wheat);&#13;&#10;&#9;&#9;colorNumberArray.add(Resource.wheat);&#13;&#10;&#9;&#9;colorNumberArray.add(Resource.wheat);&#13;&#10;&#9;&#9;colorNumberArray.add(Resource.wheat);&#13;&#10;&#9;&#9;colorNumberArray.add(Resource.sheep);&#13;&#10;&#9;&#9;colorNumberArray.add(Resource.sheep);&#13;&#10;&#9;&#9;colorNumberArray.add(Resource.sheep);&#13;&#10;&#9;&#9;colorNumberArray.add(Resource.sheep);&#13;&#10;&#13;&#10;&#9;&#9;// randomly chooses one element each from the fixed arrays above, copies&#13;&#10;&#9;&#9;// it to a new array, and resets the element copied to zero. If the&#13;&#10;&#9;&#9;// element has already been drawn, it will repeat.&#13;&#10;&#13;&#10;&#9;&#9;Random generator = new Random();&#13;&#10;&#9;&#9;int desertColorIndex = -1;&#13;&#10;&#9;&#9;for (int i = 0; i &lt; boardSize; i++) {&#13;&#10;&#9;&#9;&#9;int readValue = generator.nextInt(colorNumberArray.size());&#13;&#10;&#9;&#9;&#9;randomColorArray[i] = colorNumberArray.get(readValue);&#13;&#10;&#9;&#9;&#9;colorNumberArray.remove(readValue);&#13;&#10;&#13;&#10;&#9;&#9;&#9;if (randomColorArray[i] == Resource.desert) {&#13;&#10;&#9;&#9;&#9;&#9;desertColorIndex = i;&#13;&#10;&#9;&#9;&#9;&#9;randomNumberArray[i] = -1;&#13;&#10;&#9;&#9;&#9;} else {&#13;&#10;&#9;&#9;&#9;&#9;if (desertColorIndex &lt; 0) {&#13;&#10;&#9;&#9;&#9;&#9;&#9;randomNumberArray[i] = rollNumberArray[i];&#13;&#10;&#9;&#9;&#9;&#9;} else {&#13;&#10;&#9;&#9;&#9;&#9;&#9;randomNumberArray[i] = rollNumberArray[i - 1];&#13;&#10;&#9;&#9;&#9;&#9;}&#13;&#10;&#9;&#9;&#9;}&#13;&#10;&#9;&#9;}&#13;&#10;&#13;&#10;&#9;&#9;configureNumberOfPlayers();&#13;&#10;&#9;&#9;configurePlayerColors();&#13;&#10;&#9;&#9;this.roadMgr = new RoadManager(this.numberOfPlayers);&#13;&#10;&#9;&#9;this.hexMgr = new HexManager();&#13;&#10;&#13;&#10;&#9;}&#13;&#10;&#13;&#10;&#9;private void configureNumberOfPlayers() {&#13;&#10;&#9;&#9;// TODO exitOnClose with warning window&#13;&#10;&#9;&#9;Object[] options1 = { &quot;2&quot;, &quot;3&quot;, &quot;4&quot; };&#13;&#10;&#9;&#9;this.numberOfPlayers = JOptionPane.showOptionDialog(null,&#13;&#10;&#9;&#9;&#9;&#9;&quot;How many players are there?&quot;, &quot;Setup&quot;,&#13;&#10;&#9;&#9;&#9;&#9;JOptionPane.DEFAULT_OPTION, JOptionPane.QUESTION_MESSAGE, null,&#13;&#10;&#9;&#9;&#9;&#9;options1, options1[1]) + 2;&#13;&#10;&#9;}&#13;&#10;&#13;&#10;&#9;private void configurePlayerColors() {&#13;&#10;&#9;&#9;// TODO exitOnClose with warningWindow&#13;&#10;&#9;&#9;Object[] options2 = { &quot;Red&quot;, &quot;Blue&quot;, &quot;White&quot;, &quot;Magenta&quot;, &quot;Orange&quot;,&#13;&#10;&#9;&#9;&#9;&#9;&quot;Cyan&quot; };&#13;&#10;&#9;&#9;this.players = new Player[this.numberOfPlayers];&#13;&#10;&#9;&#9;this.colorArray = new Color[this.numberOfPlayers];&#13;&#10;&#9;&#9;for (int i = 0; i &lt; this.numberOfPlayers; i++) {&#13;&#10;&#9;&#9;&#9;boolean diffColor = true;&#13;&#10;&#9;&#9;&#9;while (diffColor) {&#13;&#10;&#9;&#9;&#9;&#9;int color = JOptionPane.showOptionDialog(null,&#13;&#10;&#9;&#9;&#9;&#9;&#9;&#9;&quot;What color would you like, Player &quot; + (i + 1) + &quot;?&quot;,&#13;&#10;&#9;&#9;&#9;&#9;&#9;&#9;&quot;Setup&quot;, JOptionPane.DEFAULT_OPTION,&#13;&#10;&#9;&#9;&#9;&#9;&#9;&#9;JOptionPane.QUESTION_MESSAGE, null, options2, null);&#13;&#10;&#9;&#9;&#9;&#9;diffColor = false;&#13;&#10;&#9;&#9;&#9;&#9;switch (color) {&#13;&#10;&#9;&#9;&#9;&#9;case 0:&#13;&#10;&#9;&#9;&#9;&#9;&#9;this.colorArray[i] = Color.red;&#13;&#10;&#9;&#9;&#9;&#9;&#9;break;&#13;&#10;&#9;&#9;&#9;&#9;case 1:&#13;&#10;&#9;&#9;&#9;&#9;&#9;this.colorArray[i] = Color.blue;&#13;&#10;&#9;&#9;&#9;&#9;&#9;break;&#13;&#10;&#9;&#9;&#9;&#9;case 2:&#13;&#10;&#9;&#9;&#9;&#9;&#9;this.colorArray[i] = Color.white;&#13;&#10;&#9;&#9;&#9;&#9;&#9;break;&#13;&#10;&#9;&#9;&#9;&#9;case 3:&#13;&#10;&#9;&#9;&#9;&#9;&#9;this.colorArray[i] = Color.magenta;&#13;&#10;&#9;&#9;&#9;&#9;&#9;break;&#13;&#10;&#9;&#9;&#9;&#9;case 4:&#13;&#10;&#9;&#9;&#9;&#9;&#9;this.colorArray[i] = Color.orange;&#13;&#10;&#9;&#9;&#9;&#9;&#9;break;&#13;&#10;&#9;&#9;&#9;&#9;case 5:&#13;&#10;&#9;&#9;&#9;&#9;&#9;this.colorArray[i] = Color.cyan;&#13;&#10;&#9;&#9;&#9;&#9;&#9;break;&#13;&#10;&#9;&#9;&#9;&#9;case 6:&#13;&#10;&#9;&#9;&#9;&#9;&#9;this.colorArray[i] = Color.black;&#13;&#10;&#9;&#9;&#9;&#9;&#9;break;&#13;&#10;&#9;&#9;&#9;&#9;case 7:&#13;&#10;&#9;&#9;&#9;&#9;&#9;this.colorArray[i] = Color.red;&#13;&#10;&#9;&#9;&#9;&#9;&#9;break;&#13;&#10;&#9;&#9;&#9;&#9;}&#13;&#10;&#9;&#9;&#9;&#9;for (int j = 0; j &lt; i; j++) {&#13;&#10;&#9;&#9;&#9;&#9;&#9;if (this.colorArray[i] == this.colorArray[j])&#13;&#10;&#9;&#9;&#9;&#9;&#9;&#9;diffColor = true;&#13;&#10;&#9;&#9;&#9;&#9;&#9;// verifies that the user selects a color that hasn't&#13;&#10;&#9;&#9;&#9;&#9;&#9;// already been chosen.&#13;&#10;&#9;&#9;&#9;&#9;}&#13;&#10;&#13;&#10;&#9;&#9;&#9;}&#13;&#10;&#13;&#10;&#9;&#9;&#9;this.players[i] = new Player();&#13;&#10;&#9;&#9;}&#13;&#10;&#13;&#10;&#9;}&#13;&#10;&#13;&#10;&#9;public void setUserPanel(UserPanel panel) {&#13;&#10;&#9;&#9;this.userPanel = panel;&#13;&#10;&#9;&#9;this.userPanel.setCurrentPlayer(this.currentPlayer);&#13;&#10;&#9;}&#13;&#10;&#13;&#10;&#9;public void setBoardRenderer(BoardRenderer board) {&#13;&#10;&#9;&#9;this.board = board;&#13;&#10;&#9;&#9;this.board.setBoard(randomColorArray, randomNumberArray);&#13;&#10;&#9;&#9;this.board.setBoard();&#13;&#10;&#9;}&#13;&#10;&#13;&#10;&#9;public TurnPhase getCurrentTurnPhase() {&#13;&#10;&#9;&#9;return this.currentTurnPhase;&#13;&#10;&#9;}&#13;&#10;&#13;&#10;&#9;public BuildType getBuildType() {&#13;&#10;&#9;&#9;return this.currentBuildType;&#13;&#10;&#9;}&#13;&#10;&#13;&#10;&#9;public int getCurrentPlayer() {&#13;&#10;&#9;&#9;return this.currentPlayer;&#13;&#10;&#9;}&#13;&#10;&#13;&#10;&#9;public void addRoad(int playerIndex, int hexId,&#13;&#10;&#9;&#9;&#9;HexComponent.RoadPosition pos) {&#13;&#10;&#9;&#9;// TODO do stuff&#13;&#10;&#9;&#9;// TODO throw exceptions&#13;&#10;&#9;&#9;int roadId = this.hexMgr.getRoadId(hexId, pos);&#13;&#10;&#9;&#9;int currentRoadCount = this.roadMgr.getRoadCountForPlayer(playerIndex);&#13;&#10;&#9;&#9;if (currentRoadCount == 0) {&#13;&#10;&#9;&#9;&#9;this.roadMgr.addRoadPieceAtBeginning(playerIndex, roadId);&#13;&#10;&#9;&#9;} else {&#13;&#10;&#9;&#9;&#9;this.roadMgr.addRoadPiece(playerIndex, roadId);&#13;&#10;&#9;&#9;}&#13;&#10;&#9;&#9;if (this.roadMgr.getRoadCountForPlayer(playerIndex) &gt; currentRoadCount) {&#13;&#10;&#9;&#9;&#9;this.board.addRoad(hexId, pos, this.colorArray[playerIndex],&#13;&#10;&#9;&#9;&#9;&#9;&#9;BuildType.road);&#13;&#10;&#9;&#9;}&#13;&#10;&#9;}&#13;&#10;&#13;&#10;&#9;public void addBuilding(int playerIndex, int hexId,&#13;&#10;&#9;&#9;&#9;HexComponent.StructurePosition pos) {&#13;&#10;&#9;&#9;// TODO do stuff&#13;&#10;&#9;&#9;// TODO throw exceptions&#13;&#10;&#9;&#9;if (this.currentBuildType == BuildType.settlement) {&#13;&#10;&#9;&#9;&#9;this.board.addBuilding(hexId, pos, this.colorArray[playerIndex],&#13;&#10;&#9;&#9;&#9;&#9;&#9;BuildType.settlement);&#13;&#10;&#9;&#9;} else {&#13;&#10;&#9;&#9;&#9;this.board.addBuilding(hexId, pos, this.colorArray[playerIndex],&#13;&#10;&#9;&#9;&#9;&#9;&#9;BuildType.city);&#13;&#10;&#9;&#9;}&#13;&#10;&#9;}&#13;&#10;&#13;&#10;&#9;public void roll() {&#13;&#10;&#9;&#9;int[] rolls = new Dice().rollDice();&#13;&#10;&#9;&#9;this.userPanel.setRolls(rolls);&#13;&#10;&#13;&#10;&#9;}&#13;&#10;&#13;&#10;&#9;public void drawDevCard() {&#13;&#10;&#9;&#9;// TODO Auto-generated method stub&#13;&#10;&#13;&#10;&#9;}&#13;&#10;&#13;&#10;&#9;public void setBuildType(BuildType type) {&#13;&#10;&#9;&#9;this.currentBuildType = type;&#13;&#10;&#9;}&#13;&#10;&#13;&#10;&#9;public void endTurn() {&#13;&#10;&#9;&#9;this.currentPlayer = (this.currentPlayer + 1) % this.numberOfPlayers;&#13;&#10;&#9;&#9;this.userPanel.setCurrentPlayer(this.currentPlayer);&#13;&#10;&#9;&#9;this.userPanel.setTurnPhase(TurnPhase.preroll);&#13;&#10;&#13;&#10;&#9;}&#13;&#10;&#13;&#10;&#9;public Color[] getPlayerColors() {&#13;&#10;&#9;&#9;return this.colorArray;&#13;&#10;&#9;}&#13;&#10;&#13;&#10;&#9;public int getNumberOfPlayers() {&#13;&#10;&#9;&#9;return this.numberOfPlayers;&#13;&#10;&#9;}&#13;&#10;&#9;&#13;&#10;&#9;public boolean hasAdjacentRoad(int structureId) {&#13;&#10;&#9;&#9;return false;&#13;&#10;&#9;}&#13;&#10;}&#13;&#10;" Filename="Game.java" Intrnl_Id="15"/>
<SrcFile Content="package client.Controller;&#13;&#10;import java.util.Random;&#13;&#10;&#13;&#10;public class Die {&#13;&#10;&#9;Random random;&#13;&#10;&#13;&#10;&#9;public Die() {&#13;&#10;&#9;&#9;random = new java.util.Random();&#13;&#10;&#9;}&#13;&#10;&#13;&#10;&#9;public Die(long seed) {&#13;&#10;&#9;&#9;random = new java.util.Random(1337);&#13;&#10;&#9;}&#13;&#10;&#13;&#10;&#9;public int rollDie() {&#13;&#10;&#9;&#9;return ((int) (random.nextDouble() * 6 + 1));&#13;&#10;&#9;}&#13;&#10;}&#13;&#10;" Filename="Die.java" Intrnl_Id="16"/>
<SrcFile Content="package client.Controller;&#13;&#10;&#13;&#10;&#13;&#10;public class Dice {&#13;&#10;&#13;&#10;&#9;private Die firstDie;&#13;&#10;&#9;private Die secondDie;&#13;&#10;&#13;&#10;&#9;public Dice() {&#13;&#10;&#9;&#9;this.firstDie = new Die();&#13;&#10;&#9;&#9;this.secondDie = new Die();&#13;&#10;&#9;}&#13;&#10;&#13;&#10;&#9;/**&#13;&#10;&#9; * &#13;&#10;&#9; * @return an array with { the total, first roll, second roll}&#13;&#10;&#9; */&#13;&#10;&#9;public int[] rollDice() {&#13;&#10;&#9;&#9;int[] result = new int[3];&#13;&#10;&#9;&#9;int first = this.firstDie.rollDie();&#13;&#10;&#9;&#9;int second = this.secondDie.rollDie();&#13;&#10;&#13;&#10;&#9;&#9;result[0] = first + second;&#13;&#10;&#9;&#9;result[1] = first;&#13;&#10;&#9;&#9;result[2] = second;&#13;&#10;&#13;&#10;&#9;&#9;return result;&#13;&#10;&#9;}&#13;&#10;&#13;&#10;}&#13;&#10;" Filename="Dice.java" Intrnl_Id="17"/>
<SrcFile Content="package client.Controller;&#13;&#10;&#13;&#10;public class Bank {&#13;&#10;&#13;&#10;}&#13;&#10;" Filename="Bank.java" Intrnl_Id="18"/>
</SrcFileList>
<CritList>
<CritListEntry Name="org.codecover.model.utils.criteria.LoopCoverage" PluginName="org.codecover"/>
<CritListEntry Name="org.codecover.model.utils.criteria.QMOCoverage" PluginName="org.codecover"/>
<CritListEntry Name="org.codecover.model.utils.criteria.ConditionCoverage" PluginName="org.codecover"/>
<CritListEntry Name="org.codecover.model.utils.criteria.BranchCoverage" PluginName="org.codecover"/>
<CritListEntry Name="org.codecover.model.utils.criteria.SynchronizedStatementCoverage" PluginName="org.codecover"/>
<CritListEntry Name="org.codecover.model.utils.criteria.StatementCoverage" PluginName="org.codecover"/>
</CritList>
<BoolOpList>
<BoolOp Arity="2" Intrnl_Id="19" Name="conditional or (||)">
<BoolAssgnmntBoolMapList>
<MapEntry BoolAssgnmnt="00" Value="false"/>
<MapEntry BoolAssgnmnt="01" Value="true"/>
<MapEntry BoolAssgnmnt="12" Value="true"/>
</BoolAssgnmntBoolMapList>
</BoolOp>
<BoolOp Arity="1" Intrnl_Id="20" Name="not (!)">
<BoolAssgnmntBoolMapList>
<MapEntry BoolAssgnmnt="1" Value="false"/>
<MapEntry BoolAssgnmnt="0" Value="true"/>
</BoolAssgnmntBoolMapList>
</BoolOp>
</BoolOpList>
<HierarchyLvlTypeList>
<HierarchyLvlType EnglishName="enumeration" IntrnlName="enum" Intrnl_Id="21"/>
<HierarchyLvlType EnglishName="package" IntrnlName="package" Intrnl_Id="22"/>
<HierarchyLvlType EnglishName="method" IntrnlName="method" Intrnl_Id="23"/>
<HierarchyLvlType EnglishName="class" IntrnlName="class" Intrnl_Id="24"/>
<HierarchyLvlType EnglishName="default package" IntrnlName="default package" Intrnl_Id="25"/>
</HierarchyLvlTypeList>
<MASTRoot>
<HierarchyLvl HierarchyLvlId="1966" HierarchyLvlTypeId="25" Intrnl_Id="26" Name="default package">
<Header/>
<LocList/>
<HierarchyLvl HierarchyLvlId="1965" HierarchyLvlTypeId="22" Intrnl_Id="27" Name="client">
<Header/>
<LocList/>
<HierarchyLvl HierarchyLvlId="1963" HierarchyLvlTypeId="22" Intrnl_Id="28" Name="Model">
<Header/>
<LocList/>
<HierarchyLvl HierarchyLvlId="1871" HierarchyLvlTypeId="24" Intrnl_Id="29" Name="Structure">
<Header>
<Loc EndOffset="47" SrcFileId="1" StartOffset="25"/>
</Header>
<LocList>
<Loc EndOffset="186" SrcFileId="1" StartOffset="25"/>
</LocList>
<HierarchyLvl HierarchyLvlId="1869" HierarchyLvlTypeId="23" Intrnl_Id="30" Name="Structure">
<Header>
<Loc EndOffset="109" SrcFileId="1" StartOffset="57"/>
</Header>
<LocList>
<Loc EndOffset="119" SrcFileId="1" StartOffset="57"/>
</LocList>
</HierarchyLvl>
<HierarchyLvl HierarchyLvlId="1870" HierarchyLvlTypeId="23" Intrnl_Id="31" Name="getAdjacentSettlements">
<Header>
<Loc EndOffset="162" SrcFileId="1" StartOffset="125"/>
</Header>
<LocList>
<Loc EndOffset="183" SrcFileId="1" StartOffset="125"/>
</LocList>
<StmntSeq Intrnl_Id="32">
<LocList>
<Loc EndOffset="179" SrcFileId="1" StartOffset="167"/>
</LocList>
<BasicStmnt CovItemId="S1" CovItemPrefix="client.Model.Structure.java" Intrnl_Id="33">
<LocList>
<Loc EndOffset="179" SrcFileId="1" StartOffset="167"/>
</LocList>
</BasicStmnt>
</StmntSeq>
</HierarchyLvl>
</HierarchyLvl>
<HierarchyLvl HierarchyLvlId="1872" HierarchyLvlTypeId="24" Intrnl_Id="34" Name="Robber">
<Header>
<Loc EndOffset="44" SrcFileId="2" StartOffset="25"/>
</Header>
<LocList>
<Loc EndOffset="51" SrcFileId="2" StartOffset="25"/>
</LocList>
</HierarchyLvl>
<HierarchyLvl HierarchyLvlId="1882" HierarchyLvlTypeId="24" Intrnl_Id="35" Name="RoadPiece">
<Header>
<Loc EndOffset="45" SrcFileId="3" StartOffset="23"/>
</Header>
<LocList>
<Loc EndOffset="2179" SrcFileId="3" StartOffset="23"/>
</LocList>
<HierarchyLvl HierarchyLvlId="1873" HierarchyLvlTypeId="23" Intrnl_Id="36" Name="RoadPiece">
<Header>
<Loc EndOffset="206" SrcFileId="3" StartOffset="137"/>
</Header>
<LocList>
<Loc EndOffset="313" SrcFileId="3" StartOffset="137"/>
</LocList>
<StmntSeq Intrnl_Id="37">
<LocList>
<Loc EndOffset="227" SrcFileId="3" StartOffset="212"/>
<Loc EndOffset="268" SrcFileId="3" StartOffset="231"/>
<Loc EndOffset="309" SrcFileId="3" StartOffset="272"/>
</LocList>
<BasicStmnt CovItemId="S1" CovItemPrefix="client.Model.RoadPiece.java" Intrnl_Id="38">
<LocList>
<Loc EndOffset="227" SrcFileId="3" StartOffset="212"/>
</LocList>
</BasicStmnt>
<BasicStmnt CovItemId="S2" CovItemPrefix="client.Model.RoadPiece.java" Intrnl_Id="39">
<LocList>
<Loc EndOffset="268" SrcFileId="3" StartOffset="231"/>
</LocList>
</BasicStmnt>
<BasicStmnt CovItemId="S3" CovItemPrefix="client.Model.RoadPiece.java" Intrnl_Id="40">
<LocList>
<Loc EndOffset="309" SrcFileId="3" StartOffset="272"/>
</LocList>
</BasicStmnt>
</StmntSeq>
</HierarchyLvl>
<HierarchyLvl HierarchyLvlId="1874" HierarchyLvlTypeId="23" Intrnl_Id="41" Name="getOppositeDirectionRoads">
<Header>
<Loc EndOffset="369" SrcFileId="3" StartOffset="318"/>
</Header>
<LocList>
<Loc EndOffset="616" SrcFileId="3" StartOffset="318"/>
</LocList>
<StmntSeq Intrnl_Id="42">
<LocList>
<Loc EndOffset="432" SrcFileId="3" StartOffset="375"/>
<Loc EndOffset="581" SrcFileId="3" StartOffset="438"/>
<Loc EndOffset="612" SrcFileId="3" StartOffset="585"/>
</LocList>
<CondStmnt CovItemId="S4" CovItemPrefix="client.Model.RoadPiece.java" Intrnl_Id="43">
<Branch CovItemId="B1" CovItemPrefix="client.Model.RoadPiece.java" Implct="false" Intrnl_Id="44">
<Cond/>
<LocList>
<Loc EndOffset="432" SrcFileId="3" StartOffset="392"/>
</LocList>
<StmntSeq Intrnl_Id="45">
<LocList>
<Loc EndOffset="427" SrcFileId="3" StartOffset="398"/>
</LocList>
<BasicStmnt CovItemId="S5" CovItemPrefix="client.Model.RoadPiece.java" Intrnl_Id="46">
<LocList>
<Loc EndOffset="427" SrcFileId="3" StartOffset="398"/>
</LocList>
</BasicStmnt>
</StmntSeq>
</Branch>
<Branch CovItemId="B2" CovItemPrefix="client.Model.RoadPiece.java" Implct="true" Intrnl_Id="47">
<Cond/>
<LocList/>
<StmntSeq Intrnl_Id="48">
<LocList/>
</StmntSeq>
</Branch>
<Keyword EndOffset="377" SrcFileId="3" StartOffset="375"/>
<LocList>
<Loc EndOffset="432" SrcFileId="3" StartOffset="375"/>
</LocList>
<RootTerm CovItemId="C1" CovItemPrefix="client.Model.RoadPiece.java" Intrnl_Id="49">
<BasicBoolTerm Intrnl_Id="50">
<LocList>
<Loc EndOffset="390" SrcFileId="3" StartOffset="379"/>
</LocList>
</BasicBoolTerm>
</RootTerm>
</CondStmnt>
<LoopStmnt CovItemId="S6" CovItemPrefix="client.Model.RoadPiece.java" Intrnl_Id="51" MltplExecId="L1-2" MltplExecPrefix="client.Model.RoadPiece.java" NvrExecId="L1-0" NvrExecPrefix="client.Model.RoadPiece.java" OnceExecutedId="L1-1" OnceExecutedPrefix="client.Model.RoadPiece.java" OptBodyExec="true">
<StmntSeq Intrnl_Id="52">
<LocList>
<Loc EndOffset="576" SrcFileId="3" StartOffset="497"/>
</LocList>
<CondStmnt CovItemId="S7" CovItemPrefix="client.Model.RoadPiece.java" Intrnl_Id="53">
<Branch CovItemId="B3" CovItemPrefix="client.Model.RoadPiece.java" Implct="false" Intrnl_Id="54">
<Cond/>
<LocList>
<Loc EndOffset="576" SrcFileId="3" StartOffset="536"/>
</LocList>
<StmntSeq Intrnl_Id="55">
<LocList>
<Loc EndOffset="570" SrcFileId="3" StartOffset="543"/>
</LocList>
<BasicStmnt CovItemId="S8" CovItemPrefix="client.Model.RoadPiece.java" Intrnl_Id="56">
<LocList>
<Loc EndOffset="570" SrcFileId="3" StartOffset="543"/>
</LocList>
</BasicStmnt>
</StmntSeq>
</Branch>
<Branch CovItemId="B4" CovItemPrefix="client.Model.RoadPiece.java" Implct="true" Intrnl_Id="57">
<Cond/>
<LocList/>
<StmntSeq Intrnl_Id="58">
<LocList/>
</StmntSeq>
</Branch>
<Keyword EndOffset="499" SrcFileId="3" StartOffset="497"/>
<LocList>
<Loc EndOffset="576" SrcFileId="3" StartOffset="497"/>
</LocList>
<RootTerm CovItemId="C3" CovItemPrefix="client.Model.RoadPiece.java" Intrnl_Id="59">
<BasicBoolTerm Intrnl_Id="60">
<LocList>
<Loc EndOffset="534" SrcFileId="3" StartOffset="501"/>
</LocList>
</BasicBoolTerm>
</RootTerm>
</CondStmnt>
</StmntSeq>
<Keyword EndOffset="441" SrcFileId="3" StartOffset="438"/>
<LocList>
<Loc EndOffset="581" SrcFileId="3" StartOffset="438"/>
</LocList>
<RootTerm CovItemId="C2" CovItemPrefix="client.Model.RoadPiece.java" Intrnl_Id="61">
<BasicBoolTerm Intrnl_Id="62">
<LocList>
<Loc EndOffset="484" SrcFileId="3" StartOffset="454"/>
</LocList>
</BasicBoolTerm>
</RootTerm>
</LoopStmnt>
<BasicStmnt CovItemId="S9" CovItemPrefix="client.Model.RoadPiece.java" Intrnl_Id="63">
<LocList>
<Loc EndOffset="612" SrcFileId="3" StartOffset="585"/>
</LocList>
</BasicStmnt>
</StmntSeq>
</HierarchyLvl>
<HierarchyLvl HierarchyLvlId="1875" HierarchyLvlTypeId="23" Intrnl_Id="64" Name="getAllAdjacentRoads">
<Header>
<Loc EndOffset="655" SrcFileId="3" StartOffset="621"/>
</Header>
<LocList>
<Loc EndOffset="1062" SrcFileId="3" StartOffset="621"/>
</LocList>
<StmntSeq Intrnl_Id="65">
<LocList>
<Loc EndOffset="746" SrcFileId="3" StartOffset="661"/>
<Loc EndOffset="764" SrcFileId="3" StartOffset="750"/>
<Loc EndOffset="896" SrcFileId="3" StartOffset="770"/>
<Loc EndOffset="1028" SrcFileId="3" StartOffset="902"/>
<Loc EndOffset="1058" SrcFileId="3" StartOffset="1034"/>
</LocList>
<BasicStmnt CovItemId="S10" CovItemPrefix="client.Model.RoadPiece.java" Intrnl_Id="66">
<LocList>
<Loc EndOffset="746" SrcFileId="3" StartOffset="661"/>
</LocList>
</BasicStmnt>
<BasicStmnt CovItemId="S11" CovItemPrefix="client.Model.RoadPiece.java" Intrnl_Id="67">
<LocList>
<Loc EndOffset="764" SrcFileId="3" StartOffset="750"/>
</LocList>
</BasicStmnt>
<LoopStmnt CovItemId="S12" CovItemPrefix="client.Model.RoadPiece.java" Intrnl_Id="68" MltplExecId="L2-2" MltplExecPrefix="client.Model.RoadPiece.java" NvrExecId="L2-0" NvrExecPrefix="client.Model.RoadPiece.java" OnceExecutedId="L2-1" OnceExecutedPrefix="client.Model.RoadPiece.java" OptBodyExec="true">
<StmntSeq Intrnl_Id="69">
<LocList>
<Loc EndOffset="878" SrcFileId="3" StartOffset="829"/>
<Loc EndOffset="891" SrcFileId="3" StartOffset="883"/>
</LocList>
<BasicStmnt CovItemId="S13" CovItemPrefix="client.Model.RoadPiece.java" Intrnl_Id="70">
<LocList>
<Loc EndOffset="878" SrcFileId="3" StartOffset="829"/>
</LocList>
</BasicStmnt>
<BasicStmnt CovItemId="S14" CovItemPrefix="client.Model.RoadPiece.java" Intrnl_Id="71">
<LocList>
<Loc EndOffset="891" SrcFileId="3" StartOffset="883"/>
</LocList>
</BasicStmnt>
</StmntSeq>
<Keyword EndOffset="773" SrcFileId="3" StartOffset="770"/>
<LocList>
<Loc EndOffset="896" SrcFileId="3" StartOffset="770"/>
</LocList>
<RootTerm CovItemId="C4" CovItemPrefix="client.Model.RoadPiece.java" Intrnl_Id="72">
<BasicBoolTerm Intrnl_Id="73">
<LocList>
<Loc EndOffset="816" SrcFileId="3" StartOffset="786"/>
</LocList>
</BasicBoolTerm>
</RootTerm>
</LoopStmnt>
<LoopStmnt CovItemId="S15" CovItemPrefix="client.Model.RoadPiece.java" Intrnl_Id="74" MltplExecId="L3-2" MltplExecPrefix="client.Model.RoadPiece.java" NvrExecId="L3-0" NvrExecPrefix="client.Model.RoadPiece.java" OnceExecutedId="L3-1" OnceExecutedPrefix="client.Model.RoadPiece.java" OptBodyExec="true">
<StmntSeq Intrnl_Id="75">
<LocList>
<Loc EndOffset="1010" SrcFileId="3" StartOffset="961"/>
<Loc EndOffset="1023" SrcFileId="3" StartOffset="1015"/>
</LocList>
<BasicStmnt CovItemId="S16" CovItemPrefix="client.Model.RoadPiece.java" Intrnl_Id="76">
<LocList>
<Loc EndOffset="1010" SrcFileId="3" StartOffset="961"/>
</LocList>
</BasicStmnt>
<BasicStmnt CovItemId="S17" CovItemPrefix="client.Model.RoadPiece.java" Intrnl_Id="77">
<LocList>
<Loc EndOffset="1023" SrcFileId="3" StartOffset="1015"/>
</LocList>
</BasicStmnt>
</StmntSeq>
<Keyword EndOffset="905" SrcFileId="3" StartOffset="902"/>
<LocList>
<Loc EndOffset="1028" SrcFileId="3" StartOffset="902"/>
</LocList>
<RootTerm CovItemId="C5" CovItemPrefix="client.Model.RoadPiece.java" Intrnl_Id="78">
<BasicBoolTerm Intrnl_Id="79">
<LocList>
<Loc EndOffset="948" SrcFileId="3" StartOffset="918"/>
</LocList>
</BasicBoolTerm>
</RootTerm>
</LoopStmnt>
<BasicStmnt CovItemId="S18" CovItemPrefix="client.Model.RoadPiece.java" Intrnl_Id="80">
<LocList>
<Loc EndOffset="1058" SrcFileId="3" StartOffset="1034"/>
</LocList>
</BasicStmnt>
</StmntSeq>
</HierarchyLvl>
<HierarchyLvl HierarchyLvlId="1876" HierarchyLvlTypeId="23" Intrnl_Id="81" Name="toString">
<Header>
<Loc EndOffset="1103" SrcFileId="3" StartOffset="1067"/>
</Header>
<LocList>
<Loc EndOffset="1565" SrcFileId="3" StartOffset="1067"/>
</LocList>
<StmntSeq Intrnl_Id="82">
<LocList>
<Loc EndOffset="1150" SrcFileId="3" StartOffset="1109"/>
<Loc EndOffset="1170" SrcFileId="3" StartOffset="1154"/>
<Loc EndOffset="1189" SrcFileId="3" StartOffset="1174"/>
<Loc EndOffset="1210" SrcFileId="3" StartOffset="1193"/>
<Loc EndOffset="1332" SrcFileId="3" StartOffset="1214"/>
<Loc EndOffset="1352" SrcFileId="3" StartOffset="1336"/>
<Loc EndOffset="1373" SrcFileId="3" StartOffset="1356"/>
<Loc EndOffset="1495" SrcFileId="3" StartOffset="1377"/>
<Loc EndOffset="1515" SrcFileId="3" StartOffset="1499"/>
<Loc EndOffset="1536" SrcFileId="3" StartOffset="1519"/>
<Loc EndOffset="1561" SrcFileId="3" StartOffset="1540"/>
</LocList>
<BasicStmnt CovItemId="S19" CovItemPrefix="client.Model.RoadPiece.java" Intrnl_Id="83">
<LocList>
<Loc EndOffset="1150" SrcFileId="3" StartOffset="1109"/>
</LocList>
</BasicStmnt>
<BasicStmnt CovItemId="S20" CovItemPrefix="client.Model.RoadPiece.java" Intrnl_Id="84">
<LocList>
<Loc EndOffset="1170" SrcFileId="3" StartOffset="1154"/>
</LocList>
</BasicStmnt>
<BasicStmnt CovItemId="S21" CovItemPrefix="client.Model.RoadPiece.java" Intrnl_Id="85">
<LocList>
<Loc EndOffset="1189" SrcFileId="3" StartOffset="1174"/>
</LocList>
</BasicStmnt>
<BasicStmnt CovItemId="S22" CovItemPrefix="client.Model.RoadPiece.java" Intrnl_Id="86">
<LocList>
<Loc EndOffset="1210" SrcFileId="3" StartOffset="1193"/>
</LocList>
</BasicStmnt>
<LoopStmnt CovItemId="S23" CovItemPrefix="client.Model.RoadPiece.java" Intrnl_Id="87" MltplExecId="L4-2" MltplExecPrefix="client.Model.RoadPiece.java" NvrExecId="L4-0" NvrExecPrefix="client.Model.RoadPiece.java" OnceExecutedId="L4-1" OnceExecutedPrefix="client.Model.RoadPiece.java" OptBodyExec="true">
<StmntSeq Intrnl_Id="88">
<LocList>
<Loc EndOffset="1307" SrcFileId="3" StartOffset="1273"/>
<Loc EndOffset="1327" SrcFileId="3" StartOffset="1312"/>
</LocList>
<BasicStmnt CovItemId="S24" CovItemPrefix="client.Model.RoadPiece.java" Intrnl_Id="89">
<LocList>
<Loc EndOffset="1307" SrcFileId="3" StartOffset="1273"/>
</LocList>
</BasicStmnt>
<BasicStmnt CovItemId="S25" CovItemPrefix="client.Model.RoadPiece.java" Intrnl_Id="90">
<LocList>
<Loc EndOffset="1327" SrcFileId="3" StartOffset="1312"/>
</LocList>
</BasicStmnt>
</StmntSeq>
<Keyword EndOffset="1217" SrcFileId="3" StartOffset="1214"/>
<LocList>
<Loc EndOffset="1332" SrcFileId="3" StartOffset="1214"/>
</LocList>
<RootTerm CovItemId="C6" CovItemPrefix="client.Model.RoadPiece.java" Intrnl_Id="91">
<BasicBoolTerm Intrnl_Id="92">
<LocList>
<Loc EndOffset="1260" SrcFileId="3" StartOffset="1230"/>
</LocList>
</BasicBoolTerm>
</RootTerm>
</LoopStmnt>
<BasicStmnt CovItemId="S26" CovItemPrefix="client.Model.RoadPiece.java" Intrnl_Id="93">
<LocList>
<Loc EndOffset="1352" SrcFileId="3" StartOffset="1336"/>
</LocList>
</BasicStmnt>
<BasicStmnt CovItemId="S27" CovItemPrefix="client.Model.RoadPiece.java" Intrnl_Id="94">
<LocList>
<Loc EndOffset="1373" SrcFileId="3" StartOffset="1356"/>
</LocList>
</BasicStmnt>
<LoopStmnt CovItemId="S28" CovItemPrefix="client.Model.RoadPiece.java" Intrnl_Id="95" MltplExecId="L5-2" MltplExecPrefix="client.Model.RoadPiece.java" NvrExecId="L5-0" NvrExecPrefix="client.Model.RoadPiece.java" OnceExecutedId="L5-1" OnceExecutedPrefix="client.Model.RoadPiece.java" OptBodyExec="true">
<StmntSeq Intrnl_Id="96">
<LocList>
<Loc EndOffset="1470" SrcFileId="3" StartOffset="1436"/>
<Loc EndOffset="1490" SrcFileId="3" StartOffset="1475"/>
</LocList>
<BasicStmnt CovItemId="S29" CovItemPrefix="client.Model.RoadPiece.java" Intrnl_Id="97">
<LocList>
<Loc EndOffset="1470" SrcFileId="3" StartOffset="1436"/>
</LocList>
</BasicStmnt>
<BasicStmnt CovItemId="S30" CovItemPrefix="client.Model.RoadPiece.java" Intrnl_Id="98">
<LocList>
<Loc EndOffset="1490" SrcFileId="3" StartOffset="1475"/>
</LocList>
</BasicStmnt>
</StmntSeq>
<Keyword EndOffset="1380" SrcFileId="3" StartOffset="1377"/>
<LocList>
<Loc EndOffset="1495" SrcFileId="3" StartOffset="1377"/>
</LocList>
<RootTerm CovItemId="C7" CovItemPrefix="client.Model.RoadPiece.java" Intrnl_Id="99">
<BasicBoolTerm Intrnl_Id="100">
<LocList>
<Loc EndOffset="1423" SrcFileId="3" StartOffset="1393"/>
</LocList>
</BasicBoolTerm>
</RootTerm>
</LoopStmnt>
<BasicStmnt CovItemId="S31" CovItemPrefix="client.Model.RoadPiece.java" Intrnl_Id="101">
<LocList>
<Loc EndOffset="1515" SrcFileId="3" StartOffset="1499"/>
</LocList>
</BasicStmnt>
<BasicStmnt CovItemId="S32" CovItemPrefix="client.Model.RoadPiece.java" Intrnl_Id="102">
<LocList>
<Loc EndOffset="1536" SrcFileId="3" StartOffset="1519"/>
</LocList>
</BasicStmnt>
<BasicStmnt CovItemId="S33" CovItemPrefix="client.Model.RoadPiece.java" Intrnl_Id="103">
<LocList>
<Loc EndOffset="1561" SrcFileId="3" StartOffset="1540"/>
</LocList>
</BasicStmnt>
</StmntSeq>
</HierarchyLvl>
<HierarchyLvl HierarchyLvlId="1877" HierarchyLvlTypeId="23" Intrnl_Id="104" Name="equals">
<Header>
<Loc EndOffset="1613" SrcFileId="3" StartOffset="1570"/>
</Header>
<LocList>
<Loc EndOffset="1746" SrcFileId="3" StartOffset="1570"/>
</LocList>
<StmntSeq Intrnl_Id="105">
<LocList>
<Loc EndOffset="1680" SrcFileId="3" StartOffset="1619"/>
<Loc EndOffset="1742" SrcFileId="3" StartOffset="1684"/>
</LocList>
<CondStmnt CovItemId="S34" CovItemPrefix="client.Model.RoadPiece.java" Intrnl_Id="106">
<Branch CovItemId="B5" CovItemPrefix="client.Model.RoadPiece.java" Implct="false" Intrnl_Id="107">
<Cond/>
<LocList>
<Loc EndOffset="1680" SrcFileId="3" StartOffset="1656"/>
</LocList>
<StmntSeq Intrnl_Id="108">
<LocList>
<Loc EndOffset="1675" SrcFileId="3" StartOffset="1662"/>
</LocList>
<BasicStmnt CovItemId="S35" CovItemPrefix="client.Model.RoadPiece.java" Intrnl_Id="109">
<LocList>
<Loc EndOffset="1675" SrcFileId="3" StartOffset="1662"/>
</LocList>
</BasicStmnt>
</StmntSeq>
</Branch>
<Branch CovItemId="B6" CovItemPrefix="client.Model.RoadPiece.java" Implct="true" Intrnl_Id="110">
<Cond/>
<LocList/>
<StmntSeq Intrnl_Id="111">
<LocList/>
</StmntSeq>
</Branch>
<Keyword EndOffset="1621" SrcFileId="3" StartOffset="1619"/>
<LocList>
<Loc EndOffset="1680" SrcFileId="3" StartOffset="1619"/>
</LocList>
<RootTerm CovItemId="C8" CovItemPrefix="client.Model.RoadPiece.java" Intrnl_Id="112">
<BasicBoolTerm Intrnl_Id="113">
<LocList>
<Loc EndOffset="1654" SrcFileId="3" StartOffset="1623"/>
</LocList>
</BasicBoolTerm>
</RootTerm>
</CondStmnt>
<BasicStmnt CovItemId="S36" CovItemPrefix="client.Model.RoadPiece.java" Intrnl_Id="114">
<LocList>
<Loc EndOffset="1742" SrcFileId="3" StartOffset="1684"/>
</LocList>
</BasicStmnt>
</StmntSeq>
</HierarchyLvl>
<HierarchyLvl HierarchyLvlId="1878" HierarchyLvlTypeId="23" Intrnl_Id="115" Name="getAdjacentRoadsA">
<Header>
<Loc EndOffset="1783" SrcFileId="3" StartOffset="1751"/>
</Header>
<LocList>
<Loc EndOffset="1815" SrcFileId="3" StartOffset="1751"/>
</LocList>
<StmntSeq Intrnl_Id="116">
<LocList>
<Loc EndOffset="1811" SrcFileId="3" StartOffset="1789"/>
</LocList>
<BasicStmnt CovItemId="S37" CovItemPrefix="client.Model.RoadPiece.java" Intrnl_Id="117">
<LocList>
<Loc EndOffset="1811" SrcFileId="3" StartOffset="1789"/>
</LocList>
</BasicStmnt>
</StmntSeq>
</HierarchyLvl>
<HierarchyLvl HierarchyLvlId="1879" HierarchyLvlTypeId="23" Intrnl_Id="118" Name="getAdjacentRoadsB">
<Header>
<Loc EndOffset="1852" SrcFileId="3" StartOffset="1820"/>
</Header>
<LocList>
<Loc EndOffset="1884" SrcFileId="3" StartOffset="1820"/>
</LocList>
<StmntSeq Intrnl_Id="119">
<LocList>
<Loc EndOffset="1880" SrcFileId="3" StartOffset="1858"/>
</LocList>
<BasicStmnt CovItemId="S38" CovItemPrefix="client.Model.RoadPiece.java" Intrnl_Id="120">
<LocList>
<Loc EndOffset="1880" SrcFileId="3" StartOffset="1858"/>
</LocList>
</BasicStmnt>
</StmntSeq>
</HierarchyLvl>
<HierarchyLvl HierarchyLvlId="1880" HierarchyLvlTypeId="23" Intrnl_Id="121" Name="setAdjacentRoadsA">
<Header>
<Loc EndOffset="1941" SrcFileId="3" StartOffset="1890"/>
</Header>
<LocList>
<Loc EndOffset="1989" SrcFileId="3" StartOffset="1890"/>
</LocList>
<StmntSeq Intrnl_Id="122">
<LocList>
<Loc EndOffset="1984" SrcFileId="3" StartOffset="1947"/>
</LocList>
<BasicStmnt CovItemId="S39" CovItemPrefix="client.Model.RoadPiece.java" Intrnl_Id="123">
<LocList>
<Loc EndOffset="1984" SrcFileId="3" StartOffset="1947"/>
</LocList>
</BasicStmnt>
</StmntSeq>
</HierarchyLvl>
<HierarchyLvl HierarchyLvlId="1881" HierarchyLvlTypeId="23" Intrnl_Id="124" Name="setAdjacentRoadsB">
<Header>
<Loc EndOffset="2045" SrcFileId="3" StartOffset="1994"/>
</Header>
<LocList>
<Loc EndOffset="2093" SrcFileId="3" StartOffset="1994"/>
</LocList>
<StmntSeq Intrnl_Id="125">
<LocList>
<Loc EndOffset="2088" SrcFileId="3" StartOffset="2051"/>
</LocList>
<BasicStmnt CovItemId="S40" CovItemPrefix="client.Model.RoadPiece.java" Intrnl_Id="126">
<LocList>
<Loc EndOffset="2088" SrcFileId="3" StartOffset="2051"/>
</LocList>
</BasicStmnt>
</StmntSeq>
</HierarchyLvl>
</HierarchyLvl>
<HierarchyLvl HierarchyLvlId="1888" HierarchyLvlTypeId="24" Intrnl_Id="127" Name="Road">
<Header>
<Loc EndOffset="40" SrcFileId="4" StartOffset="23"/>
</Header>
<LocList>
<Loc EndOffset="1135" SrcFileId="4" StartOffset="23"/>
</LocList>
<HierarchyLvl HierarchyLvlId="1883" HierarchyLvlTypeId="23" Intrnl_Id="128" Name="Road">
<Header>
<Loc EndOffset="194" SrcFileId="4" StartOffset="130"/>
</Header>
<LocList>
<Loc EndOffset="301" SrcFileId="4" StartOffset="130"/>
</LocList>
<StmntSeq Intrnl_Id="129">
<LocList>
<Loc EndOffset="215" SrcFileId="4" StartOffset="200"/>
<Loc EndOffset="256" SrcFileId="4" StartOffset="219"/>
<Loc EndOffset="297" SrcFileId="4" StartOffset="260"/>
</LocList>
<BasicStmnt CovItemId="S1" CovItemPrefix="client.Model.Road.java" Intrnl_Id="130">
<LocList>
<Loc EndOffset="215" SrcFileId="4" StartOffset="200"/>
</LocList>
</BasicStmnt>
<BasicStmnt CovItemId="S2" CovItemPrefix="client.Model.Road.java" Intrnl_Id="131">
<LocList>
<Loc EndOffset="256" SrcFileId="4" StartOffset="219"/>
</LocList>
</BasicStmnt>
<BasicStmnt CovItemId="S3" CovItemPrefix="client.Model.Road.java" Intrnl_Id="132">
<LocList>
<Loc EndOffset="297" SrcFileId="4" StartOffset="260"/>
</LocList>
</BasicStmnt>
</StmntSeq>
</HierarchyLvl>
<HierarchyLvl HierarchyLvlId="1884" HierarchyLvlTypeId="23" Intrnl_Id="133" Name="getAdjacentRoadsA">
<Header>
<Loc EndOffset="339" SrcFileId="4" StartOffset="307"/>
</Header>
<LocList>
<Loc EndOffset="376" SrcFileId="4" StartOffset="307"/>
</LocList>
<StmntSeq Intrnl_Id="134">
<LocList>
<Loc EndOffset="372" SrcFileId="4" StartOffset="345"/>
</LocList>
<BasicStmnt CovItemId="S4" CovItemPrefix="client.Model.Road.java" Intrnl_Id="135">
<LocList>
<Loc EndOffset="372" SrcFileId="4" StartOffset="345"/>
</LocList>
</BasicStmnt>
</StmntSeq>
</HierarchyLvl>
<HierarchyLvl HierarchyLvlId="1885" HierarchyLvlTypeId="23" Intrnl_Id="136" Name="getAdjacentRoadsB">
<Header>
<Loc EndOffset="414" SrcFileId="4" StartOffset="382"/>
</Header>
<LocList>
<Loc EndOffset="451" SrcFileId="4" StartOffset="382"/>
</LocList>
<StmntSeq Intrnl_Id="137">
<LocList>
<Loc EndOffset="447" SrcFileId="4" StartOffset="420"/>
</LocList>
<BasicStmnt CovItemId="S5" CovItemPrefix="client.Model.Road.java" Intrnl_Id="138">
<LocList>
<Loc EndOffset="447" SrcFileId="4" StartOffset="420"/>
</LocList>
</BasicStmnt>
</StmntSeq>
</HierarchyLvl>
<HierarchyLvl HierarchyLvlId="1886" HierarchyLvlTypeId="23" Intrnl_Id="139" Name="toString">
<Header>
<Loc EndOffset="492" SrcFileId="4" StartOffset="456"/>
</Header>
<LocList>
<Loc EndOffset="954" SrcFileId="4" StartOffset="456"/>
</LocList>
<StmntSeq Intrnl_Id="140">
<LocList>
<Loc EndOffset="539" SrcFileId="4" StartOffset="498"/>
<Loc EndOffset="559" SrcFileId="4" StartOffset="543"/>
<Loc EndOffset="578" SrcFileId="4" StartOffset="563"/>
<Loc EndOffset="599" SrcFileId="4" StartOffset="582"/>
<Loc EndOffset="721" SrcFileId="4" StartOffset="603"/>
<Loc EndOffset="741" SrcFileId="4" StartOffset="725"/>
<Loc EndOffset="762" SrcFileId="4" StartOffset="745"/>
<Loc EndOffset="884" SrcFileId="4" StartOffset="766"/>
<Loc EndOffset="904" SrcFileId="4" StartOffset="888"/>
<Loc EndOffset="925" SrcFileId="4" StartOffset="908"/>
<Loc EndOffset="950" SrcFileId="4" StartOffset="929"/>
</LocList>
<BasicStmnt CovItemId="S6" CovItemPrefix="client.Model.Road.java" Intrnl_Id="141">
<LocList>
<Loc EndOffset="539" SrcFileId="4" StartOffset="498"/>
</LocList>
</BasicStmnt>
<BasicStmnt CovItemId="S7" CovItemPrefix="client.Model.Road.java" Intrnl_Id="142">
<LocList>
<Loc EndOffset="559" SrcFileId="4" StartOffset="543"/>
</LocList>
</BasicStmnt>
<BasicStmnt CovItemId="S8" CovItemPrefix="client.Model.Road.java" Intrnl_Id="143">
<LocList>
<Loc EndOffset="578" SrcFileId="4" StartOffset="563"/>
</LocList>
</BasicStmnt>
<BasicStmnt CovItemId="S9" CovItemPrefix="client.Model.Road.java" Intrnl_Id="144">
<LocList>
<Loc EndOffset="599" SrcFileId="4" StartOffset="582"/>
</LocList>
</BasicStmnt>
<LoopStmnt CovItemId="S10" CovItemPrefix="client.Model.Road.java" Intrnl_Id="145" MltplExecId="L1-2" MltplExecPrefix="client.Model.Road.java" NvrExecId="L1-0" NvrExecPrefix="client.Model.Road.java" OnceExecutedId="L1-1" OnceExecutedPrefix="client.Model.Road.java" OptBodyExec="true">
<StmntSeq Intrnl_Id="146">
<LocList>
<Loc EndOffset="696" SrcFileId="4" StartOffset="662"/>
<Loc EndOffset="716" SrcFileId="4" StartOffset="701"/>
</LocList>
<BasicStmnt CovItemId="S11" CovItemPrefix="client.Model.Road.java" Intrnl_Id="147">
<LocList>
<Loc EndOffset="696" SrcFileId="4" StartOffset="662"/>
</LocList>
</BasicStmnt>
<BasicStmnt CovItemId="S12" CovItemPrefix="client.Model.Road.java" Intrnl_Id="148">
<LocList>
<Loc EndOffset="716" SrcFileId="4" StartOffset="701"/>
</LocList>
</BasicStmnt>
</StmntSeq>
<Keyword EndOffset="606" SrcFileId="4" StartOffset="603"/>
<LocList>
<Loc EndOffset="721" SrcFileId="4" StartOffset="603"/>
</LocList>
<RootTerm CovItemId="C1" CovItemPrefix="client.Model.Road.java" Intrnl_Id="149">
<BasicBoolTerm Intrnl_Id="150">
<LocList>
<Loc EndOffset="649" SrcFileId="4" StartOffset="619"/>
</LocList>
</BasicBoolTerm>
</RootTerm>
</LoopStmnt>
<BasicStmnt CovItemId="S13" CovItemPrefix="client.Model.Road.java" Intrnl_Id="151">
<LocList>
<Loc EndOffset="741" SrcFileId="4" StartOffset="725"/>
</LocList>
</BasicStmnt>
<BasicStmnt CovItemId="S14" CovItemPrefix="client.Model.Road.java" Intrnl_Id="152">
<LocList>
<Loc EndOffset="762" SrcFileId="4" StartOffset="745"/>
</LocList>
</BasicStmnt>
<LoopStmnt CovItemId="S15" CovItemPrefix="client.Model.Road.java" Intrnl_Id="153" MltplExecId="L2-2" MltplExecPrefix="client.Model.Road.java" NvrExecId="L2-0" NvrExecPrefix="client.Model.Road.java" OnceExecutedId="L2-1" OnceExecutedPrefix="client.Model.Road.java" OptBodyExec="true">
<StmntSeq Intrnl_Id="154">
<LocList>
<Loc EndOffset="859" SrcFileId="4" StartOffset="825"/>
<Loc EndOffset="879" SrcFileId="4" StartOffset="864"/>
</LocList>
<BasicStmnt CovItemId="S16" CovItemPrefix="client.Model.Road.java" Intrnl_Id="155">
<LocList>
<Loc EndOffset="859" SrcFileId="4" StartOffset="825"/>
</LocList>
</BasicStmnt>
<BasicStmnt CovItemId="S17" CovItemPrefix="client.Model.Road.java" Intrnl_Id="156">
<LocList>
<Loc EndOffset="879" SrcFileId="4" StartOffset="864"/>
</LocList>
</BasicStmnt>
</StmntSeq>
<Keyword EndOffset="769" SrcFileId="4" StartOffset="766"/>
<LocList>
<Loc EndOffset="884" SrcFileId="4" StartOffset="766"/>
</LocList>
<RootTerm CovItemId="C2" CovItemPrefix="client.Model.Road.java" Intrnl_Id="157">
<BasicBoolTerm Intrnl_Id="158">
<LocList>
<Loc EndOffset="812" SrcFileId="4" StartOffset="782"/>
</LocList>
</BasicBoolTerm>
</RootTerm>
</LoopStmnt>
<BasicStmnt CovItemId="S18" CovItemPrefix="client.Model.Road.java" Intrnl_Id="159">
<LocList>
<Loc EndOffset="904" SrcFileId="4" StartOffset="888"/>
</LocList>
</BasicStmnt>
<BasicStmnt CovItemId="S19" CovItemPrefix="client.Model.Road.java" Intrnl_Id="160">
<LocList>
<Loc EndOffset="925" SrcFileId="4" StartOffset="908"/>
</LocList>
</BasicStmnt>
<BasicStmnt CovItemId="S20" CovItemPrefix="client.Model.Road.java" Intrnl_Id="161">
<LocList>
<Loc EndOffset="950" SrcFileId="4" StartOffset="929"/>
</LocList>
</BasicStmnt>
</StmntSeq>
</HierarchyLvl>
<HierarchyLvl HierarchyLvlId="1887" HierarchyLvlTypeId="23" Intrnl_Id="162" Name="equals">
<Header>
<Loc EndOffset="1002" SrcFileId="4" StartOffset="959"/>
</Header>
<LocList>
<Loc EndOffset="1130" SrcFileId="4" StartOffset="959"/>
</LocList>
<StmntSeq Intrnl_Id="163">
<LocList>
<Loc EndOffset="1069" SrcFileId="4" StartOffset="1008"/>
<Loc EndOffset="1126" SrcFileId="4" StartOffset="1073"/>
</LocList>
<CondStmnt CovItemId="S21" CovItemPrefix="client.Model.Road.java" Intrnl_Id="164">
<Branch CovItemId="B1" CovItemPrefix="client.Model.Road.java" Implct="false" Intrnl_Id="165">
<Cond/>
<LocList>
<Loc EndOffset="1069" SrcFileId="4" StartOffset="1045"/>
</LocList>
<StmntSeq Intrnl_Id="166">
<LocList>
<Loc EndOffset="1064" SrcFileId="4" StartOffset="1051"/>
</LocList>
<BasicStmnt CovItemId="S22" CovItemPrefix="client.Model.Road.java" Intrnl_Id="167">
<LocList>
<Loc EndOffset="1064" SrcFileId="4" StartOffset="1051"/>
</LocList>
</BasicStmnt>
</StmntSeq>
</Branch>
<Branch CovItemId="B2" CovItemPrefix="client.Model.Road.java" Implct="true" Intrnl_Id="168">
<Cond/>
<LocList/>
<StmntSeq Intrnl_Id="169">
<LocList/>
</StmntSeq>
</Branch>
<Keyword EndOffset="1010" SrcFileId="4" StartOffset="1008"/>
<LocList>
<Loc EndOffset="1069" SrcFileId="4" StartOffset="1008"/>
</LocList>
<RootTerm CovItemId="C3" CovItemPrefix="client.Model.Road.java" Intrnl_Id="170">
<BasicBoolTerm Intrnl_Id="171">
<LocList>
<Loc EndOffset="1043" SrcFileId="4" StartOffset="1012"/>
</LocList>
</BasicBoolTerm>
</RootTerm>
</CondStmnt>
<BasicStmnt CovItemId="S23" CovItemPrefix="client.Model.Road.java" Intrnl_Id="172">
<LocList>
<Loc EndOffset="1126" SrcFileId="4" StartOffset="1073"/>
</LocList>
</BasicStmnt>
</StmntSeq>
</HierarchyLvl>
</HierarchyLvl>
<HierarchyLvl HierarchyLvlId="1889" HierarchyLvlTypeId="24" Intrnl_Id="173" Name="Port">
<Header>
<Loc EndOffset="42" SrcFileId="5" StartOffset="25"/>
</Header>
<LocList>
<Loc EndOffset="49" SrcFileId="5" StartOffset="25"/>
</LocList>
</HierarchyLvl>
<HierarchyLvl HierarchyLvlId="1894" HierarchyLvlTypeId="24" Intrnl_Id="174" Name="Player">
<Header>
<Loc EndOffset="170" SrcFileId="6" StartOffset="151"/>
</Header>
<LocList>
<Loc EndOffset="1920" SrcFileId="6" StartOffset="151"/>
</LocList>
<HierarchyLvl HierarchyLvlId="1890" HierarchyLvlTypeId="23" Intrnl_Id="175" Name="getCards">
<Header>
<Loc EndOffset="757" SrcFileId="6" StartOffset="734"/>
</Header>
<LocList>
<Loc EndOffset="942" SrcFileId="6" StartOffset="734"/>
</LocList>
<StmntSeq Intrnl_Id="176">
<LocList>
<Loc EndOffset="921" SrcFileId="6" StartOffset="763"/>
<Loc EndOffset="938" SrcFileId="6" StartOffset="925"/>
</LocList>
<BasicStmnt CovItemId="S1" CovItemPrefix="client.Model.Player.java" Intrnl_Id="177">
<LocList>
<Loc EndOffset="921" SrcFileId="6" StartOffset="763"/>
</LocList>
</BasicStmnt>
<BasicStmnt CovItemId="S2" CovItemPrefix="client.Model.Player.java" Intrnl_Id="178">
<LocList>
<Loc EndOffset="938" SrcFileId="6" StartOffset="925"/>
</LocList>
</BasicStmnt>
</StmntSeq>
</HierarchyLvl>
<HierarchyLvl HierarchyLvlId="1891" HierarchyLvlTypeId="23" Intrnl_Id="179" Name="adjustCards">
<Header>
<Loc EndOffset="1174" SrcFileId="6" StartOffset="1138"/>
</Header>
<LocList>
<Loc EndOffset="1399" SrcFileId="6" StartOffset="1138"/>
</LocList>
<StmntSeq Intrnl_Id="180">
<LocList>
<Loc EndOffset="1208" SrcFileId="6" StartOffset="1180"/>
<Loc EndOffset="1239" SrcFileId="6" StartOffset="1212"/>
<Loc EndOffset="1270" SrcFileId="6" StartOffset="1243"/>
<Loc EndOffset="1302" SrcFileId="6" StartOffset="1274"/>
<Loc EndOffset="1332" SrcFileId="6" StartOffset="1306"/>
<Loc EndOffset="1372" SrcFileId="6" StartOffset="1336"/>
<Loc EndOffset="1395" SrcFileId="6" StartOffset="1376"/>
</LocList>
<BasicStmnt CovItemId="S3" CovItemPrefix="client.Model.Player.java" Intrnl_Id="181">
<LocList>
<Loc EndOffset="1208" SrcFileId="6" StartOffset="1180"/>
</LocList>
</BasicStmnt>
<BasicStmnt CovItemId="S4" CovItemPrefix="client.Model.Player.java" Intrnl_Id="182">
<LocList>
<Loc EndOffset="1239" SrcFileId="6" StartOffset="1212"/>
</LocList>
</BasicStmnt>
<BasicStmnt CovItemId="S5" CovItemPrefix="client.Model.Player.java" Intrnl_Id="183">
<LocList>
<Loc EndOffset="1270" SrcFileId="6" StartOffset="1243"/>
</LocList>
</BasicStmnt>
<BasicStmnt CovItemId="S6" CovItemPrefix="client.Model.Player.java" Intrnl_Id="184">
<LocList>
<Loc EndOffset="1302" SrcFileId="6" StartOffset="1274"/>
</LocList>
</BasicStmnt>
<BasicStmnt CovItemId="S7" CovItemPrefix="client.Model.Player.java" Intrnl_Id="185">
<LocList>
<Loc EndOffset="1332" SrcFileId="6" StartOffset="1306"/>
</LocList>
</BasicStmnt>
<BasicStmnt CovItemId="S8" CovItemPrefix="client.Model.Player.java" Intrnl_Id="186">
<LocList>
<Loc EndOffset="1372" SrcFileId="6" StartOffset="1336"/>
</LocList>
</BasicStmnt>
<BasicStmnt CovItemId="S9" CovItemPrefix="client.Model.Player.java" Intrnl_Id="187">
<LocList>
<Loc EndOffset="1395" SrcFileId="6" StartOffset="1376"/>
</LocList>
</BasicStmnt>
</StmntSeq>
</HierarchyLvl>
<HierarchyLvl HierarchyLvlId="1892" HierarchyLvlTypeId="23" Intrnl_Id="188" Name="updateTotal">
<Header>
<Loc EndOffset="1591" SrcFileId="6" StartOffset="1565"/>
</Header>
<LocList>
<Loc EndOffset="1716" SrcFileId="6" StartOffset="1565"/>
</LocList>
<StmntSeq Intrnl_Id="189">
<LocList>
<Loc EndOffset="1712" SrcFileId="6" StartOffset="1597"/>
</LocList>
<BasicStmnt CovItemId="S10" CovItemPrefix="client.Model.Player.java" Intrnl_Id="190">
<LocList>
<Loc EndOffset="1712" SrcFileId="6" StartOffset="1597"/>
</LocList>
</BasicStmnt>
</StmntSeq>
</HierarchyLvl>
<HierarchyLvl HierarchyLvlId="1893" HierarchyLvlTypeId="23" Intrnl_Id="191" Name="getVPs">
<Header>
<Loc EndOffset="1881" SrcFileId="6" StartOffset="1862"/>
</Header>
<LocList>
<Loc EndOffset="1917" SrcFileId="6" StartOffset="1862"/>
</LocList>
<StmntSeq Intrnl_Id="192">
<LocList>
<Loc EndOffset="1913" SrcFileId="6" StartOffset="1887"/>
</LocList>
<BasicStmnt CovItemId="S11" CovItemPrefix="client.Model.Player.java" Intrnl_Id="193">
<LocList>
<Loc EndOffset="1913" SrcFileId="6" StartOffset="1887"/>
</LocList>
</BasicStmnt>
</StmntSeq>
</HierarchyLvl>
</HierarchyLvl>
<HierarchyLvl HierarchyLvlId="1895" HierarchyLvlTypeId="24" Intrnl_Id="194" Name="Hex">
<Header>
<Loc EndOffset="41" SrcFileId="7" StartOffset="25"/>
</Header>
<LocList>
<Loc EndOffset="48" SrcFileId="7" StartOffset="25"/>
</LocList>
</HierarchyLvl>
</HierarchyLvl>
<HierarchyLvl HierarchyLvlId="1964" HierarchyLvlTypeId="22" Intrnl_Id="195" Name="Controller">
<Header/>
<LocList/>
<HierarchyLvl HierarchyLvlId="1896" HierarchyLvlTypeId="24" Intrnl_Id="196" Name="StructurePiece">
<Header>
<Loc EndOffset="57" SrcFileId="8" StartOffset="30"/>
</Header>
<LocList>
<Loc EndOffset="70" SrcFileId="8" StartOffset="30"/>
</LocList>
</HierarchyLvl>
<HierarchyLvl HierarchyLvlId="1901" HierarchyLvlTypeId="24" Intrnl_Id="197" Name="StructureManager">
<Header>
<Loc EndOffset="149" SrcFileId="9" StartOffset="120"/>
</Header>
<LocList>
<Loc EndOffset="1623" SrcFileId="9" StartOffset="120"/>
</LocList>
<HierarchyLvl HierarchyLvlId="1897" HierarchyLvlTypeId="23" Intrnl_Id="198" Name="StructureManager">
<Header>
<Loc EndOffset="334" SrcFileId="9" StartOffset="294"/>
</Header>
<LocList>
<Loc EndOffset="531" SrcFileId="9" StartOffset="294"/>
</LocList>
<StmntSeq Intrnl_Id="199">
<LocList>
<Loc EndOffset="411" SrcFileId="9" StartOffset="340"/>
<Loc EndOffset="527" SrcFileId="9" StartOffset="415"/>
</LocList>
<BasicStmnt CovItemId="S1" CovItemPrefix="client.Controller.StructureManager.java" Intrnl_Id="200">
<LocList>
<Loc EndOffset="411" SrcFileId="9" StartOffset="340"/>
</LocList>
</BasicStmnt>
<LoopStmnt CovItemId="S2" CovItemPrefix="client.Controller.StructureManager.java" Intrnl_Id="201" MltplExecId="L1-2" MltplExecPrefix="client.Controller.StructureManager.java" NvrExecId="L1-0" NvrExecPrefix="client.Controller.StructureManager.java" OnceExecutedId="L1-1" OnceExecutedPrefix="client.Controller.StructureManager.java" OptBodyExec="true">
<StmntSeq Intrnl_Id="202">
<LocList>
<Loc EndOffset="522" SrcFileId="9" StartOffset="459"/>
</LocList>
<BasicStmnt CovItemId="S3" CovItemPrefix="client.Controller.StructureManager.java" Intrnl_Id="203">
<LocList>
<Loc EndOffset="522" SrcFileId="9" StartOffset="459"/>
</LocList>
</BasicStmnt>
</StmntSeq>
<Keyword EndOffset="418" SrcFileId="9" StartOffset="415"/>
<LocList>
<Loc EndOffset="527" SrcFileId="9" StartOffset="415"/>
</LocList>
<RootTerm CovItemId="C1" CovItemPrefix="client.Controller.StructureManager.java" Intrnl_Id="204">
<BasicBoolTerm Intrnl_Id="205">
<LocList>
<Loc EndOffset="446" SrcFileId="9" StartOffset="431"/>
</LocList>
</BasicBoolTerm>
</RootTerm>
</LoopStmnt>
</StmntSeq>
</HierarchyLvl>
<HierarchyLvl HierarchyLvlId="1898" HierarchyLvlTypeId="23" Intrnl_Id="206" Name="addStructure">
<Header>
<Loc EndOffset="629" SrcFileId="9" StartOffset="537"/>
</Header>
<LocList>
<Loc EndOffset="1444" SrcFileId="9" StartOffset="537"/>
</LocList>
<StmntSeq Intrnl_Id="207">
<LocList>
<Loc EndOffset="809" SrcFileId="9" StartOffset="698"/>
<Loc EndOffset="946" SrcFileId="9" StartOffset="813"/>
</LocList>
<CondStmnt CovItemId="S4" CovItemPrefix="client.Controller.StructureManager.java" Intrnl_Id="208">
<Branch CovItemId="B1" CovItemPrefix="client.Controller.StructureManager.java" Implct="false" Intrnl_Id="209">
<Cond/>
<LocList>
<Loc EndOffset="809" SrcFileId="9" StartOffset="717"/>
</LocList>
<StmntSeq Intrnl_Id="210">
<LocList>
<Loc EndOffset="804" SrcFileId="9" StartOffset="723"/>
</LocList>
<BasicStmnt CovItemId="S5" CovItemPrefix="client.Controller.StructureManager.java" Intrnl_Id="211">
<LocList>
<Loc EndOffset="804" SrcFileId="9" StartOffset="723"/>
</LocList>
</BasicStmnt>
</StmntSeq>
</Branch>
<Branch CovItemId="B2" CovItemPrefix="client.Controller.StructureManager.java" Implct="true" Intrnl_Id="212">
<Cond/>
<LocList/>
<StmntSeq Intrnl_Id="213">
<LocList/>
</StmntSeq>
</Branch>
<Keyword EndOffset="700" SrcFileId="9" StartOffset="698"/>
<LocList>
<Loc EndOffset="809" SrcFileId="9" StartOffset="698"/>
</LocList>
<RootTerm CovItemId="C2" CovItemPrefix="client.Controller.StructureManager.java" Intrnl_Id="214">
<BasicBoolTerm Intrnl_Id="215">
<LocList>
<Loc EndOffset="715" SrcFileId="9" StartOffset="701"/>
</LocList>
</BasicBoolTerm>
</RootTerm>
</CondStmnt>
<CondStmnt CovItemId="S6" CovItemPrefix="client.Controller.StructureManager.java" Intrnl_Id="216">
<Branch CovItemId="B3" CovItemPrefix="client.Controller.StructureManager.java" Implct="false" Intrnl_Id="217">
<Cond/>
<LocList>
<Loc EndOffset="946" SrcFileId="9" StartOffset="856"/>
</LocList>
<StmntSeq Intrnl_Id="218">
<LocList>
<Loc EndOffset="941" SrcFileId="9" StartOffset="862"/>
</LocList>
<BasicStmnt CovItemId="S7" CovItemPrefix="client.Controller.StructureManager.java" Intrnl_Id="219">
<LocList>
<Loc EndOffset="941" SrcFileId="9" StartOffset="862"/>
</LocList>
</BasicStmnt>
</StmntSeq>
</Branch>
<Branch CovItemId="B4" CovItemPrefix="client.Controller.StructureManager.java" Implct="true" Intrnl_Id="220">
<Cond/>
<LocList/>
<StmntSeq Intrnl_Id="221">
<LocList/>
</StmntSeq>
</Branch>
<Keyword EndOffset="815" SrcFileId="9" StartOffset="813"/>
<LocList>
<Loc EndOffset="946" SrcFileId="9" StartOffset="813"/>
</LocList>
<RootTerm CovItemId="C3" CovItemPrefix="client.Controller.StructureManager.java" Intrnl_Id="222">
<BasicBoolTerm Intrnl_Id="223">
<LocList>
<Loc EndOffset="854" SrcFileId="9" StartOffset="816"/>
</LocList>
</BasicBoolTerm>
</RootTerm>
</CondStmnt>
</StmntSeq>
</HierarchyLvl>
<HierarchyLvl HierarchyLvlId="1899" HierarchyLvlTypeId="23" Intrnl_Id="224" Name="updateStructure">
<Header>
<Loc EndOffset="1529" SrcFileId="9" StartOffset="1450"/>
</Header>
<LocList>
<Loc EndOffset="1538" SrcFileId="9" StartOffset="1450"/>
</LocList>
</HierarchyLvl>
<HierarchyLvl HierarchyLvlId="1900" HierarchyLvlTypeId="23" Intrnl_Id="225" Name="getStructureCountForPlayer">
<Header>
<Loc EndOffset="1599" SrcFileId="9" StartOffset="1544"/>
</Header>
<LocList>
<Loc EndOffset="1618" SrcFileId="9" StartOffset="1544"/>
</LocList>
<StmntSeq Intrnl_Id="226">
<LocList>
<Loc EndOffset="1614" SrcFileId="9" StartOffset="1604"/>
</LocList>
<BasicStmnt CovItemId="S8" CovItemPrefix="client.Controller.StructureManager.java" Intrnl_Id="227">
<LocList>
<Loc EndOffset="1614" SrcFileId="9" StartOffset="1604"/>
</LocList>
</BasicStmnt>
</StmntSeq>
</HierarchyLvl>
</HierarchyLvl>
<HierarchyLvl HierarchyLvlId="1907" HierarchyLvlTypeId="24" Intrnl_Id="228" Name="StructureLocationKey">
<Header>
<Loc EndOffset="116" SrcFileId="10" StartOffset="83"/>
</Header>
<LocList>
<Loc EndOffset="861" SrcFileId="10" StartOffset="83"/>
</LocList>
<HierarchyLvl HierarchyLvlId="1902" HierarchyLvlTypeId="23" Intrnl_Id="229" Name="StructureLocationKey">
<Header>
<Loc EndOffset="246" SrcFileId="10" StartOffset="182"/>
</Header>
<LocList>
<Loc EndOffset="300" SrcFileId="10" StartOffset="182"/>
</LocList>
<StmntSeq Intrnl_Id="230">
<LocList>
<Loc EndOffset="277" SrcFileId="10" StartOffset="252"/>
<Loc EndOffset="296" SrcFileId="10" StartOffset="281"/>
</LocList>
<BasicStmnt CovItemId="S1" CovItemPrefix="client.Controller.StructureLocationKey.java" Intrnl_Id="231">
<LocList>
<Loc EndOffset="277" SrcFileId="10" StartOffset="252"/>
</LocList>
</BasicStmnt>
<BasicStmnt CovItemId="S2" CovItemPrefix="client.Controller.StructureLocationKey.java" Intrnl_Id="232">
<LocList>
<Loc EndOffset="296" SrcFileId="10" StartOffset="281"/>
</LocList>
</BasicStmnt>
</StmntSeq>
</HierarchyLvl>
<HierarchyLvl HierarchyLvlId="1903" HierarchyLvlTypeId="23" Intrnl_Id="233" Name="getHexIndex">
<Header>
<Loc EndOffset="329" SrcFileId="10" StartOffset="305"/>
</Header>
<LocList>
<Loc EndOffset="360" SrcFileId="10" StartOffset="305"/>
</LocList>
<StmntSeq Intrnl_Id="234">
<LocList>
<Loc EndOffset="356" SrcFileId="10" StartOffset="335"/>
</LocList>
<BasicStmnt CovItemId="S3" CovItemPrefix="client.Controller.StructureLocationKey.java" Intrnl_Id="235">
<LocList>
<Loc EndOffset="356" SrcFileId="10" StartOffset="335"/>
</LocList>
</BasicStmnt>
</StmntSeq>
</HierarchyLvl>
<HierarchyLvl HierarchyLvlId="1904" HierarchyLvlTypeId="23" Intrnl_Id="236" Name="getStructurePosition">
<Header>
<Loc EndOffset="413" SrcFileId="10" StartOffset="365"/>
</Header>
<LocList>
<Loc EndOffset="439" SrcFileId="10" StartOffset="365"/>
</LocList>
<StmntSeq Intrnl_Id="237">
<LocList>
<Loc EndOffset="435" SrcFileId="10" StartOffset="419"/>
</LocList>
<BasicStmnt CovItemId="S4" CovItemPrefix="client.Controller.StructureLocationKey.java" Intrnl_Id="238">
<LocList>
<Loc EndOffset="435" SrcFileId="10" StartOffset="419"/>
</LocList>
</BasicStmnt>
</StmntSeq>
</HierarchyLvl>
<HierarchyLvl HierarchyLvlId="1905" HierarchyLvlTypeId="23" Intrnl_Id="239" Name="hashCode">
<Header>
<Loc EndOffset="477" SrcFileId="10" StartOffset="444"/>
</Header>
<LocList>
<Loc EndOffset="535" SrcFileId="10" StartOffset="444"/>
</LocList>
<StmntSeq Intrnl_Id="240">
<LocList>
<Loc EndOffset="531" SrcFileId="10" StartOffset="483"/>
</LocList>
<BasicStmnt CovItemId="S5" CovItemPrefix="client.Controller.StructureLocationKey.java" Intrnl_Id="241">
<LocList>
<Loc EndOffset="531" SrcFileId="10" StartOffset="483"/>
</LocList>
</BasicStmnt>
</StmntSeq>
</HierarchyLvl>
<HierarchyLvl HierarchyLvlId="1906" HierarchyLvlTypeId="23" Intrnl_Id="242" Name="equals">
<Header>
<Loc EndOffset="583" SrcFileId="10" StartOffset="540"/>
</Header>
<LocList>
<Loc EndOffset="856" SrcFileId="10" StartOffset="540"/>
</LocList>
<StmntSeq Intrnl_Id="243">
<LocList>
<Loc EndOffset="650" SrcFileId="10" StartOffset="589"/>
<Loc EndOffset="741" SrcFileId="10" StartOffset="654"/>
<Loc EndOffset="836" SrcFileId="10" StartOffset="745"/>
<Loc EndOffset="852" SrcFileId="10" StartOffset="840"/>
</LocList>
<CondStmnt CovItemId="S6" CovItemPrefix="client.Controller.StructureLocationKey.java" Intrnl_Id="244">
<Branch CovItemId="B1" CovItemPrefix="client.Controller.StructureLocationKey.java" Implct="false" Intrnl_Id="245">
<Cond/>
<LocList>
<Loc EndOffset="650" SrcFileId="10" StartOffset="626"/>
</LocList>
<StmntSeq Intrnl_Id="246">
<LocList>
<Loc EndOffset="645" SrcFileId="10" StartOffset="632"/>
</LocList>
<BasicStmnt CovItemId="S7" CovItemPrefix="client.Controller.StructureLocationKey.java" Intrnl_Id="247">
<LocList>
<Loc EndOffset="645" SrcFileId="10" StartOffset="632"/>
</LocList>
</BasicStmnt>
</StmntSeq>
</Branch>
<Branch CovItemId="B2" CovItemPrefix="client.Controller.StructureLocationKey.java" Implct="true" Intrnl_Id="248">
<Cond/>
<LocList/>
<StmntSeq Intrnl_Id="249">
<LocList/>
</StmntSeq>
</Branch>
<Keyword EndOffset="591" SrcFileId="10" StartOffset="589"/>
<LocList>
<Loc EndOffset="650" SrcFileId="10" StartOffset="589"/>
</LocList>
<RootTerm CovItemId="C1" CovItemPrefix="client.Controller.StructureLocationKey.java" Intrnl_Id="250">
<BasicBoolTerm Intrnl_Id="251">
<LocList>
<Loc EndOffset="624" SrcFileId="10" StartOffset="593"/>
</LocList>
</BasicBoolTerm>
</RootTerm>
</CondStmnt>
<CondStmnt CovItemId="S8" CovItemPrefix="client.Controller.StructureLocationKey.java" Intrnl_Id="252">
<Branch CovItemId="B3" CovItemPrefix="client.Controller.StructureLocationKey.java" Implct="false" Intrnl_Id="253">
<Cond/>
<LocList>
<Loc EndOffset="741" SrcFileId="10" StartOffset="717"/>
</LocList>
<StmntSeq Intrnl_Id="254">
<LocList>
<Loc EndOffset="736" SrcFileId="10" StartOffset="723"/>
</LocList>
<BasicStmnt CovItemId="S9" CovItemPrefix="client.Controller.StructureLocationKey.java" Intrnl_Id="255">
<LocList>
<Loc EndOffset="736" SrcFileId="10" StartOffset="723"/>
</LocList>
</BasicStmnt>
</StmntSeq>
</Branch>
<Branch CovItemId="B4" CovItemPrefix="client.Controller.StructureLocationKey.java" Implct="true" Intrnl_Id="256">
<Cond/>
<LocList/>
<StmntSeq Intrnl_Id="257">
<LocList/>
</StmntSeq>
</Branch>
<Keyword EndOffset="656" SrcFileId="10" StartOffset="654"/>
<LocList>
<Loc EndOffset="741" SrcFileId="10" StartOffset="654"/>
</LocList>
<RootTerm CovItemId="C2" CovItemPrefix="client.Controller.StructureLocationKey.java" Intrnl_Id="258">
<BasicBoolTerm Intrnl_Id="259">
<LocList>
<Loc EndOffset="715" SrcFileId="10" StartOffset="658"/>
</LocList>
</BasicBoolTerm>
</RootTerm>
</CondStmnt>
<CondStmnt CovItemId="S10" CovItemPrefix="client.Controller.StructureLocationKey.java" Intrnl_Id="260">
<Branch CovItemId="B5" CovItemPrefix="client.Controller.StructureLocationKey.java" Implct="false" Intrnl_Id="261">
<Cond/>
<LocList>
<Loc EndOffset="836" SrcFileId="10" StartOffset="812"/>
</LocList>
<StmntSeq Intrnl_Id="262">
<LocList>
<Loc EndOffset="831" SrcFileId="10" StartOffset="818"/>
</LocList>
<BasicStmnt CovItemId="S11" CovItemPrefix="client.Controller.StructureLocationKey.java" Intrnl_Id="263">
<LocList>
<Loc EndOffset="831" SrcFileId="10" StartOffset="818"/>
</LocList>
</BasicStmnt>
</StmntSeq>
</Branch>
<Branch CovItemId="B6" CovItemPrefix="client.Controller.StructureLocationKey.java" Implct="true" Intrnl_Id="264">
<Cond/>
<LocList/>
<StmntSeq Intrnl_Id="265">
<LocList/>
</StmntSeq>
</Branch>
<Keyword EndOffset="747" SrcFileId="10" StartOffset="745"/>
<LocList>
<Loc EndOffset="836" SrcFileId="10" StartOffset="745"/>
</LocList>
<RootTerm CovItemId="C3" CovItemPrefix="client.Controller.StructureLocationKey.java" Intrnl_Id="266">
<BasicBoolTerm Intrnl_Id="267">
<LocList>
<Loc EndOffset="810" SrcFileId="10" StartOffset="749"/>
</LocList>
</BasicBoolTerm>
</RootTerm>
</CondStmnt>
<BasicStmnt CovItemId="S12" CovItemPrefix="client.Controller.StructureLocationKey.java" Intrnl_Id="268">
<LocList>
<Loc EndOffset="852" SrcFileId="10" StartOffset="840"/>
</LocList>
</BasicStmnt>
</StmntSeq>
</HierarchyLvl>
</HierarchyLvl>
<HierarchyLvl HierarchyLvlId="1917" HierarchyLvlTypeId="24" Intrnl_Id="269" Name="RoadManager">
<Header>
<Loc EndOffset="228" SrcFileId="11" StartOffset="204"/>
</Header>
<LocList>
<Loc EndOffset="19400" SrcFileId="11" StartOffset="204"/>
</LocList>
<HierarchyLvl HierarchyLvlId="1908" HierarchyLvlTypeId="23" Intrnl_Id="270" Name="RoadManager">
<Header>
<Loc EndOffset="396" SrcFileId="11" StartOffset="361"/>
</Header>
<LocList>
<Loc EndOffset="625" SrcFileId="11" StartOffset="361"/>
</LocList>
<StmntSeq Intrnl_Id="271">
<LocList>
<Loc EndOffset="475" SrcFileId="11" StartOffset="404"/>
<Loc EndOffset="591" SrcFileId="11" StartOffset="479"/>
<Loc EndOffset="619" SrcFileId="11" StartOffset="597"/>
</LocList>
<BasicStmnt CovItemId="S1" CovItemPrefix="client.Controller.RoadManager.java" Intrnl_Id="272">
<LocList>
<Loc EndOffset="475" SrcFileId="11" StartOffset="404"/>
</LocList>
</BasicStmnt>
<LoopStmnt CovItemId="S2" CovItemPrefix="client.Controller.RoadManager.java" Intrnl_Id="273" MltplExecId="L1-2" MltplExecPrefix="client.Controller.RoadManager.java" NvrExecId="L1-0" NvrExecPrefix="client.Controller.RoadManager.java" OnceExecutedId="L1-1" OnceExecutedPrefix="client.Controller.RoadManager.java" OptBodyExec="true">
<StmntSeq Intrnl_Id="274">
<LocList>
<Loc EndOffset="586" SrcFileId="11" StartOffset="523"/>
</LocList>
<BasicStmnt CovItemId="S3" CovItemPrefix="client.Controller.RoadManager.java" Intrnl_Id="275">
<LocList>
<Loc EndOffset="586" SrcFileId="11" StartOffset="523"/>
</LocList>
</BasicStmnt>
</StmntSeq>
<Keyword EndOffset="482" SrcFileId="11" StartOffset="479"/>
<LocList>
<Loc EndOffset="591" SrcFileId="11" StartOffset="479"/>
</LocList>
<RootTerm CovItemId="C1" CovItemPrefix="client.Controller.RoadManager.java" Intrnl_Id="276">
<BasicBoolTerm Intrnl_Id="277">
<LocList>
<Loc EndOffset="510" SrcFileId="11" StartOffset="495"/>
</LocList>
</BasicBoolTerm>
</RootTerm>
</LoopStmnt>
<BasicStmnt CovItemId="S4" CovItemPrefix="client.Controller.RoadManager.java" Intrnl_Id="278">
<LocList>
<Loc EndOffset="619" SrcFileId="11" StartOffset="597"/>
</LocList>
</BasicStmnt>
</StmntSeq>
</HierarchyLvl>
<HierarchyLvl HierarchyLvlId="1909" HierarchyLvlTypeId="23" Intrnl_Id="279" Name="findLongestRoadForPlayer">
<Header>
<Loc EndOffset="682" SrcFileId="11" StartOffset="630"/>
</Header>
<LocList>
<Loc EndOffset="1034" SrcFileId="11" StartOffset="630"/>
</LocList>
<StmntSeq Intrnl_Id="280">
<LocList>
<Loc EndOffset="700" SrcFileId="11" StartOffset="688"/>
<Loc EndOffset="1015" SrcFileId="11" StartOffset="704"/>
<Loc EndOffset="1030" SrcFileId="11" StartOffset="1019"/>
</LocList>
<BasicStmnt CovItemId="S5" CovItemPrefix="client.Controller.RoadManager.java" Intrnl_Id="281">
<LocList>
<Loc EndOffset="700" SrcFileId="11" StartOffset="688"/>
</LocList>
</BasicStmnt>
<LoopStmnt CovItemId="S6" CovItemPrefix="client.Controller.RoadManager.java" Intrnl_Id="282" MltplExecId="L2-2" MltplExecPrefix="client.Controller.RoadManager.java" NvrExecId="L2-0" NvrExecPrefix="client.Controller.RoadManager.java" OnceExecutedId="L2-1" OnceExecutedPrefix="client.Controller.RoadManager.java" OptBodyExec="true">
<StmntSeq Intrnl_Id="283">
<LocList>
<Loc EndOffset="834" SrcFileId="11" StartOffset="804"/>
<Loc EndOffset="903" SrcFileId="11" StartOffset="839"/>
<Loc EndOffset="965" SrcFileId="11" StartOffset="908"/>
<Loc EndOffset="1010" SrcFileId="11" StartOffset="970"/>
</LocList>
<BasicStmnt CovItemId="S7" CovItemPrefix="client.Controller.RoadManager.java" Intrnl_Id="284">
<LocList>
<Loc EndOffset="834" SrcFileId="11" StartOffset="804"/>
</LocList>
</BasicStmnt>
<BasicStmnt CovItemId="S8" CovItemPrefix="client.Controller.RoadManager.java" Intrnl_Id="285">
<LocList>
<Loc EndOffset="903" SrcFileId="11" StartOffset="839"/>
</LocList>
</BasicStmnt>
<BasicStmnt CovItemId="S9" CovItemPrefix="client.Controller.RoadManager.java" Intrnl_Id="286">
<LocList>
<Loc EndOffset="965" SrcFileId="11" StartOffset="908"/>
</LocList>
</BasicStmnt>
<CondStmnt CovItemId="S10" CovItemPrefix="client.Controller.RoadManager.java" Intrnl_Id="287">
<Branch CovItemId="B1" CovItemPrefix="client.Controller.RoadManager.java" Implct="false" Intrnl_Id="288">
<Cond/>
<LocList>
<Loc EndOffset="1010" SrcFileId="11" StartOffset="986"/>
</LocList>
<StmntSeq Intrnl_Id="289">
<LocList>
<Loc EndOffset="1004" SrcFileId="11" StartOffset="993"/>
</LocList>
<BasicStmnt CovItemId="S11" CovItemPrefix="client.Controller.RoadManager.java" Intrnl_Id="290">
<LocList>
<Loc EndOffset="1004" SrcFileId="11" StartOffset="993"/>
</LocList>
</BasicStmnt>
</StmntSeq>
</Branch>
<Branch CovItemId="B2" CovItemPrefix="client.Controller.RoadManager.java" Implct="true" Intrnl_Id="291">
<Cond/>
<LocList/>
<StmntSeq Intrnl_Id="292">
<LocList/>
</StmntSeq>
</Branch>
<Keyword EndOffset="972" SrcFileId="11" StartOffset="970"/>
<LocList>
<Loc EndOffset="1010" SrcFileId="11" StartOffset="970"/>
</LocList>
<RootTerm CovItemId="C2" CovItemPrefix="client.Controller.RoadManager.java" Intrnl_Id="293">
<BasicBoolTerm Intrnl_Id="294">
<LocList>
<Loc EndOffset="984" SrcFileId="11" StartOffset="974"/>
</LocList>
</BasicBoolTerm>
</RootTerm>
</CondStmnt>
</StmntSeq>
<Keyword EndOffset="707" SrcFileId="11" StartOffset="704"/>
<LocList>
<Loc EndOffset="1015" SrcFileId="11" StartOffset="704"/>
</LocList>
</LoopStmnt>
<BasicStmnt CovItemId="S12" CovItemPrefix="client.Controller.RoadManager.java" Intrnl_Id="295">
<LocList>
<Loc EndOffset="1030" SrcFileId="11" StartOffset="1019"/>
</LocList>
</BasicStmnt>
</StmntSeq>
</HierarchyLvl>
<HierarchyLvl HierarchyLvlId="1910" HierarchyLvlTypeId="23" Intrnl_Id="296" Name="findLongestRoadForRoadPiece">
<Header>
<Loc EndOffset="1104" SrcFileId="11" StartOffset="1039"/>
</Header>
<LocList>
<Loc EndOffset="1568" SrcFileId="11" StartOffset="1039"/>
</LocList>
<StmntSeq Intrnl_Id="297">
<LocList>
<Loc EndOffset="1211" SrcFileId="11" StartOffset="1110"/>
<Loc EndOffset="1261" SrcFileId="11" StartOffset="1215"/>
<Loc EndOffset="1417" SrcFileId="11" StartOffset="1267"/>
<Loc EndOffset="1435" SrcFileId="11" StartOffset="1423"/>
<Loc EndOffset="1543" SrcFileId="11" StartOffset="1441"/>
<Loc EndOffset="1564" SrcFileId="11" StartOffset="1549"/>
</LocList>
<BasicStmnt CovItemId="S13" CovItemPrefix="client.Controller.RoadManager.java" Intrnl_Id="298">
<LocList>
<Loc EndOffset="1211" SrcFileId="11" StartOffset="1110"/>
</LocList>
</BasicStmnt>
<BasicStmnt CovItemId="S14" CovItemPrefix="client.Controller.RoadManager.java" Intrnl_Id="299">
<LocList>
<Loc EndOffset="1261" SrcFileId="11" StartOffset="1215"/>
</LocList>
</BasicStmnt>
<LoopStmnt CovItemId="S15" CovItemPrefix="client.Controller.RoadManager.java" Intrnl_Id="300" MltplExecId="L3-2" MltplExecPrefix="client.Controller.RoadManager.java" NvrExecId="L3-0" NvrExecPrefix="client.Controller.RoadManager.java" OnceExecutedId="L3-1" OnceExecutedPrefix="client.Controller.RoadManager.java" OptBodyExec="true">
<StmntSeq Intrnl_Id="301">
<LocList>
<Loc EndOffset="1412" SrcFileId="11" StartOffset="1320"/>
</LocList>
<BasicStmnt CovItemId="S16" CovItemPrefix="client.Controller.RoadManager.java" Intrnl_Id="302">
<LocList>
<Loc EndOffset="1412" SrcFileId="11" StartOffset="1320"/>
</LocList>
</BasicStmnt>
</StmntSeq>
<Keyword EndOffset="1270" SrcFileId="11" StartOffset="1267"/>
<LocList>
<Loc EndOffset="1417" SrcFileId="11" StartOffset="1267"/>
</LocList>
<RootTerm CovItemId="C3" CovItemPrefix="client.Controller.RoadManager.java" Intrnl_Id="303">
<BasicBoolTerm Intrnl_Id="304">
<LocList>
<Loc EndOffset="1307" SrcFileId="11" StartOffset="1283"/>
</LocList>
</BasicBoolTerm>
</RootTerm>
</LoopStmnt>
<BasicStmnt CovItemId="S17" CovItemPrefix="client.Controller.RoadManager.java" Intrnl_Id="305">
<LocList>
<Loc EndOffset="1435" SrcFileId="11" StartOffset="1423"/>
</LocList>
</BasicStmnt>
<LoopStmnt CovItemId="S18" CovItemPrefix="client.Controller.RoadManager.java" Intrnl_Id="306" MltplExecId="L4-2" MltplExecPrefix="client.Controller.RoadManager.java" NvrExecId="L4-0" NvrExecPrefix="client.Controller.RoadManager.java" OnceExecutedId="L4-1" OnceExecutedPrefix="client.Controller.RoadManager.java" OptBodyExec="true">
<StmntSeq Intrnl_Id="307">
<LocList>
<Loc EndOffset="1538" SrcFileId="11" StartOffset="1494"/>
</LocList>
<CondStmnt CovItemId="S19" CovItemPrefix="client.Controller.RoadManager.java" Intrnl_Id="308">
<Branch CovItemId="B3" CovItemPrefix="client.Controller.RoadManager.java" Implct="false" Intrnl_Id="309">
<Cond/>
<LocList>
<Loc EndOffset="1538" SrcFileId="11" StartOffset="1521"/>
</LocList>
<StmntSeq Intrnl_Id="310">
<LocList>
<Loc EndOffset="1538" SrcFileId="11" StartOffset="1521"/>
</LocList>
<BasicStmnt CovItemId="S20" CovItemPrefix="client.Controller.RoadManager.java" Intrnl_Id="311">
<LocList>
<Loc EndOffset="1538" SrcFileId="11" StartOffset="1521"/>
</LocList>
</BasicStmnt>
</StmntSeq>
</Branch>
<Branch CovItemId="B4" CovItemPrefix="client.Controller.RoadManager.java" Implct="true" Intrnl_Id="312">
<Cond/>
<LocList/>
<StmntSeq Intrnl_Id="313">
<LocList/>
</StmntSeq>
</Branch>
<Keyword EndOffset="1496" SrcFileId="11" StartOffset="1494"/>
<LocList>
<Loc EndOffset="1538" SrcFileId="11" StartOffset="1494"/>
</LocList>
<RootTerm CovItemId="C5" CovItemPrefix="client.Controller.RoadManager.java" Intrnl_Id="314">
<BasicBoolTerm Intrnl_Id="315">
<LocList>
<Loc EndOffset="1514" SrcFileId="11" StartOffset="1498"/>
</LocList>
</BasicBoolTerm>
</RootTerm>
</CondStmnt>
</StmntSeq>
<Keyword EndOffset="1444" SrcFileId="11" StartOffset="1441"/>
<LocList>
<Loc EndOffset="1543" SrcFileId="11" StartOffset="1441"/>
</LocList>
<RootTerm CovItemId="C4" CovItemPrefix="client.Controller.RoadManager.java" Intrnl_Id="316">
<BasicBoolTerm Intrnl_Id="317">
<LocList>
<Loc EndOffset="1481" SrcFileId="11" StartOffset="1457"/>
</LocList>
</BasicBoolTerm>
</RootTerm>
</LoopStmnt>
<BasicStmnt CovItemId="S21" CovItemPrefix="client.Controller.RoadManager.java" Intrnl_Id="318">
<LocList>
<Loc EndOffset="1564" SrcFileId="11" StartOffset="1549"/>
</LocList>
</BasicStmnt>
</StmntSeq>
</HierarchyLvl>
<HierarchyLvl HierarchyLvlId="1911" HierarchyLvlTypeId="23" Intrnl_Id="319" Name="findLongestRoad">
<Header>
<Loc EndOffset="1678" SrcFileId="11" StartOffset="1573"/>
</Header>
<LocList>
<Loc EndOffset="2711" SrcFileId="11" StartOffset="1573"/>
</LocList>
<StmntSeq Intrnl_Id="320">
<LocList>
<Loc EndOffset="1804" SrcFileId="11" StartOffset="1686"/>
<Loc EndOffset="1867" SrcFileId="11" StartOffset="1808"/>
<Loc EndOffset="2037" SrcFileId="11" StartOffset="1871"/>
<Loc EndOffset="2080" SrcFileId="11" StartOffset="2043"/>
<Loc EndOffset="2127" SrcFileId="11" StartOffset="2086"/>
<Loc EndOffset="2179" SrcFileId="11" StartOffset="2133"/>
<Loc EndOffset="2262" SrcFileId="11" StartOffset="2183"/>
<Loc EndOffset="2297" SrcFileId="11" StartOffset="2266"/>
<Loc EndOffset="2422" SrcFileId="11" StartOffset="2303"/>
<Loc EndOffset="2664" SrcFileId="11" StartOffset="2428"/>
<Loc EndOffset="2707" SrcFileId="11" StartOffset="2694"/>
</LocList>
<BasicStmnt CovItemId="S22" CovItemPrefix="client.Controller.RoadManager.java" Intrnl_Id="321">
<LocList>
<Loc EndOffset="1804" SrcFileId="11" StartOffset="1686"/>
</LocList>
</BasicStmnt>
<BasicStmnt CovItemId="S23" CovItemPrefix="client.Controller.RoadManager.java" Intrnl_Id="322">
<LocList>
<Loc EndOffset="1867" SrcFileId="11" StartOffset="1808"/>
</LocList>
</BasicStmnt>
<LoopStmnt CovItemId="S24" CovItemPrefix="client.Controller.RoadManager.java" Intrnl_Id="323" MltplExecId="L5-2" MltplExecPrefix="client.Controller.RoadManager.java" NvrExecId="L5-0" NvrExecPrefix="client.Controller.RoadManager.java" OnceExecutedId="L5-1" OnceExecutedPrefix="client.Controller.RoadManager.java" OptBodyExec="true">
<StmntSeq Intrnl_Id="324">
<LocList>
<Loc EndOffset="2032" SrcFileId="11" StartOffset="1923"/>
</LocList>
<CondStmnt CovItemId="S25" CovItemPrefix="client.Controller.RoadManager.java" Intrnl_Id="325">
<Branch CovItemId="B5" CovItemPrefix="client.Controller.RoadManager.java" Implct="false" Intrnl_Id="326">
<Cond/>
<LocList>
<Loc EndOffset="2032" SrcFileId="11" StartOffset="1985"/>
</LocList>
<StmntSeq Intrnl_Id="327">
<LocList>
<Loc EndOffset="2026" SrcFileId="11" StartOffset="1992"/>
</LocList>
<BasicStmnt CovItemId="S26" CovItemPrefix="client.Controller.RoadManager.java" Intrnl_Id="328">
<LocList>
<Loc EndOffset="2026" SrcFileId="11" StartOffset="1992"/>
</LocList>
</BasicStmnt>
</StmntSeq>
</Branch>
<Branch CovItemId="B6" CovItemPrefix="client.Controller.RoadManager.java" Implct="true" Intrnl_Id="329">
<Cond/>
<LocList/>
<StmntSeq Intrnl_Id="330">
<LocList/>
</StmntSeq>
</Branch>
<Keyword EndOffset="1925" SrcFileId="11" StartOffset="1923"/>
<LocList>
<Loc EndOffset="2032" SrcFileId="11" StartOffset="1923"/>
</LocList>
<RootTerm CovItemId="C7" CovItemPrefix="client.Controller.RoadManager.java" Intrnl_Id="331">
<OpTerm BooleanOpId="20" Intrnl_Id="332">
<BasicBoolTerm Intrnl_Id="333">
<LocList>
<Loc EndOffset="1982" SrcFileId="11" StartOffset="1929"/>
</LocList>
</BasicBoolTerm>
<LocList>
<Loc EndOffset="1928" SrcFileId="11" StartOffset="1927"/>
</LocList>
</OpTerm>
</RootTerm>
</CondStmnt>
</StmntSeq>
<Keyword EndOffset="1874" SrcFileId="11" StartOffset="1871"/>
<LocList>
<Loc EndOffset="2037" SrcFileId="11" StartOffset="1871"/>
</LocList>
<RootTerm CovItemId="C6" CovItemPrefix="client.Controller.RoadManager.java" Intrnl_Id="334">
<BasicBoolTerm Intrnl_Id="335">
<LocList>
<Loc EndOffset="1910" SrcFileId="11" StartOffset="1887"/>
</LocList>
</BasicBoolTerm>
</RootTerm>
</LoopStmnt>
<BasicStmnt CovItemId="S27" CovItemPrefix="client.Controller.RoadManager.java" Intrnl_Id="336">
<LocList>
<Loc EndOffset="2080" SrcFileId="11" StartOffset="2043"/>
</LocList>
</BasicStmnt>
<CondStmnt CovItemId="S28" CovItemPrefix="client.Controller.RoadManager.java" Intrnl_Id="337">
<Branch CovItemId="B7" CovItemPrefix="client.Controller.RoadManager.java" Implct="false" Intrnl_Id="338">
<Cond/>
<LocList>
<Loc EndOffset="2127" SrcFileId="11" StartOffset="2107"/>
</LocList>
<StmntSeq Intrnl_Id="339">
<LocList>
<Loc EndOffset="2122" SrcFileId="11" StartOffset="2113"/>
</LocList>
<BasicStmnt CovItemId="S29" CovItemPrefix="client.Controller.RoadManager.java" Intrnl_Id="340">
<LocList>
<Loc EndOffset="2122" SrcFileId="11" StartOffset="2113"/>
</LocList>
</BasicStmnt>
</StmntSeq>
</Branch>
<Branch CovItemId="B8" CovItemPrefix="client.Controller.RoadManager.java" Implct="true" Intrnl_Id="341">
<Cond/>
<LocList/>
<StmntSeq Intrnl_Id="342">
<LocList/>
</StmntSeq>
</Branch>
<Keyword EndOffset="2088" SrcFileId="11" StartOffset="2086"/>
<LocList>
<Loc EndOffset="2127" SrcFileId="11" StartOffset="2086"/>
</LocList>
<RootTerm CovItemId="C8" CovItemPrefix="client.Controller.RoadManager.java" Intrnl_Id="343">
<BasicBoolTerm Intrnl_Id="344">
<LocList>
<Loc EndOffset="2105" SrcFileId="11" StartOffset="2090"/>
</LocList>
</BasicBoolTerm>
</RootTerm>
</CondStmnt>
<BasicStmnt CovItemId="S30" CovItemPrefix="client.Controller.RoadManager.java" Intrnl_Id="345">
<LocList>
<Loc EndOffset="2179" SrcFileId="11" StartOffset="2133"/>
</LocList>
</BasicStmnt>
<BasicStmnt CovItemId="S31" CovItemPrefix="client.Controller.RoadManager.java" Intrnl_Id="346">
<LocList>
<Loc EndOffset="2262" SrcFileId="11" StartOffset="2183"/>
</LocList>
</BasicStmnt>
<BasicStmnt CovItemId="S32" CovItemPrefix="client.Controller.RoadManager.java" Intrnl_Id="347">
<LocList>
<Loc EndOffset="2297" SrcFileId="11" StartOffset="2266"/>
</LocList>
</BasicStmnt>
<CondStmnt CovItemId="S33" CovItemPrefix="client.Controller.RoadManager.java" Intrnl_Id="348">
<Branch CovItemId="B9" CovItemPrefix="client.Controller.RoadManager.java" Implct="false" Intrnl_Id="349">
<Cond/>
<LocList>
<Loc EndOffset="2422" SrcFileId="11" StartOffset="2324"/>
</LocList>
<StmntSeq Intrnl_Id="350">
<LocList>
<Loc EndOffset="2417" SrcFileId="11" StartOffset="2330"/>
</LocList>
<BasicStmnt CovItemId="S34" CovItemPrefix="client.Controller.RoadManager.java" Intrnl_Id="351">
<LocList>
<Loc EndOffset="2417" SrcFileId="11" StartOffset="2330"/>
</LocList>
</BasicStmnt>
</StmntSeq>
</Branch>
<Branch CovItemId="B10" CovItemPrefix="client.Controller.RoadManager.java" Implct="true" Intrnl_Id="352">
<Cond/>
<LocList/>
<StmntSeq Intrnl_Id="353">
<LocList/>
</StmntSeq>
</Branch>
<Keyword EndOffset="2305" SrcFileId="11" StartOffset="2303"/>
<LocList>
<Loc EndOffset="2422" SrcFileId="11" StartOffset="2303"/>
</LocList>
<RootTerm CovItemId="C9" CovItemPrefix="client.Controller.RoadManager.java" Intrnl_Id="354">
<BasicBoolTerm Intrnl_Id="355">
<LocList>
<Loc EndOffset="2322" SrcFileId="11" StartOffset="2307"/>
</LocList>
</BasicBoolTerm>
</RootTerm>
</CondStmnt>
<CondStmnt CovItemId="S35" CovItemPrefix="client.Controller.RoadManager.java" Intrnl_Id="356">
<Branch CovItemId="B11" CovItemPrefix="client.Controller.RoadManager.java" Implct="false" Intrnl_Id="357">
<Cond/>
<LocList>
<Loc EndOffset="2664" SrcFileId="11" StartOffset="2449"/>
</LocList>
<StmntSeq Intrnl_Id="358">
<LocList>
<Loc EndOffset="2539" SrcFileId="11" StartOffset="2455"/>
<Loc EndOffset="2628" SrcFileId="11" StartOffset="2544"/>
<Loc EndOffset="2659" SrcFileId="11" StartOffset="2633"/>
</LocList>
<BasicStmnt CovItemId="S36" CovItemPrefix="client.Controller.RoadManager.java" Intrnl_Id="359">
<LocList>
<Loc EndOffset="2539" SrcFileId="11" StartOffset="2455"/>
</LocList>
</BasicStmnt>
<BasicStmnt CovItemId="S37" CovItemPrefix="client.Controller.RoadManager.java" Intrnl_Id="360">
<LocList>
<Loc EndOffset="2628" SrcFileId="11" StartOffset="2544"/>
</LocList>
</BasicStmnt>
<BasicStmnt CovItemId="S38" CovItemPrefix="client.Controller.RoadManager.java" Intrnl_Id="361">
<LocList>
<Loc EndOffset="2659" SrcFileId="11" StartOffset="2633"/>
</LocList>
</BasicStmnt>
</StmntSeq>
</Branch>
<Branch CovItemId="B12" CovItemPrefix="client.Controller.RoadManager.java" Implct="true" Intrnl_Id="362">
<Cond/>
<LocList/>
<StmntSeq Intrnl_Id="363">
<LocList/>
</StmntSeq>
</Branch>
<Keyword EndOffset="2430" SrcFileId="11" StartOffset="2428"/>
<LocList>
<Loc EndOffset="2664" SrcFileId="11" StartOffset="2428"/>
</LocList>
<RootTerm CovItemId="C10" CovItemPrefix="client.Controller.RoadManager.java" Intrnl_Id="364">
<BasicBoolTerm Intrnl_Id="365">
<LocList>
<Loc EndOffset="2447" SrcFileId="11" StartOffset="2432"/>
</LocList>
</BasicBoolTerm>
</RootTerm>
</CondStmnt>
<BasicStmnt CovItemId="S39" CovItemPrefix="client.Controller.RoadManager.java" Intrnl_Id="366">
<LocList>
<Loc EndOffset="2707" SrcFileId="11" StartOffset="2694"/>
</LocList>
</BasicStmnt>
</StmntSeq>
</HierarchyLvl>
<HierarchyLvl HierarchyLvlId="1912" HierarchyLvlTypeId="23" Intrnl_Id="367" Name="containsRoad">
<Header>
<Loc EndOffset="2791" SrcFileId="11" StartOffset="2716"/>
</Header>
<LocList>
<Loc EndOffset="2956" SrcFileId="11" StartOffset="2716"/>
</LocList>
<StmntSeq Intrnl_Id="368">
<LocList>
<Loc EndOffset="2935" SrcFileId="11" StartOffset="2797"/>
<Loc EndOffset="2952" SrcFileId="11" StartOffset="2939"/>
</LocList>
<LoopStmnt CovItemId="S40" CovItemPrefix="client.Controller.RoadManager.java" Intrnl_Id="369" MltplExecId="L6-2" MltplExecPrefix="client.Controller.RoadManager.java" NvrExecId="L6-0" NvrExecPrefix="client.Controller.RoadManager.java" OnceExecutedId="L6-1" OnceExecutedPrefix="client.Controller.RoadManager.java" OptBodyExec="true">
<StmntSeq Intrnl_Id="370">
<LocList>
<Loc EndOffset="2930" SrcFileId="11" StartOffset="2859"/>
</LocList>
<CondStmnt CovItemId="S41" CovItemPrefix="client.Controller.RoadManager.java" Intrnl_Id="371">
<Branch CovItemId="B13" CovItemPrefix="client.Controller.RoadManager.java" Implct="false" Intrnl_Id="372">
<Cond/>
<LocList>
<Loc EndOffset="2930" SrcFileId="11" StartOffset="2905"/>
</LocList>
<StmntSeq Intrnl_Id="373">
<LocList>
<Loc EndOffset="2924" SrcFileId="11" StartOffset="2912"/>
</LocList>
<BasicStmnt CovItemId="S42" CovItemPrefix="client.Controller.RoadManager.java" Intrnl_Id="374">
<LocList>
<Loc EndOffset="2924" SrcFileId="11" StartOffset="2912"/>
</LocList>
</BasicStmnt>
</StmntSeq>
</Branch>
<Branch CovItemId="B14" CovItemPrefix="client.Controller.RoadManager.java" Implct="true" Intrnl_Id="375">
<Cond/>
<LocList/>
<StmntSeq Intrnl_Id="376">
<LocList/>
</StmntSeq>
</Branch>
<Keyword EndOffset="2861" SrcFileId="11" StartOffset="2859"/>
<LocList>
<Loc EndOffset="2930" SrcFileId="11" StartOffset="2859"/>
</LocList>
<RootTerm CovItemId="C12" CovItemPrefix="client.Controller.RoadManager.java" Intrnl_Id="377">
<BasicBoolTerm Intrnl_Id="378">
<LocList>
<Loc EndOffset="2903" SrcFileId="11" StartOffset="2863"/>
</LocList>
</BasicBoolTerm>
</RootTerm>
</CondStmnt>
</StmntSeq>
<Keyword EndOffset="2800" SrcFileId="11" StartOffset="2797"/>
<LocList>
<Loc EndOffset="2935" SrcFileId="11" StartOffset="2797"/>
</LocList>
<RootTerm CovItemId="C11" CovItemPrefix="client.Controller.RoadManager.java" Intrnl_Id="379">
<BasicBoolTerm Intrnl_Id="380">
<LocList>
<Loc EndOffset="2846" SrcFileId="11" StartOffset="2813"/>
</LocList>
</BasicBoolTerm>
</RootTerm>
</LoopStmnt>
<BasicStmnt CovItemId="S43" CovItemPrefix="client.Controller.RoadManager.java" Intrnl_Id="381">
<LocList>
<Loc EndOffset="2952" SrcFileId="11" StartOffset="2939"/>
</LocList>
</BasicStmnt>
</StmntSeq>
</HierarchyLvl>
<HierarchyLvl HierarchyLvlId="1913" HierarchyLvlTypeId="23" Intrnl_Id="382" Name="addRoadPiece">
<Header>
<Loc EndOffset="3148" SrcFileId="11" StartOffset="3092"/>
</Header>
<LocList>
<Loc EndOffset="8080" SrcFileId="11" StartOffset="3092"/>
</LocList>
<StmntSeq Intrnl_Id="383">
<LocList>
<Loc EndOffset="3479" SrcFileId="11" StartOffset="3365"/>
<Loc EndOffset="3510" SrcFileId="11" StartOffset="3485"/>
<Loc EndOffset="3729" SrcFileId="11" StartOffset="3514"/>
<Loc EndOffset="8076" SrcFileId="11" StartOffset="3735"/>
</LocList>
<CondStmnt CovItemId="S44" CovItemPrefix="client.Controller.RoadManager.java" Intrnl_Id="384">
<Branch CovItemId="B15" CovItemPrefix="client.Controller.RoadManager.java" Implct="false" Intrnl_Id="385">
<Cond/>
<LocList>
<Loc EndOffset="3479" SrcFileId="11" StartOffset="3401"/>
</LocList>
<StmntSeq Intrnl_Id="386">
<LocList>
<Loc EndOffset="3479" SrcFileId="11" StartOffset="3401"/>
</LocList>
<BasicStmnt CovItemId="S45" CovItemPrefix="client.Controller.RoadManager.java" Intrnl_Id="387">
<LocList>
<Loc EndOffset="3479" SrcFileId="11" StartOffset="3401"/>
</LocList>
</BasicStmnt>
</StmntSeq>
</Branch>
<Branch CovItemId="B16" CovItemPrefix="client.Controller.RoadManager.java" Implct="true" Intrnl_Id="388">
<Cond/>
<LocList/>
<StmntSeq Intrnl_Id="389">
<LocList/>
</StmntSeq>
</Branch>
<Keyword EndOffset="3367" SrcFileId="11" StartOffset="3365"/>
<LocList>
<Loc EndOffset="3479" SrcFileId="11" StartOffset="3365"/>
</LocList>
<RootTerm CovItemId="C13" CovItemPrefix="client.Controller.RoadManager.java" Intrnl_Id="390">
<OpTerm BooleanOpId="19" Intrnl_Id="391">
<BasicBoolTerm Intrnl_Id="392">
<LocList>
<Loc EndOffset="3379" SrcFileId="11" StartOffset="3368"/>
</LocList>
</BasicBoolTerm>
<BasicBoolTerm Intrnl_Id="393">
<LocList>
<Loc EndOffset="3395" SrcFileId="11" StartOffset="3383"/>
</LocList>
</BasicBoolTerm>
<LocList>
<Loc EndOffset="3382" SrcFileId="11" StartOffset="3380"/>
</LocList>
</OpTerm>
</RootTerm>
</CondStmnt>
<BasicStmnt CovItemId="S46" CovItemPrefix="client.Controller.RoadManager.java" Intrnl_Id="394">
<LocList>
<Loc EndOffset="3510" SrcFileId="11" StartOffset="3485"/>
</LocList>
</BasicStmnt>
<LoopStmnt CovItemId="S47" CovItemPrefix="client.Controller.RoadManager.java" Intrnl_Id="395" MltplExecId="L7-2" MltplExecPrefix="client.Controller.RoadManager.java" NvrExecId="L7-0" NvrExecPrefix="client.Controller.RoadManager.java" OnceExecutedId="L7-1" OnceExecutedPrefix="client.Controller.RoadManager.java" OptBodyExec="true">
<StmntSeq Intrnl_Id="396">
<LocList>
<Loc EndOffset="3724" SrcFileId="11" StartOffset="3585"/>
</LocList>
<CondStmnt CovItemId="S48" CovItemPrefix="client.Controller.RoadManager.java" Intrnl_Id="397">
<Branch CovItemId="B17" CovItemPrefix="client.Controller.RoadManager.java" Implct="false" Intrnl_Id="398">
<Cond/>
<LocList>
<Loc EndOffset="3724" SrcFileId="11" StartOffset="3618"/>
</LocList>
<StmntSeq Intrnl_Id="399">
<LocList>
<Loc EndOffset="3718" SrcFileId="11" StartOffset="3700"/>
</LocList>
<BasicStmnt CovItemId="S49" CovItemPrefix="client.Controller.RoadManager.java" Intrnl_Id="400">
<LocList>
<Loc EndOffset="3718" SrcFileId="11" StartOffset="3700"/>
</LocList>
</BasicStmnt>
</StmntSeq>
</Branch>
<Branch CovItemId="B18" CovItemPrefix="client.Controller.RoadManager.java" Implct="true" Intrnl_Id="401">
<Cond/>
<LocList/>
<StmntSeq Intrnl_Id="402">
<LocList/>
</StmntSeq>
</Branch>
<Keyword EndOffset="3587" SrcFileId="11" StartOffset="3585"/>
<LocList>
<Loc EndOffset="3724" SrcFileId="11" StartOffset="3585"/>
</LocList>
<RootTerm CovItemId="C14" CovItemPrefix="client.Controller.RoadManager.java" Intrnl_Id="403">
<BasicBoolTerm Intrnl_Id="404">
<LocList>
<Loc EndOffset="3616" SrcFileId="11" StartOffset="3589"/>
</LocList>
</BasicBoolTerm>
</RootTerm>
</CondStmnt>
</StmntSeq>
<Keyword EndOffset="3517" SrcFileId="11" StartOffset="3514"/>
<LocList>
<Loc EndOffset="3729" SrcFileId="11" StartOffset="3514"/>
</LocList>
</LoopStmnt>
<CondStmnt CovItemId="S50" CovItemPrefix="client.Controller.RoadManager.java" Intrnl_Id="405">
<Branch CovItemId="B19" CovItemPrefix="client.Controller.RoadManager.java" Implct="false" Intrnl_Id="406">
<Cond/>
<LocList>
<Loc EndOffset="8076" SrcFileId="11" StartOffset="3750"/>
</LocList>
<StmntSeq Intrnl_Id="407">
<LocList>
<Loc EndOffset="3988" SrcFileId="11" StartOffset="3918"/>
<Loc EndOffset="4063" SrcFileId="11" StartOffset="3993"/>
<Loc EndOffset="4095" SrcFileId="11" StartOffset="4068"/>
<Loc EndOffset="4185" SrcFileId="11" StartOffset="4102"/>
<Loc EndOffset="4370" SrcFileId="11" StartOffset="4190"/>
<Loc EndOffset="4460" SrcFileId="11" StartOffset="4377"/>
<Loc EndOffset="4645" SrcFileId="11" StartOffset="4465"/>
<Loc EndOffset="8003" SrcFileId="11" StartOffset="4652"/>
<Loc EndOffset="8071" SrcFileId="11" StartOffset="8010"/>
</LocList>
<BasicStmnt CovItemId="S51" CovItemPrefix="client.Controller.RoadManager.java" Intrnl_Id="408">
<LocList>
<Loc EndOffset="3988" SrcFileId="11" StartOffset="3918"/>
</LocList>
</BasicStmnt>
<BasicStmnt CovItemId="S52" CovItemPrefix="client.Controller.RoadManager.java" Intrnl_Id="409">
<LocList>
<Loc EndOffset="4063" SrcFileId="11" StartOffset="3993"/>
</LocList>
</BasicStmnt>
<BasicStmnt CovItemId="S53" CovItemPrefix="client.Controller.RoadManager.java" Intrnl_Id="410">
<LocList>
<Loc EndOffset="4095" SrcFileId="11" StartOffset="4068"/>
</LocList>
</BasicStmnt>
<BasicStmnt CovItemId="S54" CovItemPrefix="client.Controller.RoadManager.java" Intrnl_Id="411">
<LocList>
<Loc EndOffset="4185" SrcFileId="11" StartOffset="4102"/>
</LocList>
</BasicStmnt>
<LoopStmnt CovItemId="S55" CovItemPrefix="client.Controller.RoadManager.java" Intrnl_Id="412" MltplExecId="L8-2" MltplExecPrefix="client.Controller.RoadManager.java" NvrExecId="L8-0" NvrExecPrefix="client.Controller.RoadManager.java" OnceExecutedId="L8-1" OnceExecutedPrefix="client.Controller.RoadManager.java" OptBodyExec="true">
<StmntSeq Intrnl_Id="413">
<LocList>
<Loc EndOffset="4364" SrcFileId="11" StartOffset="4228"/>
</LocList>
<CondStmnt CovItemId="S56" CovItemPrefix="client.Controller.RoadManager.java" Intrnl_Id="414">
<Branch CovItemId="B21" CovItemPrefix="client.Controller.RoadManager.java" Implct="false" Intrnl_Id="415">
<Cond/>
<LocList>
<Loc EndOffset="4364" SrcFileId="11" StartOffset="4291"/>
</LocList>
<StmntSeq Intrnl_Id="416">
<LocList>
<Loc EndOffset="4332" SrcFileId="11" StartOffset="4299"/>
<Loc EndOffset="4357" SrcFileId="11" StartOffset="4339"/>
</LocList>
<BasicStmnt CovItemId="S57" CovItemPrefix="client.Controller.RoadManager.java" Intrnl_Id="417">
<LocList>
<Loc EndOffset="4332" SrcFileId="11" StartOffset="4299"/>
</LocList>
</BasicStmnt>
<BasicStmnt CovItemId="S58" CovItemPrefix="client.Controller.RoadManager.java" Intrnl_Id="418">
<LocList>
<Loc EndOffset="4357" SrcFileId="11" StartOffset="4339"/>
</LocList>
</BasicStmnt>
</StmntSeq>
</Branch>
<Branch CovItemId="B22" CovItemPrefix="client.Controller.RoadManager.java" Implct="true" Intrnl_Id="419">
<Cond/>
<LocList/>
<StmntSeq Intrnl_Id="420">
<LocList/>
</StmntSeq>
</Branch>
<Keyword EndOffset="4230" SrcFileId="11" StartOffset="4228"/>
<LocList>
<Loc EndOffset="4364" SrcFileId="11" StartOffset="4228"/>
</LocList>
<RootTerm CovItemId="C16" CovItemPrefix="client.Controller.RoadManager.java" Intrnl_Id="421">
<BasicBoolTerm Intrnl_Id="422">
<LocList>
<Loc EndOffset="4289" SrcFileId="11" StartOffset="4232"/>
</LocList>
</BasicBoolTerm>
</RootTerm>
</CondStmnt>
</StmntSeq>
<Keyword EndOffset="4193" SrcFileId="11" StartOffset="4190"/>
<LocList>
<Loc EndOffset="4370" SrcFileId="11" StartOffset="4190"/>
</LocList>
</LoopStmnt>
<BasicStmnt CovItemId="S59" CovItemPrefix="client.Controller.RoadManager.java" Intrnl_Id="423">
<LocList>
<Loc EndOffset="4460" SrcFileId="11" StartOffset="4377"/>
</LocList>
</BasicStmnt>
<LoopStmnt CovItemId="S60" CovItemPrefix="client.Controller.RoadManager.java" Intrnl_Id="424" MltplExecId="L9-2" MltplExecPrefix="client.Controller.RoadManager.java" NvrExecId="L9-0" NvrExecPrefix="client.Controller.RoadManager.java" OnceExecutedId="L9-1" OnceExecutedPrefix="client.Controller.RoadManager.java" OptBodyExec="true">
<StmntSeq Intrnl_Id="425">
<LocList>
<Loc EndOffset="4639" SrcFileId="11" StartOffset="4503"/>
</LocList>
<CondStmnt CovItemId="S61" CovItemPrefix="client.Controller.RoadManager.java" Intrnl_Id="426">
<Branch CovItemId="B23" CovItemPrefix="client.Controller.RoadManager.java" Implct="false" Intrnl_Id="427">
<Cond/>
<LocList>
<Loc EndOffset="4639" SrcFileId="11" StartOffset="4566"/>
</LocList>
<StmntSeq Intrnl_Id="428">
<LocList>
<Loc EndOffset="4607" SrcFileId="11" StartOffset="4574"/>
<Loc EndOffset="4632" SrcFileId="11" StartOffset="4614"/>
</LocList>
<BasicStmnt CovItemId="S62" CovItemPrefix="client.Controller.RoadManager.java" Intrnl_Id="429">
<LocList>
<Loc EndOffset="4607" SrcFileId="11" StartOffset="4574"/>
</LocList>
</BasicStmnt>
<BasicStmnt CovItemId="S63" CovItemPrefix="client.Controller.RoadManager.java" Intrnl_Id="430">
<LocList>
<Loc EndOffset="4632" SrcFileId="11" StartOffset="4614"/>
</LocList>
</BasicStmnt>
</StmntSeq>
</Branch>
<Branch CovItemId="B24" CovItemPrefix="client.Controller.RoadManager.java" Implct="true" Intrnl_Id="431">
<Cond/>
<LocList/>
<StmntSeq Intrnl_Id="432">
<LocList/>
</StmntSeq>
</Branch>
<Keyword EndOffset="4505" SrcFileId="11" StartOffset="4503"/>
<LocList>
<Loc EndOffset="4639" SrcFileId="11" StartOffset="4503"/>
</LocList>
<RootTerm CovItemId="C17" CovItemPrefix="client.Controller.RoadManager.java" Intrnl_Id="433">
<BasicBoolTerm Intrnl_Id="434">
<LocList>
<Loc EndOffset="4564" SrcFileId="11" StartOffset="4507"/>
</LocList>
</BasicBoolTerm>
</RootTerm>
</CondStmnt>
</StmntSeq>
<Keyword EndOffset="4468" SrcFileId="11" StartOffset="4465"/>
<LocList>
<Loc EndOffset="4645" SrcFileId="11" StartOffset="4465"/>
</LocList>
</LoopStmnt>
<CondStmnt CovItemId="S64" CovItemPrefix="client.Controller.RoadManager.java" Intrnl_Id="435">
<Branch CovItemId="B25" CovItemPrefix="client.Controller.RoadManager.java" Implct="false" Intrnl_Id="436">
<Cond/>
<LocList>
<Loc EndOffset="8003" SrcFileId="11" StartOffset="4668"/>
</LocList>
<StmntSeq Intrnl_Id="437">
<LocList>
<Loc EndOffset="4813" SrcFileId="11" StartOffset="4737"/>
<Loc EndOffset="4947" SrcFileId="11" StartOffset="4819"/>
<Loc EndOffset="5031" SrcFileId="11" StartOffset="4955"/>
<Loc EndOffset="5165" SrcFileId="11" StartOffset="5037"/>
<Loc EndOffset="5321" SrcFileId="11" StartOffset="5173"/>
<Loc EndOffset="6776" SrcFileId="11" StartOffset="5561"/>
<Loc EndOffset="7997" SrcFileId="11" StartOffset="6782"/>
</LocList>
<BasicStmnt CovItemId="S65" CovItemPrefix="client.Controller.RoadManager.java" Intrnl_Id="438">
<LocList>
<Loc EndOffset="4813" SrcFileId="11" StartOffset="4737"/>
</LocList>
</BasicStmnt>
<LoopStmnt CovItemId="S66" CovItemPrefix="client.Controller.RoadManager.java" Intrnl_Id="439" MltplExecId="L10-2" MltplExecPrefix="client.Controller.RoadManager.java" NvrExecId="L10-0" NvrExecPrefix="client.Controller.RoadManager.java" OnceExecutedId="L10-1" OnceExecutedPrefix="client.Controller.RoadManager.java" OptBodyExec="true">
<StmntSeq Intrnl_Id="440">
<LocList>
<Loc EndOffset="4940" SrcFileId="11" StartOffset="4884"/>
</LocList>
<BasicStmnt CovItemId="S67" CovItemPrefix="client.Controller.RoadManager.java" Intrnl_Id="441">
<LocList>
<Loc EndOffset="4940" SrcFileId="11" StartOffset="4884"/>
</LocList>
</BasicStmnt>
</StmntSeq>
<Keyword EndOffset="4822" SrcFileId="11" StartOffset="4819"/>
<LocList>
<Loc EndOffset="4947" SrcFileId="11" StartOffset="4819"/>
</LocList>
<RootTerm CovItemId="C19" CovItemPrefix="client.Controller.RoadManager.java" Intrnl_Id="442">
<BasicBoolTerm Intrnl_Id="443">
<LocList>
<Loc EndOffset="4869" SrcFileId="11" StartOffset="4835"/>
</LocList>
</BasicBoolTerm>
</RootTerm>
</LoopStmnt>
<BasicStmnt CovItemId="S68" CovItemPrefix="client.Controller.RoadManager.java" Intrnl_Id="444">
<LocList>
<Loc EndOffset="5031" SrcFileId="11" StartOffset="4955"/>
</LocList>
</BasicStmnt>
<LoopStmnt CovItemId="S69" CovItemPrefix="client.Controller.RoadManager.java" Intrnl_Id="445" MltplExecId="L11-2" MltplExecPrefix="client.Controller.RoadManager.java" NvrExecId="L11-0" NvrExecPrefix="client.Controller.RoadManager.java" OnceExecutedId="L11-1" OnceExecutedPrefix="client.Controller.RoadManager.java" OptBodyExec="true">
<StmntSeq Intrnl_Id="446">
<LocList>
<Loc EndOffset="5158" SrcFileId="11" StartOffset="5102"/>
</LocList>
<BasicStmnt CovItemId="S70" CovItemPrefix="client.Controller.RoadManager.java" Intrnl_Id="447">
<LocList>
<Loc EndOffset="5158" SrcFileId="11" StartOffset="5102"/>
</LocList>
</BasicStmnt>
</StmntSeq>
<Keyword EndOffset="5040" SrcFileId="11" StartOffset="5037"/>
<LocList>
<Loc EndOffset="5165" SrcFileId="11" StartOffset="5037"/>
</LocList>
<RootTerm CovItemId="C20" CovItemPrefix="client.Controller.RoadManager.java" Intrnl_Id="448">
<BasicBoolTerm Intrnl_Id="449">
<LocList>
<Loc EndOffset="5087" SrcFileId="11" StartOffset="5053"/>
</LocList>
</BasicBoolTerm>
</RootTerm>
</LoopStmnt>
<BasicStmnt CovItemId="S71" CovItemPrefix="client.Controller.RoadManager.java" Intrnl_Id="450">
<LocList>
<Loc EndOffset="5321" SrcFileId="11" StartOffset="5173"/>
</LocList>
</BasicStmnt>
<LoopStmnt CovItemId="S72" CovItemPrefix="client.Controller.RoadManager.java" Intrnl_Id="451" MltplExecId="L12-2" MltplExecPrefix="client.Controller.RoadManager.java" NvrExecId="L12-0" NvrExecPrefix="client.Controller.RoadManager.java" OnceExecutedId="L12-1" OnceExecutedPrefix="client.Controller.RoadManager.java" OptBodyExec="true">
<StmntSeq Intrnl_Id="452">
<LocList>
<Loc EndOffset="5639" SrcFileId="11" StartOffset="5605"/>
<Loc EndOffset="5703" SrcFileId="11" StartOffset="5646"/>
<Loc EndOffset="6204" SrcFileId="11" StartOffset="5710"/>
<Loc EndOffset="6268" SrcFileId="11" StartOffset="6211"/>
<Loc EndOffset="6769" SrcFileId="11" StartOffset="6275"/>
</LocList>
<BasicStmnt CovItemId="S73" CovItemPrefix="client.Controller.RoadManager.java" Intrnl_Id="453">
<LocList>
<Loc EndOffset="5639" SrcFileId="11" StartOffset="5605"/>
</LocList>
</BasicStmnt>
<BasicStmnt CovItemId="S74" CovItemPrefix="client.Controller.RoadManager.java" Intrnl_Id="454">
<LocList>
<Loc EndOffset="5703" SrcFileId="11" StartOffset="5646"/>
</LocList>
</BasicStmnt>
<LoopStmnt CovItemId="S75" CovItemPrefix="client.Controller.RoadManager.java" Intrnl_Id="455" MltplExecId="L13-2" MltplExecPrefix="client.Controller.RoadManager.java" NvrExecId="L13-0" NvrExecPrefix="client.Controller.RoadManager.java" OnceExecutedId="L13-1" OnceExecutedPrefix="client.Controller.RoadManager.java" OptBodyExec="true">
<StmntSeq Intrnl_Id="456">
<LocList>
<Loc EndOffset="6196" SrcFileId="11" StartOffset="5754"/>
</LocList>
<CondStmnt CovItemId="S76" CovItemPrefix="client.Controller.RoadManager.java" Intrnl_Id="457">
<Branch CovItemId="B27" CovItemPrefix="client.Controller.RoadManager.java" Implct="false" Intrnl_Id="458">
<Cond/>
<LocList>
<Loc EndOffset="6196" SrcFileId="11" StartOffset="5777"/>
</LocList>
<StmntSeq Intrnl_Id="459">
<LocList>
<Loc EndOffset="5897" SrcFileId="11" StartOffset="5787"/>
<Loc EndOffset="5950" SrcFileId="11" StartOffset="5906"/>
<Loc EndOffset="6047" SrcFileId="11" StartOffset="5959"/>
<Loc EndOffset="6092" SrcFileId="11" StartOffset="6056"/>
<Loc EndOffset="6187" SrcFileId="11" StartOffset="6101"/>
</LocList>
<BasicStmnt CovItemId="S77" CovItemPrefix="client.Controller.RoadManager.java" Intrnl_Id="460">
<LocList>
<Loc EndOffset="5897" SrcFileId="11" StartOffset="5787"/>
</LocList>
</BasicStmnt>
<BasicStmnt CovItemId="S78" CovItemPrefix="client.Controller.RoadManager.java" Intrnl_Id="461">
<LocList>
<Loc EndOffset="5950" SrcFileId="11" StartOffset="5906"/>
</LocList>
</BasicStmnt>
<LoopStmnt CovItemId="S79" CovItemPrefix="client.Controller.RoadManager.java" Intrnl_Id="462" MltplExecId="L14-2" MltplExecPrefix="client.Controller.RoadManager.java" NvrExecId="L14-0" NvrExecPrefix="client.Controller.RoadManager.java" OnceExecutedId="L14-1" OnceExecutedPrefix="client.Controller.RoadManager.java" OptBodyExec="true">
<StmntSeq Intrnl_Id="463">
<LocList>
<Loc EndOffset="6037" SrcFileId="11" StartOffset="6013"/>
</LocList>
<BasicStmnt CovItemId="S80" CovItemPrefix="client.Controller.RoadManager.java" Intrnl_Id="464">
<LocList>
<Loc EndOffset="6037" SrcFileId="11" StartOffset="6013"/>
</LocList>
</BasicStmnt>
</StmntSeq>
<Keyword EndOffset="5962" SrcFileId="11" StartOffset="5959"/>
<LocList>
<Loc EndOffset="6047" SrcFileId="11" StartOffset="5959"/>
</LocList>
<RootTerm CovItemId="C23" CovItemPrefix="client.Controller.RoadManager.java" Intrnl_Id="465">
<BasicBoolTerm Intrnl_Id="466">
<LocList>
<Loc EndOffset="5995" SrcFileId="11" StartOffset="5975"/>
</LocList>
</BasicBoolTerm>
</RootTerm>
</LoopStmnt>
<BasicStmnt CovItemId="S81" CovItemPrefix="client.Controller.RoadManager.java" Intrnl_Id="467">
<LocList>
<Loc EndOffset="6092" SrcFileId="11" StartOffset="6056"/>
</LocList>
</BasicStmnt>
<BasicStmnt CovItemId="S82" CovItemPrefix="client.Controller.RoadManager.java" Intrnl_Id="468">
<LocList>
<Loc EndOffset="6187" SrcFileId="11" StartOffset="6101"/>
</LocList>
</BasicStmnt>
</StmntSeq>
</Branch>
<Branch CovItemId="B28" CovItemPrefix="client.Controller.RoadManager.java" Implct="true" Intrnl_Id="469">
<Cond/>
<LocList/>
<StmntSeq Intrnl_Id="470">
<LocList/>
</StmntSeq>
</Branch>
<Keyword EndOffset="5756" SrcFileId="11" StartOffset="5754"/>
<LocList>
<Loc EndOffset="6196" SrcFileId="11" StartOffset="5754"/>
</LocList>
<RootTerm CovItemId="C22" CovItemPrefix="client.Controller.RoadManager.java" Intrnl_Id="471">
<BasicBoolTerm Intrnl_Id="472">
<LocList>
<Loc EndOffset="5775" SrcFileId="11" StartOffset="5758"/>
</LocList>
</BasicBoolTerm>
</RootTerm>
</CondStmnt>
</StmntSeq>
<Keyword EndOffset="5713" SrcFileId="11" StartOffset="5710"/>
<LocList>
<Loc EndOffset="6204" SrcFileId="11" StartOffset="5710"/>
</LocList>
<RootTerm CovItemId="C21" CovItemPrefix="client.Controller.RoadManager.java" Intrnl_Id="473">
<BasicBoolTerm Intrnl_Id="474">
<LocList>
<Loc EndOffset="5738" SrcFileId="11" StartOffset="5726"/>
</LocList>
</BasicBoolTerm>
</RootTerm>
</LoopStmnt>
<BasicStmnt CovItemId="S83" CovItemPrefix="client.Controller.RoadManager.java" Intrnl_Id="475">
<LocList>
<Loc EndOffset="6268" SrcFileId="11" StartOffset="6211"/>
</LocList>
</BasicStmnt>
<LoopStmnt CovItemId="S84" CovItemPrefix="client.Controller.RoadManager.java" Intrnl_Id="476" MltplExecId="L15-2" MltplExecPrefix="client.Controller.RoadManager.java" NvrExecId="L15-0" NvrExecPrefix="client.Controller.RoadManager.java" OnceExecutedId="L15-1" OnceExecutedPrefix="client.Controller.RoadManager.java" OptBodyExec="true">
<StmntSeq Intrnl_Id="477">
<LocList>
<Loc EndOffset="6761" SrcFileId="11" StartOffset="6319"/>
</LocList>
<CondStmnt CovItemId="S85" CovItemPrefix="client.Controller.RoadManager.java" Intrnl_Id="478">
<Branch CovItemId="B29" CovItemPrefix="client.Controller.RoadManager.java" Implct="false" Intrnl_Id="479">
<Cond/>
<LocList>
<Loc EndOffset="6761" SrcFileId="11" StartOffset="6342"/>
</LocList>
<StmntSeq Intrnl_Id="480">
<LocList>
<Loc EndOffset="6462" SrcFileId="11" StartOffset="6352"/>
<Loc EndOffset="6515" SrcFileId="11" StartOffset="6471"/>
<Loc EndOffset="6612" SrcFileId="11" StartOffset="6524"/>
<Loc EndOffset="6657" SrcFileId="11" StartOffset="6621"/>
<Loc EndOffset="6752" SrcFileId="11" StartOffset="6666"/>
</LocList>
<BasicStmnt CovItemId="S86" CovItemPrefix="client.Controller.RoadManager.java" Intrnl_Id="481">
<LocList>
<Loc EndOffset="6462" SrcFileId="11" StartOffset="6352"/>
</LocList>
</BasicStmnt>
<BasicStmnt CovItemId="S87" CovItemPrefix="client.Controller.RoadManager.java" Intrnl_Id="482">
<LocList>
<Loc EndOffset="6515" SrcFileId="11" StartOffset="6471"/>
</LocList>
</BasicStmnt>
<LoopStmnt CovItemId="S88" CovItemPrefix="client.Controller.RoadManager.java" Intrnl_Id="483" MltplExecId="L16-2" MltplExecPrefix="client.Controller.RoadManager.java" NvrExecId="L16-0" NvrExecPrefix="client.Controller.RoadManager.java" OnceExecutedId="L16-1" OnceExecutedPrefix="client.Controller.RoadManager.java" OptBodyExec="true">
<StmntSeq Intrnl_Id="484">
<LocList>
<Loc EndOffset="6602" SrcFileId="11" StartOffset="6578"/>
</LocList>
<BasicStmnt CovItemId="S89" CovItemPrefix="client.Controller.RoadManager.java" Intrnl_Id="485">
<LocList>
<Loc EndOffset="6602" SrcFileId="11" StartOffset="6578"/>
</LocList>
</BasicStmnt>
</StmntSeq>
<Keyword EndOffset="6527" SrcFileId="11" StartOffset="6524"/>
<LocList>
<Loc EndOffset="6612" SrcFileId="11" StartOffset="6524"/>
</LocList>
<RootTerm CovItemId="C26" CovItemPrefix="client.Controller.RoadManager.java" Intrnl_Id="486">
<BasicBoolTerm Intrnl_Id="487">
<LocList>
<Loc EndOffset="6560" SrcFileId="11" StartOffset="6540"/>
</LocList>
</BasicBoolTerm>
</RootTerm>
</LoopStmnt>
<BasicStmnt CovItemId="S90" CovItemPrefix="client.Controller.RoadManager.java" Intrnl_Id="488">
<LocList>
<Loc EndOffset="6657" SrcFileId="11" StartOffset="6621"/>
</LocList>
</BasicStmnt>
<BasicStmnt CovItemId="S91" CovItemPrefix="client.Controller.RoadManager.java" Intrnl_Id="489">
<LocList>
<Loc EndOffset="6752" SrcFileId="11" StartOffset="6666"/>
</LocList>
</BasicStmnt>
</StmntSeq>
</Branch>
<Branch CovItemId="B30" CovItemPrefix="client.Controller.RoadManager.java" Implct="true" Intrnl_Id="490">
<Cond/>
<LocList/>
<StmntSeq Intrnl_Id="491">
<LocList/>
</StmntSeq>
</Branch>
<Keyword EndOffset="6321" SrcFileId="11" StartOffset="6319"/>
<LocList>
<Loc EndOffset="6761" SrcFileId="11" StartOffset="6319"/>
</LocList>
<RootTerm CovItemId="C25" CovItemPrefix="client.Controller.RoadManager.java" Intrnl_Id="492">
<BasicBoolTerm Intrnl_Id="493">
<LocList>
<Loc EndOffset="6340" SrcFileId="11" StartOffset="6323"/>
</LocList>
</BasicBoolTerm>
</RootTerm>
</CondStmnt>
</StmntSeq>
<Keyword EndOffset="6278" SrcFileId="11" StartOffset="6275"/>
<LocList>
<Loc EndOffset="6769" SrcFileId="11" StartOffset="6275"/>
</LocList>
<RootTerm CovItemId="C24" CovItemPrefix="client.Controller.RoadManager.java" Intrnl_Id="494">
<BasicBoolTerm Intrnl_Id="495">
<LocList>
<Loc EndOffset="6303" SrcFileId="11" StartOffset="6291"/>
</LocList>
</BasicBoolTerm>
</RootTerm>
</LoopStmnt>
</StmntSeq>
<Keyword EndOffset="5564" SrcFileId="11" StartOffset="5561"/>
<LocList>
<Loc EndOffset="6776" SrcFileId="11" StartOffset="5561"/>
</LocList>
</LoopStmnt>
<LoopStmnt CovItemId="S92" CovItemPrefix="client.Controller.RoadManager.java" Intrnl_Id="496" MltplExecId="L17-2" MltplExecPrefix="client.Controller.RoadManager.java" NvrExecId="L17-0" NvrExecPrefix="client.Controller.RoadManager.java" OnceExecutedId="L17-1" OnceExecutedPrefix="client.Controller.RoadManager.java" OptBodyExec="true">
<StmntSeq Intrnl_Id="497">
<LocList>
<Loc EndOffset="6860" SrcFileId="11" StartOffset="6826"/>
<Loc EndOffset="6924" SrcFileId="11" StartOffset="6867"/>
<Loc EndOffset="7425" SrcFileId="11" StartOffset="6931"/>
<Loc EndOffset="7489" SrcFileId="11" StartOffset="7432"/>
<Loc EndOffset="7990" SrcFileId="11" StartOffset="7496"/>
</LocList>
<BasicStmnt CovItemId="S93" CovItemPrefix="client.Controller.RoadManager.java" Intrnl_Id="498">
<LocList>
<Loc EndOffset="6860" SrcFileId="11" StartOffset="6826"/>
</LocList>
</BasicStmnt>
<BasicStmnt CovItemId="S94" CovItemPrefix="client.Controller.RoadManager.java" Intrnl_Id="499">
<LocList>
<Loc EndOffset="6924" SrcFileId="11" StartOffset="6867"/>
</LocList>
</BasicStmnt>
<LoopStmnt CovItemId="S95" CovItemPrefix="client.Controller.RoadManager.java" Intrnl_Id="500" MltplExecId="L18-2" MltplExecPrefix="client.Controller.RoadManager.java" NvrExecId="L18-0" NvrExecPrefix="client.Controller.RoadManager.java" OnceExecutedId="L18-1" OnceExecutedPrefix="client.Controller.RoadManager.java" OptBodyExec="true">
<StmntSeq Intrnl_Id="501">
<LocList>
<Loc EndOffset="7417" SrcFileId="11" StartOffset="6975"/>
</LocList>
<CondStmnt CovItemId="S96" CovItemPrefix="client.Controller.RoadManager.java" Intrnl_Id="502">
<Branch CovItemId="B31" CovItemPrefix="client.Controller.RoadManager.java" Implct="false" Intrnl_Id="503">
<Cond/>
<LocList>
<Loc EndOffset="7417" SrcFileId="11" StartOffset="6998"/>
</LocList>
<StmntSeq Intrnl_Id="504">
<LocList>
<Loc EndOffset="7118" SrcFileId="11" StartOffset="7008"/>
<Loc EndOffset="7171" SrcFileId="11" StartOffset="7127"/>
<Loc EndOffset="7268" SrcFileId="11" StartOffset="7180"/>
<Loc EndOffset="7313" SrcFileId="11" StartOffset="7277"/>
<Loc EndOffset="7408" SrcFileId="11" StartOffset="7322"/>
</LocList>
<BasicStmnt CovItemId="S97" CovItemPrefix="client.Controller.RoadManager.java" Intrnl_Id="505">
<LocList>
<Loc EndOffset="7118" SrcFileId="11" StartOffset="7008"/>
</LocList>
</BasicStmnt>
<BasicStmnt CovItemId="S98" CovItemPrefix="client.Controller.RoadManager.java" Intrnl_Id="506">
<LocList>
<Loc EndOffset="7171" SrcFileId="11" StartOffset="7127"/>
</LocList>
</BasicStmnt>
<LoopStmnt CovItemId="S99" CovItemPrefix="client.Controller.RoadManager.java" Intrnl_Id="507" MltplExecId="L19-2" MltplExecPrefix="client.Controller.RoadManager.java" NvrExecId="L19-0" NvrExecPrefix="client.Controller.RoadManager.java" OnceExecutedId="L19-1" OnceExecutedPrefix="client.Controller.RoadManager.java" OptBodyExec="true">
<StmntSeq Intrnl_Id="508">
<LocList>
<Loc EndOffset="7258" SrcFileId="11" StartOffset="7234"/>
</LocList>
<BasicStmnt CovItemId="S100" CovItemPrefix="client.Controller.RoadManager.java" Intrnl_Id="509">
<LocList>
<Loc EndOffset="7258" SrcFileId="11" StartOffset="7234"/>
</LocList>
</BasicStmnt>
</StmntSeq>
<Keyword EndOffset="7183" SrcFileId="11" StartOffset="7180"/>
<LocList>
<Loc EndOffset="7268" SrcFileId="11" StartOffset="7180"/>
</LocList>
<RootTerm CovItemId="C29" CovItemPrefix="client.Controller.RoadManager.java" Intrnl_Id="510">
<BasicBoolTerm Intrnl_Id="511">
<LocList>
<Loc EndOffset="7216" SrcFileId="11" StartOffset="7196"/>
</LocList>
</BasicBoolTerm>
</RootTerm>
</LoopStmnt>
<BasicStmnt CovItemId="S101" CovItemPrefix="client.Controller.RoadManager.java" Intrnl_Id="512">
<LocList>
<Loc EndOffset="7313" SrcFileId="11" StartOffset="7277"/>
</LocList>
</BasicStmnt>
<BasicStmnt CovItemId="S102" CovItemPrefix="client.Controller.RoadManager.java" Intrnl_Id="513">
<LocList>
<Loc EndOffset="7408" SrcFileId="11" StartOffset="7322"/>
</LocList>
</BasicStmnt>
</StmntSeq>
</Branch>
<Branch CovItemId="B32" CovItemPrefix="client.Controller.RoadManager.java" Implct="true" Intrnl_Id="514">
<Cond/>
<LocList/>
<StmntSeq Intrnl_Id="515">
<LocList/>
</StmntSeq>
</Branch>
<Keyword EndOffset="6977" SrcFileId="11" StartOffset="6975"/>
<LocList>
<Loc EndOffset="7417" SrcFileId="11" StartOffset="6975"/>
</LocList>
<RootTerm CovItemId="C28" CovItemPrefix="client.Controller.RoadManager.java" Intrnl_Id="516">
<BasicBoolTerm Intrnl_Id="517">
<LocList>
<Loc EndOffset="6996" SrcFileId="11" StartOffset="6979"/>
</LocList>
</BasicBoolTerm>
</RootTerm>
</CondStmnt>
</StmntSeq>
<Keyword EndOffset="6934" SrcFileId="11" StartOffset="6931"/>
<LocList>
<Loc EndOffset="7425" SrcFileId="11" StartOffset="6931"/>
</LocList>
<RootTerm CovItemId="C27" CovItemPrefix="client.Controller.RoadManager.java" Intrnl_Id="518">
<BasicBoolTerm Intrnl_Id="519">
<LocList>
<Loc EndOffset="6959" SrcFileId="11" StartOffset="6947"/>
</LocList>
</BasicBoolTerm>
</RootTerm>
</LoopStmnt>
<BasicStmnt CovItemId="S103" CovItemPrefix="client.Controller.RoadManager.java" Intrnl_Id="520">
<LocList>
<Loc EndOffset="7489" SrcFileId="11" StartOffset="7432"/>
</LocList>
</BasicStmnt>
<LoopStmnt CovItemId="S104" CovItemPrefix="client.Controller.RoadManager.java" Intrnl_Id="521" MltplExecId="L20-2" MltplExecPrefix="client.Controller.RoadManager.java" NvrExecId="L20-0" NvrExecPrefix="client.Controller.RoadManager.java" OnceExecutedId="L20-1" OnceExecutedPrefix="client.Controller.RoadManager.java" OptBodyExec="true">
<StmntSeq Intrnl_Id="522">
<LocList>
<Loc EndOffset="7982" SrcFileId="11" StartOffset="7540"/>
</LocList>
<CondStmnt CovItemId="S105" CovItemPrefix="client.Controller.RoadManager.java" Intrnl_Id="523">
<Branch CovItemId="B33" CovItemPrefix="client.Controller.RoadManager.java" Implct="false" Intrnl_Id="524">
<Cond/>
<LocList>
<Loc EndOffset="7982" SrcFileId="11" StartOffset="7563"/>
</LocList>
<StmntSeq Intrnl_Id="525">
<LocList>
<Loc EndOffset="7683" SrcFileId="11" StartOffset="7573"/>
<Loc EndOffset="7736" SrcFileId="11" StartOffset="7692"/>
<Loc EndOffset="7833" SrcFileId="11" StartOffset="7745"/>
<Loc EndOffset="7878" SrcFileId="11" StartOffset="7842"/>
<Loc EndOffset="7973" SrcFileId="11" StartOffset="7887"/>
</LocList>
<BasicStmnt CovItemId="S106" CovItemPrefix="client.Controller.RoadManager.java" Intrnl_Id="526">
<LocList>
<Loc EndOffset="7683" SrcFileId="11" StartOffset="7573"/>
</LocList>
</BasicStmnt>
<BasicStmnt CovItemId="S107" CovItemPrefix="client.Controller.RoadManager.java" Intrnl_Id="527">
<LocList>
<Loc EndOffset="7736" SrcFileId="11" StartOffset="7692"/>
</LocList>
</BasicStmnt>
<LoopStmnt CovItemId="S108" CovItemPrefix="client.Controller.RoadManager.java" Intrnl_Id="528" MltplExecId="L21-2" MltplExecPrefix="client.Controller.RoadManager.java" NvrExecId="L21-0" NvrExecPrefix="client.Controller.RoadManager.java" OnceExecutedId="L21-1" OnceExecutedPrefix="client.Controller.RoadManager.java" OptBodyExec="true">
<StmntSeq Intrnl_Id="529">
<LocList>
<Loc EndOffset="7823" SrcFileId="11" StartOffset="7799"/>
</LocList>
<BasicStmnt CovItemId="S109" CovItemPrefix="client.Controller.RoadManager.java" Intrnl_Id="530">
<LocList>
<Loc EndOffset="7823" SrcFileId="11" StartOffset="7799"/>
</LocList>
</BasicStmnt>
</StmntSeq>
<Keyword EndOffset="7748" SrcFileId="11" StartOffset="7745"/>
<LocList>
<Loc EndOffset="7833" SrcFileId="11" StartOffset="7745"/>
</LocList>
<RootTerm CovItemId="C32" CovItemPrefix="client.Controller.RoadManager.java" Intrnl_Id="531">
<BasicBoolTerm Intrnl_Id="532">
<LocList>
<Loc EndOffset="7781" SrcFileId="11" StartOffset="7761"/>
</LocList>
</BasicBoolTerm>
</RootTerm>
</LoopStmnt>
<BasicStmnt CovItemId="S110" CovItemPrefix="client.Controller.RoadManager.java" Intrnl_Id="533">
<LocList>
<Loc EndOffset="7878" SrcFileId="11" StartOffset="7842"/>
</LocList>
</BasicStmnt>
<BasicStmnt CovItemId="S111" CovItemPrefix="client.Controller.RoadManager.java" Intrnl_Id="534">
<LocList>
<Loc EndOffset="7973" SrcFileId="11" StartOffset="7887"/>
</LocList>
</BasicStmnt>
</StmntSeq>
</Branch>
<Branch CovItemId="B34" CovItemPrefix="client.Controller.RoadManager.java" Implct="true" Intrnl_Id="535">
<Cond/>
<LocList/>
<StmntSeq Intrnl_Id="536">
<LocList/>
</StmntSeq>
</Branch>
<Keyword EndOffset="7542" SrcFileId="11" StartOffset="7540"/>
<LocList>
<Loc EndOffset="7982" SrcFileId="11" StartOffset="7540"/>
</LocList>
<RootTerm CovItemId="C31" CovItemPrefix="client.Controller.RoadManager.java" Intrnl_Id="537">
<BasicBoolTerm Intrnl_Id="538">
<LocList>
<Loc EndOffset="7561" SrcFileId="11" StartOffset="7544"/>
</LocList>
</BasicBoolTerm>
</RootTerm>
</CondStmnt>
</StmntSeq>
<Keyword EndOffset="7499" SrcFileId="11" StartOffset="7496"/>
<LocList>
<Loc EndOffset="7990" SrcFileId="11" StartOffset="7496"/>
</LocList>
<RootTerm CovItemId="C30" CovItemPrefix="client.Controller.RoadManager.java" Intrnl_Id="539">
<BasicBoolTerm Intrnl_Id="540">
<LocList>
<Loc EndOffset="7524" SrcFileId="11" StartOffset="7512"/>
</LocList>
</BasicBoolTerm>
</RootTerm>
</LoopStmnt>
</StmntSeq>
<Keyword EndOffset="6785" SrcFileId="11" StartOffset="6782"/>
<LocList>
<Loc EndOffset="7997" SrcFileId="11" StartOffset="6782"/>
</LocList>
</LoopStmnt>
</StmntSeq>
</Branch>
<Branch CovItemId="B26" CovItemPrefix="client.Controller.RoadManager.java" Implct="true" Intrnl_Id="541">
<Cond/>
<LocList/>
<StmntSeq Intrnl_Id="542">
<LocList/>
</StmntSeq>
</Branch>
<Keyword EndOffset="4654" SrcFileId="11" StartOffset="4652"/>
<LocList>
<Loc EndOffset="8003" SrcFileId="11" StartOffset="4652"/>
</LocList>
<RootTerm CovItemId="C18" CovItemPrefix="client.Controller.RoadManager.java" Intrnl_Id="543">
<BasicBoolTerm Intrnl_Id="544">
<LocList>
<Loc EndOffset="4666" SrcFileId="11" StartOffset="4656"/>
</LocList>
</BasicBoolTerm>
</RootTerm>
</CondStmnt>
<BasicStmnt CovItemId="S112" CovItemPrefix="client.Controller.RoadManager.java" Intrnl_Id="545">
<LocList>
<Loc EndOffset="8071" SrcFileId="11" StartOffset="8010"/>
</LocList>
</BasicStmnt>
</StmntSeq>
</Branch>
<Branch CovItemId="B20" CovItemPrefix="client.Controller.RoadManager.java" Implct="true" Intrnl_Id="546">
<Cond/>
<LocList/>
<StmntSeq Intrnl_Id="547">
<LocList/>
</StmntSeq>
</Branch>
<Keyword EndOffset="3737" SrcFileId="11" StartOffset="3735"/>
<LocList>
<Loc EndOffset="8076" SrcFileId="11" StartOffset="3735"/>
</LocList>
<RootTerm CovItemId="C15" CovItemPrefix="client.Controller.RoadManager.java" Intrnl_Id="548">
<BasicBoolTerm Intrnl_Id="549">
<LocList>
<Loc EndOffset="3748" SrcFileId="11" StartOffset="3739"/>
</LocList>
</BasicBoolTerm>
</RootTerm>
</CondStmnt>
</StmntSeq>
</HierarchyLvl>
<HierarchyLvl HierarchyLvlId="1914" HierarchyLvlTypeId="23" Intrnl_Id="550" Name="addRoadPieceAtBeginning">
<Header>
<Loc EndOffset="8152" SrcFileId="11" StartOffset="8085"/>
</Header>
<LocList>
<Loc EndOffset="12675" SrcFileId="11" StartOffset="8085"/>
</LocList>
<StmntSeq Intrnl_Id="551">
<LocList>
<Loc EndOffset="8400" SrcFileId="11" StartOffset="8375"/>
<Loc EndOffset="8619" SrcFileId="11" StartOffset="8404"/>
<Loc EndOffset="12669" SrcFileId="11" StartOffset="8625"/>
</LocList>
<BasicStmnt CovItemId="S113" CovItemPrefix="client.Controller.RoadManager.java" Intrnl_Id="552">
<LocList>
<Loc EndOffset="8400" SrcFileId="11" StartOffset="8375"/>
</LocList>
</BasicStmnt>
<LoopStmnt CovItemId="S114" CovItemPrefix="client.Controller.RoadManager.java" Intrnl_Id="553" MltplExecId="L22-2" MltplExecPrefix="client.Controller.RoadManager.java" NvrExecId="L22-0" NvrExecPrefix="client.Controller.RoadManager.java" OnceExecutedId="L22-1" OnceExecutedPrefix="client.Controller.RoadManager.java" OptBodyExec="true">
<StmntSeq Intrnl_Id="554">
<LocList>
<Loc EndOffset="8614" SrcFileId="11" StartOffset="8475"/>
</LocList>
<CondStmnt CovItemId="S115" CovItemPrefix="client.Controller.RoadManager.java" Intrnl_Id="555">
<Branch CovItemId="B35" CovItemPrefix="client.Controller.RoadManager.java" Implct="false" Intrnl_Id="556">
<Cond/>
<LocList>
<Loc EndOffset="8614" SrcFileId="11" StartOffset="8508"/>
</LocList>
<StmntSeq Intrnl_Id="557">
<LocList>
<Loc EndOffset="8608" SrcFileId="11" StartOffset="8590"/>
</LocList>
<BasicStmnt CovItemId="S116" CovItemPrefix="client.Controller.RoadManager.java" Intrnl_Id="558">
<LocList>
<Loc EndOffset="8608" SrcFileId="11" StartOffset="8590"/>
</LocList>
</BasicStmnt>
</StmntSeq>
</Branch>
<Branch CovItemId="B36" CovItemPrefix="client.Controller.RoadManager.java" Implct="true" Intrnl_Id="559">
<Cond/>
<LocList/>
<StmntSeq Intrnl_Id="560">
<LocList/>
</StmntSeq>
</Branch>
<Keyword EndOffset="8477" SrcFileId="11" StartOffset="8475"/>
<LocList>
<Loc EndOffset="8614" SrcFileId="11" StartOffset="8475"/>
</LocList>
<RootTerm CovItemId="C33" CovItemPrefix="client.Controller.RoadManager.java" Intrnl_Id="561">
<BasicBoolTerm Intrnl_Id="562">
<LocList>
<Loc EndOffset="8506" SrcFileId="11" StartOffset="8479"/>
</LocList>
</BasicBoolTerm>
</RootTerm>
</CondStmnt>
</StmntSeq>
<Keyword EndOffset="8407" SrcFileId="11" StartOffset="8404"/>
<LocList>
<Loc EndOffset="8619" SrcFileId="11" StartOffset="8404"/>
</LocList>
</LoopStmnt>
<CondStmnt CovItemId="S117" CovItemPrefix="client.Controller.RoadManager.java" Intrnl_Id="563">
<Branch CovItemId="B37" CovItemPrefix="client.Controller.RoadManager.java" Implct="false" Intrnl_Id="564">
<Cond/>
<LocList>
<Loc EndOffset="12669" SrcFileId="11" StartOffset="8640"/>
</LocList>
<StmntSeq Intrnl_Id="565">
<LocList>
<Loc EndOffset="8838" SrcFileId="11" StartOffset="8768"/>
<Loc EndOffset="8913" SrcFileId="11" StartOffset="8843"/>
<Loc EndOffset="9003" SrcFileId="11" StartOffset="8920"/>
<Loc EndOffset="9163" SrcFileId="11" StartOffset="9008"/>
<Loc EndOffset="9253" SrcFileId="11" StartOffset="9170"/>
<Loc EndOffset="9413" SrcFileId="11" StartOffset="9258"/>
<Loc EndOffset="9549" SrcFileId="11" StartOffset="9481"/>
<Loc EndOffset="9680" SrcFileId="11" StartOffset="9554"/>
<Loc EndOffset="9755" SrcFileId="11" StartOffset="9687"/>
<Loc EndOffset="9886" SrcFileId="11" StartOffset="9760"/>
<Loc EndOffset="10038" SrcFileId="11" StartOffset="9893"/>
<Loc EndOffset="11428" SrcFileId="11" StartOffset="10265"/>
<Loc EndOffset="12596" SrcFileId="11" StartOffset="11433"/>
<Loc EndOffset="12664" SrcFileId="11" StartOffset="12603"/>
</LocList>
<BasicStmnt CovItemId="S118" CovItemPrefix="client.Controller.RoadManager.java" Intrnl_Id="566">
<LocList>
<Loc EndOffset="8838" SrcFileId="11" StartOffset="8768"/>
</LocList>
</BasicStmnt>
<BasicStmnt CovItemId="S119" CovItemPrefix="client.Controller.RoadManager.java" Intrnl_Id="567">
<LocList>
<Loc EndOffset="8913" SrcFileId="11" StartOffset="8843"/>
</LocList>
</BasicStmnt>
<BasicStmnt CovItemId="S120" CovItemPrefix="client.Controller.RoadManager.java" Intrnl_Id="568">
<LocList>
<Loc EndOffset="9003" SrcFileId="11" StartOffset="8920"/>
</LocList>
</BasicStmnt>
<LoopStmnt CovItemId="S121" CovItemPrefix="client.Controller.RoadManager.java" Intrnl_Id="569" MltplExecId="L23-2" MltplExecPrefix="client.Controller.RoadManager.java" NvrExecId="L23-0" NvrExecPrefix="client.Controller.RoadManager.java" OnceExecutedId="L23-1" OnceExecutedPrefix="client.Controller.RoadManager.java" OptBodyExec="true">
<StmntSeq Intrnl_Id="570">
<LocList>
<Loc EndOffset="9157" SrcFileId="11" StartOffset="9046"/>
</LocList>
<CondStmnt CovItemId="S122" CovItemPrefix="client.Controller.RoadManager.java" Intrnl_Id="571">
<Branch CovItemId="B39" CovItemPrefix="client.Controller.RoadManager.java" Implct="false" Intrnl_Id="572">
<Cond/>
<LocList>
<Loc EndOffset="9157" SrcFileId="11" StartOffset="9109"/>
</LocList>
<StmntSeq Intrnl_Id="573">
<LocList>
<Loc EndOffset="9150" SrcFileId="11" StartOffset="9117"/>
</LocList>
<BasicStmnt CovItemId="S123" CovItemPrefix="client.Controller.RoadManager.java" Intrnl_Id="574">
<LocList>
<Loc EndOffset="9150" SrcFileId="11" StartOffset="9117"/>
</LocList>
</BasicStmnt>
</StmntSeq>
</Branch>
<Branch CovItemId="B40" CovItemPrefix="client.Controller.RoadManager.java" Implct="true" Intrnl_Id="575">
<Cond/>
<LocList/>
<StmntSeq Intrnl_Id="576">
<LocList/>
</StmntSeq>
</Branch>
<Keyword EndOffset="9048" SrcFileId="11" StartOffset="9046"/>
<LocList>
<Loc EndOffset="9157" SrcFileId="11" StartOffset="9046"/>
</LocList>
<RootTerm CovItemId="C35" CovItemPrefix="client.Controller.RoadManager.java" Intrnl_Id="577">
<BasicBoolTerm Intrnl_Id="578">
<LocList>
<Loc EndOffset="9107" SrcFileId="11" StartOffset="9050"/>
</LocList>
</BasicBoolTerm>
</RootTerm>
</CondStmnt>
</StmntSeq>
<Keyword EndOffset="9011" SrcFileId="11" StartOffset="9008"/>
<LocList>
<Loc EndOffset="9163" SrcFileId="11" StartOffset="9008"/>
</LocList>
</LoopStmnt>
<BasicStmnt CovItemId="S124" CovItemPrefix="client.Controller.RoadManager.java" Intrnl_Id="579">
<LocList>
<Loc EndOffset="9253" SrcFileId="11" StartOffset="9170"/>
</LocList>
</BasicStmnt>
<LoopStmnt CovItemId="S125" CovItemPrefix="client.Controller.RoadManager.java" Intrnl_Id="580" MltplExecId="L24-2" MltplExecPrefix="client.Controller.RoadManager.java" NvrExecId="L24-0" NvrExecPrefix="client.Controller.RoadManager.java" OnceExecutedId="L24-1" OnceExecutedPrefix="client.Controller.RoadManager.java" OptBodyExec="true">
<StmntSeq Intrnl_Id="581">
<LocList>
<Loc EndOffset="9407" SrcFileId="11" StartOffset="9296"/>
</LocList>
<CondStmnt CovItemId="S126" CovItemPrefix="client.Controller.RoadManager.java" Intrnl_Id="582">
<Branch CovItemId="B41" CovItemPrefix="client.Controller.RoadManager.java" Implct="false" Intrnl_Id="583">
<Cond/>
<LocList>
<Loc EndOffset="9407" SrcFileId="11" StartOffset="9359"/>
</LocList>
<StmntSeq Intrnl_Id="584">
<LocList>
<Loc EndOffset="9400" SrcFileId="11" StartOffset="9367"/>
</LocList>
<BasicStmnt CovItemId="S127" CovItemPrefix="client.Controller.RoadManager.java" Intrnl_Id="585">
<LocList>
<Loc EndOffset="9400" SrcFileId="11" StartOffset="9367"/>
</LocList>
</BasicStmnt>
</StmntSeq>
</Branch>
<Branch CovItemId="B42" CovItemPrefix="client.Controller.RoadManager.java" Implct="true" Intrnl_Id="586">
<Cond/>
<LocList/>
<StmntSeq Intrnl_Id="587">
<LocList/>
</StmntSeq>
</Branch>
<Keyword EndOffset="9298" SrcFileId="11" StartOffset="9296"/>
<LocList>
<Loc EndOffset="9407" SrcFileId="11" StartOffset="9296"/>
</LocList>
<RootTerm CovItemId="C36" CovItemPrefix="client.Controller.RoadManager.java" Intrnl_Id="588">
<BasicBoolTerm Intrnl_Id="589">
<LocList>
<Loc EndOffset="9357" SrcFileId="11" StartOffset="9300"/>
</LocList>
</BasicBoolTerm>
</RootTerm>
</CondStmnt>
</StmntSeq>
<Keyword EndOffset="9261" SrcFileId="11" StartOffset="9258"/>
<LocList>
<Loc EndOffset="9413" SrcFileId="11" StartOffset="9258"/>
</LocList>
</LoopStmnt>
<BasicStmnt CovItemId="S128" CovItemPrefix="client.Controller.RoadManager.java" Intrnl_Id="590">
<LocList>
<Loc EndOffset="9549" SrcFileId="11" StartOffset="9481"/>
</LocList>
</BasicStmnt>
<LoopStmnt CovItemId="S129" CovItemPrefix="client.Controller.RoadManager.java" Intrnl_Id="591" MltplExecId="L25-2" MltplExecPrefix="client.Controller.RoadManager.java" NvrExecId="L25-0" NvrExecPrefix="client.Controller.RoadManager.java" OnceExecutedId="L25-1" OnceExecutedPrefix="client.Controller.RoadManager.java" OptBodyExec="true">
<StmntSeq Intrnl_Id="592">
<LocList>
<Loc EndOffset="9674" SrcFileId="11" StartOffset="9618"/>
</LocList>
<BasicStmnt CovItemId="S130" CovItemPrefix="client.Controller.RoadManager.java" Intrnl_Id="593">
<LocList>
<Loc EndOffset="9674" SrcFileId="11" StartOffset="9618"/>
</LocList>
</BasicStmnt>
</StmntSeq>
<Keyword EndOffset="9557" SrcFileId="11" StartOffset="9554"/>
<LocList>
<Loc EndOffset="9680" SrcFileId="11" StartOffset="9554"/>
</LocList>
<RootTerm CovItemId="C37" CovItemPrefix="client.Controller.RoadManager.java" Intrnl_Id="594">
<BasicBoolTerm Intrnl_Id="595">
<LocList>
<Loc EndOffset="9604" SrcFileId="11" StartOffset="9570"/>
</LocList>
</BasicBoolTerm>
</RootTerm>
</LoopStmnt>
<BasicStmnt CovItemId="S131" CovItemPrefix="client.Controller.RoadManager.java" Intrnl_Id="596">
<LocList>
<Loc EndOffset="9755" SrcFileId="11" StartOffset="9687"/>
</LocList>
</BasicStmnt>
<LoopStmnt CovItemId="S132" CovItemPrefix="client.Controller.RoadManager.java" Intrnl_Id="597" MltplExecId="L26-2" MltplExecPrefix="client.Controller.RoadManager.java" NvrExecId="L26-0" NvrExecPrefix="client.Controller.RoadManager.java" OnceExecutedId="L26-1" OnceExecutedPrefix="client.Controller.RoadManager.java" OptBodyExec="true">
<StmntSeq Intrnl_Id="598">
<LocList>
<Loc EndOffset="9880" SrcFileId="11" StartOffset="9824"/>
</LocList>
<BasicStmnt CovItemId="S133" CovItemPrefix="client.Controller.RoadManager.java" Intrnl_Id="599">
<LocList>
<Loc EndOffset="9880" SrcFileId="11" StartOffset="9824"/>
</LocList>
</BasicStmnt>
</StmntSeq>
<Keyword EndOffset="9763" SrcFileId="11" StartOffset="9760"/>
<LocList>
<Loc EndOffset="9886" SrcFileId="11" StartOffset="9760"/>
</LocList>
<RootTerm CovItemId="C38" CovItemPrefix="client.Controller.RoadManager.java" Intrnl_Id="600">
<BasicBoolTerm Intrnl_Id="601">
<LocList>
<Loc EndOffset="9810" SrcFileId="11" StartOffset="9776"/>
</LocList>
</BasicBoolTerm>
</RootTerm>
</LoopStmnt>
<BasicStmnt CovItemId="S134" CovItemPrefix="client.Controller.RoadManager.java" Intrnl_Id="602">
<LocList>
<Loc EndOffset="10038" SrcFileId="11" StartOffset="9893"/>
</LocList>
</BasicStmnt>
<LoopStmnt CovItemId="S135" CovItemPrefix="client.Controller.RoadManager.java" Intrnl_Id="603" MltplExecId="L27-2" MltplExecPrefix="client.Controller.RoadManager.java" NvrExecId="L27-0" NvrExecPrefix="client.Controller.RoadManager.java" OnceExecutedId="L27-1" OnceExecutedPrefix="client.Controller.RoadManager.java" OptBodyExec="true">
<StmntSeq Intrnl_Id="604">
<LocList>
<Loc EndOffset="10342" SrcFileId="11" StartOffset="10308"/>
<Loc EndOffset="10405" SrcFileId="11" StartOffset="10348"/>
<Loc EndOffset="10882" SrcFileId="11" StartOffset="10411"/>
<Loc EndOffset="10945" SrcFileId="11" StartOffset="10888"/>
<Loc EndOffset="11422" SrcFileId="11" StartOffset="10951"/>
</LocList>
<BasicStmnt CovItemId="S136" CovItemPrefix="client.Controller.RoadManager.java" Intrnl_Id="605">
<LocList>
<Loc EndOffset="10342" SrcFileId="11" StartOffset="10308"/>
</LocList>
</BasicStmnt>
<BasicStmnt CovItemId="S137" CovItemPrefix="client.Controller.RoadManager.java" Intrnl_Id="606">
<LocList>
<Loc EndOffset="10405" SrcFileId="11" StartOffset="10348"/>
</LocList>
</BasicStmnt>
<LoopStmnt CovItemId="S138" CovItemPrefix="client.Controller.RoadManager.java" Intrnl_Id="607" MltplExecId="L28-2" MltplExecPrefix="client.Controller.RoadManager.java" NvrExecId="L28-0" NvrExecPrefix="client.Controller.RoadManager.java" OnceExecutedId="L28-1" OnceExecutedPrefix="client.Controller.RoadManager.java" OptBodyExec="true">
<StmntSeq Intrnl_Id="608">
<LocList>
<Loc EndOffset="10875" SrcFileId="11" StartOffset="10454"/>
</LocList>
<CondStmnt CovItemId="S139" CovItemPrefix="client.Controller.RoadManager.java" Intrnl_Id="609">
<Branch CovItemId="B43" CovItemPrefix="client.Controller.RoadManager.java" Implct="false" Intrnl_Id="610">
<Cond/>
<LocList>
<Loc EndOffset="10875" SrcFileId="11" StartOffset="10477"/>
</LocList>
<StmntSeq Intrnl_Id="611">
<LocList>
<Loc EndOffset="10584" SrcFileId="11" StartOffset="10486"/>
<Loc EndOffset="10636" SrcFileId="11" StartOffset="10592"/>
<Loc EndOffset="10730" SrcFileId="11" StartOffset="10644"/>
<Loc EndOffset="10774" SrcFileId="11" StartOffset="10738"/>
<Loc EndOffset="10867" SrcFileId="11" StartOffset="10782"/>
</LocList>
<BasicStmnt CovItemId="S140" CovItemPrefix="client.Controller.RoadManager.java" Intrnl_Id="612">
<LocList>
<Loc EndOffset="10584" SrcFileId="11" StartOffset="10486"/>
</LocList>
</BasicStmnt>
<BasicStmnt CovItemId="S141" CovItemPrefix="client.Controller.RoadManager.java" Intrnl_Id="613">
<LocList>
<Loc EndOffset="10636" SrcFileId="11" StartOffset="10592"/>
</LocList>
</BasicStmnt>
<LoopStmnt CovItemId="S142" CovItemPrefix="client.Controller.RoadManager.java" Intrnl_Id="614" MltplExecId="L29-2" MltplExecPrefix="client.Controller.RoadManager.java" NvrExecId="L29-0" NvrExecPrefix="client.Controller.RoadManager.java" OnceExecutedId="L29-1" OnceExecutedPrefix="client.Controller.RoadManager.java" OptBodyExec="true">
<StmntSeq Intrnl_Id="615">
<LocList>
<Loc EndOffset="10721" SrcFileId="11" StartOffset="10697"/>
</LocList>
<BasicStmnt CovItemId="S143" CovItemPrefix="client.Controller.RoadManager.java" Intrnl_Id="616">
<LocList>
<Loc EndOffset="10721" SrcFileId="11" StartOffset="10697"/>
</LocList>
</BasicStmnt>
</StmntSeq>
<Keyword EndOffset="10647" SrcFileId="11" StartOffset="10644"/>
<LocList>
<Loc EndOffset="10730" SrcFileId="11" StartOffset="10644"/>
</LocList>
<RootTerm CovItemId="C41" CovItemPrefix="client.Controller.RoadManager.java" Intrnl_Id="617">
<BasicBoolTerm Intrnl_Id="618">
<LocList>
<Loc EndOffset="10680" SrcFileId="11" StartOffset="10660"/>
</LocList>
</BasicBoolTerm>
</RootTerm>
</LoopStmnt>
<BasicStmnt CovItemId="S144" CovItemPrefix="client.Controller.RoadManager.java" Intrnl_Id="619">
<LocList>
<Loc EndOffset="10774" SrcFileId="11" StartOffset="10738"/>
</LocList>
</BasicStmnt>
<BasicStmnt CovItemId="S145" CovItemPrefix="client.Controller.RoadManager.java" Intrnl_Id="620">
<LocList>
<Loc EndOffset="10867" SrcFileId="11" StartOffset="10782"/>
</LocList>
</BasicStmnt>
</StmntSeq>
</Branch>
<Branch CovItemId="B44" CovItemPrefix="client.Controller.RoadManager.java" Implct="true" Intrnl_Id="621">
<Cond/>
<LocList/>
<StmntSeq Intrnl_Id="622">
<LocList/>
</StmntSeq>
</Branch>
<Keyword EndOffset="10456" SrcFileId="11" StartOffset="10454"/>
<LocList>
<Loc EndOffset="10875" SrcFileId="11" StartOffset="10454"/>
</LocList>
<RootTerm CovItemId="C40" CovItemPrefix="client.Controller.RoadManager.java" Intrnl_Id="623">
<BasicBoolTerm Intrnl_Id="624">
<LocList>
<Loc EndOffset="10475" SrcFileId="11" StartOffset="10458"/>
</LocList>
</BasicBoolTerm>
</RootTerm>
</CondStmnt>
</StmntSeq>
<Keyword EndOffset="10414" SrcFileId="11" StartOffset="10411"/>
<LocList>
<Loc EndOffset="10882" SrcFileId="11" StartOffset="10411"/>
</LocList>
<RootTerm CovItemId="C39" CovItemPrefix="client.Controller.RoadManager.java" Intrnl_Id="625">
<BasicBoolTerm Intrnl_Id="626">
<LocList>
<Loc EndOffset="10439" SrcFileId="11" StartOffset="10427"/>
</LocList>
</BasicBoolTerm>
</RootTerm>
</LoopStmnt>
<BasicStmnt CovItemId="S146" CovItemPrefix="client.Controller.RoadManager.java" Intrnl_Id="627">
<LocList>
<Loc EndOffset="10945" SrcFileId="11" StartOffset="10888"/>
</LocList>
</BasicStmnt>
<LoopStmnt CovItemId="S147" CovItemPrefix="client.Controller.RoadManager.java" Intrnl_Id="628" MltplExecId="L30-2" MltplExecPrefix="client.Controller.RoadManager.java" NvrExecId="L30-0" NvrExecPrefix="client.Controller.RoadManager.java" OnceExecutedId="L30-1" OnceExecutedPrefix="client.Controller.RoadManager.java" OptBodyExec="true">
<StmntSeq Intrnl_Id="629">
<LocList>
<Loc EndOffset="11415" SrcFileId="11" StartOffset="10994"/>
</LocList>
<CondStmnt CovItemId="S148" CovItemPrefix="client.Controller.RoadManager.java" Intrnl_Id="630">
<Branch CovItemId="B45" CovItemPrefix="client.Controller.RoadManager.java" Implct="false" Intrnl_Id="631">
<Cond/>
<LocList>
<Loc EndOffset="11415" SrcFileId="11" StartOffset="11017"/>
</LocList>
<StmntSeq Intrnl_Id="632">
<LocList>
<Loc EndOffset="11124" SrcFileId="11" StartOffset="11026"/>
<Loc EndOffset="11176" SrcFileId="11" StartOffset="11132"/>
<Loc EndOffset="11270" SrcFileId="11" StartOffset="11184"/>
<Loc EndOffset="11314" SrcFileId="11" StartOffset="11278"/>
<Loc EndOffset="11407" SrcFileId="11" StartOffset="11322"/>
</LocList>
<BasicStmnt CovItemId="S149" CovItemPrefix="client.Controller.RoadManager.java" Intrnl_Id="633">
<LocList>
<Loc EndOffset="11124" SrcFileId="11" StartOffset="11026"/>
</LocList>
</BasicStmnt>
<BasicStmnt CovItemId="S150" CovItemPrefix="client.Controller.RoadManager.java" Intrnl_Id="634">
<LocList>
<Loc EndOffset="11176" SrcFileId="11" StartOffset="11132"/>
</LocList>
</BasicStmnt>
<LoopStmnt CovItemId="S151" CovItemPrefix="client.Controller.RoadManager.java" Intrnl_Id="635" MltplExecId="L31-2" MltplExecPrefix="client.Controller.RoadManager.java" NvrExecId="L31-0" NvrExecPrefix="client.Controller.RoadManager.java" OnceExecutedId="L31-1" OnceExecutedPrefix="client.Controller.RoadManager.java" OptBodyExec="true">
<StmntSeq Intrnl_Id="636">
<LocList>
<Loc EndOffset="11261" SrcFileId="11" StartOffset="11237"/>
</LocList>
<BasicStmnt CovItemId="S152" CovItemPrefix="client.Controller.RoadManager.java" Intrnl_Id="637">
<LocList>
<Loc EndOffset="11261" SrcFileId="11" StartOffset="11237"/>
</LocList>
</BasicStmnt>
</StmntSeq>
<Keyword EndOffset="11187" SrcFileId="11" StartOffset="11184"/>
<LocList>
<Loc EndOffset="11270" SrcFileId="11" StartOffset="11184"/>
</LocList>
<RootTerm CovItemId="C44" CovItemPrefix="client.Controller.RoadManager.java" Intrnl_Id="638">
<BasicBoolTerm Intrnl_Id="639">
<LocList>
<Loc EndOffset="11220" SrcFileId="11" StartOffset="11200"/>
</LocList>
</BasicBoolTerm>
</RootTerm>
</LoopStmnt>
<BasicStmnt CovItemId="S153" CovItemPrefix="client.Controller.RoadManager.java" Intrnl_Id="640">
<LocList>
<Loc EndOffset="11314" SrcFileId="11" StartOffset="11278"/>
</LocList>
</BasicStmnt>
<BasicStmnt CovItemId="S154" CovItemPrefix="client.Controller.RoadManager.java" Intrnl_Id="641">
<LocList>
<Loc EndOffset="11407" SrcFileId="11" StartOffset="11322"/>
</LocList>
</BasicStmnt>
</StmntSeq>
</Branch>
<Branch CovItemId="B46" CovItemPrefix="client.Controller.RoadManager.java" Implct="true" Intrnl_Id="642">
<Cond/>
<LocList/>
<StmntSeq Intrnl_Id="643">
<LocList/>
</StmntSeq>
</Branch>
<Keyword EndOffset="10996" SrcFileId="11" StartOffset="10994"/>
<LocList>
<Loc EndOffset="11415" SrcFileId="11" StartOffset="10994"/>
</LocList>
<RootTerm CovItemId="C43" CovItemPrefix="client.Controller.RoadManager.java" Intrnl_Id="644">
<BasicBoolTerm Intrnl_Id="645">
<LocList>
<Loc EndOffset="11015" SrcFileId="11" StartOffset="10998"/>
</LocList>
</BasicBoolTerm>
</RootTerm>
</CondStmnt>
</StmntSeq>
<Keyword EndOffset="10954" SrcFileId="11" StartOffset="10951"/>
<LocList>
<Loc EndOffset="11422" SrcFileId="11" StartOffset="10951"/>
</LocList>
<RootTerm CovItemId="C42" CovItemPrefix="client.Controller.RoadManager.java" Intrnl_Id="646">
<BasicBoolTerm Intrnl_Id="647">
<LocList>
<Loc EndOffset="10979" SrcFileId="11" StartOffset="10967"/>
</LocList>
</BasicBoolTerm>
</RootTerm>
</LoopStmnt>
</StmntSeq>
<Keyword EndOffset="10268" SrcFileId="11" StartOffset="10265"/>
<LocList>
<Loc EndOffset="11428" SrcFileId="11" StartOffset="10265"/>
</LocList>
</LoopStmnt>
<LoopStmnt CovItemId="S155" CovItemPrefix="client.Controller.RoadManager.java" Intrnl_Id="648" MltplExecId="L32-2" MltplExecPrefix="client.Controller.RoadManager.java" NvrExecId="L32-0" NvrExecPrefix="client.Controller.RoadManager.java" OnceExecutedId="L32-1" OnceExecutedPrefix="client.Controller.RoadManager.java" OptBodyExec="true">
<StmntSeq Intrnl_Id="649">
<LocList>
<Loc EndOffset="11510" SrcFileId="11" StartOffset="11476"/>
<Loc EndOffset="11573" SrcFileId="11" StartOffset="11516"/>
<Loc EndOffset="12050" SrcFileId="11" StartOffset="11579"/>
<Loc EndOffset="12113" SrcFileId="11" StartOffset="12056"/>
<Loc EndOffset="12590" SrcFileId="11" StartOffset="12119"/>
</LocList>
<BasicStmnt CovItemId="S156" CovItemPrefix="client.Controller.RoadManager.java" Intrnl_Id="650">
<LocList>
<Loc EndOffset="11510" SrcFileId="11" StartOffset="11476"/>
</LocList>
</BasicStmnt>
<BasicStmnt CovItemId="S157" CovItemPrefix="client.Controller.RoadManager.java" Intrnl_Id="651">
<LocList>
<Loc EndOffset="11573" SrcFileId="11" StartOffset="11516"/>
</LocList>
</BasicStmnt>
<LoopStmnt CovItemId="S158" CovItemPrefix="client.Controller.RoadManager.java" Intrnl_Id="652" MltplExecId="L33-2" MltplExecPrefix="client.Controller.RoadManager.java" NvrExecId="L33-0" NvrExecPrefix="client.Controller.RoadManager.java" OnceExecutedId="L33-1" OnceExecutedPrefix="client.Controller.RoadManager.java" OptBodyExec="true">
<StmntSeq Intrnl_Id="653">
<LocList>
<Loc EndOffset="12043" SrcFileId="11" StartOffset="11622"/>
</LocList>
<CondStmnt CovItemId="S159" CovItemPrefix="client.Controller.RoadManager.java" Intrnl_Id="654">
<Branch CovItemId="B47" CovItemPrefix="client.Controller.RoadManager.java" Implct="false" Intrnl_Id="655">
<Cond/>
<LocList>
<Loc EndOffset="12043" SrcFileId="11" StartOffset="11645"/>
</LocList>
<StmntSeq Intrnl_Id="656">
<LocList>
<Loc EndOffset="11752" SrcFileId="11" StartOffset="11654"/>
<Loc EndOffset="11804" SrcFileId="11" StartOffset="11760"/>
<Loc EndOffset="11898" SrcFileId="11" StartOffset="11812"/>
<Loc EndOffset="11942" SrcFileId="11" StartOffset="11906"/>
<Loc EndOffset="12035" SrcFileId="11" StartOffset="11950"/>
</LocList>
<BasicStmnt CovItemId="S160" CovItemPrefix="client.Controller.RoadManager.java" Intrnl_Id="657">
<LocList>
<Loc EndOffset="11752" SrcFileId="11" StartOffset="11654"/>
</LocList>
</BasicStmnt>
<BasicStmnt CovItemId="S161" CovItemPrefix="client.Controller.RoadManager.java" Intrnl_Id="658">
<LocList>
<Loc EndOffset="11804" SrcFileId="11" StartOffset="11760"/>
</LocList>
</BasicStmnt>
<LoopStmnt CovItemId="S162" CovItemPrefix="client.Controller.RoadManager.java" Intrnl_Id="659" MltplExecId="L34-2" MltplExecPrefix="client.Controller.RoadManager.java" NvrExecId="L34-0" NvrExecPrefix="client.Controller.RoadManager.java" OnceExecutedId="L34-1" OnceExecutedPrefix="client.Controller.RoadManager.java" OptBodyExec="true">
<StmntSeq Intrnl_Id="660">
<LocList>
<Loc EndOffset="11889" SrcFileId="11" StartOffset="11865"/>
</LocList>
<BasicStmnt CovItemId="S163" CovItemPrefix="client.Controller.RoadManager.java" Intrnl_Id="661">
<LocList>
<Loc EndOffset="11889" SrcFileId="11" StartOffset="11865"/>
</LocList>
</BasicStmnt>
</StmntSeq>
<Keyword EndOffset="11815" SrcFileId="11" StartOffset="11812"/>
<LocList>
<Loc EndOffset="11898" SrcFileId="11" StartOffset="11812"/>
</LocList>
<RootTerm CovItemId="C47" CovItemPrefix="client.Controller.RoadManager.java" Intrnl_Id="662">
<BasicBoolTerm Intrnl_Id="663">
<LocList>
<Loc EndOffset="11848" SrcFileId="11" StartOffset="11828"/>
</LocList>
</BasicBoolTerm>
</RootTerm>
</LoopStmnt>
<BasicStmnt CovItemId="S164" CovItemPrefix="client.Controller.RoadManager.java" Intrnl_Id="664">
<LocList>
<Loc EndOffset="11942" SrcFileId="11" StartOffset="11906"/>
</LocList>
</BasicStmnt>
<BasicStmnt CovItemId="S165" CovItemPrefix="client.Controller.RoadManager.java" Intrnl_Id="665">
<LocList>
<Loc EndOffset="12035" SrcFileId="11" StartOffset="11950"/>
</LocList>
</BasicStmnt>
</StmntSeq>
</Branch>
<Branch CovItemId="B48" CovItemPrefix="client.Controller.RoadManager.java" Implct="true" Intrnl_Id="666">
<Cond/>
<LocList/>
<StmntSeq Intrnl_Id="667">
<LocList/>
</StmntSeq>
</Branch>
<Keyword EndOffset="11624" SrcFileId="11" StartOffset="11622"/>
<LocList>
<Loc EndOffset="12043" SrcFileId="11" StartOffset="11622"/>
</LocList>
<RootTerm CovItemId="C46" CovItemPrefix="client.Controller.RoadManager.java" Intrnl_Id="668">
<BasicBoolTerm Intrnl_Id="669">
<LocList>
<Loc EndOffset="11643" SrcFileId="11" StartOffset="11626"/>
</LocList>
</BasicBoolTerm>
</RootTerm>
</CondStmnt>
</StmntSeq>
<Keyword EndOffset="11582" SrcFileId="11" StartOffset="11579"/>
<LocList>
<Loc EndOffset="12050" SrcFileId="11" StartOffset="11579"/>
</LocList>
<RootTerm CovItemId="C45" CovItemPrefix="client.Controller.RoadManager.java" Intrnl_Id="670">
<BasicBoolTerm Intrnl_Id="671">
<LocList>
<Loc EndOffset="11607" SrcFileId="11" StartOffset="11595"/>
</LocList>
</BasicBoolTerm>
</RootTerm>
</LoopStmnt>
<BasicStmnt CovItemId="S166" CovItemPrefix="client.Controller.RoadManager.java" Intrnl_Id="672">
<LocList>
<Loc EndOffset="12113" SrcFileId="11" StartOffset="12056"/>
</LocList>
</BasicStmnt>
<LoopStmnt CovItemId="S167" CovItemPrefix="client.Controller.RoadManager.java" Intrnl_Id="673" MltplExecId="L35-2" MltplExecPrefix="client.Controller.RoadManager.java" NvrExecId="L35-0" NvrExecPrefix="client.Controller.RoadManager.java" OnceExecutedId="L35-1" OnceExecutedPrefix="client.Controller.RoadManager.java" OptBodyExec="true">
<StmntSeq Intrnl_Id="674">
<LocList>
<Loc EndOffset="12583" SrcFileId="11" StartOffset="12162"/>
</LocList>
<CondStmnt CovItemId="S168" CovItemPrefix="client.Controller.RoadManager.java" Intrnl_Id="675">
<Branch CovItemId="B49" CovItemPrefix="client.Controller.RoadManager.java" Implct="false" Intrnl_Id="676">
<Cond/>
<LocList>
<Loc EndOffset="12583" SrcFileId="11" StartOffset="12185"/>
</LocList>
<StmntSeq Intrnl_Id="677">
<LocList>
<Loc EndOffset="12292" SrcFileId="11" StartOffset="12194"/>
<Loc EndOffset="12344" SrcFileId="11" StartOffset="12300"/>
<Loc EndOffset="12438" SrcFileId="11" StartOffset="12352"/>
<Loc EndOffset="12482" SrcFileId="11" StartOffset="12446"/>
<Loc EndOffset="12575" SrcFileId="11" StartOffset="12490"/>
</LocList>
<BasicStmnt CovItemId="S169" CovItemPrefix="client.Controller.RoadManager.java" Intrnl_Id="678">
<LocList>
<Loc EndOffset="12292" SrcFileId="11" StartOffset="12194"/>
</LocList>
</BasicStmnt>
<BasicStmnt CovItemId="S170" CovItemPrefix="client.Controller.RoadManager.java" Intrnl_Id="679">
<LocList>
<Loc EndOffset="12344" SrcFileId="11" StartOffset="12300"/>
</LocList>
</BasicStmnt>
<LoopStmnt CovItemId="S171" CovItemPrefix="client.Controller.RoadManager.java" Intrnl_Id="680" MltplExecId="L36-2" MltplExecPrefix="client.Controller.RoadManager.java" NvrExecId="L36-0" NvrExecPrefix="client.Controller.RoadManager.java" OnceExecutedId="L36-1" OnceExecutedPrefix="client.Controller.RoadManager.java" OptBodyExec="true">
<StmntSeq Intrnl_Id="681">
<LocList>
<Loc EndOffset="12429" SrcFileId="11" StartOffset="12405"/>
</LocList>
<BasicStmnt CovItemId="S172" CovItemPrefix="client.Controller.RoadManager.java" Intrnl_Id="682">
<LocList>
<Loc EndOffset="12429" SrcFileId="11" StartOffset="12405"/>
</LocList>
</BasicStmnt>
</StmntSeq>
<Keyword EndOffset="12355" SrcFileId="11" StartOffset="12352"/>
<LocList>
<Loc EndOffset="12438" SrcFileId="11" StartOffset="12352"/>
</LocList>
<RootTerm CovItemId="C50" CovItemPrefix="client.Controller.RoadManager.java" Intrnl_Id="683">
<BasicBoolTerm Intrnl_Id="684">
<LocList>
<Loc EndOffset="12388" SrcFileId="11" StartOffset="12368"/>
</LocList>
</BasicBoolTerm>
</RootTerm>
</LoopStmnt>
<BasicStmnt CovItemId="S173" CovItemPrefix="client.Controller.RoadManager.java" Intrnl_Id="685">
<LocList>
<Loc EndOffset="12482" SrcFileId="11" StartOffset="12446"/>
</LocList>
</BasicStmnt>
<BasicStmnt CovItemId="S174" CovItemPrefix="client.Controller.RoadManager.java" Intrnl_Id="686">
<LocList>
<Loc EndOffset="12575" SrcFileId="11" StartOffset="12490"/>
</LocList>
</BasicStmnt>
</StmntSeq>
</Branch>
<Branch CovItemId="B50" CovItemPrefix="client.Controller.RoadManager.java" Implct="true" Intrnl_Id="687">
<Cond/>
<LocList/>
<StmntSeq Intrnl_Id="688">
<LocList/>
</StmntSeq>
</Branch>
<Keyword EndOffset="12164" SrcFileId="11" StartOffset="12162"/>
<LocList>
<Loc EndOffset="12583" SrcFileId="11" StartOffset="12162"/>
</LocList>
<RootTerm CovItemId="C49" CovItemPrefix="client.Controller.RoadManager.java" Intrnl_Id="689">
<BasicBoolTerm Intrnl_Id="690">
<LocList>
<Loc EndOffset="12183" SrcFileId="11" StartOffset="12166"/>
</LocList>
</BasicBoolTerm>
</RootTerm>
</CondStmnt>
</StmntSeq>
<Keyword EndOffset="12122" SrcFileId="11" StartOffset="12119"/>
<LocList>
<Loc EndOffset="12590" SrcFileId="11" StartOffset="12119"/>
</LocList>
<RootTerm CovItemId="C48" CovItemPrefix="client.Controller.RoadManager.java" Intrnl_Id="691">
<BasicBoolTerm Intrnl_Id="692">
<LocList>
<Loc EndOffset="12147" SrcFileId="11" StartOffset="12135"/>
</LocList>
</BasicBoolTerm>
</RootTerm>
</LoopStmnt>
</StmntSeq>
<Keyword EndOffset="11436" SrcFileId="11" StartOffset="11433"/>
<LocList>
<Loc EndOffset="12596" SrcFileId="11" StartOffset="11433"/>
</LocList>
</LoopStmnt>
<BasicStmnt CovItemId="S175" CovItemPrefix="client.Controller.RoadManager.java" Intrnl_Id="693">
<LocList>
<Loc EndOffset="12664" SrcFileId="11" StartOffset="12603"/>
</LocList>
</BasicStmnt>
</StmntSeq>
</Branch>
<Branch CovItemId="B38" CovItemPrefix="client.Controller.RoadManager.java" Implct="true" Intrnl_Id="694">
<Cond/>
<LocList/>
<StmntSeq Intrnl_Id="695">
<LocList/>
</StmntSeq>
</Branch>
<Keyword EndOffset="8627" SrcFileId="11" StartOffset="8625"/>
<LocList>
<Loc EndOffset="12669" SrcFileId="11" StartOffset="8625"/>
</LocList>
<RootTerm CovItemId="C34" CovItemPrefix="client.Controller.RoadManager.java" Intrnl_Id="696">
<BasicBoolTerm Intrnl_Id="697">
<LocList>
<Loc EndOffset="8638" SrcFileId="11" StartOffset="8629"/>
</LocList>
</BasicBoolTerm>
</RootTerm>
</CondStmnt>
</StmntSeq>
</HierarchyLvl>
<HierarchyLvl HierarchyLvlId="1915" HierarchyLvlTypeId="23" Intrnl_Id="698" Name="getRoadCountForPlayer">
<Header>
<Loc EndOffset="12729" SrcFileId="11" StartOffset="12680"/>
</Header>
<LocList>
<Loc EndOffset="12794" SrcFileId="11" StartOffset="12680"/>
</LocList>
<StmntSeq Intrnl_Id="699">
<LocList>
<Loc EndOffset="12790" SrcFileId="11" StartOffset="12735"/>
</LocList>
<BasicStmnt CovItemId="S176" CovItemPrefix="client.Controller.RoadManager.java" Intrnl_Id="700">
<LocList>
<Loc EndOffset="12790" SrcFileId="11" StartOffset="12735"/>
</LocList>
</BasicStmnt>
</StmntSeq>
</HierarchyLvl>
<HierarchyLvl HierarchyLvlId="1916" HierarchyLvlTypeId="23" Intrnl_Id="701" Name="initializeRoadGraph">
<Header>
<Loc EndOffset="12833" SrcFileId="11" StartOffset="12799"/>
</Header>
<LocList>
<Loc EndOffset="19395" SrcFileId="11" StartOffset="12799"/>
</LocList>
<StmntSeq Intrnl_Id="702">
<LocList>
<Loc EndOffset="12888" SrcFileId="11" StartOffset="12839"/>
<Loc EndOffset="12966" SrcFileId="11" StartOffset="12894"/>
<Loc EndOffset="13050" SrcFileId="11" StartOffset="12970"/>
<Loc EndOffset="13134" SrcFileId="11" StartOffset="13054"/>
<Loc EndOffset="13218" SrcFileId="11" StartOffset="13138"/>
<Loc EndOffset="13302" SrcFileId="11" StartOffset="13222"/>
<Loc EndOffset="13388" SrcFileId="11" StartOffset="13306"/>
<Loc EndOffset="13477" SrcFileId="11" StartOffset="13392"/>
<Loc EndOffset="13566" SrcFileId="11" StartOffset="13481"/>
<Loc EndOffset="13652" SrcFileId="11" StartOffset="13570"/>
<Loc EndOffset="13740" SrcFileId="11" StartOffset="13656"/>
<Loc EndOffset="13831" SrcFileId="11" StartOffset="13744"/>
<Loc EndOffset="13919" SrcFileId="11" StartOffset="13835"/>
<Loc EndOffset="14004" SrcFileId="11" StartOffset="13923"/>
<Loc EndOffset="14096" SrcFileId="11" StartOffset="14008"/>
<Loc EndOffset="14188" SrcFileId="11" StartOffset="14100"/>
<Loc EndOffset="14280" SrcFileId="11" StartOffset="14192"/>
<Loc EndOffset="14372" SrcFileId="11" StartOffset="14284"/>
<Loc EndOffset="14457" SrcFileId="11" StartOffset="14376"/>
<Loc EndOffset="14550" SrcFileId="11" StartOffset="14461"/>
<Loc EndOffset="14643" SrcFileId="11" StartOffset="14554"/>
<Loc EndOffset="14732" SrcFileId="11" StartOffset="14647"/>
<Loc EndOffset="14825" SrcFileId="11" StartOffset="14736"/>
<Loc EndOffset="14918" SrcFileId="11" StartOffset="14829"/>
<Loc EndOffset="15011" SrcFileId="11" StartOffset="14922"/>
<Loc EndOffset="15104" SrcFileId="11" StartOffset="15015"/>
<Loc EndOffset="15193" SrcFileId="11" StartOffset="15108"/>
<Loc EndOffset="15286" SrcFileId="11" StartOffset="15197"/>
<Loc EndOffset="15379" SrcFileId="11" StartOffset="15290"/>
<Loc EndOffset="15472" SrcFileId="11" StartOffset="15383"/>
<Loc EndOffset="15561" SrcFileId="11" StartOffset="15476"/>
<Loc EndOffset="15654" SrcFileId="11" StartOffset="15565"/>
<Loc EndOffset="15747" SrcFileId="11" StartOffset="15658"/>
<Loc EndOffset="15840" SrcFileId="11" StartOffset="15751"/>
<Loc EndOffset="15933" SrcFileId="11" StartOffset="15844"/>
<Loc EndOffset="16022" SrcFileId="11" StartOffset="15937"/>
<Loc EndOffset="16115" SrcFileId="11" StartOffset="16026"/>
<Loc EndOffset="16208" SrcFileId="11" StartOffset="16119"/>
<Loc EndOffset="16297" SrcFileId="11" StartOffset="16212"/>
<Loc EndOffset="16390" SrcFileId="11" StartOffset="16301"/>
<Loc EndOffset="16483" SrcFileId="11" StartOffset="16394"/>
<Loc EndOffset="16576" SrcFileId="11" StartOffset="16487"/>
<Loc EndOffset="16669" SrcFileId="11" StartOffset="16580"/>
<Loc EndOffset="16758" SrcFileId="11" StartOffset="16673"/>
<Loc EndOffset="16851" SrcFileId="11" StartOffset="16762"/>
<Loc EndOffset="16944" SrcFileId="11" StartOffset="16855"/>
<Loc EndOffset="17037" SrcFileId="11" StartOffset="16948"/>
<Loc EndOffset="17126" SrcFileId="11" StartOffset="17041"/>
<Loc EndOffset="17219" SrcFileId="11" StartOffset="17130"/>
<Loc EndOffset="17312" SrcFileId="11" StartOffset="17223"/>
<Loc EndOffset="17405" SrcFileId="11" StartOffset="17316"/>
<Loc EndOffset="17498" SrcFileId="11" StartOffset="17409"/>
<Loc EndOffset="17587" SrcFileId="11" StartOffset="17502"/>
<Loc EndOffset="17680" SrcFileId="11" StartOffset="17591"/>
<Loc EndOffset="17773" SrcFileId="11" StartOffset="17684"/>
<Loc EndOffset="17858" SrcFileId="11" StartOffset="17777"/>
<Loc EndOffset="17951" SrcFileId="11" StartOffset="17862"/>
<Loc EndOffset="18044" SrcFileId="11" StartOffset="17955"/>
<Loc EndOffset="18137" SrcFileId="11" StartOffset="18048"/>
<Loc EndOffset="18230" SrcFileId="11" StartOffset="18141"/>
<Loc EndOffset="18315" SrcFileId="11" StartOffset="18234"/>
<Loc EndOffset="18404" SrcFileId="11" StartOffset="18319"/>
<Loc EndOffset="18497" SrcFileId="11" StartOffset="18408"/>
<Loc EndOffset="18586" SrcFileId="11" StartOffset="18501"/>
<Loc EndOffset="18675" SrcFileId="11" StartOffset="18590"/>
<Loc EndOffset="18768" SrcFileId="11" StartOffset="18679"/>
<Loc EndOffset="18861" SrcFileId="11" StartOffset="18772"/>
<Loc EndOffset="18950" SrcFileId="11" StartOffset="18865"/>
<Loc EndOffset="19039" SrcFileId="11" StartOffset="18954"/>
<Loc EndOffset="19128" SrcFileId="11" StartOffset="19043"/>
<Loc EndOffset="19217" SrcFileId="11" StartOffset="19132"/>
<Loc EndOffset="19306" SrcFileId="11" StartOffset="19221"/>
<Loc EndOffset="19391" SrcFileId="11" StartOffset="19310"/>
</LocList>
<BasicStmnt CovItemId="S177" CovItemPrefix="client.Controller.RoadManager.java" Intrnl_Id="703">
<LocList>
<Loc EndOffset="12888" SrcFileId="11" StartOffset="12839"/>
</LocList>
</BasicStmnt>
<BasicStmnt CovItemId="S178" CovItemPrefix="client.Controller.RoadManager.java" Intrnl_Id="704">
<LocList>
<Loc EndOffset="12966" SrcFileId="11" StartOffset="12894"/>
</LocList>
</BasicStmnt>
<BasicStmnt CovItemId="S179" CovItemPrefix="client.Controller.RoadManager.java" Intrnl_Id="705">
<LocList>
<Loc EndOffset="13050" SrcFileId="11" StartOffset="12970"/>
</LocList>
</BasicStmnt>
<BasicStmnt CovItemId="S180" CovItemPrefix="client.Controller.RoadManager.java" Intrnl_Id="706">
<LocList>
<Loc EndOffset="13134" SrcFileId="11" StartOffset="13054"/>
</LocList>
</BasicStmnt>
<BasicStmnt CovItemId="S181" CovItemPrefix="client.Controller.RoadManager.java" Intrnl_Id="707">
<LocList>
<Loc EndOffset="13218" SrcFileId="11" StartOffset="13138"/>
</LocList>
</BasicStmnt>
<BasicStmnt CovItemId="S182" CovItemPrefix="client.Controller.RoadManager.java" Intrnl_Id="708">
<LocList>
<Loc EndOffset="13302" SrcFileId="11" StartOffset="13222"/>
</LocList>
</BasicStmnt>
<BasicStmnt CovItemId="S183" CovItemPrefix="client.Controller.RoadManager.java" Intrnl_Id="709">
<LocList>
<Loc EndOffset="13388" SrcFileId="11" StartOffset="13306"/>
</LocList>
</BasicStmnt>
<BasicStmnt CovItemId="S184" CovItemPrefix="client.Controller.RoadManager.java" Intrnl_Id="710">
<LocList>
<Loc EndOffset="13477" SrcFileId="11" StartOffset="13392"/>
</LocList>
</BasicStmnt>
<BasicStmnt CovItemId="S185" CovItemPrefix="client.Controller.RoadManager.java" Intrnl_Id="711">
<LocList>
<Loc EndOffset="13566" SrcFileId="11" StartOffset="13481"/>
</LocList>
</BasicStmnt>
<BasicStmnt CovItemId="S186" CovItemPrefix="client.Controller.RoadManager.java" Intrnl_Id="712">
<LocList>
<Loc EndOffset="13652" SrcFileId="11" StartOffset="13570"/>
</LocList>
</BasicStmnt>
<BasicStmnt CovItemId="S187" CovItemPrefix="client.Controller.RoadManager.java" Intrnl_Id="713">
<LocList>
<Loc EndOffset="13740" SrcFileId="11" StartOffset="13656"/>
</LocList>
</BasicStmnt>
<BasicStmnt CovItemId="S188" CovItemPrefix="client.Controller.RoadManager.java" Intrnl_Id="714">
<LocList>
<Loc EndOffset="13831" SrcFileId="11" StartOffset="13744"/>
</LocList>
</BasicStmnt>
<BasicStmnt CovItemId="S189" CovItemPrefix="client.Controller.RoadManager.java" Intrnl_Id="715">
<LocList>
<Loc EndOffset="13919" SrcFileId="11" StartOffset="13835"/>
</LocList>
</BasicStmnt>
<BasicStmnt CovItemId="S190" CovItemPrefix="client.Controller.RoadManager.java" Intrnl_Id="716">
<LocList>
<Loc EndOffset="14004" SrcFileId="11" StartOffset="13923"/>
</LocList>
</BasicStmnt>
<BasicStmnt CovItemId="S191" CovItemPrefix="client.Controller.RoadManager.java" Intrnl_Id="717">
<LocList>
<Loc EndOffset="14096" SrcFileId="11" StartOffset="14008"/>
</LocList>
</BasicStmnt>
<BasicStmnt CovItemId="S192" CovItemPrefix="client.Controller.RoadManager.java" Intrnl_Id="718">
<LocList>
<Loc EndOffset="14188" SrcFileId="11" StartOffset="14100"/>
</LocList>
</BasicStmnt>
<BasicStmnt CovItemId="S193" CovItemPrefix="client.Controller.RoadManager.java" Intrnl_Id="719">
<LocList>
<Loc EndOffset="14280" SrcFileId="11" StartOffset="14192"/>
</LocList>
</BasicStmnt>
<BasicStmnt CovItemId="S194" CovItemPrefix="client.Controller.RoadManager.java" Intrnl_Id="720">
<LocList>
<Loc EndOffset="14372" SrcFileId="11" StartOffset="14284"/>
</LocList>
</BasicStmnt>
<BasicStmnt CovItemId="S195" CovItemPrefix="client.Controller.RoadManager.java" Intrnl_Id="721">
<LocList>
<Loc EndOffset="14457" SrcFileId="11" StartOffset="14376"/>
</LocList>
</BasicStmnt>
<BasicStmnt CovItemId="S196" CovItemPrefix="client.Controller.RoadManager.java" Intrnl_Id="722">
<LocList>
<Loc EndOffset="14550" SrcFileId="11" StartOffset="14461"/>
</LocList>
</BasicStmnt>
<BasicStmnt CovItemId="S197" CovItemPrefix="client.Controller.RoadManager.java" Intrnl_Id="723">
<LocList>
<Loc EndOffset="14643" SrcFileId="11" StartOffset="14554"/>
</LocList>
</BasicStmnt>
<BasicStmnt CovItemId="S198" CovItemPrefix="client.Controller.RoadManager.java" Intrnl_Id="724">
<LocList>
<Loc EndOffset="14732" SrcFileId="11" StartOffset="14647"/>
</LocList>
</BasicStmnt>
<BasicStmnt CovItemId="S199" CovItemPrefix="client.Controller.RoadManager.java" Intrnl_Id="725">
<LocList>
<Loc EndOffset="14825" SrcFileId="11" StartOffset="14736"/>
</LocList>
</BasicStmnt>
<BasicStmnt CovItemId="S200" CovItemPrefix="client.Controller.RoadManager.java" Intrnl_Id="726">
<LocList>
<Loc EndOffset="14918" SrcFileId="11" StartOffset="14829"/>
</LocList>
</BasicStmnt>
<BasicStmnt CovItemId="S201" CovItemPrefix="client.Controller.RoadManager.java" Intrnl_Id="727">
<LocList>
<Loc EndOffset="15011" SrcFileId="11" StartOffset="14922"/>
</LocList>
</BasicStmnt>
<BasicStmnt CovItemId="S202" CovItemPrefix="client.Controller.RoadManager.java" Intrnl_Id="728">
<LocList>
<Loc EndOffset="15104" SrcFileId="11" StartOffset="15015"/>
</LocList>
</BasicStmnt>
<BasicStmnt CovItemId="S203" CovItemPrefix="client.Controller.RoadManager.java" Intrnl_Id="729">
<LocList>
<Loc EndOffset="15193" SrcFileId="11" StartOffset="15108"/>
</LocList>
</BasicStmnt>
<BasicStmnt CovItemId="S204" CovItemPrefix="client.Controller.RoadManager.java" Intrnl_Id="730">
<LocList>
<Loc EndOffset="15286" SrcFileId="11" StartOffset="15197"/>
</LocList>
</BasicStmnt>
<BasicStmnt CovItemId="S205" CovItemPrefix="client.Controller.RoadManager.java" Intrnl_Id="731">
<LocList>
<Loc EndOffset="15379" SrcFileId="11" StartOffset="15290"/>
</LocList>
</BasicStmnt>
<BasicStmnt CovItemId="S206" CovItemPrefix="client.Controller.RoadManager.java" Intrnl_Id="732">
<LocList>
<Loc EndOffset="15472" SrcFileId="11" StartOffset="15383"/>
</LocList>
</BasicStmnt>
<BasicStmnt CovItemId="S207" CovItemPrefix="client.Controller.RoadManager.java" Intrnl_Id="733">
<LocList>
<Loc EndOffset="15561" SrcFileId="11" StartOffset="15476"/>
</LocList>
</BasicStmnt>
<BasicStmnt CovItemId="S208" CovItemPrefix="client.Controller.RoadManager.java" Intrnl_Id="734">
<LocList>
<Loc EndOffset="15654" SrcFileId="11" StartOffset="15565"/>
</LocList>
</BasicStmnt>
<BasicStmnt CovItemId="S209" CovItemPrefix="client.Controller.RoadManager.java" Intrnl_Id="735">
<LocList>
<Loc EndOffset="15747" SrcFileId="11" StartOffset="15658"/>
</LocList>
</BasicStmnt>
<BasicStmnt CovItemId="S210" CovItemPrefix="client.Controller.RoadManager.java" Intrnl_Id="736">
<LocList>
<Loc EndOffset="15840" SrcFileId="11" StartOffset="15751"/>
</LocList>
</BasicStmnt>
<BasicStmnt CovItemId="S211" CovItemPrefix="client.Controller.RoadManager.java" Intrnl_Id="737">
<LocList>
<Loc EndOffset="15933" SrcFileId="11" StartOffset="15844"/>
</LocList>
</BasicStmnt>
<BasicStmnt CovItemId="S212" CovItemPrefix="client.Controller.RoadManager.java" Intrnl_Id="738">
<LocList>
<Loc EndOffset="16022" SrcFileId="11" StartOffset="15937"/>
</LocList>
</BasicStmnt>
<BasicStmnt CovItemId="S213" CovItemPrefix="client.Controller.RoadManager.java" Intrnl_Id="739">
<LocList>
<Loc EndOffset="16115" SrcFileId="11" StartOffset="16026"/>
</LocList>
</BasicStmnt>
<BasicStmnt CovItemId="S214" CovItemPrefix="client.Controller.RoadManager.java" Intrnl_Id="740">
<LocList>
<Loc EndOffset="16208" SrcFileId="11" StartOffset="16119"/>
</LocList>
</BasicStmnt>
<BasicStmnt CovItemId="S215" CovItemPrefix="client.Controller.RoadManager.java" Intrnl_Id="741">
<LocList>
<Loc EndOffset="16297" SrcFileId="11" StartOffset="16212"/>
</LocList>
</BasicStmnt>
<BasicStmnt CovItemId="S216" CovItemPrefix="client.Controller.RoadManager.java" Intrnl_Id="742">
<LocList>
<Loc EndOffset="16390" SrcFileId="11" StartOffset="16301"/>
</LocList>
</BasicStmnt>
<BasicStmnt CovItemId="S217" CovItemPrefix="client.Controller.RoadManager.java" Intrnl_Id="743">
<LocList>
<Loc EndOffset="16483" SrcFileId="11" StartOffset="16394"/>
</LocList>
</BasicStmnt>
<BasicStmnt CovItemId="S218" CovItemPrefix="client.Controller.RoadManager.java" Intrnl_Id="744">
<LocList>
<Loc EndOffset="16576" SrcFileId="11" StartOffset="16487"/>
</LocList>
</BasicStmnt>
<BasicStmnt CovItemId="S219" CovItemPrefix="client.Controller.RoadManager.java" Intrnl_Id="745">
<LocList>
<Loc EndOffset="16669" SrcFileId="11" StartOffset="16580"/>
</LocList>
</BasicStmnt>
<BasicStmnt CovItemId="S220" CovItemPrefix="client.Controller.RoadManager.java" Intrnl_Id="746">
<LocList>
<Loc EndOffset="16758" SrcFileId="11" StartOffset="16673"/>
</LocList>
</BasicStmnt>
<BasicStmnt CovItemId="S221" CovItemPrefix="client.Controller.RoadManager.java" Intrnl_Id="747">
<LocList>
<Loc EndOffset="16851" SrcFileId="11" StartOffset="16762"/>
</LocList>
</BasicStmnt>
<BasicStmnt CovItemId="S222" CovItemPrefix="client.Controller.RoadManager.java" Intrnl_Id="748">
<LocList>
<Loc EndOffset="16944" SrcFileId="11" StartOffset="16855"/>
</LocList>
</BasicStmnt>
<BasicStmnt CovItemId="S223" CovItemPrefix="client.Controller.RoadManager.java" Intrnl_Id="749">
<LocList>
<Loc EndOffset="17037" SrcFileId="11" StartOffset="16948"/>
</LocList>
</BasicStmnt>
<BasicStmnt CovItemId="S224" CovItemPrefix="client.Controller.RoadManager.java" Intrnl_Id="750">
<LocList>
<Loc EndOffset="17126" SrcFileId="11" StartOffset="17041"/>
</LocList>
</BasicStmnt>
<BasicStmnt CovItemId="S225" CovItemPrefix="client.Controller.RoadManager.java" Intrnl_Id="751">
<LocList>
<Loc EndOffset="17219" SrcFileId="11" StartOffset="17130"/>
</LocList>
</BasicStmnt>
<BasicStmnt CovItemId="S226" CovItemPrefix="client.Controller.RoadManager.java" Intrnl_Id="752">
<LocList>
<Loc EndOffset="17312" SrcFileId="11" StartOffset="17223"/>
</LocList>
</BasicStmnt>
<BasicStmnt CovItemId="S227" CovItemPrefix="client.Controller.RoadManager.java" Intrnl_Id="753">
<LocList>
<Loc EndOffset="17405" SrcFileId="11" StartOffset="17316"/>
</LocList>
</BasicStmnt>
<BasicStmnt CovItemId="S228" CovItemPrefix="client.Controller.RoadManager.java" Intrnl_Id="754">
<LocList>
<Loc EndOffset="17498" SrcFileId="11" StartOffset="17409"/>
</LocList>
</BasicStmnt>
<BasicStmnt CovItemId="S229" CovItemPrefix="client.Controller.RoadManager.java" Intrnl_Id="755">
<LocList>
<Loc EndOffset="17587" SrcFileId="11" StartOffset="17502"/>
</LocList>
</BasicStmnt>
<BasicStmnt CovItemId="S230" CovItemPrefix="client.Controller.RoadManager.java" Intrnl_Id="756">
<LocList>
<Loc EndOffset="17680" SrcFileId="11" StartOffset="17591"/>
</LocList>
</BasicStmnt>
<BasicStmnt CovItemId="S231" CovItemPrefix="client.Controller.RoadManager.java" Intrnl_Id="757">
<LocList>
<Loc EndOffset="17773" SrcFileId="11" StartOffset="17684"/>
</LocList>
</BasicStmnt>
<BasicStmnt CovItemId="S232" CovItemPrefix="client.Controller.RoadManager.java" Intrnl_Id="758">
<LocList>
<Loc EndOffset="17858" SrcFileId="11" StartOffset="17777"/>
</LocList>
</BasicStmnt>
<BasicStmnt CovItemId="S233" CovItemPrefix="client.Controller.RoadManager.java" Intrnl_Id="759">
<LocList>
<Loc EndOffset="17951" SrcFileId="11" StartOffset="17862"/>
</LocList>
</BasicStmnt>
<BasicStmnt CovItemId="S234" CovItemPrefix="client.Controller.RoadManager.java" Intrnl_Id="760">
<LocList>
<Loc EndOffset="18044" SrcFileId="11" StartOffset="17955"/>
</LocList>
</BasicStmnt>
<BasicStmnt CovItemId="S235" CovItemPrefix="client.Controller.RoadManager.java" Intrnl_Id="761">
<LocList>
<Loc EndOffset="18137" SrcFileId="11" StartOffset="18048"/>
</LocList>
</BasicStmnt>
<BasicStmnt CovItemId="S236" CovItemPrefix="client.Controller.RoadManager.java" Intrnl_Id="762">
<LocList>
<Loc EndOffset="18230" SrcFileId="11" StartOffset="18141"/>
</LocList>
</BasicStmnt>
<BasicStmnt CovItemId="S237" CovItemPrefix="client.Controller.RoadManager.java" Intrnl_Id="763">
<LocList>
<Loc EndOffset="18315" SrcFileId="11" StartOffset="18234"/>
</LocList>
</BasicStmnt>
<BasicStmnt CovItemId="S238" CovItemPrefix="client.Controller.RoadManager.java" Intrnl_Id="764">
<LocList>
<Loc EndOffset="18404" SrcFileId="11" StartOffset="18319"/>
</LocList>
</BasicStmnt>
<BasicStmnt CovItemId="S239" CovItemPrefix="client.Controller.RoadManager.java" Intrnl_Id="765">
<LocList>
<Loc EndOffset="18497" SrcFileId="11" StartOffset="18408"/>
</LocList>
</BasicStmnt>
<BasicStmnt CovItemId="S240" CovItemPrefix="client.Controller.RoadManager.java" Intrnl_Id="766">
<LocList>
<Loc EndOffset="18586" SrcFileId="11" StartOffset="18501"/>
</LocList>
</BasicStmnt>
<BasicStmnt CovItemId="S241" CovItemPrefix="client.Controller.RoadManager.java" Intrnl_Id="767">
<LocList>
<Loc EndOffset="18675" SrcFileId="11" StartOffset="18590"/>
</LocList>
</BasicStmnt>
<BasicStmnt CovItemId="S242" CovItemPrefix="client.Controller.RoadManager.java" Intrnl_Id="768">
<LocList>
<Loc EndOffset="18768" SrcFileId="11" StartOffset="18679"/>
</LocList>
</BasicStmnt>
<BasicStmnt CovItemId="S243" CovItemPrefix="client.Controller.RoadManager.java" Intrnl_Id="769">
<LocList>
<Loc EndOffset="18861" SrcFileId="11" StartOffset="18772"/>
</LocList>
</BasicStmnt>
<BasicStmnt CovItemId="S244" CovItemPrefix="client.Controller.RoadManager.java" Intrnl_Id="770">
<LocList>
<Loc EndOffset="18950" SrcFileId="11" StartOffset="18865"/>
</LocList>
</BasicStmnt>
<BasicStmnt CovItemId="S245" CovItemPrefix="client.Controller.RoadManager.java" Intrnl_Id="771">
<LocList>
<Loc EndOffset="19039" SrcFileId="11" StartOffset="18954"/>
</LocList>
</BasicStmnt>
<BasicStmnt CovItemId="S246" CovItemPrefix="client.Controller.RoadManager.java" Intrnl_Id="772">
<LocList>
<Loc EndOffset="19128" SrcFileId="11" StartOffset="19043"/>
</LocList>
</BasicStmnt>
<BasicStmnt CovItemId="S247" CovItemPrefix="client.Controller.RoadManager.java" Intrnl_Id="773">
<LocList>
<Loc EndOffset="19217" SrcFileId="11" StartOffset="19132"/>
</LocList>
</BasicStmnt>
<BasicStmnt CovItemId="S248" CovItemPrefix="client.Controller.RoadManager.java" Intrnl_Id="774">
<LocList>
<Loc EndOffset="19306" SrcFileId="11" StartOffset="19221"/>
</LocList>
</BasicStmnt>
<BasicStmnt CovItemId="S249" CovItemPrefix="client.Controller.RoadManager.java" Intrnl_Id="775">
<LocList>
<Loc EndOffset="19391" SrcFileId="11" StartOffset="19310"/>
</LocList>
</BasicStmnt>
</StmntSeq>
</HierarchyLvl>
</HierarchyLvl>
<HierarchyLvl HierarchyLvlId="1919" HierarchyLvlTypeId="24" Intrnl_Id="776" Name="Main">
<Header>
<Loc EndOffset="319" SrcFileId="12" StartOffset="302"/>
</Header>
<LocList>
<Loc EndOffset="977" SrcFileId="12" StartOffset="302"/>
</LocList>
<StmntSeq Intrnl_Id="777">
<LocList>
<Loc EndOffset="389" SrcFileId="12" StartOffset="326"/>
</LocList>
<BasicStmnt CovItemId="S1" CovItemPrefix="client.Controller.Main.java" Intrnl_Id="778">
<LocList>
<Loc EndOffset="389" SrcFileId="12" StartOffset="326"/>
</LocList>
</BasicStmnt>
</StmntSeq>
<HierarchyLvl HierarchyLvlId="1918" HierarchyLvlTypeId="23" Intrnl_Id="779" Name="main">
<Header>
<Loc EndOffset="545" SrcFileId="12" StartOffset="507"/>
</Header>
<LocList>
<Loc EndOffset="974" SrcFileId="12" StartOffset="507"/>
</LocList>
<StmntSeq Intrnl_Id="780">
<LocList>
<Loc EndOffset="579" SrcFileId="12" StartOffset="551"/>
<Loc EndOffset="603" SrcFileId="12" StartOffset="583"/>
<Loc EndOffset="643" SrcFileId="12" StartOffset="607"/>
<Loc EndOffset="681" SrcFileId="12" StartOffset="647"/>
<Loc EndOffset="708" SrcFileId="12" StartOffset="685"/>
<Loc EndOffset="752" SrcFileId="12" StartOffset="712"/>
<Loc EndOffset="792" SrcFileId="12" StartOffset="756"/>
<Loc EndOffset="844" SrcFileId="12" StartOffset="796"/>
<Loc EndOffset="886" SrcFileId="12" StartOffset="848"/>
<Loc EndOffset="943" SrcFileId="12" StartOffset="890"/>
<Loc EndOffset="970" SrcFileId="12" StartOffset="947"/>
</LocList>
<BasicStmnt CovItemId="S2" CovItemPrefix="client.Controller.Main.java" Intrnl_Id="781">
<LocList>
<Loc EndOffset="579" SrcFileId="12" StartOffset="551"/>
</LocList>
</BasicStmnt>
<BasicStmnt CovItemId="S3" CovItemPrefix="client.Controller.Main.java" Intrnl_Id="782">
<LocList>
<Loc EndOffset="603" SrcFileId="12" StartOffset="583"/>
</LocList>
</BasicStmnt>
<BasicStmnt CovItemId="S4" CovItemPrefix="client.Controller.Main.java" Intrnl_Id="783">
<LocList>
<Loc EndOffset="643" SrcFileId="12" StartOffset="607"/>
</LocList>
</BasicStmnt>
<BasicStmnt CovItemId="S5" CovItemPrefix="client.Controller.Main.java" Intrnl_Id="784">
<LocList>
<Loc EndOffset="681" SrcFileId="12" StartOffset="647"/>
</LocList>
</BasicStmnt>
<BasicStmnt CovItemId="S6" CovItemPrefix="client.Controller.Main.java" Intrnl_Id="785">
<LocList>
<Loc EndOffset="708" SrcFileId="12" StartOffset="685"/>
</LocList>
</BasicStmnt>
<BasicStmnt CovItemId="S7" CovItemPrefix="client.Controller.Main.java" Intrnl_Id="786">
<LocList>
<Loc EndOffset="752" SrcFileId="12" StartOffset="712"/>
</LocList>
</BasicStmnt>
<BasicStmnt CovItemId="S8" CovItemPrefix="client.Controller.Main.java" Intrnl_Id="787">
<LocList>
<Loc EndOffset="792" SrcFileId="12" StartOffset="756"/>
</LocList>
</BasicStmnt>
<BasicStmnt CovItemId="S9" CovItemPrefix="client.Controller.Main.java" Intrnl_Id="788">
<LocList>
<Loc EndOffset="844" SrcFileId="12" StartOffset="796"/>
</LocList>
</BasicStmnt>
<BasicStmnt CovItemId="S10" CovItemPrefix="client.Controller.Main.java" Intrnl_Id="789">
<LocList>
<Loc EndOffset="886" SrcFileId="12" StartOffset="848"/>
</LocList>
</BasicStmnt>
<BasicStmnt CovItemId="S11" CovItemPrefix="client.Controller.Main.java" Intrnl_Id="790">
<LocList>
<Loc EndOffset="943" SrcFileId="12" StartOffset="890"/>
</LocList>
</BasicStmnt>
<BasicStmnt CovItemId="S12" CovItemPrefix="client.Controller.Main.java" Intrnl_Id="791">
<LocList>
<Loc EndOffset="970" SrcFileId="12" StartOffset="947"/>
</LocList>
</BasicStmnt>
</StmntSeq>
</HierarchyLvl>
</HierarchyLvl>
<HierarchyLvl HierarchyLvlId="1925" HierarchyLvlTypeId="24" Intrnl_Id="792" Name="LocationKey">
<Header>
<Loc EndOffset="135" SrcFileId="13" StartOffset="111"/>
</Header>
<LocList>
<Loc EndOffset="839" SrcFileId="13" StartOffset="111"/>
</LocList>
<HierarchyLvl HierarchyLvlId="1920" HierarchyLvlTypeId="23" Intrnl_Id="793" Name="LocationKey">
<Header>
<Loc EndOffset="259" SrcFileId="13" StartOffset="196"/>
</Header>
<LocList>
<Loc EndOffset="313" SrcFileId="13" StartOffset="196"/>
</LocList>
<StmntSeq Intrnl_Id="794">
<LocList>
<Loc EndOffset="290" SrcFileId="13" StartOffset="265"/>
<Loc EndOffset="309" SrcFileId="13" StartOffset="294"/>
</LocList>
<BasicStmnt CovItemId="S1" CovItemPrefix="client.Controller.LocationKey.java" Intrnl_Id="795">
<LocList>
<Loc EndOffset="290" SrcFileId="13" StartOffset="265"/>
</LocList>
</BasicStmnt>
<BasicStmnt CovItemId="S2" CovItemPrefix="client.Controller.LocationKey.java" Intrnl_Id="796">
<LocList>
<Loc EndOffset="309" SrcFileId="13" StartOffset="294"/>
</LocList>
</BasicStmnt>
</StmntSeq>
</HierarchyLvl>
<HierarchyLvl HierarchyLvlId="1921" HierarchyLvlTypeId="23" Intrnl_Id="797" Name="getHexIndex">
<Header>
<Loc EndOffset="342" SrcFileId="13" StartOffset="318"/>
</Header>
<LocList>
<Loc EndOffset="373" SrcFileId="13" StartOffset="318"/>
</LocList>
<StmntSeq Intrnl_Id="798">
<LocList>
<Loc EndOffset="369" SrcFileId="13" StartOffset="348"/>
</LocList>
<BasicStmnt CovItemId="S3" CovItemPrefix="client.Controller.LocationKey.java" Intrnl_Id="799">
<LocList>
<Loc EndOffset="369" SrcFileId="13" StartOffset="348"/>
</LocList>
</BasicStmnt>
</StmntSeq>
</HierarchyLvl>
<HierarchyLvl HierarchyLvlId="1922" HierarchyLvlTypeId="23" Intrnl_Id="800" Name="equals">
<Header>
<Loc EndOffset="421" SrcFileId="13" StartOffset="378"/>
</Header>
<LocList>
<Loc EndOffset="671" SrcFileId="13" StartOffset="378"/>
</LocList>
<StmntSeq Intrnl_Id="801">
<LocList>
<Loc EndOffset="488" SrcFileId="13" StartOffset="427"/>
<Loc EndOffset="570" SrcFileId="13" StartOffset="492"/>
<Loc EndOffset="651" SrcFileId="13" StartOffset="574"/>
<Loc EndOffset="667" SrcFileId="13" StartOffset="655"/>
</LocList>
<CondStmnt CovItemId="S4" CovItemPrefix="client.Controller.LocationKey.java" Intrnl_Id="802">
<Branch CovItemId="B1" CovItemPrefix="client.Controller.LocationKey.java" Implct="false" Intrnl_Id="803">
<Cond/>
<LocList>
<Loc EndOffset="488" SrcFileId="13" StartOffset="464"/>
</LocList>
<StmntSeq Intrnl_Id="804">
<LocList>
<Loc EndOffset="483" SrcFileId="13" StartOffset="470"/>
</LocList>
<BasicStmnt CovItemId="S5" CovItemPrefix="client.Controller.LocationKey.java" Intrnl_Id="805">
<LocList>
<Loc EndOffset="483" SrcFileId="13" StartOffset="470"/>
</LocList>
</BasicStmnt>
</StmntSeq>
</Branch>
<Branch CovItemId="B2" CovItemPrefix="client.Controller.LocationKey.java" Implct="true" Intrnl_Id="806">
<Cond/>
<LocList/>
<StmntSeq Intrnl_Id="807">
<LocList/>
</StmntSeq>
</Branch>
<Keyword EndOffset="429" SrcFileId="13" StartOffset="427"/>
<LocList>
<Loc EndOffset="488" SrcFileId="13" StartOffset="427"/>
</LocList>
<RootTerm CovItemId="C1" CovItemPrefix="client.Controller.LocationKey.java" Intrnl_Id="808">
<BasicBoolTerm Intrnl_Id="809">
<LocList>
<Loc EndOffset="462" SrcFileId="13" StartOffset="431"/>
</LocList>
</BasicBoolTerm>
</RootTerm>
</CondStmnt>
<CondStmnt CovItemId="S6" CovItemPrefix="client.Controller.LocationKey.java" Intrnl_Id="810">
<Branch CovItemId="B3" CovItemPrefix="client.Controller.LocationKey.java" Implct="false" Intrnl_Id="811">
<Cond/>
<LocList>
<Loc EndOffset="570" SrcFileId="13" StartOffset="546"/>
</LocList>
<StmntSeq Intrnl_Id="812">
<LocList>
<Loc EndOffset="565" SrcFileId="13" StartOffset="552"/>
</LocList>
<BasicStmnt CovItemId="S7" CovItemPrefix="client.Controller.LocationKey.java" Intrnl_Id="813">
<LocList>
<Loc EndOffset="565" SrcFileId="13" StartOffset="552"/>
</LocList>
</BasicStmnt>
</StmntSeq>
</Branch>
<Branch CovItemId="B4" CovItemPrefix="client.Controller.LocationKey.java" Implct="true" Intrnl_Id="814">
<Cond/>
<LocList/>
<StmntSeq Intrnl_Id="815">
<LocList/>
</StmntSeq>
</Branch>
<Keyword EndOffset="494" SrcFileId="13" StartOffset="492"/>
<LocList>
<Loc EndOffset="570" SrcFileId="13" StartOffset="492"/>
</LocList>
<RootTerm CovItemId="C2" CovItemPrefix="client.Controller.LocationKey.java" Intrnl_Id="816">
<BasicBoolTerm Intrnl_Id="817">
<LocList>
<Loc EndOffset="544" SrcFileId="13" StartOffset="496"/>
</LocList>
</BasicBoolTerm>
</RootTerm>
</CondStmnt>
<CondStmnt CovItemId="S8" CovItemPrefix="client.Controller.LocationKey.java" Intrnl_Id="818">
<Branch CovItemId="B5" CovItemPrefix="client.Controller.LocationKey.java" Implct="false" Intrnl_Id="819">
<Cond/>
<LocList>
<Loc EndOffset="651" SrcFileId="13" StartOffset="627"/>
</LocList>
<StmntSeq Intrnl_Id="820">
<LocList>
<Loc EndOffset="646" SrcFileId="13" StartOffset="633"/>
</LocList>
<BasicStmnt CovItemId="S9" CovItemPrefix="client.Controller.LocationKey.java" Intrnl_Id="821">
<LocList>
<Loc EndOffset="646" SrcFileId="13" StartOffset="633"/>
</LocList>
</BasicStmnt>
</StmntSeq>
</Branch>
<Branch CovItemId="B6" CovItemPrefix="client.Controller.LocationKey.java" Implct="true" Intrnl_Id="822">
<Cond/>
<LocList/>
<StmntSeq Intrnl_Id="823">
<LocList/>
</StmntSeq>
</Branch>
<Keyword EndOffset="576" SrcFileId="13" StartOffset="574"/>
<LocList>
<Loc EndOffset="651" SrcFileId="13" StartOffset="574"/>
</LocList>
<RootTerm CovItemId="C3" CovItemPrefix="client.Controller.LocationKey.java" Intrnl_Id="824">
<BasicBoolTerm Intrnl_Id="825">
<LocList>
<Loc EndOffset="625" SrcFileId="13" StartOffset="578"/>
</LocList>
</BasicBoolTerm>
</RootTerm>
</CondStmnt>
<BasicStmnt CovItemId="S10" CovItemPrefix="client.Controller.LocationKey.java" Intrnl_Id="826">
<LocList>
<Loc EndOffset="667" SrcFileId="13" StartOffset="655"/>
</LocList>
</BasicStmnt>
</StmntSeq>
</HierarchyLvl>
<HierarchyLvl HierarchyLvlId="1923" HierarchyLvlTypeId="23" Intrnl_Id="827" Name="getRoadPosition">
<Header>
<Loc EndOffset="714" SrcFileId="13" StartOffset="676"/>
</Header>
<LocList>
<Loc EndOffset="740" SrcFileId="13" StartOffset="676"/>
</LocList>
<StmntSeq Intrnl_Id="828">
<LocList>
<Loc EndOffset="736" SrcFileId="13" StartOffset="720"/>
</LocList>
<BasicStmnt CovItemId="S11" CovItemPrefix="client.Controller.LocationKey.java" Intrnl_Id="829">
<LocList>
<Loc EndOffset="736" SrcFileId="13" StartOffset="720"/>
</LocList>
</BasicStmnt>
</StmntSeq>
</HierarchyLvl>
<HierarchyLvl HierarchyLvlId="1924" HierarchyLvlTypeId="23" Intrnl_Id="830" Name="hashCode">
<Header>
<Loc EndOffset="778" SrcFileId="13" StartOffset="745"/>
</Header>
<LocList>
<Loc EndOffset="836" SrcFileId="13" StartOffset="745"/>
</LocList>
<StmntSeq Intrnl_Id="831">
<LocList>
<Loc EndOffset="832" SrcFileId="13" StartOffset="784"/>
</LocList>
<BasicStmnt CovItemId="S12" CovItemPrefix="client.Controller.LocationKey.java" Intrnl_Id="832">
<LocList>
<Loc EndOffset="832" SrcFileId="13" StartOffset="784"/>
</LocList>
</BasicStmnt>
</StmntSeq>
</HierarchyLvl>
</HierarchyLvl>
<HierarchyLvl HierarchyLvlId="1931" HierarchyLvlTypeId="24" Intrnl_Id="833" Name="HexManager">
<Header>
<Loc EndOffset="115" SrcFileId="14" StartOffset="92"/>
</Header>
<LocList>
<Loc EndOffset="22640" SrcFileId="14" StartOffset="92"/>
</LocList>
<HierarchyLvl HierarchyLvlId="1926" HierarchyLvlTypeId="23" Intrnl_Id="834" Name="HexManager">
<Header>
<Loc EndOffset="253" SrcFileId="14" StartOffset="234"/>
</Header>
<LocList>
<Loc EndOffset="316" SrcFileId="14" StartOffset="234"/>
</LocList>
<StmntSeq Intrnl_Id="835">
<LocList>
<Loc EndOffset="281" SrcFileId="14" StartOffset="261"/>
<Loc EndOffset="310" SrcFileId="14" StartOffset="285"/>
</LocList>
<BasicStmnt CovItemId="S1" CovItemPrefix="client.Controller.HexManager.java" Intrnl_Id="836">
<LocList>
<Loc EndOffset="281" SrcFileId="14" StartOffset="261"/>
</LocList>
</BasicStmnt>
<BasicStmnt CovItemId="S2" CovItemPrefix="client.Controller.HexManager.java" Intrnl_Id="837">
<LocList>
<Loc EndOffset="310" SrcFileId="14" StartOffset="285"/>
</LocList>
</BasicStmnt>
</StmntSeq>
</HierarchyLvl>
<HierarchyLvl HierarchyLvlId="1927" HierarchyLvlTypeId="23" Intrnl_Id="838" Name="getRoadId">
<Header>
<Loc EndOffset="386" SrcFileId="14" StartOffset="321"/>
</Header>
<LocList>
<Loc EndOffset="452" SrcFileId="14" StartOffset="321"/>
</LocList>
<StmntSeq Intrnl_Id="839">
<LocList>
<Loc EndOffset="448" SrcFileId="14" StartOffset="392"/>
</LocList>
<BasicStmnt CovItemId="S3" CovItemPrefix="client.Controller.HexManager.java" Intrnl_Id="840">
<LocList>
<Loc EndOffset="448" SrcFileId="14" StartOffset="392"/>
</LocList>
</BasicStmnt>
</StmntSeq>
</HierarchyLvl>
<HierarchyLvl HierarchyLvlId="1928" HierarchyLvlTypeId="23" Intrnl_Id="841" Name="getStructureId">
<Header>
<Loc EndOffset="532" SrcFileId="14" StartOffset="457"/>
</Header>
<LocList>
<Loc EndOffset="552" SrcFileId="14" StartOffset="457"/>
</LocList>
<StmntSeq Intrnl_Id="842">
<LocList>
<Loc EndOffset="548" SrcFileId="14" StartOffset="538"/>
</LocList>
<BasicStmnt CovItemId="S4" CovItemPrefix="client.Controller.HexManager.java" Intrnl_Id="843">
<LocList>
<Loc EndOffset="548" SrcFileId="14" StartOffset="538"/>
</LocList>
</BasicStmnt>
</StmntSeq>
</HierarchyLvl>
<HierarchyLvl HierarchyLvlId="1929" HierarchyLvlTypeId="23" Intrnl_Id="844" Name="initializeRoadMap">
<Header>
<Loc EndOffset="589" SrcFileId="14" StartOffset="557"/>
</Header>
<LocList>
<Loc EndOffset="10542" SrcFileId="14" StartOffset="557"/>
</LocList>
<StmntSeq Intrnl_Id="845">
<LocList>
<Loc EndOffset="646" SrcFileId="14" StartOffset="595"/>
<Loc EndOffset="736" SrcFileId="14" StartOffset="652"/>
<Loc EndOffset="819" SrcFileId="14" StartOffset="740"/>
<Loc EndOffset="907" SrcFileId="14" StartOffset="823"/>
<Loc EndOffset="995" SrcFileId="14" StartOffset="911"/>
<Loc EndOffset="1078" SrcFileId="14" StartOffset="999"/>
<Loc EndOffset="1166" SrcFileId="14" StartOffset="1082"/>
<Loc EndOffset="1256" SrcFileId="14" StartOffset="1172"/>
<Loc EndOffset="1339" SrcFileId="14" StartOffset="1260"/>
<Loc EndOffset="1427" SrcFileId="14" StartOffset="1343"/>
<Loc EndOffset="1515" SrcFileId="14" StartOffset="1431"/>
<Loc EndOffset="1598" SrcFileId="14" StartOffset="1519"/>
<Loc EndOffset="1686" SrcFileId="14" StartOffset="1602"/>
<Loc EndOffset="1776" SrcFileId="14" StartOffset="1692"/>
<Loc EndOffset="1859" SrcFileId="14" StartOffset="1780"/>
<Loc EndOffset="1947" SrcFileId="14" StartOffset="1863"/>
<Loc EndOffset="2035" SrcFileId="14" StartOffset="1951"/>
<Loc EndOffset="2118" SrcFileId="14" StartOffset="2039"/>
<Loc EndOffset="2206" SrcFileId="14" StartOffset="2122"/>
<Loc EndOffset="2296" SrcFileId="14" StartOffset="2212"/>
<Loc EndOffset="2379" SrcFileId="14" StartOffset="2300"/>
<Loc EndOffset="2467" SrcFileId="14" StartOffset="2383"/>
<Loc EndOffset="2555" SrcFileId="14" StartOffset="2471"/>
<Loc EndOffset="2638" SrcFileId="14" StartOffset="2559"/>
<Loc EndOffset="2726" SrcFileId="14" StartOffset="2642"/>
<Loc EndOffset="2816" SrcFileId="14" StartOffset="2732"/>
<Loc EndOffset="2899" SrcFileId="14" StartOffset="2820"/>
<Loc EndOffset="2987" SrcFileId="14" StartOffset="2903"/>
<Loc EndOffset="3075" SrcFileId="14" StartOffset="2991"/>
<Loc EndOffset="3158" SrcFileId="14" StartOffset="3079"/>
<Loc EndOffset="3246" SrcFileId="14" StartOffset="3162"/>
<Loc EndOffset="3335" SrcFileId="14" StartOffset="3252"/>
<Loc EndOffset="3418" SrcFileId="14" StartOffset="3339"/>
<Loc EndOffset="3505" SrcFileId="14" StartOffset="3422"/>
<Loc EndOffset="3593" SrcFileId="14" StartOffset="3509"/>
<Loc EndOffset="3676" SrcFileId="14" StartOffset="3597"/>
<Loc EndOffset="3764" SrcFileId="14" StartOffset="3680"/>
<Loc EndOffset="3853" SrcFileId="14" StartOffset="3770"/>
<Loc EndOffset="3936" SrcFileId="14" StartOffset="3857"/>
<Loc EndOffset="4023" SrcFileId="14" StartOffset="3940"/>
<Loc EndOffset="4110" SrcFileId="14" StartOffset="4027"/>
<Loc EndOffset="4193" SrcFileId="14" StartOffset="4114"/>
<Loc EndOffset="4280" SrcFileId="14" StartOffset="4197"/>
<Loc EndOffset="4369" SrcFileId="14" StartOffset="4286"/>
<Loc EndOffset="4452" SrcFileId="14" StartOffset="4373"/>
<Loc EndOffset="4539" SrcFileId="14" StartOffset="4456"/>
<Loc EndOffset="4627" SrcFileId="14" StartOffset="4543"/>
<Loc EndOffset="4710" SrcFileId="14" StartOffset="4631"/>
<Loc EndOffset="4798" SrcFileId="14" StartOffset="4714"/>
<Loc EndOffset="4888" SrcFileId="14" StartOffset="4804"/>
<Loc EndOffset="4971" SrcFileId="14" StartOffset="4892"/>
<Loc EndOffset="5059" SrcFileId="14" StartOffset="4975"/>
<Loc EndOffset="5147" SrcFileId="14" StartOffset="5063"/>
<Loc EndOffset="5230" SrcFileId="14" StartOffset="5151"/>
<Loc EndOffset="5318" SrcFileId="14" StartOffset="5234"/>
<Loc EndOffset="5408" SrcFileId="14" StartOffset="5324"/>
<Loc EndOffset="5491" SrcFileId="14" StartOffset="5412"/>
<Loc EndOffset="5579" SrcFileId="14" StartOffset="5495"/>
<Loc EndOffset="5667" SrcFileId="14" StartOffset="5583"/>
<Loc EndOffset="5750" SrcFileId="14" StartOffset="5671"/>
<Loc EndOffset="5838" SrcFileId="14" StartOffset="5754"/>
<Loc EndOffset="5928" SrcFileId="14" StartOffset="5844"/>
<Loc EndOffset="6012" SrcFileId="14" StartOffset="5932"/>
<Loc EndOffset="6100" SrcFileId="14" StartOffset="6016"/>
<Loc EndOffset="6188" SrcFileId="14" StartOffset="6104"/>
<Loc EndOffset="6272" SrcFileId="14" StartOffset="6192"/>
<Loc EndOffset="6360" SrcFileId="14" StartOffset="6276"/>
<Loc EndOffset="6450" SrcFileId="14" StartOffset="6366"/>
<Loc EndOffset="6534" SrcFileId="14" StartOffset="6454"/>
<Loc EndOffset="6622" SrcFileId="14" StartOffset="6538"/>
<Loc EndOffset="6710" SrcFileId="14" StartOffset="6626"/>
<Loc EndOffset="6794" SrcFileId="14" StartOffset="6714"/>
<Loc EndOffset="6882" SrcFileId="14" StartOffset="6798"/>
<Loc EndOffset="6972" SrcFileId="14" StartOffset="6888"/>
<Loc EndOffset="7056" SrcFileId="14" StartOffset="6976"/>
<Loc EndOffset="7144" SrcFileId="14" StartOffset="7060"/>
<Loc EndOffset="7232" SrcFileId="14" StartOffset="7148"/>
<Loc EndOffset="7316" SrcFileId="14" StartOffset="7236"/>
<Loc EndOffset="7404" SrcFileId="14" StartOffset="7320"/>
<Loc EndOffset="7494" SrcFileId="14" StartOffset="7410"/>
<Loc EndOffset="7578" SrcFileId="14" StartOffset="7498"/>
<Loc EndOffset="7666" SrcFileId="14" StartOffset="7582"/>
<Loc EndOffset="7754" SrcFileId="14" StartOffset="7670"/>
<Loc EndOffset="7838" SrcFileId="14" StartOffset="7758"/>
<Loc EndOffset="7926" SrcFileId="14" StartOffset="7842"/>
<Loc EndOffset="8016" SrcFileId="14" StartOffset="7932"/>
<Loc EndOffset="8100" SrcFileId="14" StartOffset="8020"/>
<Loc EndOffset="8188" SrcFileId="14" StartOffset="8104"/>
<Loc EndOffset="8276" SrcFileId="14" StartOffset="8192"/>
<Loc EndOffset="8360" SrcFileId="14" StartOffset="8280"/>
<Loc EndOffset="8448" SrcFileId="14" StartOffset="8364"/>
<Loc EndOffset="8538" SrcFileId="14" StartOffset="8454"/>
<Loc EndOffset="8622" SrcFileId="14" StartOffset="8542"/>
<Loc EndOffset="8710" SrcFileId="14" StartOffset="8626"/>
<Loc EndOffset="8798" SrcFileId="14" StartOffset="8714"/>
<Loc EndOffset="8882" SrcFileId="14" StartOffset="8802"/>
<Loc EndOffset="8970" SrcFileId="14" StartOffset="8886"/>
<Loc EndOffset="9060" SrcFileId="14" StartOffset="8976"/>
<Loc EndOffset="9144" SrcFileId="14" StartOffset="9064"/>
<Loc EndOffset="9232" SrcFileId="14" StartOffset="9148"/>
<Loc EndOffset="9320" SrcFileId="14" StartOffset="9236"/>
<Loc EndOffset="9404" SrcFileId="14" StartOffset="9324"/>
<Loc EndOffset="9492" SrcFileId="14" StartOffset="9408"/>
<Loc EndOffset="9582" SrcFileId="14" StartOffset="9498"/>
<Loc EndOffset="9666" SrcFileId="14" StartOffset="9586"/>
<Loc EndOffset="9754" SrcFileId="14" StartOffset="9670"/>
<Loc EndOffset="9842" SrcFileId="14" StartOffset="9758"/>
<Loc EndOffset="9926" SrcFileId="14" StartOffset="9846"/>
<Loc EndOffset="10014" SrcFileId="14" StartOffset="9930"/>
<Loc EndOffset="10104" SrcFileId="14" StartOffset="10020"/>
<Loc EndOffset="10188" SrcFileId="14" StartOffset="10108"/>
<Loc EndOffset="10276" SrcFileId="14" StartOffset="10192"/>
<Loc EndOffset="10364" SrcFileId="14" StartOffset="10280"/>
<Loc EndOffset="10448" SrcFileId="14" StartOffset="10368"/>
<Loc EndOffset="10536" SrcFileId="14" StartOffset="10452"/>
</LocList>
<BasicStmnt CovItemId="S5" CovItemPrefix="client.Controller.HexManager.java" Intrnl_Id="846">
<LocList>
<Loc EndOffset="646" SrcFileId="14" StartOffset="595"/>
</LocList>
</BasicStmnt>
<BasicStmnt CovItemId="S6" CovItemPrefix="client.Controller.HexManager.java" Intrnl_Id="847">
<LocList>
<Loc EndOffset="736" SrcFileId="14" StartOffset="652"/>
</LocList>
</BasicStmnt>
<BasicStmnt CovItemId="S7" CovItemPrefix="client.Controller.HexManager.java" Intrnl_Id="848">
<LocList>
<Loc EndOffset="819" SrcFileId="14" StartOffset="740"/>
</LocList>
</BasicStmnt>
<BasicStmnt CovItemId="S8" CovItemPrefix="client.Controller.HexManager.java" Intrnl_Id="849">
<LocList>
<Loc EndOffset="907" SrcFileId="14" StartOffset="823"/>
</LocList>
</BasicStmnt>
<BasicStmnt CovItemId="S9" CovItemPrefix="client.Controller.HexManager.java" Intrnl_Id="850">
<LocList>
<Loc EndOffset="995" SrcFileId="14" StartOffset="911"/>
</LocList>
</BasicStmnt>
<BasicStmnt CovItemId="S10" CovItemPrefix="client.Controller.HexManager.java" Intrnl_Id="851">
<LocList>
<Loc EndOffset="1078" SrcFileId="14" StartOffset="999"/>
</LocList>
</BasicStmnt>
<BasicStmnt CovItemId="S11" CovItemPrefix="client.Controller.HexManager.java" Intrnl_Id="852">
<LocList>
<Loc EndOffset="1166" SrcFileId="14" StartOffset="1082"/>
</LocList>
</BasicStmnt>
<BasicStmnt CovItemId="S12" CovItemPrefix="client.Controller.HexManager.java" Intrnl_Id="853">
<LocList>
<Loc EndOffset="1256" SrcFileId="14" StartOffset="1172"/>
</LocList>
</BasicStmnt>
<BasicStmnt CovItemId="S13" CovItemPrefix="client.Controller.HexManager.java" Intrnl_Id="854">
<LocList>
<Loc EndOffset="1339" SrcFileId="14" StartOffset="1260"/>
</LocList>
</BasicStmnt>
<BasicStmnt CovItemId="S14" CovItemPrefix="client.Controller.HexManager.java" Intrnl_Id="855">
<LocList>
<Loc EndOffset="1427" SrcFileId="14" StartOffset="1343"/>
</LocList>
</BasicStmnt>
<BasicStmnt CovItemId="S15" CovItemPrefix="client.Controller.HexManager.java" Intrnl_Id="856">
<LocList>
<Loc EndOffset="1515" SrcFileId="14" StartOffset="1431"/>
</LocList>
</BasicStmnt>
<BasicStmnt CovItemId="S16" CovItemPrefix="client.Controller.HexManager.java" Intrnl_Id="857">
<LocList>
<Loc EndOffset="1598" SrcFileId="14" StartOffset="1519"/>
</LocList>
</BasicStmnt>
<BasicStmnt CovItemId="S17" CovItemPrefix="client.Controller.HexManager.java" Intrnl_Id="858">
<LocList>
<Loc EndOffset="1686" SrcFileId="14" StartOffset="1602"/>
</LocList>
</BasicStmnt>
<BasicStmnt CovItemId="S18" CovItemPrefix="client.Controller.HexManager.java" Intrnl_Id="859">
<LocList>
<Loc EndOffset="1776" SrcFileId="14" StartOffset="1692"/>
</LocList>
</BasicStmnt>
<BasicStmnt CovItemId="S19" CovItemPrefix="client.Controller.HexManager.java" Intrnl_Id="860">
<LocList>
<Loc EndOffset="1859" SrcFileId="14" StartOffset="1780"/>
</LocList>
</BasicStmnt>
<BasicStmnt CovItemId="S20" CovItemPrefix="client.Controller.HexManager.java" Intrnl_Id="861">
<LocList>
<Loc EndOffset="1947" SrcFileId="14" StartOffset="1863"/>
</LocList>
</BasicStmnt>
<BasicStmnt CovItemId="S21" CovItemPrefix="client.Controller.HexManager.java" Intrnl_Id="862">
<LocList>
<Loc EndOffset="2035" SrcFileId="14" StartOffset="1951"/>
</LocList>
</BasicStmnt>
<BasicStmnt CovItemId="S22" CovItemPrefix="client.Controller.HexManager.java" Intrnl_Id="863">
<LocList>
<Loc EndOffset="2118" SrcFileId="14" StartOffset="2039"/>
</LocList>
</BasicStmnt>
<BasicStmnt CovItemId="S23" CovItemPrefix="client.Controller.HexManager.java" Intrnl_Id="864">
<LocList>
<Loc EndOffset="2206" SrcFileId="14" StartOffset="2122"/>
</LocList>
</BasicStmnt>
<BasicStmnt CovItemId="S24" CovItemPrefix="client.Controller.HexManager.java" Intrnl_Id="865">
<LocList>
<Loc EndOffset="2296" SrcFileId="14" StartOffset="2212"/>
</LocList>
</BasicStmnt>
<BasicStmnt CovItemId="S25" CovItemPrefix="client.Controller.HexManager.java" Intrnl_Id="866">
<LocList>
<Loc EndOffset="2379" SrcFileId="14" StartOffset="2300"/>
</LocList>
</BasicStmnt>
<BasicStmnt CovItemId="S26" CovItemPrefix="client.Controller.HexManager.java" Intrnl_Id="867">
<LocList>
<Loc EndOffset="2467" SrcFileId="14" StartOffset="2383"/>
</LocList>
</BasicStmnt>
<BasicStmnt CovItemId="S27" CovItemPrefix="client.Controller.HexManager.java" Intrnl_Id="868">
<LocList>
<Loc EndOffset="2555" SrcFileId="14" StartOffset="2471"/>
</LocList>
</BasicStmnt>
<BasicStmnt CovItemId="S28" CovItemPrefix="client.Controller.HexManager.java" Intrnl_Id="869">
<LocList>
<Loc EndOffset="2638" SrcFileId="14" StartOffset="2559"/>
</LocList>
</BasicStmnt>
<BasicStmnt CovItemId="S29" CovItemPrefix="client.Controller.HexManager.java" Intrnl_Id="870">
<LocList>
<Loc EndOffset="2726" SrcFileId="14" StartOffset="2642"/>
</LocList>
</BasicStmnt>
<BasicStmnt CovItemId="S30" CovItemPrefix="client.Controller.HexManager.java" Intrnl_Id="871">
<LocList>
<Loc EndOffset="2816" SrcFileId="14" StartOffset="2732"/>
</LocList>
</BasicStmnt>
<BasicStmnt CovItemId="S31" CovItemPrefix="client.Controller.HexManager.java" Intrnl_Id="872">
<LocList>
<Loc EndOffset="2899" SrcFileId="14" StartOffset="2820"/>
</LocList>
</BasicStmnt>
<BasicStmnt CovItemId="S32" CovItemPrefix="client.Controller.HexManager.java" Intrnl_Id="873">
<LocList>
<Loc EndOffset="2987" SrcFileId="14" StartOffset="2903"/>
</LocList>
</BasicStmnt>
<BasicStmnt CovItemId="S33" CovItemPrefix="client.Controller.HexManager.java" Intrnl_Id="874">
<LocList>
<Loc EndOffset="3075" SrcFileId="14" StartOffset="2991"/>
</LocList>
</BasicStmnt>
<BasicStmnt CovItemId="S34" CovItemPrefix="client.Controller.HexManager.java" Intrnl_Id="875">
<LocList>
<Loc EndOffset="3158" SrcFileId="14" StartOffset="3079"/>
</LocList>
</BasicStmnt>
<BasicStmnt CovItemId="S35" CovItemPrefix="client.Controller.HexManager.java" Intrnl_Id="876">
<LocList>
<Loc EndOffset="3246" SrcFileId="14" StartOffset="3162"/>
</LocList>
</BasicStmnt>
<BasicStmnt CovItemId="S36" CovItemPrefix="client.Controller.HexManager.java" Intrnl_Id="877">
<LocList>
<Loc EndOffset="3335" SrcFileId="14" StartOffset="3252"/>
</LocList>
</BasicStmnt>
<BasicStmnt CovItemId="S37" CovItemPrefix="client.Controller.HexManager.java" Intrnl_Id="878">
<LocList>
<Loc EndOffset="3418" SrcFileId="14" StartOffset="3339"/>
</LocList>
</BasicStmnt>
<BasicStmnt CovItemId="S38" CovItemPrefix="client.Controller.HexManager.java" Intrnl_Id="879">
<LocList>
<Loc EndOffset="3505" SrcFileId="14" StartOffset="3422"/>
</LocList>
</BasicStmnt>
<BasicStmnt CovItemId="S39" CovItemPrefix="client.Controller.HexManager.java" Intrnl_Id="880">
<LocList>
<Loc EndOffset="3593" SrcFileId="14" StartOffset="3509"/>
</LocList>
</BasicStmnt>
<BasicStmnt CovItemId="S40" CovItemPrefix="client.Controller.HexManager.java" Intrnl_Id="881">
<LocList>
<Loc EndOffset="3676" SrcFileId="14" StartOffset="3597"/>
</LocList>
</BasicStmnt>
<BasicStmnt CovItemId="S41" CovItemPrefix="client.Controller.HexManager.java" Intrnl_Id="882">
<LocList>
<Loc EndOffset="3764" SrcFileId="14" StartOffset="3680"/>
</LocList>
</BasicStmnt>
<BasicStmnt CovItemId="S42" CovItemPrefix="client.Controller.HexManager.java" Intrnl_Id="883">
<LocList>
<Loc EndOffset="3853" SrcFileId="14" StartOffset="3770"/>
</LocList>
</BasicStmnt>
<BasicStmnt CovItemId="S43" CovItemPrefix="client.Controller.HexManager.java" Intrnl_Id="884">
<LocList>
<Loc EndOffset="3936" SrcFileId="14" StartOffset="3857"/>
</LocList>
</BasicStmnt>
<BasicStmnt CovItemId="S44" CovItemPrefix="client.Controller.HexManager.java" Intrnl_Id="885">
<LocList>
<Loc EndOffset="4023" SrcFileId="14" StartOffset="3940"/>
</LocList>
</BasicStmnt>
<BasicStmnt CovItemId="S45" CovItemPrefix="client.Controller.HexManager.java" Intrnl_Id="886">
<LocList>
<Loc EndOffset="4110" SrcFileId="14" StartOffset="4027"/>
</LocList>
</BasicStmnt>
<BasicStmnt CovItemId="S46" CovItemPrefix="client.Controller.HexManager.java" Intrnl_Id="887">
<LocList>
<Loc EndOffset="4193" SrcFileId="14" StartOffset="4114"/>
</LocList>
</BasicStmnt>
<BasicStmnt CovItemId="S47" CovItemPrefix="client.Controller.HexManager.java" Intrnl_Id="888">
<LocList>
<Loc EndOffset="4280" SrcFileId="14" StartOffset="4197"/>
</LocList>
</BasicStmnt>
<BasicStmnt CovItemId="S48" CovItemPrefix="client.Controller.HexManager.java" Intrnl_Id="889">
<LocList>
<Loc EndOffset="4369" SrcFileId="14" StartOffset="4286"/>
</LocList>
</BasicStmnt>
<BasicStmnt CovItemId="S49" CovItemPrefix="client.Controller.HexManager.java" Intrnl_Id="890">
<LocList>
<Loc EndOffset="4452" SrcFileId="14" StartOffset="4373"/>
</LocList>
</BasicStmnt>
<BasicStmnt CovItemId="S50" CovItemPrefix="client.Controller.HexManager.java" Intrnl_Id="891">
<LocList>
<Loc EndOffset="4539" SrcFileId="14" StartOffset="4456"/>
</LocList>
</BasicStmnt>
<BasicStmnt CovItemId="S51" CovItemPrefix="client.Controller.HexManager.java" Intrnl_Id="892">
<LocList>
<Loc EndOffset="4627" SrcFileId="14" StartOffset="4543"/>
</LocList>
</BasicStmnt>
<BasicStmnt CovItemId="S52" CovItemPrefix="client.Controller.HexManager.java" Intrnl_Id="893">
<LocList>
<Loc EndOffset="4710" SrcFileId="14" StartOffset="4631"/>
</LocList>
</BasicStmnt>
<BasicStmnt CovItemId="S53" CovItemPrefix="client.Controller.HexManager.java" Intrnl_Id="894">
<LocList>
<Loc EndOffset="4798" SrcFileId="14" StartOffset="4714"/>
</LocList>
</BasicStmnt>
<BasicStmnt CovItemId="S54" CovItemPrefix="client.Controller.HexManager.java" Intrnl_Id="895">
<LocList>
<Loc EndOffset="4888" SrcFileId="14" StartOffset="4804"/>
</LocList>
</BasicStmnt>
<BasicStmnt CovItemId="S55" CovItemPrefix="client.Controller.HexManager.java" Intrnl_Id="896">
<LocList>
<Loc EndOffset="4971" SrcFileId="14" StartOffset="4892"/>
</LocList>
</BasicStmnt>
<BasicStmnt CovItemId="S56" CovItemPrefix="client.Controller.HexManager.java" Intrnl_Id="897">
<LocList>
<Loc EndOffset="5059" SrcFileId="14" StartOffset="4975"/>
</LocList>
</BasicStmnt>
<BasicStmnt CovItemId="S57" CovItemPrefix="client.Controller.HexManager.java" Intrnl_Id="898">
<LocList>
<Loc EndOffset="5147" SrcFileId="14" StartOffset="5063"/>
</LocList>
</BasicStmnt>
<BasicStmnt CovItemId="S58" CovItemPrefix="client.Controller.HexManager.java" Intrnl_Id="899">
<LocList>
<Loc EndOffset="5230" SrcFileId="14" StartOffset="5151"/>
</LocList>
</BasicStmnt>
<BasicStmnt CovItemId="S59" CovItemPrefix="client.Controller.HexManager.java" Intrnl_Id="900">
<LocList>
<Loc EndOffset="5318" SrcFileId="14" StartOffset="5234"/>
</LocList>
</BasicStmnt>
<BasicStmnt CovItemId="S60" CovItemPrefix="client.Controller.HexManager.java" Intrnl_Id="901">
<LocList>
<Loc EndOffset="5408" SrcFileId="14" StartOffset="5324"/>
</LocList>
</BasicStmnt>
<BasicStmnt CovItemId="S61" CovItemPrefix="client.Controller.HexManager.java" Intrnl_Id="902">
<LocList>
<Loc EndOffset="5491" SrcFileId="14" StartOffset="5412"/>
</LocList>
</BasicStmnt>
<BasicStmnt CovItemId="S62" CovItemPrefix="client.Controller.HexManager.java" Intrnl_Id="903">
<LocList>
<Loc EndOffset="5579" SrcFileId="14" StartOffset="5495"/>
</LocList>
</BasicStmnt>
<BasicStmnt CovItemId="S63" CovItemPrefix="client.Controller.HexManager.java" Intrnl_Id="904">
<LocList>
<Loc EndOffset="5667" SrcFileId="14" StartOffset="5583"/>
</LocList>
</BasicStmnt>
<BasicStmnt CovItemId="S64" CovItemPrefix="client.Controller.HexManager.java" Intrnl_Id="905">
<LocList>
<Loc EndOffset="5750" SrcFileId="14" StartOffset="5671"/>
</LocList>
</BasicStmnt>
<BasicStmnt CovItemId="S65" CovItemPrefix="client.Controller.HexManager.java" Intrnl_Id="906">
<LocList>
<Loc EndOffset="5838" SrcFileId="14" StartOffset="5754"/>
</LocList>
</BasicStmnt>
<BasicStmnt CovItemId="S66" CovItemPrefix="client.Controller.HexManager.java" Intrnl_Id="907">
<LocList>
<Loc EndOffset="5928" SrcFileId="14" StartOffset="5844"/>
</LocList>
</BasicStmnt>
<BasicStmnt CovItemId="S67" CovItemPrefix="client.Controller.HexManager.java" Intrnl_Id="908">
<LocList>
<Loc EndOffset="6012" SrcFileId="14" StartOffset="5932"/>
</LocList>
</BasicStmnt>
<BasicStmnt CovItemId="S68" CovItemPrefix="client.Controller.HexManager.java" Intrnl_Id="909">
<LocList>
<Loc EndOffset="6100" SrcFileId="14" StartOffset="6016"/>
</LocList>
</BasicStmnt>
<BasicStmnt CovItemId="S69" CovItemPrefix="client.Controller.HexManager.java" Intrnl_Id="910">
<LocList>
<Loc EndOffset="6188" SrcFileId="14" StartOffset="6104"/>
</LocList>
</BasicStmnt>
<BasicStmnt CovItemId="S70" CovItemPrefix="client.Controller.HexManager.java" Intrnl_Id="911">
<LocList>
<Loc EndOffset="6272" SrcFileId="14" StartOffset="6192"/>
</LocList>
</BasicStmnt>
<BasicStmnt CovItemId="S71" CovItemPrefix="client.Controller.HexManager.java" Intrnl_Id="912">
<LocList>
<Loc EndOffset="6360" SrcFileId="14" StartOffset="6276"/>
</LocList>
</BasicStmnt>
<BasicStmnt CovItemId="S72" CovItemPrefix="client.Controller.HexManager.java" Intrnl_Id="913">
<LocList>
<Loc EndOffset="6450" SrcFileId="14" StartOffset="6366"/>
</LocList>
</BasicStmnt>
<BasicStmnt CovItemId="S73" CovItemPrefix="client.Controller.HexManager.java" Intrnl_Id="914">
<LocList>
<Loc EndOffset="6534" SrcFileId="14" StartOffset="6454"/>
</LocList>
</BasicStmnt>
<BasicStmnt CovItemId="S74" CovItemPrefix="client.Controller.HexManager.java" Intrnl_Id="915">
<LocList>
<Loc EndOffset="6622" SrcFileId="14" StartOffset="6538"/>
</LocList>
</BasicStmnt>
<BasicStmnt CovItemId="S75" CovItemPrefix="client.Controller.HexManager.java" Intrnl_Id="916">
<LocList>
<Loc EndOffset="6710" SrcFileId="14" StartOffset="6626"/>
</LocList>
</BasicStmnt>
<BasicStmnt CovItemId="S76" CovItemPrefix="client.Controller.HexManager.java" Intrnl_Id="917">
<LocList>
<Loc EndOffset="6794" SrcFileId="14" StartOffset="6714"/>
</LocList>
</BasicStmnt>
<BasicStmnt CovItemId="S77" CovItemPrefix="client.Controller.HexManager.java" Intrnl_Id="918">
<LocList>
<Loc EndOffset="6882" SrcFileId="14" StartOffset="6798"/>
</LocList>
</BasicStmnt>
<BasicStmnt CovItemId="S78" CovItemPrefix="client.Controller.HexManager.java" Intrnl_Id="919">
<LocList>
<Loc EndOffset="6972" SrcFileId="14" StartOffset="6888"/>
</LocList>
</BasicStmnt>
<BasicStmnt CovItemId="S79" CovItemPrefix="client.Controller.HexManager.java" Intrnl_Id="920">
<LocList>
<Loc EndOffset="7056" SrcFileId="14" StartOffset="6976"/>
</LocList>
</BasicStmnt>
<BasicStmnt CovItemId="S80" CovItemPrefix="client.Controller.HexManager.java" Intrnl_Id="921">
<LocList>
<Loc EndOffset="7144" SrcFileId="14" StartOffset="7060"/>
</LocList>
</BasicStmnt>
<BasicStmnt CovItemId="S81" CovItemPrefix="client.Controller.HexManager.java" Intrnl_Id="922">
<LocList>
<Loc EndOffset="7232" SrcFileId="14" StartOffset="7148"/>
</LocList>
</BasicStmnt>
<BasicStmnt CovItemId="S82" CovItemPrefix="client.Controller.HexManager.java" Intrnl_Id="923">
<LocList>
<Loc EndOffset="7316" SrcFileId="14" StartOffset="7236"/>
</LocList>
</BasicStmnt>
<BasicStmnt CovItemId="S83" CovItemPrefix="client.Controller.HexManager.java" Intrnl_Id="924">
<LocList>
<Loc EndOffset="7404" SrcFileId="14" StartOffset="7320"/>
</LocList>
</BasicStmnt>
<BasicStmnt CovItemId="S84" CovItemPrefix="client.Controller.HexManager.java" Intrnl_Id="925">
<LocList>
<Loc EndOffset="7494" SrcFileId="14" StartOffset="7410"/>
</LocList>
</BasicStmnt>
<BasicStmnt CovItemId="S85" CovItemPrefix="client.Controller.HexManager.java" Intrnl_Id="926">
<LocList>
<Loc EndOffset="7578" SrcFileId="14" StartOffset="7498"/>
</LocList>
</BasicStmnt>
<BasicStmnt CovItemId="S86" CovItemPrefix="client.Controller.HexManager.java" Intrnl_Id="927">
<LocList>
<Loc EndOffset="7666" SrcFileId="14" StartOffset="7582"/>
</LocList>
</BasicStmnt>
<BasicStmnt CovItemId="S87" CovItemPrefix="client.Controller.HexManager.java" Intrnl_Id="928">
<LocList>
<Loc EndOffset="7754" SrcFileId="14" StartOffset="7670"/>
</LocList>
</BasicStmnt>
<BasicStmnt CovItemId="S88" CovItemPrefix="client.Controller.HexManager.java" Intrnl_Id="929">
<LocList>
<Loc EndOffset="7838" SrcFileId="14" StartOffset="7758"/>
</LocList>
</BasicStmnt>
<BasicStmnt CovItemId="S89" CovItemPrefix="client.Controller.HexManager.java" Intrnl_Id="930">
<LocList>
<Loc EndOffset="7926" SrcFileId="14" StartOffset="7842"/>
</LocList>
</BasicStmnt>
<BasicStmnt CovItemId="S90" CovItemPrefix="client.Controller.HexManager.java" Intrnl_Id="931">
<LocList>
<Loc EndOffset="8016" SrcFileId="14" StartOffset="7932"/>
</LocList>
</BasicStmnt>
<BasicStmnt CovItemId="S91" CovItemPrefix="client.Controller.HexManager.java" Intrnl_Id="932">
<LocList>
<Loc EndOffset="8100" SrcFileId="14" StartOffset="8020"/>
</LocList>
</BasicStmnt>
<BasicStmnt CovItemId="S92" CovItemPrefix="client.Controller.HexManager.java" Intrnl_Id="933">
<LocList>
<Loc EndOffset="8188" SrcFileId="14" StartOffset="8104"/>
</LocList>
</BasicStmnt>
<BasicStmnt CovItemId="S93" CovItemPrefix="client.Controller.HexManager.java" Intrnl_Id="934">
<LocList>
<Loc EndOffset="8276" SrcFileId="14" StartOffset="8192"/>
</LocList>
</BasicStmnt>
<BasicStmnt CovItemId="S94" CovItemPrefix="client.Controller.HexManager.java" Intrnl_Id="935">
<LocList>
<Loc EndOffset="8360" SrcFileId="14" StartOffset="8280"/>
</LocList>
</BasicStmnt>
<BasicStmnt CovItemId="S95" CovItemPrefix="client.Controller.HexManager.java" Intrnl_Id="936">
<LocList>
<Loc EndOffset="8448" SrcFileId="14" StartOffset="8364"/>
</LocList>
</BasicStmnt>
<BasicStmnt CovItemId="S96" CovItemPrefix="client.Controller.HexManager.java" Intrnl_Id="937">
<LocList>
<Loc EndOffset="8538" SrcFileId="14" StartOffset="8454"/>
</LocList>
</BasicStmnt>
<BasicStmnt CovItemId="S97" CovItemPrefix="client.Controller.HexManager.java" Intrnl_Id="938">
<LocList>
<Loc EndOffset="8622" SrcFileId="14" StartOffset="8542"/>
</LocList>
</BasicStmnt>
<BasicStmnt CovItemId="S98" CovItemPrefix="client.Controller.HexManager.java" Intrnl_Id="939">
<LocList>
<Loc EndOffset="8710" SrcFileId="14" StartOffset="8626"/>
</LocList>
</BasicStmnt>
<BasicStmnt CovItemId="S99" CovItemPrefix="client.Controller.HexManager.java" Intrnl_Id="940">
<LocList>
<Loc EndOffset="8798" SrcFileId="14" StartOffset="8714"/>
</LocList>
</BasicStmnt>
<BasicStmnt CovItemId="S100" CovItemPrefix="client.Controller.HexManager.java" Intrnl_Id="941">
<LocList>
<Loc EndOffset="8882" SrcFileId="14" StartOffset="8802"/>
</LocList>
</BasicStmnt>
<BasicStmnt CovItemId="S101" CovItemPrefix="client.Controller.HexManager.java" Intrnl_Id="942">
<LocList>
<Loc EndOffset="8970" SrcFileId="14" StartOffset="8886"/>
</LocList>
</BasicStmnt>
<BasicStmnt CovItemId="S102" CovItemPrefix="client.Controller.HexManager.java" Intrnl_Id="943">
<LocList>
<Loc EndOffset="9060" SrcFileId="14" StartOffset="8976"/>
</LocList>
</BasicStmnt>
<BasicStmnt CovItemId="S103" CovItemPrefix="client.Controller.HexManager.java" Intrnl_Id="944">
<LocList>
<Loc EndOffset="9144" SrcFileId="14" StartOffset="9064"/>
</LocList>
</BasicStmnt>
<BasicStmnt CovItemId="S104" CovItemPrefix="client.Controller.HexManager.java" Intrnl_Id="945">
<LocList>
<Loc EndOffset="9232" SrcFileId="14" StartOffset="9148"/>
</LocList>
</BasicStmnt>
<BasicStmnt CovItemId="S105" CovItemPrefix="client.Controller.HexManager.java" Intrnl_Id="946">
<LocList>
<Loc EndOffset="9320" SrcFileId="14" StartOffset="9236"/>
</LocList>
</BasicStmnt>
<BasicStmnt CovItemId="S106" CovItemPrefix="client.Controller.HexManager.java" Intrnl_Id="947">
<LocList>
<Loc EndOffset="9404" SrcFileId="14" StartOffset="9324"/>
</LocList>
</BasicStmnt>
<BasicStmnt CovItemId="S107" CovItemPrefix="client.Controller.HexManager.java" Intrnl_Id="948">
<LocList>
<Loc EndOffset="9492" SrcFileId="14" StartOffset="9408"/>
</LocList>
</BasicStmnt>
<BasicStmnt CovItemId="S108" CovItemPrefix="client.Controller.HexManager.java" Intrnl_Id="949">
<LocList>
<Loc EndOffset="9582" SrcFileId="14" StartOffset="9498"/>
</LocList>
</BasicStmnt>
<BasicStmnt CovItemId="S109" CovItemPrefix="client.Controller.HexManager.java" Intrnl_Id="950">
<LocList>
<Loc EndOffset="9666" SrcFileId="14" StartOffset="9586"/>
</LocList>
</BasicStmnt>
<BasicStmnt CovItemId="S110" CovItemPrefix="client.Controller.HexManager.java" Intrnl_Id="951">
<LocList>
<Loc EndOffset="9754" SrcFileId="14" StartOffset="9670"/>
</LocList>
</BasicStmnt>
<BasicStmnt CovItemId="S111" CovItemPrefix="client.Controller.HexManager.java" Intrnl_Id="952">
<LocList>
<Loc EndOffset="9842" SrcFileId="14" StartOffset="9758"/>
</LocList>
</BasicStmnt>
<BasicStmnt CovItemId="S112" CovItemPrefix="client.Controller.HexManager.java" Intrnl_Id="953">
<LocList>
<Loc EndOffset="9926" SrcFileId="14" StartOffset="9846"/>
</LocList>
</BasicStmnt>
<BasicStmnt CovItemId="S113" CovItemPrefix="client.Controller.HexManager.java" Intrnl_Id="954">
<LocList>
<Loc EndOffset="10014" SrcFileId="14" StartOffset="9930"/>
</LocList>
</BasicStmnt>
<BasicStmnt CovItemId="S114" CovItemPrefix="client.Controller.HexManager.java" Intrnl_Id="955">
<LocList>
<Loc EndOffset="10104" SrcFileId="14" StartOffset="10020"/>
</LocList>
</BasicStmnt>
<BasicStmnt CovItemId="S115" CovItemPrefix="client.Controller.HexManager.java" Intrnl_Id="956">
<LocList>
<Loc EndOffset="10188" SrcFileId="14" StartOffset="10108"/>
</LocList>
</BasicStmnt>
<BasicStmnt CovItemId="S116" CovItemPrefix="client.Controller.HexManager.java" Intrnl_Id="957">
<LocList>
<Loc EndOffset="10276" SrcFileId="14" StartOffset="10192"/>
</LocList>
</BasicStmnt>
<BasicStmnt CovItemId="S117" CovItemPrefix="client.Controller.HexManager.java" Intrnl_Id="958">
<LocList>
<Loc EndOffset="10364" SrcFileId="14" StartOffset="10280"/>
</LocList>
</BasicStmnt>
<BasicStmnt CovItemId="S118" CovItemPrefix="client.Controller.HexManager.java" Intrnl_Id="959">
<LocList>
<Loc EndOffset="10448" SrcFileId="14" StartOffset="10368"/>
</LocList>
</BasicStmnt>
<BasicStmnt CovItemId="S119" CovItemPrefix="client.Controller.HexManager.java" Intrnl_Id="960">
<LocList>
<Loc EndOffset="10536" SrcFileId="14" StartOffset="10452"/>
</LocList>
</BasicStmnt>
</StmntSeq>
</HierarchyLvl>
<HierarchyLvl HierarchyLvlId="1930" HierarchyLvlTypeId="23" Intrnl_Id="961" Name="initializeStructureMap">
<Header>
<Loc EndOffset="10584" SrcFileId="14" StartOffset="10547"/>
</Header>
<LocList>
<Loc EndOffset="22635" SrcFileId="14" StartOffset="10547"/>
</LocList>
<StmntSeq Intrnl_Id="962">
<LocList>
<Loc EndOffset="10657" SrcFileId="14" StartOffset="10592"/>
<Loc EndOffset="10760" SrcFileId="14" StartOffset="10663"/>
<Loc EndOffset="10866" SrcFileId="14" StartOffset="10764"/>
<Loc EndOffset="10972" SrcFileId="14" StartOffset="10870"/>
<Loc EndOffset="11073" SrcFileId="14" StartOffset="10976"/>
<Loc EndOffset="11179" SrcFileId="14" StartOffset="11077"/>
<Loc EndOffset="11285" SrcFileId="14" StartOffset="11183"/>
<Loc EndOffset="11388" SrcFileId="14" StartOffset="11291"/>
<Loc EndOffset="11494" SrcFileId="14" StartOffset="11392"/>
<Loc EndOffset="11600" SrcFileId="14" StartOffset="11498"/>
<Loc EndOffset="11701" SrcFileId="14" StartOffset="11604"/>
<Loc EndOffset="11807" SrcFileId="14" StartOffset="11705"/>
<Loc EndOffset="11913" SrcFileId="14" StartOffset="11811"/>
<Loc EndOffset="12016" SrcFileId="14" StartOffset="11919"/>
<Loc EndOffset="12122" SrcFileId="14" StartOffset="12020"/>
<Loc EndOffset="12228" SrcFileId="14" StartOffset="12126"/>
<Loc EndOffset="12329" SrcFileId="14" StartOffset="12232"/>
<Loc EndOffset="12435" SrcFileId="14" StartOffset="12333"/>
<Loc EndOffset="12541" SrcFileId="14" StartOffset="12439"/>
<Loc EndOffset="12644" SrcFileId="14" StartOffset="12547"/>
<Loc EndOffset="12750" SrcFileId="14" StartOffset="12648"/>
<Loc EndOffset="12856" SrcFileId="14" StartOffset="12754"/>
<Loc EndOffset="12957" SrcFileId="14" StartOffset="12860"/>
<Loc EndOffset="13063" SrcFileId="14" StartOffset="12961"/>
<Loc EndOffset="13169" SrcFileId="14" StartOffset="13067"/>
<Loc EndOffset="13272" SrcFileId="14" StartOffset="13175"/>
<Loc EndOffset="13378" SrcFileId="14" StartOffset="13276"/>
<Loc EndOffset="13484" SrcFileId="14" StartOffset="13382"/>
<Loc EndOffset="13585" SrcFileId="14" StartOffset="13488"/>
<Loc EndOffset="13691" SrcFileId="14" StartOffset="13589"/>
<Loc EndOffset="13797" SrcFileId="14" StartOffset="13695"/>
<Loc EndOffset="13900" SrcFileId="14" StartOffset="13803"/>
<Loc EndOffset="14005" SrcFileId="14" StartOffset="13904"/>
<Loc EndOffset="14110" SrcFileId="14" StartOffset="14009"/>
<Loc EndOffset="14211" SrcFileId="14" StartOffset="14114"/>
<Loc EndOffset="14317" SrcFileId="14" StartOffset="14215"/>
<Loc EndOffset="14423" SrcFileId="14" StartOffset="14321"/>
<Loc EndOffset="14525" SrcFileId="14" StartOffset="14429"/>
<Loc EndOffset="14630" SrcFileId="14" StartOffset="14529"/>
<Loc EndOffset="14735" SrcFileId="14" StartOffset="14634"/>
<Loc EndOffset="14835" SrcFileId="14" StartOffset="14739"/>
<Loc EndOffset="14941" SrcFileId="14" StartOffset="14839"/>
<Loc EndOffset="15046" SrcFileId="14" StartOffset="14945"/>
<Loc EndOffset="15148" SrcFileId="14" StartOffset="15052"/>
<Loc EndOffset="15253" SrcFileId="14" StartOffset="15152"/>
<Loc EndOffset="15358" SrcFileId="14" StartOffset="15257"/>
<Loc EndOffset="15458" SrcFileId="14" StartOffset="15362"/>
<Loc EndOffset="15564" SrcFileId="14" StartOffset="15462"/>
<Loc EndOffset="15670" SrcFileId="14" StartOffset="15568"/>
<Loc EndOffset="15773" SrcFileId="14" StartOffset="15676"/>
<Loc EndOffset="15878" SrcFileId="14" StartOffset="15777"/>
<Loc EndOffset="15983" SrcFileId="14" StartOffset="15882"/>
<Loc EndOffset="16084" SrcFileId="14" StartOffset="15987"/>
<Loc EndOffset="16190" SrcFileId="14" StartOffset="16088"/>
<Loc EndOffset="16296" SrcFileId="14" StartOffset="16194"/>
<Loc EndOffset="16399" SrcFileId="14" StartOffset="16302"/>
<Loc EndOffset="16505" SrcFileId="14" StartOffset="16403"/>
<Loc EndOffset="16611" SrcFileId="14" StartOffset="16509"/>
<Loc EndOffset="16712" SrcFileId="14" StartOffset="16615"/>
<Loc EndOffset="16818" SrcFileId="14" StartOffset="16716"/>
<Loc EndOffset="16924" SrcFileId="14" StartOffset="16822"/>
<Loc EndOffset="17028" SrcFileId="14" StartOffset="16930"/>
<Loc EndOffset="17135" SrcFileId="14" StartOffset="17032"/>
<Loc EndOffset="17242" SrcFileId="14" StartOffset="17139"/>
<Loc EndOffset="17344" SrcFileId="14" StartOffset="17246"/>
<Loc EndOffset="17451" SrcFileId="14" StartOffset="17348"/>
<Loc EndOffset="17558" SrcFileId="14" StartOffset="17455"/>
<Loc EndOffset="17662" SrcFileId="14" StartOffset="17564"/>
<Loc EndOffset="17769" SrcFileId="14" StartOffset="17666"/>
<Loc EndOffset="17876" SrcFileId="14" StartOffset="17773"/>
<Loc EndOffset="17978" SrcFileId="14" StartOffset="17880"/>
<Loc EndOffset="18085" SrcFileId="14" StartOffset="17982"/>
<Loc EndOffset="18192" SrcFileId="14" StartOffset="18089"/>
<Loc EndOffset="18296" SrcFileId="14" StartOffset="18198"/>
<Loc EndOffset="18403" SrcFileId="14" StartOffset="18300"/>
<Loc EndOffset="18510" SrcFileId="14" StartOffset="18407"/>
<Loc EndOffset="18612" SrcFileId="14" StartOffset="18514"/>
<Loc EndOffset="18719" SrcFileId="14" StartOffset="18616"/>
<Loc EndOffset="18826" SrcFileId="14" StartOffset="18723"/>
<Loc EndOffset="18930" SrcFileId="14" StartOffset="18832"/>
<Loc EndOffset="19037" SrcFileId="14" StartOffset="18934"/>
<Loc EndOffset="19144" SrcFileId="14" StartOffset="19041"/>
<Loc EndOffset="19246" SrcFileId="14" StartOffset="19148"/>
<Loc EndOffset="19353" SrcFileId="14" StartOffset="19250"/>
<Loc EndOffset="19460" SrcFileId="14" StartOffset="19357"/>
<Loc EndOffset="19564" SrcFileId="14" StartOffset="19466"/>
<Loc EndOffset="19671" SrcFileId="14" StartOffset="19568"/>
<Loc EndOffset="19778" SrcFileId="14" StartOffset="19675"/>
<Loc EndOffset="19880" SrcFileId="14" StartOffset="19782"/>
<Loc EndOffset="19987" SrcFileId="14" StartOffset="19884"/>
<Loc EndOffset="20094" SrcFileId="14" StartOffset="19991"/>
<Loc EndOffset="20198" SrcFileId="14" StartOffset="20100"/>
<Loc EndOffset="20304" SrcFileId="14" StartOffset="20202"/>
<Loc EndOffset="20411" SrcFileId="14" StartOffset="20308"/>
<Loc EndOffset="20513" SrcFileId="14" StartOffset="20415"/>
<Loc EndOffset="20620" SrcFileId="14" StartOffset="20517"/>
<Loc EndOffset="20727" SrcFileId="14" StartOffset="20624"/>
<Loc EndOffset="20831" SrcFileId="14" StartOffset="20733"/>
<Loc EndOffset="20938" SrcFileId="14" StartOffset="20835"/>
<Loc EndOffset="21045" SrcFileId="14" StartOffset="20942"/>
<Loc EndOffset="21147" SrcFileId="14" StartOffset="21049"/>
<Loc EndOffset="21254" SrcFileId="14" StartOffset="21151"/>
<Loc EndOffset="21361" SrcFileId="14" StartOffset="21258"/>
<Loc EndOffset="21465" SrcFileId="14" StartOffset="21367"/>
<Loc EndOffset="21572" SrcFileId="14" StartOffset="21469"/>
<Loc EndOffset="21679" SrcFileId="14" StartOffset="21576"/>
<Loc EndOffset="21781" SrcFileId="14" StartOffset="21683"/>
<Loc EndOffset="21888" SrcFileId="14" StartOffset="21785"/>
<Loc EndOffset="21995" SrcFileId="14" StartOffset="21892"/>
<Loc EndOffset="22099" SrcFileId="14" StartOffset="22001"/>
<Loc EndOffset="22206" SrcFileId="14" StartOffset="22103"/>
<Loc EndOffset="22313" SrcFileId="14" StartOffset="22210"/>
<Loc EndOffset="22415" SrcFileId="14" StartOffset="22317"/>
<Loc EndOffset="22522" SrcFileId="14" StartOffset="22419"/>
<Loc EndOffset="22629" SrcFileId="14" StartOffset="22526"/>
</LocList>
<BasicStmnt CovItemId="S120" CovItemPrefix="client.Controller.HexManager.java" Intrnl_Id="963">
<LocList>
<Loc EndOffset="10657" SrcFileId="14" StartOffset="10592"/>
</LocList>
</BasicStmnt>
<BasicStmnt CovItemId="S121" CovItemPrefix="client.Controller.HexManager.java" Intrnl_Id="964">
<LocList>
<Loc EndOffset="10760" SrcFileId="14" StartOffset="10663"/>
</LocList>
</BasicStmnt>
<BasicStmnt CovItemId="S122" CovItemPrefix="client.Controller.HexManager.java" Intrnl_Id="965">
<LocList>
<Loc EndOffset="10866" SrcFileId="14" StartOffset="10764"/>
</LocList>
</BasicStmnt>
<BasicStmnt CovItemId="S123" CovItemPrefix="client.Controller.HexManager.java" Intrnl_Id="966">
<LocList>
<Loc EndOffset="10972" SrcFileId="14" StartOffset="10870"/>
</LocList>
</BasicStmnt>
<BasicStmnt CovItemId="S124" CovItemPrefix="client.Controller.HexManager.java" Intrnl_Id="967">
<LocList>
<Loc EndOffset="11073" SrcFileId="14" StartOffset="10976"/>
</LocList>
</BasicStmnt>
<BasicStmnt CovItemId="S125" CovItemPrefix="client.Controller.HexManager.java" Intrnl_Id="968">
<LocList>
<Loc EndOffset="11179" SrcFileId="14" StartOffset="11077"/>
</LocList>
</BasicStmnt>
<BasicStmnt CovItemId="S126" CovItemPrefix="client.Controller.HexManager.java" Intrnl_Id="969">
<LocList>
<Loc EndOffset="11285" SrcFileId="14" StartOffset="11183"/>
</LocList>
</BasicStmnt>
<BasicStmnt CovItemId="S127" CovItemPrefix="client.Controller.HexManager.java" Intrnl_Id="970">
<LocList>
<Loc EndOffset="11388" SrcFileId="14" StartOffset="11291"/>
</LocList>
</BasicStmnt>
<BasicStmnt CovItemId="S128" CovItemPrefix="client.Controller.HexManager.java" Intrnl_Id="971">
<LocList>
<Loc EndOffset="11494" SrcFileId="14" StartOffset="11392"/>
</LocList>
</BasicStmnt>
<BasicStmnt CovItemId="S129" CovItemPrefix="client.Controller.HexManager.java" Intrnl_Id="972">
<LocList>
<Loc EndOffset="11600" SrcFileId="14" StartOffset="11498"/>
</LocList>
</BasicStmnt>
<BasicStmnt CovItemId="S130" CovItemPrefix="client.Controller.HexManager.java" Intrnl_Id="973">
<LocList>
<Loc EndOffset="11701" SrcFileId="14" StartOffset="11604"/>
</LocList>
</BasicStmnt>
<BasicStmnt CovItemId="S131" CovItemPrefix="client.Controller.HexManager.java" Intrnl_Id="974">
<LocList>
<Loc EndOffset="11807" SrcFileId="14" StartOffset="11705"/>
</LocList>
</BasicStmnt>
<BasicStmnt CovItemId="S132" CovItemPrefix="client.Controller.HexManager.java" Intrnl_Id="975">
<LocList>
<Loc EndOffset="11913" SrcFileId="14" StartOffset="11811"/>
</LocList>
</BasicStmnt>
<BasicStmnt CovItemId="S133" CovItemPrefix="client.Controller.HexManager.java" Intrnl_Id="976">
<LocList>
<Loc EndOffset="12016" SrcFileId="14" StartOffset="11919"/>
</LocList>
</BasicStmnt>
<BasicStmnt CovItemId="S134" CovItemPrefix="client.Controller.HexManager.java" Intrnl_Id="977">
<LocList>
<Loc EndOffset="12122" SrcFileId="14" StartOffset="12020"/>
</LocList>
</BasicStmnt>
<BasicStmnt CovItemId="S135" CovItemPrefix="client.Controller.HexManager.java" Intrnl_Id="978">
<LocList>
<Loc EndOffset="12228" SrcFileId="14" StartOffset="12126"/>
</LocList>
</BasicStmnt>
<BasicStmnt CovItemId="S136" CovItemPrefix="client.Controller.HexManager.java" Intrnl_Id="979">
<LocList>
<Loc EndOffset="12329" SrcFileId="14" StartOffset="12232"/>
</LocList>
</BasicStmnt>
<BasicStmnt CovItemId="S137" CovItemPrefix="client.Controller.HexManager.java" Intrnl_Id="980">
<LocList>
<Loc EndOffset="12435" SrcFileId="14" StartOffset="12333"/>
</LocList>
</BasicStmnt>
<BasicStmnt CovItemId="S138" CovItemPrefix="client.Controller.HexManager.java" Intrnl_Id="981">
<LocList>
<Loc EndOffset="12541" SrcFileId="14" StartOffset="12439"/>
</LocList>
</BasicStmnt>
<BasicStmnt CovItemId="S139" CovItemPrefix="client.Controller.HexManager.java" Intrnl_Id="982">
<LocList>
<Loc EndOffset="12644" SrcFileId="14" StartOffset="12547"/>
</LocList>
</BasicStmnt>
<BasicStmnt CovItemId="S140" CovItemPrefix="client.Controller.HexManager.java" Intrnl_Id="983">
<LocList>
<Loc EndOffset="12750" SrcFileId="14" StartOffset="12648"/>
</LocList>
</BasicStmnt>
<BasicStmnt CovItemId="S141" CovItemPrefix="client.Controller.HexManager.java" Intrnl_Id="984">
<LocList>
<Loc EndOffset="12856" SrcFileId="14" StartOffset="12754"/>
</LocList>
</BasicStmnt>
<BasicStmnt CovItemId="S142" CovItemPrefix="client.Controller.HexManager.java" Intrnl_Id="985">
<LocList>
<Loc EndOffset="12957" SrcFileId="14" StartOffset="12860"/>
</LocList>
</BasicStmnt>
<BasicStmnt CovItemId="S143" CovItemPrefix="client.Controller.HexManager.java" Intrnl_Id="986">
<LocList>
<Loc EndOffset="13063" SrcFileId="14" StartOffset="12961"/>
</LocList>
</BasicStmnt>
<BasicStmnt CovItemId="S144" CovItemPrefix="client.Controller.HexManager.java" Intrnl_Id="987">
<LocList>
<Loc EndOffset="13169" SrcFileId="14" StartOffset="13067"/>
</LocList>
</BasicStmnt>
<BasicStmnt CovItemId="S145" CovItemPrefix="client.Controller.HexManager.java" Intrnl_Id="988">
<LocList>
<Loc EndOffset="13272" SrcFileId="14" StartOffset="13175"/>
</LocList>
</BasicStmnt>
<BasicStmnt CovItemId="S146" CovItemPrefix="client.Controller.HexManager.java" Intrnl_Id="989">
<LocList>
<Loc EndOffset="13378" SrcFileId="14" StartOffset="13276"/>
</LocList>
</BasicStmnt>
<BasicStmnt CovItemId="S147" CovItemPrefix="client.Controller.HexManager.java" Intrnl_Id="990">
<LocList>
<Loc EndOffset="13484" SrcFileId="14" StartOffset="13382"/>
</LocList>
</BasicStmnt>
<BasicStmnt CovItemId="S148" CovItemPrefix="client.Controller.HexManager.java" Intrnl_Id="991">
<LocList>
<Loc EndOffset="13585" SrcFileId="14" StartOffset="13488"/>
</LocList>
</BasicStmnt>
<BasicStmnt CovItemId="S149" CovItemPrefix="client.Controller.HexManager.java" Intrnl_Id="992">
<LocList>
<Loc EndOffset="13691" SrcFileId="14" StartOffset="13589"/>
</LocList>
</BasicStmnt>
<BasicStmnt CovItemId="S150" CovItemPrefix="client.Controller.HexManager.java" Intrnl_Id="993">
<LocList>
<Loc EndOffset="13797" SrcFileId="14" StartOffset="13695"/>
</LocList>
</BasicStmnt>
<BasicStmnt CovItemId="S151" CovItemPrefix="client.Controller.HexManager.java" Intrnl_Id="994">
<LocList>
<Loc EndOffset="13900" SrcFileId="14" StartOffset="13803"/>
</LocList>
</BasicStmnt>
<BasicStmnt CovItemId="S152" CovItemPrefix="client.Controller.HexManager.java" Intrnl_Id="995">
<LocList>
<Loc EndOffset="14005" SrcFileId="14" StartOffset="13904"/>
</LocList>
</BasicStmnt>
<BasicStmnt CovItemId="S153" CovItemPrefix="client.Controller.HexManager.java" Intrnl_Id="996">
<LocList>
<Loc EndOffset="14110" SrcFileId="14" StartOffset="14009"/>
</LocList>
</BasicStmnt>
<BasicStmnt CovItemId="S154" CovItemPrefix="client.Controller.HexManager.java" Intrnl_Id="997">
<LocList>
<Loc EndOffset="14211" SrcFileId="14" StartOffset="14114"/>
</LocList>
</BasicStmnt>
<BasicStmnt CovItemId="S155" CovItemPrefix="client.Controller.HexManager.java" Intrnl_Id="998">
<LocList>
<Loc EndOffset="14317" SrcFileId="14" StartOffset="14215"/>
</LocList>
</BasicStmnt>
<BasicStmnt CovItemId="S156" CovItemPrefix="client.Controller.HexManager.java" Intrnl_Id="999">
<LocList>
<Loc EndOffset="14423" SrcFileId="14" StartOffset="14321"/>
</LocList>
</BasicStmnt>
<BasicStmnt CovItemId="S157" CovItemPrefix="client.Controller.HexManager.java" Intrnl_Id="1000">
<LocList>
<Loc EndOffset="14525" SrcFileId="14" StartOffset="14429"/>
</LocList>
</BasicStmnt>
<BasicStmnt CovItemId="S158" CovItemPrefix="client.Controller.HexManager.java" Intrnl_Id="1001">
<LocList>
<Loc EndOffset="14630" SrcFileId="14" StartOffset="14529"/>
</LocList>
</BasicStmnt>
<BasicStmnt CovItemId="S159" CovItemPrefix="client.Controller.HexManager.java" Intrnl_Id="1002">
<LocList>
<Loc EndOffset="14735" SrcFileId="14" StartOffset="14634"/>
</LocList>
</BasicStmnt>
<BasicStmnt CovItemId="S160" CovItemPrefix="client.Controller.HexManager.java" Intrnl_Id="1003">
<LocList>
<Loc EndOffset="14835" SrcFileId="14" StartOffset="14739"/>
</LocList>
</BasicStmnt>
<BasicStmnt CovItemId="S161" CovItemPrefix="client.Controller.HexManager.java" Intrnl_Id="1004">
<LocList>
<Loc EndOffset="14941" SrcFileId="14" StartOffset="14839"/>
</LocList>
</BasicStmnt>
<BasicStmnt CovItemId="S162" CovItemPrefix="client.Controller.HexManager.java" Intrnl_Id="1005">
<LocList>
<Loc EndOffset="15046" SrcFileId="14" StartOffset="14945"/>
</LocList>
</BasicStmnt>
<BasicStmnt CovItemId="S163" CovItemPrefix="client.Controller.HexManager.java" Intrnl_Id="1006">
<LocList>
<Loc EndOffset="15148" SrcFileId="14" StartOffset="15052"/>
</LocList>
</BasicStmnt>
<BasicStmnt CovItemId="S164" CovItemPrefix="client.Controller.HexManager.java" Intrnl_Id="1007">
<LocList>
<Loc EndOffset="15253" SrcFileId="14" StartOffset="15152"/>
</LocList>
</BasicStmnt>
<BasicStmnt CovItemId="S165" CovItemPrefix="client.Controller.HexManager.java" Intrnl_Id="1008">
<LocList>
<Loc EndOffset="15358" SrcFileId="14" StartOffset="15257"/>
</LocList>
</BasicStmnt>
<BasicStmnt CovItemId="S166" CovItemPrefix="client.Controller.HexManager.java" Intrnl_Id="1009">
<LocList>
<Loc EndOffset="15458" SrcFileId="14" StartOffset="15362"/>
</LocList>
</BasicStmnt>
<BasicStmnt CovItemId="S167" CovItemPrefix="client.Controller.HexManager.java" Intrnl_Id="1010">
<LocList>
<Loc EndOffset="15564" SrcFileId="14" StartOffset="15462"/>
</LocList>
</BasicStmnt>
<BasicStmnt CovItemId="S168" CovItemPrefix="client.Controller.HexManager.java" Intrnl_Id="1011">
<LocList>
<Loc EndOffset="15670" SrcFileId="14" StartOffset="15568"/>
</LocList>
</BasicStmnt>
<BasicStmnt CovItemId="S169" CovItemPrefix="client.Controller.HexManager.java" Intrnl_Id="1012">
<LocList>
<Loc EndOffset="15773" SrcFileId="14" StartOffset="15676"/>
</LocList>
</BasicStmnt>
<BasicStmnt CovItemId="S170" CovItemPrefix="client.Controller.HexManager.java" Intrnl_Id="1013">
<LocList>
<Loc EndOffset="15878" SrcFileId="14" StartOffset="15777"/>
</LocList>
</BasicStmnt>
<BasicStmnt CovItemId="S171" CovItemPrefix="client.Controller.HexManager.java" Intrnl_Id="1014">
<LocList>
<Loc EndOffset="15983" SrcFileId="14" StartOffset="15882"/>
</LocList>
</BasicStmnt>
<BasicStmnt CovItemId="S172" CovItemPrefix="client.Controller.HexManager.java" Intrnl_Id="1015">
<LocList>
<Loc EndOffset="16084" SrcFileId="14" StartOffset="15987"/>
</LocList>
</BasicStmnt>
<BasicStmnt CovItemId="S173" CovItemPrefix="client.Controller.HexManager.java" Intrnl_Id="1016">
<LocList>
<Loc EndOffset="16190" SrcFileId="14" StartOffset="16088"/>
</LocList>
</BasicStmnt>
<BasicStmnt CovItemId="S174" CovItemPrefix="client.Controller.HexManager.java" Intrnl_Id="1017">
<LocList>
<Loc EndOffset="16296" SrcFileId="14" StartOffset="16194"/>
</LocList>
</BasicStmnt>
<BasicStmnt CovItemId="S175" CovItemPrefix="client.Controller.HexManager.java" Intrnl_Id="1018">
<LocList>
<Loc EndOffset="16399" SrcFileId="14" StartOffset="16302"/>
</LocList>
</BasicStmnt>
<BasicStmnt CovItemId="S176" CovItemPrefix="client.Controller.HexManager.java" Intrnl_Id="1019">
<LocList>
<Loc EndOffset="16505" SrcFileId="14" StartOffset="16403"/>
</LocList>
</BasicStmnt>
<BasicStmnt CovItemId="S177" CovItemPrefix="client.Controller.HexManager.java" Intrnl_Id="1020">
<LocList>
<Loc EndOffset="16611" SrcFileId="14" StartOffset="16509"/>
</LocList>
</BasicStmnt>
<BasicStmnt CovItemId="S178" CovItemPrefix="client.Controller.HexManager.java" Intrnl_Id="1021">
<LocList>
<Loc EndOffset="16712" SrcFileId="14" StartOffset="16615"/>
</LocList>
</BasicStmnt>
<BasicStmnt CovItemId="S179" CovItemPrefix="client.Controller.HexManager.java" Intrnl_Id="1022">
<LocList>
<Loc EndOffset="16818" SrcFileId="14" StartOffset="16716"/>
</LocList>
</BasicStmnt>
<BasicStmnt CovItemId="S180" CovItemPrefix="client.Controller.HexManager.java" Intrnl_Id="1023">
<LocList>
<Loc EndOffset="16924" SrcFileId="14" StartOffset="16822"/>
</LocList>
</BasicStmnt>
<BasicStmnt CovItemId="S181" CovItemPrefix="client.Controller.HexManager.java" Intrnl_Id="1024">
<LocList>
<Loc EndOffset="17028" SrcFileId="14" StartOffset="16930"/>
</LocList>
</BasicStmnt>
<BasicStmnt CovItemId="S182" CovItemPrefix="client.Controller.HexManager.java" Intrnl_Id="1025">
<LocList>
<Loc EndOffset="17135" SrcFileId="14" StartOffset="17032"/>
</LocList>
</BasicStmnt>
<BasicStmnt CovItemId="S183" CovItemPrefix="client.Controller.HexManager.java" Intrnl_Id="1026">
<LocList>
<Loc EndOffset="17242" SrcFileId="14" StartOffset="17139"/>
</LocList>
</BasicStmnt>
<BasicStmnt CovItemId="S184" CovItemPrefix="client.Controller.HexManager.java" Intrnl_Id="1027">
<LocList>
<Loc EndOffset="17344" SrcFileId="14" StartOffset="17246"/>
</LocList>
</BasicStmnt>
<BasicStmnt CovItemId="S185" CovItemPrefix="client.Controller.HexManager.java" Intrnl_Id="1028">
<LocList>
<Loc EndOffset="17451" SrcFileId="14" StartOffset="17348"/>
</LocList>
</BasicStmnt>
<BasicStmnt CovItemId="S186" CovItemPrefix="client.Controller.HexManager.java" Intrnl_Id="1029">
<LocList>
<Loc EndOffset="17558" SrcFileId="14" StartOffset="17455"/>
</LocList>
</BasicStmnt>
<BasicStmnt CovItemId="S187" CovItemPrefix="client.Controller.HexManager.java" Intrnl_Id="1030">
<LocList>
<Loc EndOffset="17662" SrcFileId="14" StartOffset="17564"/>
</LocList>
</BasicStmnt>
<BasicStmnt CovItemId="S188" CovItemPrefix="client.Controller.HexManager.java" Intrnl_Id="1031">
<LocList>
<Loc EndOffset="17769" SrcFileId="14" StartOffset="17666"/>
</LocList>
</BasicStmnt>
<BasicStmnt CovItemId="S189" CovItemPrefix="client.Controller.HexManager.java" Intrnl_Id="1032">
<LocList>
<Loc EndOffset="17876" SrcFileId="14" StartOffset="17773"/>
</LocList>
</BasicStmnt>
<BasicStmnt CovItemId="S190" CovItemPrefix="client.Controller.HexManager.java" Intrnl_Id="1033">
<LocList>
<Loc EndOffset="17978" SrcFileId="14" StartOffset="17880"/>
</LocList>
</BasicStmnt>
<BasicStmnt CovItemId="S191" CovItemPrefix="client.Controller.HexManager.java" Intrnl_Id="1034">
<LocList>
<Loc EndOffset="18085" SrcFileId="14" StartOffset="17982"/>
</LocList>
</BasicStmnt>
<BasicStmnt CovItemId="S192" CovItemPrefix="client.Controller.HexManager.java" Intrnl_Id="1035">
<LocList>
<Loc EndOffset="18192" SrcFileId="14" StartOffset="18089"/>
</LocList>
</BasicStmnt>
<BasicStmnt CovItemId="S193" CovItemPrefix="client.Controller.HexManager.java" Intrnl_Id="1036">
<LocList>
<Loc EndOffset="18296" SrcFileId="14" StartOffset="18198"/>
</LocList>
</BasicStmnt>
<BasicStmnt CovItemId="S194" CovItemPrefix="client.Controller.HexManager.java" Intrnl_Id="1037">
<LocList>
<Loc EndOffset="18403" SrcFileId="14" StartOffset="18300"/>
</LocList>
</BasicStmnt>
<BasicStmnt CovItemId="S195" CovItemPrefix="client.Controller.HexManager.java" Intrnl_Id="1038">
<LocList>
<Loc EndOffset="18510" SrcFileId="14" StartOffset="18407"/>
</LocList>
</BasicStmnt>
<BasicStmnt CovItemId="S196" CovItemPrefix="client.Controller.HexManager.java" Intrnl_Id="1039">
<LocList>
<Loc EndOffset="18612" SrcFileId="14" StartOffset="18514"/>
</LocList>
</BasicStmnt>
<BasicStmnt CovItemId="S197" CovItemPrefix="client.Controller.HexManager.java" Intrnl_Id="1040">
<LocList>
<Loc EndOffset="18719" SrcFileId="14" StartOffset="18616"/>
</LocList>
</BasicStmnt>
<BasicStmnt CovItemId="S198" CovItemPrefix="client.Controller.HexManager.java" Intrnl_Id="1041">
<LocList>
<Loc EndOffset="18826" SrcFileId="14" StartOffset="18723"/>
</LocList>
</BasicStmnt>
<BasicStmnt CovItemId="S199" CovItemPrefix="client.Controller.HexManager.java" Intrnl_Id="1042">
<LocList>
<Loc EndOffset="18930" SrcFileId="14" StartOffset="18832"/>
</LocList>
</BasicStmnt>
<BasicStmnt CovItemId="S200" CovItemPrefix="client.Controller.HexManager.java" Intrnl_Id="1043">
<LocList>
<Loc EndOffset="19037" SrcFileId="14" StartOffset="18934"/>
</LocList>
</BasicStmnt>
<BasicStmnt CovItemId="S201" CovItemPrefix="client.Controller.HexManager.java" Intrnl_Id="1044">
<LocList>
<Loc EndOffset="19144" SrcFileId="14" StartOffset="19041"/>
</LocList>
</BasicStmnt>
<BasicStmnt CovItemId="S202" CovItemPrefix="client.Controller.HexManager.java" Intrnl_Id="1045">
<LocList>
<Loc EndOffset="19246" SrcFileId="14" StartOffset="19148"/>
</LocList>
</BasicStmnt>
<BasicStmnt CovItemId="S203" CovItemPrefix="client.Controller.HexManager.java" Intrnl_Id="1046">
<LocList>
<Loc EndOffset="19353" SrcFileId="14" StartOffset="19250"/>
</LocList>
</BasicStmnt>
<BasicStmnt CovItemId="S204" CovItemPrefix="client.Controller.HexManager.java" Intrnl_Id="1047">
<LocList>
<Loc EndOffset="19460" SrcFileId="14" StartOffset="19357"/>
</LocList>
</BasicStmnt>
<BasicStmnt CovItemId="S205" CovItemPrefix="client.Controller.HexManager.java" Intrnl_Id="1048">
<LocList>
<Loc EndOffset="19564" SrcFileId="14" StartOffset="19466"/>
</LocList>
</BasicStmnt>
<BasicStmnt CovItemId="S206" CovItemPrefix="client.Controller.HexManager.java" Intrnl_Id="1049">
<LocList>
<Loc EndOffset="19671" SrcFileId="14" StartOffset="19568"/>
</LocList>
</BasicStmnt>
<BasicStmnt CovItemId="S207" CovItemPrefix="client.Controller.HexManager.java" Intrnl_Id="1050">
<LocList>
<Loc EndOffset="19778" SrcFileId="14" StartOffset="19675"/>
</LocList>
</BasicStmnt>
<BasicStmnt CovItemId="S208" CovItemPrefix="client.Controller.HexManager.java" Intrnl_Id="1051">
<LocList>
<Loc EndOffset="19880" SrcFileId="14" StartOffset="19782"/>
</LocList>
</BasicStmnt>
<BasicStmnt CovItemId="S209" CovItemPrefix="client.Controller.HexManager.java" Intrnl_Id="1052">
<LocList>
<Loc EndOffset="19987" SrcFileId="14" StartOffset="19884"/>
</LocList>
</BasicStmnt>
<BasicStmnt CovItemId="S210" CovItemPrefix="client.Controller.HexManager.java" Intrnl_Id="1053">
<LocList>
<Loc EndOffset="20094" SrcFileId="14" StartOffset="19991"/>
</LocList>
</BasicStmnt>
<BasicStmnt CovItemId="S211" CovItemPrefix="client.Controller.HexManager.java" Intrnl_Id="1054">
<LocList>
<Loc EndOffset="20198" SrcFileId="14" StartOffset="20100"/>
</LocList>
</BasicStmnt>
<BasicStmnt CovItemId="S212" CovItemPrefix="client.Controller.HexManager.java" Intrnl_Id="1055">
<LocList>
<Loc EndOffset="20304" SrcFileId="14" StartOffset="20202"/>
</LocList>
</BasicStmnt>
<BasicStmnt CovItemId="S213" CovItemPrefix="client.Controller.HexManager.java" Intrnl_Id="1056">
<LocList>
<Loc EndOffset="20411" SrcFileId="14" StartOffset="20308"/>
</LocList>
</BasicStmnt>
<BasicStmnt CovItemId="S214" CovItemPrefix="client.Controller.HexManager.java" Intrnl_Id="1057">
<LocList>
<Loc EndOffset="20513" SrcFileId="14" StartOffset="20415"/>
</LocList>
</BasicStmnt>
<BasicStmnt CovItemId="S215" CovItemPrefix="client.Controller.HexManager.java" Intrnl_Id="1058">
<LocList>
<Loc EndOffset="20620" SrcFileId="14" StartOffset="20517"/>
</LocList>
</BasicStmnt>
<BasicStmnt CovItemId="S216" CovItemPrefix="client.Controller.HexManager.java" Intrnl_Id="1059">
<LocList>
<Loc EndOffset="20727" SrcFileId="14" StartOffset="20624"/>
</LocList>
</BasicStmnt>
<BasicStmnt CovItemId="S217" CovItemPrefix="client.Controller.HexManager.java" Intrnl_Id="1060">
<LocList>
<Loc EndOffset="20831" SrcFileId="14" StartOffset="20733"/>
</LocList>
</BasicStmnt>
<BasicStmnt CovItemId="S218" CovItemPrefix="client.Controller.HexManager.java" Intrnl_Id="1061">
<LocList>
<Loc EndOffset="20938" SrcFileId="14" StartOffset="20835"/>
</LocList>
</BasicStmnt>
<BasicStmnt CovItemId="S219" CovItemPrefix="client.Controller.HexManager.java" Intrnl_Id="1062">
<LocList>
<Loc EndOffset="21045" SrcFileId="14" StartOffset="20942"/>
</LocList>
</BasicStmnt>
<BasicStmnt CovItemId="S220" CovItemPrefix="client.Controller.HexManager.java" Intrnl_Id="1063">
<LocList>
<Loc EndOffset="21147" SrcFileId="14" StartOffset="21049"/>
</LocList>
</BasicStmnt>
<BasicStmnt CovItemId="S221" CovItemPrefix="client.Controller.HexManager.java" Intrnl_Id="1064">
<LocList>
<Loc EndOffset="21254" SrcFileId="14" StartOffset="21151"/>
</LocList>
</BasicStmnt>
<BasicStmnt CovItemId="S222" CovItemPrefix="client.Controller.HexManager.java" Intrnl_Id="1065">
<LocList>
<Loc EndOffset="21361" SrcFileId="14" StartOffset="21258"/>
</LocList>
</BasicStmnt>
<BasicStmnt CovItemId="S223" CovItemPrefix="client.Controller.HexManager.java" Intrnl_Id="1066">
<LocList>
<Loc EndOffset="21465" SrcFileId="14" StartOffset="21367"/>
</LocList>
</BasicStmnt>
<BasicStmnt CovItemId="S224" CovItemPrefix="client.Controller.HexManager.java" Intrnl_Id="1067">
<LocList>
<Loc EndOffset="21572" SrcFileId="14" StartOffset="21469"/>
</LocList>
</BasicStmnt>
<BasicStmnt CovItemId="S225" CovItemPrefix="client.Controller.HexManager.java" Intrnl_Id="1068">
<LocList>
<Loc EndOffset="21679" SrcFileId="14" StartOffset="21576"/>
</LocList>
</BasicStmnt>
<BasicStmnt CovItemId="S226" CovItemPrefix="client.Controller.HexManager.java" Intrnl_Id="1069">
<LocList>
<Loc EndOffset="21781" SrcFileId="14" StartOffset="21683"/>
</LocList>
</BasicStmnt>
<BasicStmnt CovItemId="S227" CovItemPrefix="client.Controller.HexManager.java" Intrnl_Id="1070">
<LocList>
<Loc EndOffset="21888" SrcFileId="14" StartOffset="21785"/>
</LocList>
</BasicStmnt>
<BasicStmnt CovItemId="S228" CovItemPrefix="client.Controller.HexManager.java" Intrnl_Id="1071">
<LocList>
<Loc EndOffset="21995" SrcFileId="14" StartOffset="21892"/>
</LocList>
</BasicStmnt>
<BasicStmnt CovItemId="S229" CovItemPrefix="client.Controller.HexManager.java" Intrnl_Id="1072">
<LocList>
<Loc EndOffset="22099" SrcFileId="14" StartOffset="22001"/>
</LocList>
</BasicStmnt>
<BasicStmnt CovItemId="S230" CovItemPrefix="client.Controller.HexManager.java" Intrnl_Id="1073">
<LocList>
<Loc EndOffset="22206" SrcFileId="14" StartOffset="22103"/>
</LocList>
</BasicStmnt>
<BasicStmnt CovItemId="S231" CovItemPrefix="client.Controller.HexManager.java" Intrnl_Id="1074">
<LocList>
<Loc EndOffset="22313" SrcFileId="14" StartOffset="22210"/>
</LocList>
</BasicStmnt>
<BasicStmnt CovItemId="S232" CovItemPrefix="client.Controller.HexManager.java" Intrnl_Id="1075">
<LocList>
<Loc EndOffset="22415" SrcFileId="14" StartOffset="22317"/>
</LocList>
</BasicStmnt>
<BasicStmnt CovItemId="S233" CovItemPrefix="client.Controller.HexManager.java" Intrnl_Id="1076">
<LocList>
<Loc EndOffset="22522" SrcFileId="14" StartOffset="22419"/>
</LocList>
</BasicStmnt>
<BasicStmnt CovItemId="S234" CovItemPrefix="client.Controller.HexManager.java" Intrnl_Id="1077">
<LocList>
<Loc EndOffset="22629" SrcFileId="14" StartOffset="22526"/>
</LocList>
</BasicStmnt>
</StmntSeq>
</HierarchyLvl>
</HierarchyLvl>
<HierarchyLvl HierarchyLvlId="1954" HierarchyLvlTypeId="24" Intrnl_Id="1078" Name="Game">
<Header>
<Loc EndOffset="287" SrcFileId="15" StartOffset="270"/>
</Header>
<LocList>
<Loc EndOffset="683" SrcFileId="15" StartOffset="270"/>
<Loc EndOffset="921" SrcFileId="15" StartOffset="916"/>
<Loc EndOffset="1101" SrcFileId="15" StartOffset="1005"/>
<Loc EndOffset="7936" SrcFileId="15" StartOffset="1167"/>
</LocList>
<StmntSeq Intrnl_Id="1079">
<LocList>
<Loc EndOffset="359" SrcFileId="15" StartOffset="294"/>
<Loc EndOffset="424" SrcFileId="15" StartOffset="362"/>
<Loc EndOffset="487" SrcFileId="15" StartOffset="427"/>
<Loc EndOffset="549" SrcFileId="15" StartOffset="490"/>
<Loc EndOffset="614" SrcFileId="15" StartOffset="552"/>
<Loc EndOffset="678" SrcFileId="15" StartOffset="617"/>
<Loc EndOffset="1287" SrcFileId="15" StartOffset="1234"/>
<Loc EndOffset="1342" SrcFileId="15" StartOffset="1290"/>
<Loc EndOffset="1615" SrcFileId="15" StartOffset="1576"/>
<Loc EndOffset="1678" SrcFileId="15" StartOffset="1618"/>
<Loc EndOffset="1760" SrcFileId="15" StartOffset="1681"/>
</LocList>
<BasicStmnt CovItemId="S1" CovItemPrefix="client.Controller.Game.java" Intrnl_Id="1080">
<LocList>
<Loc EndOffset="359" SrcFileId="15" StartOffset="294"/>
</LocList>
</BasicStmnt>
<BasicStmnt CovItemId="S2" CovItemPrefix="client.Controller.Game.java" Intrnl_Id="1081">
<LocList>
<Loc EndOffset="424" SrcFileId="15" StartOffset="362"/>
</LocList>
</BasicStmnt>
<BasicStmnt CovItemId="S3" CovItemPrefix="client.Controller.Game.java" Intrnl_Id="1082">
<LocList>
<Loc EndOffset="487" SrcFileId="15" StartOffset="427"/>
</LocList>
</BasicStmnt>
<BasicStmnt CovItemId="S4" CovItemPrefix="client.Controller.Game.java" Intrnl_Id="1083">
<LocList>
<Loc EndOffset="549" SrcFileId="15" StartOffset="490"/>
</LocList>
</BasicStmnt>
<BasicStmnt CovItemId="S5" CovItemPrefix="client.Controller.Game.java" Intrnl_Id="1084">
<LocList>
<Loc EndOffset="614" SrcFileId="15" StartOffset="552"/>
</LocList>
</BasicStmnt>
<BasicStmnt CovItemId="S6" CovItemPrefix="client.Controller.Game.java" Intrnl_Id="1085">
<LocList>
<Loc EndOffset="678" SrcFileId="15" StartOffset="617"/>
</LocList>
</BasicStmnt>
<BasicStmnt CovItemId="S9" CovItemPrefix="client.Controller.Game.java" Intrnl_Id="1086">
<LocList>
<Loc EndOffset="1287" SrcFileId="15" StartOffset="1234"/>
</LocList>
</BasicStmnt>
<BasicStmnt CovItemId="S10" CovItemPrefix="client.Controller.Game.java" Intrnl_Id="1087">
<LocList>
<Loc EndOffset="1342" SrcFileId="15" StartOffset="1290"/>
</LocList>
</BasicStmnt>
<BasicStmnt CovItemId="S11" CovItemPrefix="client.Controller.Game.java" Intrnl_Id="1088">
<LocList>
<Loc EndOffset="1615" SrcFileId="15" StartOffset="1576"/>
</LocList>
</BasicStmnt>
<BasicStmnt CovItemId="S12" CovItemPrefix="client.Controller.Game.java" Intrnl_Id="1089">
<LocList>
<Loc EndOffset="1678" SrcFileId="15" StartOffset="1618"/>
</LocList>
</BasicStmnt>
<BasicStmnt CovItemId="S13" CovItemPrefix="client.Controller.Game.java" Intrnl_Id="1090">
<LocList>
<Loc EndOffset="1760" SrcFileId="15" StartOffset="1681"/>
</LocList>
</BasicStmnt>
</StmntSeq>
<HierarchyLvl HierarchyLvlId="1934" HierarchyLvlTypeId="21" Intrnl_Id="1091" Name="Resource">
<Header>
<Loc EndOffset="710" SrcFileId="15" StartOffset="683"/>
</Header>
<LocList>
<Loc EndOffset="916" SrcFileId="15" StartOffset="683"/>
</LocList>
<HierarchyLvl HierarchyLvlId="1932" HierarchyLvlTypeId="23" Intrnl_Id="1092" Name="Resource">
<Header>
<Loc EndOffset="825" SrcFileId="15" StartOffset="805"/>
</Header>
<LocList>
<Loc EndOffset="858" SrcFileId="15" StartOffset="805"/>
</LocList>
<StmntSeq Intrnl_Id="1093">
<LocList>
<Loc EndOffset="853" SrcFileId="15" StartOffset="832"/>
</LocList>
<BasicStmnt CovItemId="S7" CovItemPrefix="client.Controller.Game.java" Intrnl_Id="1094">
<LocList>
<Loc EndOffset="853" SrcFileId="15" StartOffset="832"/>
</LocList>
</BasicStmnt>
</StmntSeq>
</HierarchyLvl>
<HierarchyLvl HierarchyLvlId="1933" HierarchyLvlTypeId="23" Intrnl_Id="1095" Name="getNumVal">
<Header>
<Loc EndOffset="886" SrcFileId="15" StartOffset="864"/>
</Header>
<LocList>
<Loc EndOffset="912" SrcFileId="15" StartOffset="864"/>
</LocList>
<StmntSeq Intrnl_Id="1096">
<LocList>
<Loc EndOffset="907" SrcFileId="15" StartOffset="893"/>
</LocList>
<BasicStmnt CovItemId="S8" CovItemPrefix="client.Controller.Game.java" Intrnl_Id="1097">
<LocList>
<Loc EndOffset="907" SrcFileId="15" StartOffset="893"/>
</LocList>
</BasicStmnt>
</StmntSeq>
</HierarchyLvl>
</HierarchyLvl>
<HierarchyLvl HierarchyLvlId="1935" HierarchyLvlTypeId="21" Intrnl_Id="1098" Name="TurnPhase">
<Header>
<Loc EndOffset="949" SrcFileId="15" StartOffset="921"/>
</Header>
<LocList>
<Loc EndOffset="1005" SrcFileId="15" StartOffset="921"/>
</LocList>
</HierarchyLvl>
<HierarchyLvl HierarchyLvlId="1936" HierarchyLvlTypeId="21" Intrnl_Id="1099" Name="BuildType">
<Header>
<Loc EndOffset="1129" SrcFileId="15" StartOffset="1101"/>
</Header>
<LocList>
<Loc EndOffset="1167" SrcFileId="15" StartOffset="1101"/>
</LocList>
</HierarchyLvl>
<HierarchyLvl HierarchyLvlId="1937" HierarchyLvlTypeId="23" Intrnl_Id="1100" Name="Game">
<Header>
<Loc EndOffset="1778" SrcFileId="15" StartOffset="1765"/>
</Header>
<LocList>
<Loc EndOffset="3901" SrcFileId="15" StartOffset="1765"/>
</LocList>
<StmntSeq Intrnl_Id="1101">
<LocList>
<Loc EndOffset="2067" SrcFileId="15" StartOffset="1976"/>
<Loc EndOffset="2206" SrcFileId="15" StartOffset="2136"/>
<Loc EndOffset="2248" SrcFileId="15" StartOffset="2210"/>
<Loc EndOffset="2288" SrcFileId="15" StartOffset="2252"/>
<Loc EndOffset="2328" SrcFileId="15" StartOffset="2292"/>
<Loc EndOffset="2368" SrcFileId="15" StartOffset="2332"/>
<Loc EndOffset="2408" SrcFileId="15" StartOffset="2372"/>
<Loc EndOffset="2449" SrcFileId="15" StartOffset="2412"/>
<Loc EndOffset="2490" SrcFileId="15" StartOffset="2453"/>
<Loc EndOffset="2531" SrcFileId="15" StartOffset="2494"/>
<Loc EndOffset="2570" SrcFileId="15" StartOffset="2535"/>
<Loc EndOffset="2609" SrcFileId="15" StartOffset="2574"/>
<Loc EndOffset="2648" SrcFileId="15" StartOffset="2613"/>
<Loc EndOffset="2689" SrcFileId="15" StartOffset="2652"/>
<Loc EndOffset="2730" SrcFileId="15" StartOffset="2693"/>
<Loc EndOffset="2771" SrcFileId="15" StartOffset="2734"/>
<Loc EndOffset="2812" SrcFileId="15" StartOffset="2775"/>
<Loc EndOffset="2853" SrcFileId="15" StartOffset="2816"/>
<Loc EndOffset="2894" SrcFileId="15" StartOffset="2857"/>
<Loc EndOffset="2935" SrcFileId="15" StartOffset="2898"/>
<Loc EndOffset="2976" SrcFileId="15" StartOffset="2939"/>
<Loc EndOffset="3217" SrcFileId="15" StartOffset="3185"/>
<Loc EndOffset="3247" SrcFileId="15" StartOffset="3221"/>
<Loc EndOffset="3742" SrcFileId="15" StartOffset="3251"/>
<Loc EndOffset="3775" SrcFileId="15" StartOffset="3748"/>
<Loc EndOffset="3803" SrcFileId="15" StartOffset="3779"/>
<Loc EndOffset="3860" SrcFileId="15" StartOffset="3807"/>
<Loc EndOffset="3895" SrcFileId="15" StartOffset="3864"/>
</LocList>
<BasicStmnt CovItemId="S14" CovItemPrefix="client.Controller.Game.java" Intrnl_Id="1102">
<LocList>
<Loc EndOffset="2067" SrcFileId="15" StartOffset="1976"/>
</LocList>
</BasicStmnt>
<BasicStmnt CovItemId="S15" CovItemPrefix="client.Controller.Game.java" Intrnl_Id="1103">
<LocList>
<Loc EndOffset="2206" SrcFileId="15" StartOffset="2136"/>
</LocList>
</BasicStmnt>
<BasicStmnt CovItemId="S16" CovItemPrefix="client.Controller.Game.java" Intrnl_Id="1104">
<LocList>
<Loc EndOffset="2248" SrcFileId="15" StartOffset="2210"/>
</LocList>
</BasicStmnt>
<BasicStmnt CovItemId="S17" CovItemPrefix="client.Controller.Game.java" Intrnl_Id="1105">
<LocList>
<Loc EndOffset="2288" SrcFileId="15" StartOffset="2252"/>
</LocList>
</BasicStmnt>
<BasicStmnt CovItemId="S18" CovItemPrefix="client.Controller.Game.java" Intrnl_Id="1106">
<LocList>
<Loc EndOffset="2328" SrcFileId="15" StartOffset="2292"/>
</LocList>
</BasicStmnt>
<BasicStmnt CovItemId="S19" CovItemPrefix="client.Controller.Game.java" Intrnl_Id="1107">
<LocList>
<Loc EndOffset="2368" SrcFileId="15" StartOffset="2332"/>
</LocList>
</BasicStmnt>
<BasicStmnt CovItemId="S20" CovItemPrefix="client.Controller.Game.java" Intrnl_Id="1108">
<LocList>
<Loc EndOffset="2408" SrcFileId="15" StartOffset="2372"/>
</LocList>
</BasicStmnt>
<BasicStmnt CovItemId="S21" CovItemPrefix="client.Controller.Game.java" Intrnl_Id="1109">
<LocList>
<Loc EndOffset="2449" SrcFileId="15" StartOffset="2412"/>
</LocList>
</BasicStmnt>
<BasicStmnt CovItemId="S22" CovItemPrefix="client.Controller.Game.java" Intrnl_Id="1110">
<LocList>
<Loc EndOffset="2490" SrcFileId="15" StartOffset="2453"/>
</LocList>
</BasicStmnt>
<BasicStmnt CovItemId="S23" CovItemPrefix="client.Controller.Game.java" Intrnl_Id="1111">
<LocList>
<Loc EndOffset="2531" SrcFileId="15" StartOffset="2494"/>
</LocList>
</BasicStmnt>
<BasicStmnt CovItemId="S24" CovItemPrefix="client.Controller.Game.java" Intrnl_Id="1112">
<LocList>
<Loc EndOffset="2570" SrcFileId="15" StartOffset="2535"/>
</LocList>
</BasicStmnt>
<BasicStmnt CovItemId="S25" CovItemPrefix="client.Controller.Game.java" Intrnl_Id="1113">
<LocList>
<Loc EndOffset="2609" SrcFileId="15" StartOffset="2574"/>
</LocList>
</BasicStmnt>
<BasicStmnt CovItemId="S26" CovItemPrefix="client.Controller.Game.java" Intrnl_Id="1114">
<LocList>
<Loc EndOffset="2648" SrcFileId="15" StartOffset="2613"/>
</LocList>
</BasicStmnt>
<BasicStmnt CovItemId="S27" CovItemPrefix="client.Controller.Game.java" Intrnl_Id="1115">
<LocList>
<Loc EndOffset="2689" SrcFileId="15" StartOffset="2652"/>
</LocList>
</BasicStmnt>
<BasicStmnt CovItemId="S28" CovItemPrefix="client.Controller.Game.java" Intrnl_Id="1116">
<LocList>
<Loc EndOffset="2730" SrcFileId="15" StartOffset="2693"/>
</LocList>
</BasicStmnt>
<BasicStmnt CovItemId="S29" CovItemPrefix="client.Controller.Game.java" Intrnl_Id="1117">
<LocList>
<Loc EndOffset="2771" SrcFileId="15" StartOffset="2734"/>
</LocList>
</BasicStmnt>
<BasicStmnt CovItemId="S30" CovItemPrefix="client.Controller.Game.java" Intrnl_Id="1118">
<LocList>
<Loc EndOffset="2812" SrcFileId="15" StartOffset="2775"/>
</LocList>
</BasicStmnt>
<BasicStmnt CovItemId="S31" CovItemPrefix="client.Controller.Game.java" Intrnl_Id="1119">
<LocList>
<Loc EndOffset="2853" SrcFileId="15" StartOffset="2816"/>
</LocList>
</BasicStmnt>
<BasicStmnt CovItemId="S32" CovItemPrefix="client.Controller.Game.java" Intrnl_Id="1120">
<LocList>
<Loc EndOffset="2894" SrcFileId="15" StartOffset="2857"/>
</LocList>
</BasicStmnt>
<BasicStmnt CovItemId="S33" CovItemPrefix="client.Controller.Game.java" Intrnl_Id="1121">
<LocList>
<Loc EndOffset="2935" SrcFileId="15" StartOffset="2898"/>
</LocList>
</BasicStmnt>
<BasicStmnt CovItemId="S34" CovItemPrefix="client.Controller.Game.java" Intrnl_Id="1122">
<LocList>
<Loc EndOffset="2976" SrcFileId="15" StartOffset="2939"/>
</LocList>
</BasicStmnt>
<BasicStmnt CovItemId="S35" CovItemPrefix="client.Controller.Game.java" Intrnl_Id="1123">
<LocList>
<Loc EndOffset="3217" SrcFileId="15" StartOffset="3185"/>
</LocList>
</BasicStmnt>
<BasicStmnt CovItemId="S36" CovItemPrefix="client.Controller.Game.java" Intrnl_Id="1124">
<LocList>
<Loc EndOffset="3247" SrcFileId="15" StartOffset="3221"/>
</LocList>
</BasicStmnt>
<LoopStmnt CovItemId="S37" CovItemPrefix="client.Controller.Game.java" Intrnl_Id="1125" MltplExecId="L1-2" MltplExecPrefix="client.Controller.Game.java" NvrExecId="L1-0" NvrExecPrefix="client.Controller.Game.java" OnceExecutedId="L1-1" OnceExecutedPrefix="client.Controller.Game.java" OptBodyExec="true">
<StmntSeq Intrnl_Id="1126">
<LocList>
<Loc EndOffset="3352" SrcFileId="15" StartOffset="3293"/>
<Loc EndOffset="3411" SrcFileId="15" StartOffset="3357"/>
<Loc EndOffset="3451" SrcFileId="15" StartOffset="3416"/>
<Loc EndOffset="3737" SrcFileId="15" StartOffset="3458"/>
</LocList>
<BasicStmnt CovItemId="S38" CovItemPrefix="client.Controller.Game.java" Intrnl_Id="1127">
<LocList>
<Loc EndOffset="3352" SrcFileId="15" StartOffset="3293"/>
</LocList>
</BasicStmnt>
<BasicStmnt CovItemId="S39" CovItemPrefix="client.Controller.Game.java" Intrnl_Id="1128">
<LocList>
<Loc EndOffset="3411" SrcFileId="15" StartOffset="3357"/>
</LocList>
</BasicStmnt>
<BasicStmnt CovItemId="S40" CovItemPrefix="client.Controller.Game.java" Intrnl_Id="1129">
<LocList>
<Loc EndOffset="3451" SrcFileId="15" StartOffset="3416"/>
</LocList>
</BasicStmnt>
<CondStmnt CovItemId="S41" CovItemPrefix="client.Controller.Game.java" Intrnl_Id="1130">
<Branch CovItemId="B1" CovItemPrefix="client.Controller.Game.java" Implct="false" Intrnl_Id="1131">
<Cond/>
<LocList>
<Loc EndOffset="3568" SrcFileId="15" StartOffset="3502"/>
</LocList>
<StmntSeq Intrnl_Id="1132">
<LocList>
<Loc EndOffset="3530" SrcFileId="15" StartOffset="3509"/>
<Loc EndOffset="3562" SrcFileId="15" StartOffset="3536"/>
</LocList>
<BasicStmnt CovItemId="S42" CovItemPrefix="client.Controller.Game.java" Intrnl_Id="1133">
<LocList>
<Loc EndOffset="3530" SrcFileId="15" StartOffset="3509"/>
</LocList>
</BasicStmnt>
<BasicStmnt CovItemId="S43" CovItemPrefix="client.Controller.Game.java" Intrnl_Id="1134">
<LocList>
<Loc EndOffset="3562" SrcFileId="15" StartOffset="3536"/>
</LocList>
</BasicStmnt>
</StmntSeq>
</Branch>
<Branch CovItemId="B2" CovItemPrefix="client.Controller.Game.java" Implct="false" Intrnl_Id="1135">
<Cond>
<Loc EndOffset="3573" SrcFileId="15" StartOffset="3569"/>
</Cond>
<LocList>
<Loc EndOffset="3737" SrcFileId="15" StartOffset="3574"/>
</LocList>
<StmntSeq Intrnl_Id="1136">
<LocList>
<Loc EndOffset="3731" SrcFileId="15" StartOffset="3581"/>
</LocList>
<CondStmnt CovItemId="S44" CovItemPrefix="client.Controller.Game.java" Intrnl_Id="1137">
<Branch CovItemId="B3" CovItemPrefix="client.Controller.Game.java" Implct="false" Intrnl_Id="1138">
<Cond/>
<LocList>
<Loc EndOffset="3664" SrcFileId="15" StartOffset="3607"/>
</LocList>
<StmntSeq Intrnl_Id="1139">
<LocList>
<Loc EndOffset="3657" SrcFileId="15" StartOffset="3615"/>
</LocList>
<BasicStmnt CovItemId="S45" CovItemPrefix="client.Controller.Game.java" Intrnl_Id="1140">
<LocList>
<Loc EndOffset="3657" SrcFileId="15" StartOffset="3615"/>
</LocList>
</BasicStmnt>
</StmntSeq>
</Branch>
<Branch CovItemId="B4" CovItemPrefix="client.Controller.Game.java" Implct="false" Intrnl_Id="1141">
<Cond>
<Loc EndOffset="3669" SrcFileId="15" StartOffset="3665"/>
</Cond>
<LocList>
<Loc EndOffset="3731" SrcFileId="15" StartOffset="3670"/>
</LocList>
<StmntSeq Intrnl_Id="1142">
<LocList>
<Loc EndOffset="3724" SrcFileId="15" StartOffset="3678"/>
</LocList>
<BasicStmnt CovItemId="S46" CovItemPrefix="client.Controller.Game.java" Intrnl_Id="1143">
<LocList>
<Loc EndOffset="3724" SrcFileId="15" StartOffset="3678"/>
</LocList>
</BasicStmnt>
</StmntSeq>
</Branch>
<Keyword EndOffset="3583" SrcFileId="15" StartOffset="3581"/>
<LocList>
<Loc EndOffset="3731" SrcFileId="15" StartOffset="3581"/>
</LocList>
<RootTerm CovItemId="C3" CovItemPrefix="client.Controller.Game.java" Intrnl_Id="1144">
<BasicBoolTerm Intrnl_Id="1145">
<LocList>
<Loc EndOffset="3605" SrcFileId="15" StartOffset="3585"/>
</LocList>
</BasicBoolTerm>
</RootTerm>
</CondStmnt>
</StmntSeq>
</Branch>
<Keyword EndOffset="3460" SrcFileId="15" StartOffset="3458"/>
<LocList>
<Loc EndOffset="3737" SrcFileId="15" StartOffset="3458"/>
</LocList>
<RootTerm CovItemId="C2" CovItemPrefix="client.Controller.Game.java" Intrnl_Id="1146">
<BasicBoolTerm Intrnl_Id="1147">
<LocList>
<Loc EndOffset="3500" SrcFileId="15" StartOffset="3462"/>
</LocList>
</BasicBoolTerm>
</RootTerm>
</CondStmnt>
</StmntSeq>
<Keyword EndOffset="3254" SrcFileId="15" StartOffset="3251"/>
<LocList>
<Loc EndOffset="3742" SrcFileId="15" StartOffset="3251"/>
</LocList>
<RootTerm CovItemId="C1" CovItemPrefix="client.Controller.Game.java" Intrnl_Id="1148">
<BasicBoolTerm Intrnl_Id="1149">
<LocList>
<Loc EndOffset="3280" SrcFileId="15" StartOffset="3267"/>
</LocList>
</BasicBoolTerm>
</RootTerm>
</LoopStmnt>
<BasicStmnt CovItemId="S47" CovItemPrefix="client.Controller.Game.java" Intrnl_Id="1150">
<LocList>
<Loc EndOffset="3775" SrcFileId="15" StartOffset="3748"/>
</LocList>
</BasicStmnt>
<BasicStmnt CovItemId="S48" CovItemPrefix="client.Controller.Game.java" Intrnl_Id="1151">
<LocList>
<Loc EndOffset="3803" SrcFileId="15" StartOffset="3779"/>
</LocList>
</BasicStmnt>
<BasicStmnt CovItemId="S49" CovItemPrefix="client.Controller.Game.java" Intrnl_Id="1152">
<LocList>
<Loc EndOffset="3860" SrcFileId="15" StartOffset="3807"/>
</LocList>
</BasicStmnt>
<BasicStmnt CovItemId="S50" CovItemPrefix="client.Controller.Game.java" Intrnl_Id="1153">
<LocList>
<Loc EndOffset="3895" SrcFileId="15" StartOffset="3864"/>
</LocList>
</BasicStmnt>
</StmntSeq>
</HierarchyLvl>
<HierarchyLvl HierarchyLvlId="1938" HierarchyLvlTypeId="23" Intrnl_Id="1154" Name="configureNumberOfPlayers">
<Header>
<Loc EndOffset="3945" SrcFileId="15" StartOffset="3906"/>
</Header>
<LocList>
<Loc EndOffset="4244" SrcFileId="15" StartOffset="3906"/>
</LocList>
<StmntSeq Intrnl_Id="1155">
<LocList>
<Loc EndOffset="4032" SrcFileId="15" StartOffset="3994"/>
<Loc EndOffset="4240" SrcFileId="15" StartOffset="4036"/>
</LocList>
<BasicStmnt CovItemId="S51" CovItemPrefix="client.Controller.Game.java" Intrnl_Id="1156">
<LocList>
<Loc EndOffset="4032" SrcFileId="15" StartOffset="3994"/>
</LocList>
</BasicStmnt>
<BasicStmnt CovItemId="S52" CovItemPrefix="client.Controller.Game.java" Intrnl_Id="1157">
<LocList>
<Loc EndOffset="4240" SrcFileId="15" StartOffset="4036"/>
</LocList>
</BasicStmnt>
</StmntSeq>
</HierarchyLvl>
<HierarchyLvl HierarchyLvlId="1939" HierarchyLvlTypeId="23" Intrnl_Id="1158" Name="configurePlayerColors">
<Header>
<Loc EndOffset="4285" SrcFileId="15" StartOffset="4249"/>
</Header>
<LocList>
<Loc EndOffset="5687" SrcFileId="15" StartOffset="4249"/>
</LocList>
<StmntSeq Intrnl_Id="1159">
<LocList>
<Loc EndOffset="4414" SrcFileId="15" StartOffset="4333"/>
<Loc EndOffset="4466" SrcFileId="15" StartOffset="4418"/>
<Loc EndOffset="4520" SrcFileId="15" StartOffset="4470"/>
<Loc EndOffset="5681" SrcFileId="15" StartOffset="4524"/>
</LocList>
<BasicStmnt CovItemId="S53" CovItemPrefix="client.Controller.Game.java" Intrnl_Id="1160">
<LocList>
<Loc EndOffset="4414" SrcFileId="15" StartOffset="4333"/>
</LocList>
</BasicStmnt>
<BasicStmnt CovItemId="S54" CovItemPrefix="client.Controller.Game.java" Intrnl_Id="1161">
<LocList>
<Loc EndOffset="4466" SrcFileId="15" StartOffset="4418"/>
</LocList>
</BasicStmnt>
<BasicStmnt CovItemId="S55" CovItemPrefix="client.Controller.Game.java" Intrnl_Id="1162">
<LocList>
<Loc EndOffset="4520" SrcFileId="15" StartOffset="4470"/>
</LocList>
</BasicStmnt>
<LoopStmnt CovItemId="S56" CovItemPrefix="client.Controller.Game.java" Intrnl_Id="1163" MltplExecId="L2-2" MltplExecPrefix="client.Controller.Game.java" NvrExecId="L2-0" NvrExecPrefix="client.Controller.Game.java" OnceExecutedId="L2-1" OnceExecutedPrefix="client.Controller.Game.java" OptBodyExec="true">
<StmntSeq Intrnl_Id="1164">
<LocList>
<Loc EndOffset="4602" SrcFileId="15" StartOffset="4577"/>
<Loc EndOffset="5638" SrcFileId="15" StartOffset="4607"/>
<Loc EndOffset="5676" SrcFileId="15" StartOffset="5645"/>
</LocList>
<BasicStmnt CovItemId="S57" CovItemPrefix="client.Controller.Game.java" Intrnl_Id="1165">
<LocList>
<Loc EndOffset="4602" SrcFileId="15" StartOffset="4577"/>
</LocList>
</BasicStmnt>
<LoopStmnt CovItemId="S58" CovItemPrefix="client.Controller.Game.java" Intrnl_Id="1166" MltplExecId="L3-2" MltplExecPrefix="client.Controller.Game.java" NvrExecId="L3-0" NvrExecPrefix="client.Controller.Game.java" OnceExecutedId="L3-1" OnceExecutedPrefix="client.Controller.Game.java" OptBodyExec="true">
<StmntSeq Intrnl_Id="1167">
<LocList>
<Loc EndOffset="4843" SrcFileId="15" StartOffset="4632"/>
<Loc EndOffset="4867" SrcFileId="15" StartOffset="4849"/>
<Loc EndOffset="5421" SrcFileId="15" StartOffset="4873"/>
<Loc EndOffset="5630" SrcFileId="15" StartOffset="5427"/>
</LocList>
<BasicStmnt CovItemId="S59" CovItemPrefix="client.Controller.Game.java" Intrnl_Id="1168">
<LocList>
<Loc EndOffset="4843" SrcFileId="15" StartOffset="4632"/>
</LocList>
</BasicStmnt>
<BasicStmnt CovItemId="S60" CovItemPrefix="client.Controller.Game.java" Intrnl_Id="1169">
<LocList>
<Loc EndOffset="4867" SrcFileId="15" StartOffset="4849"/>
</LocList>
</BasicStmnt>
<CondStmnt CovItemId="S61" CovItemPrefix="client.Controller.Game.java" Intrnl_Id="1170">
<Branch CovItemId="B5" CovItemPrefix="client.Controller.Game.java" Implct="false" Intrnl_Id="1171">
<Cond>
<Loc EndOffset="4901" SrcFileId="15" StartOffset="4895"/>
</Cond>
<LocList>
<Loc EndOffset="4953" SrcFileId="15" StartOffset="4909"/>
</LocList>
<StmntSeq Intrnl_Id="1172">
<LocList>
<Loc EndOffset="4940" SrcFileId="15" StartOffset="4909"/>
<Loc EndOffset="4953" SrcFileId="15" StartOffset="4947"/>
</LocList>
<BasicStmnt CovItemId="S62" CovItemPrefix="client.Controller.Game.java" Intrnl_Id="1173">
<LocList>
<Loc EndOffset="4940" SrcFileId="15" StartOffset="4909"/>
</LocList>
</BasicStmnt>
<BasicStmnt CovItemId="S63" CovItemPrefix="client.Controller.Game.java" Intrnl_Id="1174">
<LocList>
<Loc EndOffset="4953" SrcFileId="15" StartOffset="4947"/>
</LocList>
</BasicStmnt>
</StmntSeq>
</Branch>
<Branch CovItemId="B6" CovItemPrefix="client.Controller.Game.java" Implct="false" Intrnl_Id="1175">
<Cond>
<Loc EndOffset="4965" SrcFileId="15" StartOffset="4959"/>
</Cond>
<LocList>
<Loc EndOffset="5018" SrcFileId="15" StartOffset="4973"/>
</LocList>
<StmntSeq Intrnl_Id="1176">
<LocList>
<Loc EndOffset="5005" SrcFileId="15" StartOffset="4973"/>
<Loc EndOffset="5018" SrcFileId="15" StartOffset="5012"/>
</LocList>
<BasicStmnt CovItemId="S64" CovItemPrefix="client.Controller.Game.java" Intrnl_Id="1177">
<LocList>
<Loc EndOffset="5005" SrcFileId="15" StartOffset="4973"/>
</LocList>
</BasicStmnt>
<BasicStmnt CovItemId="S65" CovItemPrefix="client.Controller.Game.java" Intrnl_Id="1178">
<LocList>
<Loc EndOffset="5018" SrcFileId="15" StartOffset="5012"/>
</LocList>
</BasicStmnt>
</StmntSeq>
</Branch>
<Branch CovItemId="B7" CovItemPrefix="client.Controller.Game.java" Implct="false" Intrnl_Id="1179">
<Cond>
<Loc EndOffset="5030" SrcFileId="15" StartOffset="5024"/>
</Cond>
<LocList>
<Loc EndOffset="5084" SrcFileId="15" StartOffset="5038"/>
</LocList>
<StmntSeq Intrnl_Id="1180">
<LocList>
<Loc EndOffset="5071" SrcFileId="15" StartOffset="5038"/>
<Loc EndOffset="5084" SrcFileId="15" StartOffset="5078"/>
</LocList>
<BasicStmnt CovItemId="S66" CovItemPrefix="client.Controller.Game.java" Intrnl_Id="1181">
<LocList>
<Loc EndOffset="5071" SrcFileId="15" StartOffset="5038"/>
</LocList>
</BasicStmnt>
<BasicStmnt CovItemId="S67" CovItemPrefix="client.Controller.Game.java" Intrnl_Id="1182">
<LocList>
<Loc EndOffset="5084" SrcFileId="15" StartOffset="5078"/>
</LocList>
</BasicStmnt>
</StmntSeq>
</Branch>
<Branch CovItemId="B8" CovItemPrefix="client.Controller.Game.java" Implct="false" Intrnl_Id="1183">
<Cond>
<Loc EndOffset="5096" SrcFileId="15" StartOffset="5090"/>
</Cond>
<LocList>
<Loc EndOffset="5152" SrcFileId="15" StartOffset="5104"/>
</LocList>
<StmntSeq Intrnl_Id="1184">
<LocList>
<Loc EndOffset="5139" SrcFileId="15" StartOffset="5104"/>
<Loc EndOffset="5152" SrcFileId="15" StartOffset="5146"/>
</LocList>
<BasicStmnt CovItemId="S68" CovItemPrefix="client.Controller.Game.java" Intrnl_Id="1185">
<LocList>
<Loc EndOffset="5139" SrcFileId="15" StartOffset="5104"/>
</LocList>
</BasicStmnt>
<BasicStmnt CovItemId="S69" CovItemPrefix="client.Controller.Game.java" Intrnl_Id="1186">
<LocList>
<Loc EndOffset="5152" SrcFileId="15" StartOffset="5146"/>
</LocList>
</BasicStmnt>
</StmntSeq>
</Branch>
<Branch CovItemId="B9" CovItemPrefix="client.Controller.Game.java" Implct="false" Intrnl_Id="1187">
<Cond>
<Loc EndOffset="5164" SrcFileId="15" StartOffset="5158"/>
</Cond>
<LocList>
<Loc EndOffset="5219" SrcFileId="15" StartOffset="5172"/>
</LocList>
<StmntSeq Intrnl_Id="1188">
<LocList>
<Loc EndOffset="5206" SrcFileId="15" StartOffset="5172"/>
<Loc EndOffset="5219" SrcFileId="15" StartOffset="5213"/>
</LocList>
<BasicStmnt CovItemId="S70" CovItemPrefix="client.Controller.Game.java" Intrnl_Id="1189">
<LocList>
<Loc EndOffset="5206" SrcFileId="15" StartOffset="5172"/>
</LocList>
</BasicStmnt>
<BasicStmnt CovItemId="S71" CovItemPrefix="client.Controller.Game.java" Intrnl_Id="1190">
<LocList>
<Loc EndOffset="5219" SrcFileId="15" StartOffset="5213"/>
</LocList>
</BasicStmnt>
</StmntSeq>
</Branch>
<Branch CovItemId="B10" CovItemPrefix="client.Controller.Game.java" Implct="false" Intrnl_Id="1191">
<Cond>
<Loc EndOffset="5231" SrcFileId="15" StartOffset="5225"/>
</Cond>
<LocList>
<Loc EndOffset="5284" SrcFileId="15" StartOffset="5239"/>
</LocList>
<StmntSeq Intrnl_Id="1192">
<LocList>
<Loc EndOffset="5271" SrcFileId="15" StartOffset="5239"/>
<Loc EndOffset="5284" SrcFileId="15" StartOffset="5278"/>
</LocList>
<BasicStmnt CovItemId="S72" CovItemPrefix="client.Controller.Game.java" Intrnl_Id="1193">
<LocList>
<Loc EndOffset="5271" SrcFileId="15" StartOffset="5239"/>
</LocList>
</BasicStmnt>
<BasicStmnt CovItemId="S73" CovItemPrefix="client.Controller.Game.java" Intrnl_Id="1194">
<LocList>
<Loc EndOffset="5284" SrcFileId="15" StartOffset="5278"/>
</LocList>
</BasicStmnt>
</StmntSeq>
</Branch>
<Branch CovItemId="B11" CovItemPrefix="client.Controller.Game.java" Implct="false" Intrnl_Id="1195">
<Cond>
<Loc EndOffset="5296" SrcFileId="15" StartOffset="5290"/>
</Cond>
<LocList>
<Loc EndOffset="5350" SrcFileId="15" StartOffset="5304"/>
</LocList>
<StmntSeq Intrnl_Id="1196">
<LocList>
<Loc EndOffset="5337" SrcFileId="15" StartOffset="5304"/>
<Loc EndOffset="5350" SrcFileId="15" StartOffset="5344"/>
</LocList>
<BasicStmnt CovItemId="S74" CovItemPrefix="client.Controller.Game.java" Intrnl_Id="1197">
<LocList>
<Loc EndOffset="5337" SrcFileId="15" StartOffset="5304"/>
</LocList>
</BasicStmnt>
<BasicStmnt CovItemId="S75" CovItemPrefix="client.Controller.Game.java" Intrnl_Id="1198">
<LocList>
<Loc EndOffset="5350" SrcFileId="15" StartOffset="5344"/>
</LocList>
</BasicStmnt>
</StmntSeq>
</Branch>
<Branch CovItemId="B12" CovItemPrefix="client.Controller.Game.java" Implct="false" Intrnl_Id="1199">
<Cond>
<Loc EndOffset="5362" SrcFileId="15" StartOffset="5356"/>
</Cond>
<LocList>
<Loc EndOffset="5414" SrcFileId="15" StartOffset="5370"/>
</LocList>
<StmntSeq Intrnl_Id="1200">
<LocList>
<Loc EndOffset="5401" SrcFileId="15" StartOffset="5370"/>
<Loc EndOffset="5414" SrcFileId="15" StartOffset="5408"/>
</LocList>
<BasicStmnt CovItemId="S76" CovItemPrefix="client.Controller.Game.java" Intrnl_Id="1201">
<LocList>
<Loc EndOffset="5401" SrcFileId="15" StartOffset="5370"/>
</LocList>
</BasicStmnt>
<BasicStmnt CovItemId="S77" CovItemPrefix="client.Controller.Game.java" Intrnl_Id="1202">
<LocList>
<Loc EndOffset="5414" SrcFileId="15" StartOffset="5408"/>
</LocList>
</BasicStmnt>
</StmntSeq>
</Branch>
<Branch CovItemId="B13" CovItemPrefix="client.Controller.Game.java" Implct="true" Intrnl_Id="1203">
<Cond/>
<LocList/>
<StmntSeq Intrnl_Id="1204">
<LocList/>
</StmntSeq>
</Branch>
<Keyword EndOffset="4879" SrcFileId="15" StartOffset="4873"/>
<LocList>
<Loc EndOffset="5421" SrcFileId="15" StartOffset="4873"/>
</LocList>
</CondStmnt>
<LoopStmnt CovItemId="S78" CovItemPrefix="client.Controller.Game.java" Intrnl_Id="1205" MltplExecId="L4-2" MltplExecPrefix="client.Controller.Game.java" NvrExecId="L4-0" NvrExecPrefix="client.Controller.Game.java" OnceExecutedId="L4-1" OnceExecutedPrefix="client.Controller.Game.java" OptBodyExec="true">
<StmntSeq Intrnl_Id="1206">
<LocList>
<Loc EndOffset="5533" SrcFileId="15" StartOffset="5463"/>
</LocList>
<CondStmnt CovItemId="S79" CovItemPrefix="client.Controller.Game.java" Intrnl_Id="1207">
<Branch CovItemId="B14" CovItemPrefix="client.Controller.Game.java" Implct="false" Intrnl_Id="1208">
<Cond/>
<LocList>
<Loc EndOffset="5533" SrcFileId="15" StartOffset="5516"/>
</LocList>
<StmntSeq Intrnl_Id="1209">
<LocList>
<Loc EndOffset="5533" SrcFileId="15" StartOffset="5516"/>
</LocList>
<BasicStmnt CovItemId="S80" CovItemPrefix="client.Controller.Game.java" Intrnl_Id="1210">
<LocList>
<Loc EndOffset="5533" SrcFileId="15" StartOffset="5516"/>
</LocList>
</BasicStmnt>
</StmntSeq>
</Branch>
<Branch CovItemId="B15" CovItemPrefix="client.Controller.Game.java" Implct="true" Intrnl_Id="1211">
<Cond/>
<LocList/>
<StmntSeq Intrnl_Id="1212">
<LocList/>
</StmntSeq>
</Branch>
<Keyword EndOffset="5465" SrcFileId="15" StartOffset="5463"/>
<LocList>
<Loc EndOffset="5533" SrcFileId="15" StartOffset="5463"/>
</LocList>
<RootTerm CovItemId="C7" CovItemPrefix="client.Controller.Game.java" Intrnl_Id="1213">
<BasicBoolTerm Intrnl_Id="1214">
<LocList>
<Loc EndOffset="5507" SrcFileId="15" StartOffset="5467"/>
</LocList>
</BasicBoolTerm>
</RootTerm>
</CondStmnt>
</StmntSeq>
<Keyword EndOffset="5430" SrcFileId="15" StartOffset="5427"/>
<LocList>
<Loc EndOffset="5630" SrcFileId="15" StartOffset="5427"/>
</LocList>
<RootTerm CovItemId="C6" CovItemPrefix="client.Controller.Game.java" Intrnl_Id="1215">
<BasicBoolTerm Intrnl_Id="1216">
<LocList>
<Loc EndOffset="5448" SrcFileId="15" StartOffset="5443"/>
</LocList>
</BasicBoolTerm>
</RootTerm>
</LoopStmnt>
</StmntSeq>
<Keyword EndOffset="4612" SrcFileId="15" StartOffset="4607"/>
<LocList>
<Loc EndOffset="5638" SrcFileId="15" StartOffset="4607"/>
</LocList>
<RootTerm CovItemId="C5" CovItemPrefix="client.Controller.Game.java" Intrnl_Id="1217">
<BasicBoolTerm Intrnl_Id="1218">
<LocList>
<Loc EndOffset="4623" SrcFileId="15" StartOffset="4614"/>
</LocList>
</BasicBoolTerm>
</RootTerm>
</LoopStmnt>
<BasicStmnt CovItemId="S81" CovItemPrefix="client.Controller.Game.java" Intrnl_Id="1219">
<LocList>
<Loc EndOffset="5676" SrcFileId="15" StartOffset="5645"/>
</LocList>
</BasicStmnt>
</StmntSeq>
<Keyword EndOffset="4527" SrcFileId="15" StartOffset="4524"/>
<LocList>
<Loc EndOffset="5681" SrcFileId="15" StartOffset="4524"/>
</LocList>
<RootTerm CovItemId="C4" CovItemPrefix="client.Controller.Game.java" Intrnl_Id="1220">
<BasicBoolTerm Intrnl_Id="1221">
<LocList>
<Loc EndOffset="4564" SrcFileId="15" StartOffset="4540"/>
</LocList>
</BasicBoolTerm>
</RootTerm>
</LoopStmnt>
</StmntSeq>
</HierarchyLvl>
<HierarchyLvl HierarchyLvlId="1940" HierarchyLvlTypeId="23" Intrnl_Id="1222" Name="setUserPanel">
<Header>
<Loc EndOffset="5733" SrcFileId="15" StartOffset="5692"/>
</Header>
<LocList>
<Loc EndOffset="5822" SrcFileId="15" StartOffset="5692"/>
</LocList>
<StmntSeq Intrnl_Id="1223">
<LocList>
<Loc EndOffset="5762" SrcFileId="15" StartOffset="5739"/>
<Loc EndOffset="5818" SrcFileId="15" StartOffset="5766"/>
</LocList>
<BasicStmnt CovItemId="S82" CovItemPrefix="client.Controller.Game.java" Intrnl_Id="1224">
<LocList>
<Loc EndOffset="5762" SrcFileId="15" StartOffset="5739"/>
</LocList>
</BasicStmnt>
<BasicStmnt CovItemId="S83" CovItemPrefix="client.Controller.Game.java" Intrnl_Id="1225">
<LocList>
<Loc EndOffset="5818" SrcFileId="15" StartOffset="5766"/>
</LocList>
</BasicStmnt>
</StmntSeq>
</HierarchyLvl>
<HierarchyLvl HierarchyLvlId="1941" HierarchyLvlTypeId="23" Intrnl_Id="1226" Name="setBoardRenderer">
<Header>
<Loc EndOffset="5876" SrcFileId="15" StartOffset="5827"/>
</Header>
<LocList>
<Loc EndOffset="5992" SrcFileId="15" StartOffset="5827"/>
</LocList>
<StmntSeq Intrnl_Id="1227">
<LocList>
<Loc EndOffset="5901" SrcFileId="15" StartOffset="5882"/>
<Loc EndOffset="5962" SrcFileId="15" StartOffset="5905"/>
<Loc EndOffset="5988" SrcFileId="15" StartOffset="5966"/>
</LocList>
<BasicStmnt CovItemId="S84" CovItemPrefix="client.Controller.Game.java" Intrnl_Id="1228">
<LocList>
<Loc EndOffset="5901" SrcFileId="15" StartOffset="5882"/>
</LocList>
</BasicStmnt>
<BasicStmnt CovItemId="S85" CovItemPrefix="client.Controller.Game.java" Intrnl_Id="1229">
<LocList>
<Loc EndOffset="5962" SrcFileId="15" StartOffset="5905"/>
</LocList>
</BasicStmnt>
<BasicStmnt CovItemId="S86" CovItemPrefix="client.Controller.Game.java" Intrnl_Id="1230">
<LocList>
<Loc EndOffset="5988" SrcFileId="15" StartOffset="5966"/>
</LocList>
</BasicStmnt>
</StmntSeq>
</HierarchyLvl>
<HierarchyLvl HierarchyLvlId="1942" HierarchyLvlTypeId="23" Intrnl_Id="1231" Name="getCurrentTurnPhase">
<Header>
<Loc EndOffset="6035" SrcFileId="15" StartOffset="5997"/>
</Header>
<LocList>
<Loc EndOffset="6074" SrcFileId="15" StartOffset="5997"/>
</LocList>
<StmntSeq Intrnl_Id="1232">
<LocList>
<Loc EndOffset="6070" SrcFileId="15" StartOffset="6041"/>
</LocList>
<BasicStmnt CovItemId="S87" CovItemPrefix="client.Controller.Game.java" Intrnl_Id="1233">
<LocList>
<Loc EndOffset="6070" SrcFileId="15" StartOffset="6041"/>
</LocList>
</BasicStmnt>
</StmntSeq>
</HierarchyLvl>
<HierarchyLvl HierarchyLvlId="1943" HierarchyLvlTypeId="23" Intrnl_Id="1234" Name="getBuildType">
<Header>
<Loc EndOffset="6110" SrcFileId="15" StartOffset="6079"/>
</Header>
<LocList>
<Loc EndOffset="6149" SrcFileId="15" StartOffset="6079"/>
</LocList>
<StmntSeq Intrnl_Id="1235">
<LocList>
<Loc EndOffset="6145" SrcFileId="15" StartOffset="6116"/>
</LocList>
<BasicStmnt CovItemId="S88" CovItemPrefix="client.Controller.Game.java" Intrnl_Id="1236">
<LocList>
<Loc EndOffset="6145" SrcFileId="15" StartOffset="6116"/>
</LocList>
</BasicStmnt>
</StmntSeq>
</HierarchyLvl>
<HierarchyLvl HierarchyLvlId="1944" HierarchyLvlTypeId="23" Intrnl_Id="1237" Name="getCurrentPlayer">
<Header>
<Loc EndOffset="6183" SrcFileId="15" StartOffset="6154"/>
</Header>
<LocList>
<Loc EndOffset="6219" SrcFileId="15" StartOffset="6154"/>
</LocList>
<StmntSeq Intrnl_Id="1238">
<LocList>
<Loc EndOffset="6215" SrcFileId="15" StartOffset="6189"/>
</LocList>
<BasicStmnt CovItemId="S89" CovItemPrefix="client.Controller.Game.java" Intrnl_Id="1239">
<LocList>
<Loc EndOffset="6215" SrcFileId="15" StartOffset="6189"/>
</LocList>
</BasicStmnt>
</StmntSeq>
</HierarchyLvl>
<HierarchyLvl HierarchyLvlId="1945" HierarchyLvlTypeId="23" Intrnl_Id="1240" Name="addRoad">
<Header>
<Loc EndOffset="6306" SrcFileId="15" StartOffset="6224"/>
</Header>
<LocList>
<Loc EndOffset="6820" SrcFileId="15" StartOffset="6224"/>
</LocList>
<StmntSeq Intrnl_Id="1241">
<LocList>
<Loc EndOffset="6407" SrcFileId="15" StartOffset="6360"/>
<Loc EndOffset="6482" SrcFileId="15" StartOffset="6411"/>
<Loc EndOffset="6646" SrcFileId="15" StartOffset="6486"/>
<Loc EndOffset="6816" SrcFileId="15" StartOffset="6650"/>
</LocList>
<BasicStmnt CovItemId="S90" CovItemPrefix="client.Controller.Game.java" Intrnl_Id="1242">
<LocList>
<Loc EndOffset="6407" SrcFileId="15" StartOffset="6360"/>
</LocList>
</BasicStmnt>
<BasicStmnt CovItemId="S91" CovItemPrefix="client.Controller.Game.java" Intrnl_Id="1243">
<LocList>
<Loc EndOffset="6482" SrcFileId="15" StartOffset="6411"/>
</LocList>
</BasicStmnt>
<CondStmnt CovItemId="S92" CovItemPrefix="client.Controller.Game.java" Intrnl_Id="1244">
<Branch CovItemId="B16" CovItemPrefix="client.Controller.Game.java" Implct="false" Intrnl_Id="1245">
<Cond/>
<LocList>
<Loc EndOffset="6582" SrcFileId="15" StartOffset="6513"/>
</LocList>
<StmntSeq Intrnl_Id="1246">
<LocList>
<Loc EndOffset="6577" SrcFileId="15" StartOffset="6519"/>
</LocList>
<BasicStmnt CovItemId="S93" CovItemPrefix="client.Controller.Game.java" Intrnl_Id="1247">
<LocList>
<Loc EndOffset="6577" SrcFileId="15" StartOffset="6519"/>
</LocList>
</BasicStmnt>
</StmntSeq>
</Branch>
<Branch CovItemId="B17" CovItemPrefix="client.Controller.Game.java" Implct="false" Intrnl_Id="1248">
<Cond>
<Loc EndOffset="6587" SrcFileId="15" StartOffset="6583"/>
</Cond>
<LocList>
<Loc EndOffset="6646" SrcFileId="15" StartOffset="6588"/>
</LocList>
<StmntSeq Intrnl_Id="1249">
<LocList>
<Loc EndOffset="6641" SrcFileId="15" StartOffset="6594"/>
</LocList>
<BasicStmnt CovItemId="S94" CovItemPrefix="client.Controller.Game.java" Intrnl_Id="1250">
<LocList>
<Loc EndOffset="6641" SrcFileId="15" StartOffset="6594"/>
</LocList>
</BasicStmnt>
</StmntSeq>
</Branch>
<Keyword EndOffset="6488" SrcFileId="15" StartOffset="6486"/>
<LocList>
<Loc EndOffset="6646" SrcFileId="15" StartOffset="6486"/>
</LocList>
<RootTerm CovItemId="C8" CovItemPrefix="client.Controller.Game.java" Intrnl_Id="1251">
<BasicBoolTerm Intrnl_Id="1252">
<LocList>
<Loc EndOffset="6511" SrcFileId="15" StartOffset="6490"/>
</LocList>
</BasicBoolTerm>
</RootTerm>
</CondStmnt>
<CondStmnt CovItemId="S95" CovItemPrefix="client.Controller.Game.java" Intrnl_Id="1253">
<Branch CovItemId="B18" CovItemPrefix="client.Controller.Game.java" Implct="false" Intrnl_Id="1254">
<Cond/>
<LocList>
<Loc EndOffset="6816" SrcFileId="15" StartOffset="6722"/>
</LocList>
<StmntSeq Intrnl_Id="1255">
<LocList>
<Loc EndOffset="6811" SrcFileId="15" StartOffset="6728"/>
</LocList>
<BasicStmnt CovItemId="S96" CovItemPrefix="client.Controller.Game.java" Intrnl_Id="1256">
<LocList>
<Loc EndOffset="6811" SrcFileId="15" StartOffset="6728"/>
</LocList>
</BasicStmnt>
</StmntSeq>
</Branch>
<Branch CovItemId="B19" CovItemPrefix="client.Controller.Game.java" Implct="true" Intrnl_Id="1257">
<Cond/>
<LocList/>
<StmntSeq Intrnl_Id="1258">
<LocList/>
</StmntSeq>
</Branch>
<Keyword EndOffset="6652" SrcFileId="15" StartOffset="6650"/>
<LocList>
<Loc EndOffset="6816" SrcFileId="15" StartOffset="6650"/>
</LocList>
<RootTerm CovItemId="C9" CovItemPrefix="client.Controller.Game.java" Intrnl_Id="1259">
<BasicBoolTerm Intrnl_Id="1260">
<LocList>
<Loc EndOffset="6720" SrcFileId="15" StartOffset="6654"/>
</LocList>
</BasicBoolTerm>
</RootTerm>
</CondStmnt>
</StmntSeq>
</HierarchyLvl>
<HierarchyLvl HierarchyLvlId="1946" HierarchyLvlTypeId="23" Intrnl_Id="1261" Name="addBuilding">
<Header>
<Loc EndOffset="6916" SrcFileId="15" StartOffset="6825"/>
</Header>
<LocList>
<Loc EndOffset="7233" SrcFileId="15" StartOffset="6825"/>
</LocList>
<StmntSeq Intrnl_Id="1262">
<LocList>
<Loc EndOffset="7229" SrcFileId="15" StartOffset="6970"/>
</LocList>
<CondStmnt CovItemId="S97" CovItemPrefix="client.Controller.Game.java" Intrnl_Id="1263">
<Branch CovItemId="B20" CovItemPrefix="client.Controller.Game.java" Implct="false" Intrnl_Id="1264">
<Cond/>
<LocList>
<Loc EndOffset="7125" SrcFileId="15" StartOffset="7021"/>
</LocList>
<StmntSeq Intrnl_Id="1265">
<LocList>
<Loc EndOffset="7120" SrcFileId="15" StartOffset="7027"/>
</LocList>
<BasicStmnt CovItemId="S98" CovItemPrefix="client.Controller.Game.java" Intrnl_Id="1266">
<LocList>
<Loc EndOffset="7120" SrcFileId="15" StartOffset="7027"/>
</LocList>
</BasicStmnt>
</StmntSeq>
</Branch>
<Branch CovItemId="B21" CovItemPrefix="client.Controller.Game.java" Implct="false" Intrnl_Id="1267">
<Cond>
<Loc EndOffset="7130" SrcFileId="15" StartOffset="7126"/>
</Cond>
<LocList>
<Loc EndOffset="7229" SrcFileId="15" StartOffset="7131"/>
</LocList>
<StmntSeq Intrnl_Id="1268">
<LocList>
<Loc EndOffset="7224" SrcFileId="15" StartOffset="7137"/>
</LocList>
<BasicStmnt CovItemId="S99" CovItemPrefix="client.Controller.Game.java" Intrnl_Id="1269">
<LocList>
<Loc EndOffset="7224" SrcFileId="15" StartOffset="7137"/>
</LocList>
</BasicStmnt>
</StmntSeq>
</Branch>
<Keyword EndOffset="6972" SrcFileId="15" StartOffset="6970"/>
<LocList>
<Loc EndOffset="7229" SrcFileId="15" StartOffset="6970"/>
</LocList>
<RootTerm CovItemId="C10" CovItemPrefix="client.Controller.Game.java" Intrnl_Id="1270">
<BasicBoolTerm Intrnl_Id="1271">
<LocList>
<Loc EndOffset="7019" SrcFileId="15" StartOffset="6974"/>
</LocList>
</BasicBoolTerm>
</RootTerm>
</CondStmnt>
</StmntSeq>
</HierarchyLvl>
<HierarchyLvl HierarchyLvlId="1947" HierarchyLvlTypeId="23" Intrnl_Id="1272" Name="roll">
<Header>
<Loc EndOffset="7256" SrcFileId="15" StartOffset="7238"/>
</Header>
<LocList>
<Loc EndOffset="7339" SrcFileId="15" StartOffset="7238"/>
</LocList>
<StmntSeq Intrnl_Id="1273">
<LocList>
<Loc EndOffset="7298" SrcFileId="15" StartOffset="7262"/>
<Loc EndOffset="7333" SrcFileId="15" StartOffset="7302"/>
</LocList>
<BasicStmnt CovItemId="S100" CovItemPrefix="client.Controller.Game.java" Intrnl_Id="1274">
<LocList>
<Loc EndOffset="7298" SrcFileId="15" StartOffset="7262"/>
</LocList>
</BasicStmnt>
<BasicStmnt CovItemId="S101" CovItemPrefix="client.Controller.Game.java" Intrnl_Id="1275">
<LocList>
<Loc EndOffset="7333" SrcFileId="15" StartOffset="7302"/>
</LocList>
</BasicStmnt>
</StmntSeq>
</HierarchyLvl>
<HierarchyLvl HierarchyLvlId="1948" HierarchyLvlTypeId="23" Intrnl_Id="1276" Name="drawDevCard">
<Header>
<Loc EndOffset="7369" SrcFileId="15" StartOffset="7344"/>
</Header>
<LocList>
<Loc EndOffset="7415" SrcFileId="15" StartOffset="7344"/>
</LocList>
</HierarchyLvl>
<HierarchyLvl HierarchyLvlId="1949" HierarchyLvlTypeId="23" Intrnl_Id="1277" Name="setBuildType">
<Header>
<Loc EndOffset="7460" SrcFileId="15" StartOffset="7420"/>
</Header>
<LocList>
<Loc EndOffset="7499" SrcFileId="15" StartOffset="7420"/>
</LocList>
<StmntSeq Intrnl_Id="1278">
<LocList>
<Loc EndOffset="7495" SrcFileId="15" StartOffset="7466"/>
</LocList>
<BasicStmnt CovItemId="S102" CovItemPrefix="client.Controller.Game.java" Intrnl_Id="1279">
<LocList>
<Loc EndOffset="7495" SrcFileId="15" StartOffset="7466"/>
</LocList>
</BasicStmnt>
</StmntSeq>
</HierarchyLvl>
<HierarchyLvl HierarchyLvlId="1950" HierarchyLvlTypeId="23" Intrnl_Id="1280" Name="endTurn">
<Header>
<Loc EndOffset="7525" SrcFileId="15" StartOffset="7504"/>
</Header>
<LocList>
<Loc EndOffset="7713" SrcFileId="15" StartOffset="7504"/>
</LocList>
<StmntSeq Intrnl_Id="1281">
<LocList>
<Loc EndOffset="7600" SrcFileId="15" StartOffset="7531"/>
<Loc EndOffset="7656" SrcFileId="15" StartOffset="7604"/>
<Loc EndOffset="7707" SrcFileId="15" StartOffset="7660"/>
</LocList>
<BasicStmnt CovItemId="S103" CovItemPrefix="client.Controller.Game.java" Intrnl_Id="1282">
<LocList>
<Loc EndOffset="7600" SrcFileId="15" StartOffset="7531"/>
</LocList>
</BasicStmnt>
<BasicStmnt CovItemId="S104" CovItemPrefix="client.Controller.Game.java" Intrnl_Id="1283">
<LocList>
<Loc EndOffset="7656" SrcFileId="15" StartOffset="7604"/>
</LocList>
</BasicStmnt>
<BasicStmnt CovItemId="S105" CovItemPrefix="client.Controller.Game.java" Intrnl_Id="1284">
<LocList>
<Loc EndOffset="7707" SrcFileId="15" StartOffset="7660"/>
</LocList>
</BasicStmnt>
</StmntSeq>
</HierarchyLvl>
<HierarchyLvl HierarchyLvlId="1951" HierarchyLvlTypeId="23" Intrnl_Id="1285" Name="getPlayerColors">
<Header>
<Loc EndOffset="7750" SrcFileId="15" StartOffset="7718"/>
</Header>
<LocList>
<Loc EndOffset="7783" SrcFileId="15" StartOffset="7718"/>
</LocList>
<StmntSeq Intrnl_Id="1286">
<LocList>
<Loc EndOffset="7779" SrcFileId="15" StartOffset="7756"/>
</LocList>
<BasicStmnt CovItemId="S106" CovItemPrefix="client.Controller.Game.java" Intrnl_Id="1287">
<LocList>
<Loc EndOffset="7779" SrcFileId="15" StartOffset="7756"/>
</LocList>
</BasicStmnt>
</StmntSeq>
</HierarchyLvl>
<HierarchyLvl HierarchyLvlId="1952" HierarchyLvlTypeId="23" Intrnl_Id="1288" Name="getNumberOfPlayers">
<Header>
<Loc EndOffset="7819" SrcFileId="15" StartOffset="7788"/>
</Header>
<LocList>
<Loc EndOffset="7857" SrcFileId="15" StartOffset="7788"/>
</LocList>
<StmntSeq Intrnl_Id="1289">
<LocList>
<Loc EndOffset="7853" SrcFileId="15" StartOffset="7825"/>
</LocList>
<BasicStmnt CovItemId="S107" CovItemPrefix="client.Controller.Game.java" Intrnl_Id="1290">
<LocList>
<Loc EndOffset="7853" SrcFileId="15" StartOffset="7825"/>
</LocList>
</BasicStmnt>
</StmntSeq>
</HierarchyLvl>
<HierarchyLvl HierarchyLvlId="1953" HierarchyLvlTypeId="23" Intrnl_Id="1291" Name="hasAdjacentRoad">
<Header>
<Loc EndOffset="7910" SrcFileId="15" StartOffset="7863"/>
</Header>
<LocList>
<Loc EndOffset="7933" SrcFileId="15" StartOffset="7863"/>
</LocList>
<StmntSeq Intrnl_Id="1292">
<LocList>
<Loc EndOffset="7929" SrcFileId="15" StartOffset="7916"/>
</LocList>
<BasicStmnt CovItemId="S108" CovItemPrefix="client.Controller.Game.java" Intrnl_Id="1293">
<LocList>
<Loc EndOffset="7929" SrcFileId="15" StartOffset="7916"/>
</LocList>
</BasicStmnt>
</StmntSeq>
</HierarchyLvl>
</HierarchyLvl>
<HierarchyLvl HierarchyLvlId="1958" HierarchyLvlTypeId="24" Intrnl_Id="1294" Name="Die">
<Header>
<Loc EndOffset="72" SrcFileId="16" StartOffset="56"/>
</Header>
<LocList>
<Loc EndOffset="305" SrcFileId="16" StartOffset="56"/>
</LocList>
<HierarchyLvl HierarchyLvlId="1955" HierarchyLvlTypeId="23" Intrnl_Id="1295" Name="Die">
<Header>
<Loc EndOffset="108" SrcFileId="16" StartOffset="96"/>
</Header>
<LocList>
<Loc EndOffset="150" SrcFileId="16" StartOffset="96"/>
</LocList>
<StmntSeq Intrnl_Id="1296">
<LocList>
<Loc EndOffset="146" SrcFileId="16" StartOffset="114"/>
</LocList>
<BasicStmnt CovItemId="S1" CovItemPrefix="client.Controller.Die.java" Intrnl_Id="1297">
<LocList>
<Loc EndOffset="146" SrcFileId="16" StartOffset="114"/>
</LocList>
</BasicStmnt>
</StmntSeq>
</HierarchyLvl>
<HierarchyLvl HierarchyLvlId="1956" HierarchyLvlTypeId="23" Intrnl_Id="1298" Name="Die">
<Header>
<Loc EndOffset="176" SrcFileId="16" StartOffset="155"/>
</Header>
<LocList>
<Loc EndOffset="222" SrcFileId="16" StartOffset="155"/>
</LocList>
<StmntSeq Intrnl_Id="1299">
<LocList>
<Loc EndOffset="218" SrcFileId="16" StartOffset="182"/>
</LocList>
<BasicStmnt CovItemId="S2" CovItemPrefix="client.Controller.Die.java" Intrnl_Id="1300">
<LocList>
<Loc EndOffset="218" SrcFileId="16" StartOffset="182"/>
</LocList>
</BasicStmnt>
</StmntSeq>
</HierarchyLvl>
<HierarchyLvl HierarchyLvlId="1957" HierarchyLvlTypeId="23" Intrnl_Id="1301" Name="rollDie">
<Header>
<Loc EndOffset="247" SrcFileId="16" StartOffset="227"/>
</Header>
<LocList>
<Loc EndOffset="302" SrcFileId="16" StartOffset="227"/>
</LocList>
<StmntSeq Intrnl_Id="1302">
<LocList>
<Loc EndOffset="298" SrcFileId="16" StartOffset="253"/>
</LocList>
<BasicStmnt CovItemId="S3" CovItemPrefix="client.Controller.Die.java" Intrnl_Id="1303">
<LocList>
<Loc EndOffset="298" SrcFileId="16" StartOffset="253"/>
</LocList>
</BasicStmnt>
</StmntSeq>
</HierarchyLvl>
</HierarchyLvl>
<HierarchyLvl HierarchyLvlId="1961" HierarchyLvlTypeId="24" Intrnl_Id="1304" Name="Dice">
<Header>
<Loc EndOffset="49" SrcFileId="17" StartOffset="32"/>
</Header>
<LocList>
<Loc EndOffset="519" SrcFileId="17" StartOffset="32"/>
</LocList>
<HierarchyLvl HierarchyLvlId="1959" HierarchyLvlTypeId="23" Intrnl_Id="1305" Name="Dice">
<Header>
<Loc EndOffset="120" SrcFileId="17" StartOffset="107"/>
</Header>
<LocList>
<Loc EndOffset="187" SrcFileId="17" StartOffset="107"/>
</LocList>
<StmntSeq Intrnl_Id="1306">
<LocList>
<Loc EndOffset="152" SrcFileId="17" StartOffset="126"/>
<Loc EndOffset="183" SrcFileId="17" StartOffset="156"/>
</LocList>
<BasicStmnt CovItemId="S1" CovItemPrefix="client.Controller.Dice.java" Intrnl_Id="1307">
<LocList>
<Loc EndOffset="152" SrcFileId="17" StartOffset="126"/>
</LocList>
</BasicStmnt>
<BasicStmnt CovItemId="S2" CovItemPrefix="client.Controller.Dice.java" Intrnl_Id="1308">
<LocList>
<Loc EndOffset="183" SrcFileId="17" StartOffset="156"/>
</LocList>
</BasicStmnt>
</StmntSeq>
</HierarchyLvl>
<HierarchyLvl HierarchyLvlId="1960" HierarchyLvlTypeId="23" Intrnl_Id="1309" Name="rollDice">
<Header>
<Loc EndOffset="298" SrcFileId="17" StartOffset="275"/>
</Header>
<LocList>
<Loc EndOffset="514" SrcFileId="17" StartOffset="275"/>
</LocList>
<StmntSeq Intrnl_Id="1310">
<LocList>
<Loc EndOffset="330" SrcFileId="17" StartOffset="304"/>
<Loc EndOffset="370" SrcFileId="17" StartOffset="334"/>
<Loc EndOffset="412" SrcFileId="17" StartOffset="374"/>
<Loc EndOffset="445" SrcFileId="17" StartOffset="418"/>
<Loc EndOffset="467" SrcFileId="17" StartOffset="449"/>
<Loc EndOffset="490" SrcFileId="17" StartOffset="471"/>
<Loc EndOffset="510" SrcFileId="17" StartOffset="496"/>
</LocList>
<BasicStmnt CovItemId="S3" CovItemPrefix="client.Controller.Dice.java" Intrnl_Id="1311">
<LocList>
<Loc EndOffset="330" SrcFileId="17" StartOffset="304"/>
</LocList>
</BasicStmnt>
<BasicStmnt CovItemId="S4" CovItemPrefix="client.Controller.Dice.java" Intrnl_Id="1312">
<LocList>
<Loc EndOffset="370" SrcFileId="17" StartOffset="334"/>
</LocList>
</BasicStmnt>
<BasicStmnt CovItemId="S5" CovItemPrefix="client.Controller.Dice.java" Intrnl_Id="1313">
<LocList>
<Loc EndOffset="412" SrcFileId="17" StartOffset="374"/>
</LocList>
</BasicStmnt>
<BasicStmnt CovItemId="S6" CovItemPrefix="client.Controller.Dice.java" Intrnl_Id="1314">
<LocList>
<Loc EndOffset="445" SrcFileId="17" StartOffset="418"/>
</LocList>
</BasicStmnt>
<BasicStmnt CovItemId="S7" CovItemPrefix="client.Controller.Dice.java" Intrnl_Id="1315">
<LocList>
<Loc EndOffset="467" SrcFileId="17" StartOffset="449"/>
</LocList>
</BasicStmnt>
<BasicStmnt CovItemId="S8" CovItemPrefix="client.Controller.Dice.java" Intrnl_Id="1316">
<LocList>
<Loc EndOffset="490" SrcFileId="17" StartOffset="471"/>
</LocList>
</BasicStmnt>
<BasicStmnt CovItemId="S9" CovItemPrefix="client.Controller.Dice.java" Intrnl_Id="1317">
<LocList>
<Loc EndOffset="510" SrcFileId="17" StartOffset="496"/>
</LocList>
</BasicStmnt>
</StmntSeq>
</HierarchyLvl>
</HierarchyLvl>
<HierarchyLvl HierarchyLvlId="1962" HierarchyLvlTypeId="24" Intrnl_Id="1318" Name="Bank">
<Header>
<Loc EndOffset="47" SrcFileId="18" StartOffset="30"/>
</Header>
<LocList>
<Loc EndOffset="54" SrcFileId="18" StartOffset="30"/>
</LocList>
</HierarchyLvl>
</HierarchyLvl>
</HierarchyLvl>
</HierarchyLvl>
</MASTRoot>
</TestSessionContainer>
