<?xml version="1.0" encoding="UTF-8"?><TestSessionContainer xmlns="http://www.codecover.org/xml/testsession-container" Date="1429242608246" TestSessionContainerId="1af1a505-79ad-484a-8a06-faf8fe49cd32" version="1.0">
<SrcFileList>
<SrcFile Content="package client.Controller;&#13;&#10;&#13;&#10;import java.util.ArrayList;&#13;&#10;import java.util.HashMap;&#13;&#10;&#13;&#10;import client.Model.Road;&#13;&#10;import client.Model.RoadPiece;&#13;&#10;import client.Model.Structure;&#13;&#10;&#13;&#10;public class StructureManager {&#13;&#10;&#9;&#13;&#10;&#9;public ArrayList&lt;HashMap&lt;Integer, StructurePiece&gt;&gt; structurePieceMaps;&#13;&#10;&#9;public HashMap&lt;Integer, Structure&gt; structureDependencyMap;&#13;&#10;&#13;&#10;&#9;public StructureManager(int playerCount) {&#13;&#10;&#9;&#9;structurePieceMaps = new ArrayList&lt;HashMap&lt;Integer, StructurePiece&gt;&gt;();&#13;&#10;&#9;&#9;for (int i = 0; i &lt; playerCount; i++) {&#13;&#10;&#9;&#9;&#9;structurePieceMaps.add(new HashMap&lt;Integer, StructurePiece&gt;());&#13;&#10;&#9;&#9;}&#13;&#10;&#9;}&#13;&#10;&#9;&#13;&#10;&#9;public void addStructure(int structureId, int playerNumber) throws Exception {&#13;&#10;&#9;&#9;&#13;&#10;&#9;}&#13;&#10;&#9;&#13;&#10;&#9;public void updateStructure(int structureId, int playerNumber) throws Exception{&#13;&#10;&#9;&#9;&#13;&#10;&#9;}&#13;&#10;&#9;&#13;&#10;&#9;public int getStructurePointCount(int playerNumber){&#13;&#10;&#9;&#9;return -1;&#13;&#10;&#9;}&#13;&#10;&#13;&#10;}&#13;&#10;" Filename="StructureManager.java" Intrnl_Id="1"/>
<SrcFile Content="package client.Controller;&#13;&#10;&#13;&#10;public class StructureLocationKey {&#13;&#10;&#13;&#10;&#9;public int getHexIndex() {&#13;&#10;&#9;&#9;// TODO Auto-generated method stub&#13;&#10;&#9;&#9;return 0;&#13;&#10;&#9;}&#13;&#10;&#13;&#10;}&#13;&#10;" Filename="StructureLocationKey.java" Intrnl_Id="2"/>
<SrcFile Content="package client.Controller;&#13;&#10;&#13;&#10;import java.util.ArrayList;&#13;&#10;import java.util.Arrays;&#13;&#10;import java.util.HashMap;&#13;&#10;import java.util.Map.Entry;&#13;&#10;&#13;&#10;import client.Model.Road;&#13;&#10;import client.Model.RoadPiece;&#13;&#10;&#13;&#10;public class RoadManager {&#13;&#10;&#13;&#10;&#9;public ArrayList&lt;HashMap&lt;Integer, RoadPiece&gt;&gt; roadPieceDependencyMaps;&#13;&#10;&#9;public HashMap&lt;Integer, Road&gt; roadDependencyMap;&#13;&#10;&#13;&#10;&#9;public RoadManager(int playerCount) {&#13;&#10;&#13;&#10;&#9;&#9;roadPieceDependencyMaps = new ArrayList&lt;HashMap&lt;Integer, RoadPiece&gt;&gt;();&#13;&#10;&#9;&#9;for (int i = 0; i &lt; playerCount; i++) {&#13;&#10;&#9;&#9;&#9;roadPieceDependencyMaps.add(new HashMap&lt;Integer, RoadPiece&gt;());&#13;&#10;&#9;&#9;}&#13;&#10;&#13;&#10;&#9;&#9;initializeRoadGraph();&#13;&#10;&#13;&#10;&#9;&#9;// roadDependencyMap.put(1,&#13;&#10;&#9;&#9;// new RoadPiece(1, new int[] { 2 }, new int[] {}));&#13;&#10;&#9;&#9;// roadDependencyMap.put(2, new RoadPiece(2, new int[] { 1 },&#13;&#10;&#9;&#9;// new int[] { 7 }));&#13;&#10;&#9;&#9;// roadDependencyMap.put(7, new RoadPiece(7, new int[] { 2 }, new int[]&#13;&#10;&#9;&#9;// {&#13;&#10;&#9;&#9;// 15, 11 }));&#13;&#10;&#9;&#9;// roadDependencyMap.put(11, new RoadPiece(11, new int[] { 16 },&#13;&#10;&#9;&#9;// new int[] { 15, 7 }));&#13;&#10;&#9;&#9;// roadDependencyMap.put(15, new RoadPiece(15, new int[] { 23 },&#13;&#10;&#9;&#9;// new int[] { 7, 11 }));&#13;&#10;&#9;&#9;// roadDependencyMap.put(16, new RoadPiece(16, new int[] { 24 },&#13;&#10;&#9;&#9;// new int[] { 11 }));&#13;&#10;&#9;&#9;// roadDependencyMap.put(23, new RoadPiece(23, new int[] { 28, 32 },&#13;&#10;&#9;&#9;// new int[] { 15 }));&#13;&#10;&#9;&#9;// roadDependencyMap.put(24, new RoadPiece(24, new int[] { 16 },&#13;&#10;&#9;&#9;// new int[] { 28 }));&#13;&#10;&#9;&#9;// roadDependencyMap.put(28, new RoadPiece(28, new int[] { 24 },&#13;&#10;&#9;&#9;// new int[] { 32, 23 }));&#13;&#10;&#9;&#9;// roadDependencyMap.put(32, new RoadPiece(32, new int[] { 40 },&#13;&#10;&#9;&#9;// new int[] { 23, 28 }));&#13;&#10;&#9;&#9;// roadDependencyMap.put(40, new RoadPiece(40, new int[] { 49, 45 },&#13;&#10;&#9;&#9;// new int[] { 32 }));&#13;&#10;&#9;&#9;// roadDependencyMap.put(45, new RoadPiece(45, new int[] { 40, 49 },&#13;&#10;&#9;&#9;// new int[] { 50 }));&#13;&#10;&#9;&#9;// roadDependencyMap.put(49, new RoadPiece(49, new int[] { 57 },&#13;&#10;&#9;&#9;// new int[] { 45 }));&#13;&#10;&#9;&#9;// roadDependencyMap.put(50, new RoadPiece(50, new int[] { 58 },&#13;&#10;&#9;&#9;// new int[] { 45 }));&#13;&#10;&#9;&#9;// roadDependencyMap.put(57, new RoadPiece(57, new int[] { 62 },&#13;&#10;&#9;&#9;// new int[] { 49 }));&#13;&#10;&#9;&#9;// roadDependencyMap.put(58, new RoadPiece(58, new int[] { 62 },&#13;&#10;&#9;&#9;// new int[] { 50 }));&#13;&#10;&#9;&#9;// roadDependencyMap.put(62, new RoadPiece(62, new int[] { 57 },&#13;&#10;&#9;&#9;// new int[] { 58 }));&#13;&#10;&#13;&#10;&#9;&#9;// for (Entry&lt;Integer, RoadPiece&gt; e : roadDependencyMap.entrySet()) {&#13;&#10;&#9;&#9;// RoadPiece road = e.getValue();&#13;&#10;&#9;&#9;// System.out.println(road.toString());&#13;&#10;&#9;&#9;// System.out.println(Arrays.toString(road.getAllAdjacentRoads()));&#13;&#10;&#9;&#9;// }&#13;&#10;&#13;&#10;&#9;&#9;// System.out.println(findLongestRoad());&#13;&#10;&#13;&#10;&#9;}&#13;&#10;&#13;&#10;&#9;public int findLongestRoadForPlayer(int playerIndex) {&#13;&#10;&#9;&#9;int max = 0;&#13;&#10;&#9;&#9;for (Entry&lt;Integer, RoadPiece&gt; e : roadPieceDependencyMaps.get(&#13;&#10;&#9;&#9;&#9;&#9;playerIndex).entrySet()) {&#13;&#10;&#9;&#9;&#9;RoadPiece road = e.getValue();&#13;&#10;&#9;&#9;&#9;int rslt = findLongestRoadForRoadPiece(e.getKey(), playerIndex);&#13;&#10;&#9;&#9;&#9;System.out.println(road.toString() + &quot;:        &quot; + rslt);&#13;&#10;&#9;&#9;&#9;if (rslt &gt; max) {&#13;&#10;&#9;&#9;&#9;&#9;max = rslt;&#13;&#10;&#9;&#9;&#9;}&#13;&#10;&#9;&#9;}&#13;&#10;&#9;&#9;return max;&#13;&#10;&#9;}&#13;&#10;&#13;&#10;&#9;public int findLongestRoadForRoadPiece(int road, int playerIndex) {&#13;&#10;&#9;&#9;int[] adjacentRoads = roadPieceDependencyMaps.get(playerIndex)&#13;&#10;&#9;&#9;&#9;&#9;.get(road).getAllAdjacentRoads();&#13;&#10;&#9;&#9;int[] results = new int[adjacentRoads.length];&#13;&#10;&#13;&#10;&#9;&#9;for (int i = 0; i &lt; adjacentRoads.length; i++) {&#13;&#10;&#9;&#9;&#9;results[i] = findLongestRoad(adjacentRoads[i], road,&#13;&#10;&#9;&#9;&#9;&#9;&#9;new int[] { road }, playerIndex);&#13;&#10;&#9;&#9;}&#13;&#10;&#13;&#10;&#9;&#9;int max = 0;&#13;&#10;&#13;&#10;&#9;&#9;for (int i = 0; i &lt; adjacentRoads.length; i++) {&#13;&#10;&#9;&#9;&#9;if (results[i] &gt; max)&#13;&#10;&#9;&#9;&#9;&#9;max = results[i];&#13;&#10;&#9;&#9;}&#13;&#10;&#13;&#10;&#9;&#9;return max + 1;&#13;&#10;&#9;}&#13;&#10;&#13;&#10;&#9;public int findLongestRoad(int road, int previousRoad,&#13;&#10;&#9;&#9;&#9;int[] previouslyVisitedRoads, int playerIndex) {&#13;&#10;&#13;&#10;&#9;&#9;int[] roadsToCheck = roadPieceDependencyMaps.get(playerIndex).get(road)&#13;&#10;&#9;&#9;&#9;&#9;.getOppositeDirectionRoads(previousRoad);&#13;&#10;&#9;&#9;ArrayList&lt;Integer&gt; roadsToVisit = new ArrayList&lt;Integer&gt;();&#13;&#10;&#9;&#9;for (int i = 0; i &lt; roadsToCheck.length; i++) {&#13;&#10;&#9;&#9;&#9;if (!(containsRoad(previouslyVisitedRoads, roadsToCheck[i]))) {&#13;&#10;&#9;&#9;&#9;&#9;roadsToVisit.add(roadsToCheck[i]);&#13;&#10;&#9;&#9;&#9;}&#13;&#10;&#9;&#9;}&#13;&#10;&#13;&#10;&#9;&#9;int visitCount = roadsToVisit.size();&#13;&#10;&#13;&#10;&#9;&#9;if (visitCount == 0) {&#13;&#10;&#9;&#9;&#9;return 1;&#13;&#10;&#9;&#9;}&#13;&#10;&#13;&#10;&#9;&#9;int oldLength = previouslyVisitedRoads.length;&#13;&#10;&#9;&#9;int[] visitedRoads = Arrays.copyOf(previouslyVisitedRoads,&#13;&#10;&#9;&#9;&#9;&#9;oldLength + 1);&#13;&#10;&#9;&#9;visitedRoads[oldLength] = road;&#13;&#10;&#13;&#10;&#9;&#9;if (visitCount == 1) {&#13;&#10;&#9;&#9;&#9;return 1 + findLongestRoad(roadsToVisit.get(0), road, visitedRoads,&#13;&#10;&#9;&#9;&#9;&#9;&#9;playerIndex);&#13;&#10;&#9;&#9;}&#13;&#10;&#13;&#10;&#9;&#9;if (visitCount == 2) {&#13;&#10;&#9;&#9;&#9;int a = findLongestRoad(roadsToVisit.get(0), road, visitedRoads,&#13;&#10;&#9;&#9;&#9;&#9;&#9;playerIndex);&#13;&#10;&#9;&#9;&#9;int b = findLongestRoad(roadsToVisit.get(1), road, visitedRoads,&#13;&#10;&#9;&#9;&#9;&#9;&#9;playerIndex);&#13;&#10;&#9;&#9;&#9;return 1 + Math.max(a, b);&#13;&#10;&#9;&#9;}&#13;&#10;&#13;&#10;&#9;&#9;// CRITICAL ERROR!!!&#13;&#10;&#9;&#9;return -4000;&#13;&#10;&#9;}&#13;&#10;&#13;&#10;&#9;private boolean containsRoad(int[] previouslyVisitedRoads, int roadToCheck) {&#13;&#10;&#9;&#9;for (int i = 0; i &lt; previouslyVisitedRoads.length; i++) {&#13;&#10;&#9;&#9;&#9;if (previouslyVisitedRoads[i] == roadToCheck) {&#13;&#10;&#9;&#9;&#9;&#9;return true;&#13;&#10;&#9;&#9;&#9;}&#13;&#10;&#9;&#9;}&#13;&#10;&#9;&#9;return false;&#13;&#10;&#9;}&#13;&#10;&#13;&#10;&#9;public static void main(String[] args) {&#13;&#10;&#9;&#9;RoadManager rm = new RoadManager(3);&#13;&#10;&#9;&#9;rm.addRoadPieceAtBeginning(0, 1);&#13;&#10;&#9;&#9;rm.addRoadPieceAtBeginning(0, 2);&#13;&#10;&#9;&#9;rm.addRoadPieceAtBeginning(0, 3);&#13;&#10;&#9;&#9;rm.addRoadPieceAtBeginning(0, 7);&#13;&#10;&#9;&#9;rm.addRoadPieceAtBeginning(0, 11);&#13;&#10;&#9;&#9;rm.addRoadPieceAtBeginning(0, 8);&#13;&#10;&#9;&#9;rm.addRoadPieceAtBeginning(0, 4);&#13;&#10;&#13;&#10;&#9;&#9;// rm.addRoadPieceAtBeginning(0, 18);&#13;&#10;&#9;&#9;// rm.addRoadPieceAtBeginning(0, 12);&#13;&#10;&#13;&#10;&#9;}&#13;&#10;&#13;&#10;&#9;// TODO sever the connection in the dependency map if a player builds a&#13;&#10;&#9;// settlement in between two of their opponents roads.&#13;&#10;&#9;// public void addRoadPiece(int playerIndex, int roadIndex) throws Exception&#13;&#10;&#9;// {&#13;&#10;&#9;public void addRoadPiece(int playerIndex, int roadIndex) {&#13;&#10;&#9;&#9;// for each player, make sure that the piece doesn't already exist.&#13;&#10;&#9;&#9;// Then, check to make sure one of its adjoining roads exists. Then link&#13;&#10;&#9;&#9;// it to any roadpiece it may be touching and vice versa&#13;&#10;&#9;&#9;&#13;&#10;&#9;&#9;if(roadIndex&lt;1 || roadIndex&gt;72)&#13;&#10;&#9;&#9;&#9;throw new IndexOutOfBoundsException(&quot;roadIndex &quot;+roadIndex+&quot; out of bounds!&quot;);&#13;&#10;&#13;&#10;&#9;&#9;boolean noOverlap = true;&#13;&#10;&#9;&#9;for (HashMap&lt;Integer, RoadPiece&gt; hash : roadPieceDependencyMaps) {&#13;&#10;&#9;&#9;&#9;if (hash.containsKey(roadIndex)) {// check if road exists&#13;&#10;&#9;&#9;&#9;&#9;// throw new Exception(&quot;Road already exists&quot;);&#13;&#10;&#9;&#9;&#9;&#9;noOverlap = false;&#13;&#10;&#9;&#9;&#9;}&#13;&#10;&#9;&#9;}&#13;&#10;&#13;&#10;&#9;&#9;if (noOverlap) {&#13;&#10;&#13;&#10;&#9;&#9;&#9;// check to see if there are adjacent roadPieces owned by the player&#13;&#10;&#9;&#9;&#9;// to see if the road can be placed&#13;&#10;&#9;&#9;&#9;// and then add them in the dependency map&#13;&#10;&#9;&#9;&#9;ArrayList&lt;Integer&gt; adjacentRoadPiecesListA = new ArrayList&lt;Integer&gt;();&#13;&#10;&#9;&#9;&#9;ArrayList&lt;Integer&gt; adjacentRoadPiecesListB = new ArrayList&lt;Integer&gt;();&#13;&#10;&#9;&#9;&#9;boolean isAdjacent = false;&#13;&#10;&#13;&#10;&#9;&#9;&#9;int[] adjacentRoadsA = roadDependencyMap.get(roadIndex)&#13;&#10;&#9;&#9;&#9;&#9;&#9;.getAdjacentRoadsA();&#13;&#10;&#9;&#9;&#9;for (int key : adjacentRoadsA) {&#13;&#10;&#9;&#9;&#9;&#9;if (roadPieceDependencyMaps.get(playerIndex).containsKey(key)) {&#13;&#10;&#9;&#9;&#9;&#9;&#9;adjacentRoadPiecesListA.add(key);&#13;&#10;&#9;&#9;&#9;&#9;&#9;isAdjacent = true;&#13;&#10;&#9;&#9;&#9;&#9;}&#13;&#10;&#9;&#9;&#9;}&#13;&#10;&#13;&#10;&#9;&#9;&#9;int[] adjacentRoadsB = roadDependencyMap.get(roadIndex)&#13;&#10;&#9;&#9;&#9;&#9;&#9;.getAdjacentRoadsB();&#13;&#10;&#9;&#9;&#9;for (int key : adjacentRoadsB) {&#13;&#10;&#9;&#9;&#9;&#9;if (roadPieceDependencyMaps.get(playerIndex).containsKey(key)) {&#13;&#10;&#9;&#9;&#9;&#9;&#9;adjacentRoadPiecesListB.add(key);&#13;&#10;&#9;&#9;&#9;&#9;&#9;isAdjacent = true;&#13;&#10;&#9;&#9;&#9;&#9;}&#13;&#10;&#9;&#9;&#9;}&#13;&#10;&#13;&#10;&#9;&#9;&#9;if (isAdjacent) {&#13;&#10;&#9;&#9;&#9;&#9;// convert the adjacentRoadPieces ArrayLists into arrays&#13;&#10;&#9;&#9;&#9;&#9;int[] adjacentRoadPiecesA = new int[adjacentRoadPiecesListA&#13;&#10;&#9;&#9;&#9;&#9;&#9;&#9;.size()];&#13;&#10;&#9;&#9;&#9;&#9;for (int i = 0; i &lt; adjacentRoadPiecesListA.size(); i++) {&#13;&#10;&#9;&#9;&#9;&#9;&#9;adjacentRoadPiecesA[i] = adjacentRoadPiecesListA.get(i);&#13;&#10;&#9;&#9;&#9;&#9;}&#13;&#10;&#13;&#10;&#9;&#9;&#9;&#9;int[] adjacentRoadPiecesB = new int[adjacentRoadPiecesListB&#13;&#10;&#9;&#9;&#9;&#9;&#9;&#9;.size()];&#13;&#10;&#9;&#9;&#9;&#9;for (int i = 0; i &lt; adjacentRoadPiecesListB.size(); i++) {&#13;&#10;&#9;&#9;&#9;&#9;&#9;adjacentRoadPiecesB[i] = adjacentRoadPiecesListB.get(i);&#13;&#10;&#9;&#9;&#9;&#9;}&#13;&#10;&#13;&#10;&#9;&#9;&#9;&#9;roadPieceDependencyMaps.get(playerIndex).put(&#13;&#10;&#9;&#9;&#9;&#9;&#9;&#9;roadIndex,&#13;&#10;&#9;&#9;&#9;&#9;&#9;&#9;new RoadPiece(roadIndex, adjacentRoadPiecesA,&#13;&#10;&#9;&#9;&#9;&#9;&#9;&#9;&#9;&#9;adjacentRoadPiecesB));&#13;&#10;&#13;&#10;&#9;&#9;&#9;&#9;// Connect the new roadPiece to existing adjacent roadPieces&#13;&#10;&#9;&#9;&#9;&#9;// For each of the new pieces adjacent roads, check whether it&#13;&#10;&#9;&#9;&#9;&#9;// should be&#13;&#10;&#9;&#9;&#9;&#9;// added to the A or B array, then add it to the appropriate&#13;&#10;&#9;&#9;&#9;&#9;// array&#13;&#10;&#9;&#9;&#9;&#9;for (int key : adjacentRoadPiecesA) {&#13;&#10;&#9;&#9;&#9;&#9;&#9;System.out.println(&quot;key: &quot; + key);&#13;&#10;&#9;&#9;&#9;&#9;&#9;int[] a = roadDependencyMap.get(key).getAdjacentRoadsA();&#13;&#10;&#9;&#9;&#9;&#9;&#9;for (int i = 0; i &lt; a.length; i++) {&#13;&#10;&#9;&#9;&#9;&#9;&#9;&#9;if (a[i] == roadIndex) {&#13;&#10;&#9;&#9;&#9;&#9;&#9;&#9;&#9;int[] adjacentA = roadPieceDependencyMaps&#13;&#10;&#9;&#9;&#9;&#9;&#9;&#9;&#9;&#9;&#9;.get(playerIndex).get(key)&#13;&#10;&#9;&#9;&#9;&#9;&#9;&#9;&#9;&#9;&#9;.getAdjacentRoadsA();&#13;&#10;&#9;&#9;&#9;&#9;&#9;&#9;&#9;int[] tempA = new int[adjacentA.length + 1];&#13;&#10;&#9;&#9;&#9;&#9;&#9;&#9;&#9;for (int j = 0; j &lt; adjacentA.length; j++) {&#13;&#10;&#9;&#9;&#9;&#9;&#9;&#9;&#9;&#9;tempA[j] = adjacentA[j];&#13;&#10;&#9;&#9;&#9;&#9;&#9;&#9;&#9;}&#13;&#10;&#9;&#9;&#9;&#9;&#9;&#9;&#9;tempA[tempA.length - 1] = roadIndex;&#13;&#10;&#9;&#9;&#9;&#9;&#9;&#9;&#9;roadPieceDependencyMaps.get(playerIndex).get(key)&#13;&#10;&#9;&#9;&#9;&#9;&#9;&#9;&#9;&#9;&#9;.setAdjacentRoadsA(tempA);&#13;&#10;&#9;&#9;&#9;&#9;&#9;&#9;}&#13;&#10;&#9;&#9;&#9;&#9;&#9;}&#13;&#10;&#9;&#9;&#9;&#9;&#9;int[] b = roadDependencyMap.get(key).getAdjacentRoadsB();&#13;&#10;&#9;&#9;&#9;&#9;&#9;for (int i = 0; i &lt; b.length; i++) {&#13;&#10;&#9;&#9;&#9;&#9;&#9;&#9;if (b[i] == roadIndex) {&#13;&#10;&#9;&#9;&#9;&#9;&#9;&#9;&#9;int[] adjacentB = roadPieceDependencyMaps&#13;&#10;&#9;&#9;&#9;&#9;&#9;&#9;&#9;&#9;&#9;.get(playerIndex).get(key)&#13;&#10;&#9;&#9;&#9;&#9;&#9;&#9;&#9;&#9;&#9;.getAdjacentRoadsB();&#13;&#10;&#9;&#9;&#9;&#9;&#9;&#9;&#9;int[] tempB = new int[adjacentB.length + 1];&#13;&#10;&#9;&#9;&#9;&#9;&#9;&#9;&#9;for (int j = 0; j &lt; adjacentB.length; j++) {&#13;&#10;&#9;&#9;&#9;&#9;&#9;&#9;&#9;&#9;tempB[j] = adjacentB[j];&#13;&#10;&#9;&#9;&#9;&#9;&#9;&#9;&#9;}&#13;&#10;&#9;&#9;&#9;&#9;&#9;&#9;&#9;tempB[tempB.length - 1] = roadIndex;&#13;&#10;&#9;&#9;&#9;&#9;&#9;&#9;&#9;roadPieceDependencyMaps.get(playerIndex).get(key)&#13;&#10;&#9;&#9;&#9;&#9;&#9;&#9;&#9;&#9;&#9;.setAdjacentRoadsB(tempB);&#13;&#10;&#9;&#9;&#9;&#9;&#9;&#9;}&#13;&#10;&#9;&#9;&#9;&#9;&#9;}&#13;&#10;&#9;&#9;&#9;&#9;}&#13;&#10;&#9;&#9;&#9;&#9;for (int key : adjacentRoadPiecesB) {&#13;&#10;&#9;&#9;&#9;&#9;&#9;System.out.println(&quot;key: &quot; + key);&#13;&#10;&#9;&#9;&#9;&#9;&#9;int[] a = roadDependencyMap.get(key).getAdjacentRoadsA();&#13;&#10;&#9;&#9;&#9;&#9;&#9;for (int i = 0; i &lt; a.length; i++) {&#13;&#10;&#9;&#9;&#9;&#9;&#9;&#9;if (a[i] == roadIndex) {&#13;&#10;&#9;&#9;&#9;&#9;&#9;&#9;&#9;int[] adjacentA = roadPieceDependencyMaps&#13;&#10;&#9;&#9;&#9;&#9;&#9;&#9;&#9;&#9;&#9;.get(playerIndex).get(key)&#13;&#10;&#9;&#9;&#9;&#9;&#9;&#9;&#9;&#9;&#9;.getAdjacentRoadsA();&#13;&#10;&#9;&#9;&#9;&#9;&#9;&#9;&#9;int[] tempA = new int[adjacentA.length + 1];&#13;&#10;&#9;&#9;&#9;&#9;&#9;&#9;&#9;for (int j = 0; j &lt; adjacentA.length; j++) {&#13;&#10;&#9;&#9;&#9;&#9;&#9;&#9;&#9;&#9;tempA[j] = adjacentA[j];&#13;&#10;&#9;&#9;&#9;&#9;&#9;&#9;&#9;}&#13;&#10;&#9;&#9;&#9;&#9;&#9;&#9;&#9;tempA[tempA.length - 1] = roadIndex;&#13;&#10;&#9;&#9;&#9;&#9;&#9;&#9;&#9;roadPieceDependencyMaps.get(playerIndex).get(key)&#13;&#10;&#9;&#9;&#9;&#9;&#9;&#9;&#9;&#9;&#9;.setAdjacentRoadsA(tempA);&#13;&#10;&#9;&#9;&#9;&#9;&#9;&#9;}&#13;&#10;&#9;&#9;&#9;&#9;&#9;}&#13;&#10;&#9;&#9;&#9;&#9;&#9;int[] b = roadDependencyMap.get(key).getAdjacentRoadsB();&#13;&#10;&#9;&#9;&#9;&#9;&#9;for (int i = 0; i &lt; b.length; i++) {&#13;&#10;&#9;&#9;&#9;&#9;&#9;&#9;if (b[i] == roadIndex) {&#13;&#10;&#9;&#9;&#9;&#9;&#9;&#9;&#9;int[] adjacentB = roadPieceDependencyMaps&#13;&#10;&#9;&#9;&#9;&#9;&#9;&#9;&#9;&#9;&#9;.get(playerIndex).get(key)&#13;&#10;&#9;&#9;&#9;&#9;&#9;&#9;&#9;&#9;&#9;.getAdjacentRoadsB();&#13;&#10;&#9;&#9;&#9;&#9;&#9;&#9;&#9;int[] tempB = new int[adjacentB.length + 1];&#13;&#10;&#9;&#9;&#9;&#9;&#9;&#9;&#9;for (int j = 0; j &lt; adjacentB.length; j++) {&#13;&#10;&#9;&#9;&#9;&#9;&#9;&#9;&#9;&#9;tempB[j] = adjacentB[j];&#13;&#10;&#9;&#9;&#9;&#9;&#9;&#9;&#9;}&#13;&#10;&#9;&#9;&#9;&#9;&#9;&#9;&#9;tempB[tempB.length - 1] = roadIndex;&#13;&#10;&#9;&#9;&#9;&#9;&#9;&#9;&#9;roadPieceDependencyMaps.get(playerIndex).get(key)&#13;&#10;&#9;&#9;&#9;&#9;&#9;&#9;&#9;&#9;&#9;.setAdjacentRoadsB(tempB);&#13;&#10;&#9;&#9;&#9;&#9;&#9;&#9;}&#13;&#10;&#9;&#9;&#9;&#9;&#9;}&#13;&#10;&#9;&#9;&#9;&#9;}&#13;&#10;&#9;&#9;&#9;}&#13;&#10;&#13;&#10;&#9;&#9;&#9;System.out.println(roadPieceDependencyMaps.get(playerIndex));&#13;&#10;&#9;&#9;}&#13;&#10;&#9;}&#13;&#10;&#13;&#10;&#9;public void addRoadPieceAtBeginning(int playerIndex, int roadIndex) {&#13;&#10;&#9;&#9;// for each player, make sure that the piece doesn't already exist.&#13;&#10;&#9;&#9;// Then, don't check to make sure one of its adjoining roads exists.&#13;&#10;&#9;&#9;// Then, link it to any road that it may be touching and vice versa.&#13;&#10;&#13;&#10;&#9;&#9;boolean noOverlap = true;&#13;&#10;&#9;&#9;for (HashMap&lt;Integer, RoadPiece&gt; hash : roadPieceDependencyMaps) {&#13;&#10;&#9;&#9;&#9;if (hash.containsKey(roadIndex)) {// check if road exists&#13;&#10;&#9;&#9;&#9;&#9;// throw new Exception(&quot;Road already exists&quot;);&#13;&#10;&#9;&#9;&#9;&#9;noOverlap = false;&#13;&#10;&#9;&#9;&#9;}&#13;&#10;&#9;&#9;}&#13;&#10;&#13;&#10;&#9;&#9;if (noOverlap) {&#13;&#10;&#13;&#10;&#9;&#9;&#9;// check to see if there are adjacent roadPieces owned by the player&#13;&#10;&#9;&#9;&#9;// and then add them in the dependency map&#13;&#10;&#9;&#9;&#9;ArrayList&lt;Integer&gt; adjacentRoadPiecesListA = new ArrayList&lt;Integer&gt;();&#13;&#10;&#9;&#9;&#9;ArrayList&lt;Integer&gt; adjacentRoadPiecesListB = new ArrayList&lt;Integer&gt;();&#13;&#10;&#13;&#10;&#9;&#9;&#9;int[] adjacentRoadsA = roadDependencyMap.get(roadIndex)&#13;&#10;&#9;&#9;&#9;&#9;&#9;.getAdjacentRoadsA();&#13;&#10;&#9;&#9;&#9;for (int key : adjacentRoadsA) {&#13;&#10;&#9;&#9;&#9;&#9;if (roadPieceDependencyMaps.get(playerIndex).containsKey(key)) {&#13;&#10;&#9;&#9;&#9;&#9;&#9;adjacentRoadPiecesListA.add(key);&#13;&#10;&#9;&#9;&#9;&#9;}&#13;&#10;&#9;&#9;&#9;}&#13;&#10;&#13;&#10;&#9;&#9;&#9;int[] adjacentRoadsB = roadDependencyMap.get(roadIndex)&#13;&#10;&#9;&#9;&#9;&#9;&#9;.getAdjacentRoadsB();&#13;&#10;&#9;&#9;&#9;for (int key : adjacentRoadsB) {&#13;&#10;&#9;&#9;&#9;&#9;if (roadPieceDependencyMaps.get(playerIndex).containsKey(key)) {&#13;&#10;&#9;&#9;&#9;&#9;&#9;adjacentRoadPiecesListB.add(key);&#13;&#10;&#9;&#9;&#9;&#9;}&#13;&#10;&#9;&#9;&#9;}&#13;&#10;&#13;&#10;&#9;&#9;&#9;// convert the adjacentRoadPieces ArrayLists into arrays&#13;&#10;&#9;&#9;&#9;int[] adjacentRoadPiecesA = new int[adjacentRoadPiecesListA.size()];&#13;&#10;&#9;&#9;&#9;for (int i = 0; i &lt; adjacentRoadPiecesListA.size(); i++) {&#13;&#10;&#9;&#9;&#9;&#9;adjacentRoadPiecesA[i] = adjacentRoadPiecesListA.get(i);&#13;&#10;&#9;&#9;&#9;}&#13;&#10;&#13;&#10;&#9;&#9;&#9;int[] adjacentRoadPiecesB = new int[adjacentRoadPiecesListB.size()];&#13;&#10;&#9;&#9;&#9;for (int i = 0; i &lt; adjacentRoadPiecesListB.size(); i++) {&#13;&#10;&#9;&#9;&#9;&#9;adjacentRoadPiecesB[i] = adjacentRoadPiecesListB.get(i);&#13;&#10;&#9;&#9;&#9;}&#13;&#10;&#13;&#10;&#9;&#9;&#9;roadPieceDependencyMaps.get(playerIndex).put(&#13;&#10;&#9;&#9;&#9;&#9;&#9;roadIndex,&#13;&#10;&#9;&#9;&#9;&#9;&#9;new RoadPiece(roadIndex, adjacentRoadPiecesA,&#13;&#10;&#9;&#9;&#9;&#9;&#9;&#9;&#9;adjacentRoadPiecesB));&#13;&#10;&#13;&#10;&#9;&#9;&#9;// Connect the new roadPiece to existing adjacent roadPieces&#13;&#10;&#9;&#9;&#9;// For each of the new pieces adjacent roads, check whether it&#13;&#10;&#9;&#9;&#9;// should be&#13;&#10;&#9;&#9;&#9;// added to the A or B array, then add it to the appropriate array&#13;&#10;&#9;&#9;&#9;for (int key : adjacentRoadPiecesA) {&#13;&#10;&#9;&#9;&#9;&#9;System.out.println(&quot;key: &quot; + key);&#13;&#10;&#9;&#9;&#9;&#9;int[] a = roadDependencyMap.get(key).getAdjacentRoadsA();&#13;&#10;&#9;&#9;&#9;&#9;for (int i = 0; i &lt; a.length; i++) {&#13;&#10;&#9;&#9;&#9;&#9;&#9;if (a[i] == roadIndex) {&#13;&#10;&#9;&#9;&#9;&#9;&#9;&#9;int[] adjacentA = roadPieceDependencyMaps&#13;&#10;&#9;&#9;&#9;&#9;&#9;&#9;&#9;&#9;.get(playerIndex).get(key).getAdjacentRoadsA();&#13;&#10;&#9;&#9;&#9;&#9;&#9;&#9;int[] tempA = new int[adjacentA.length + 1];&#13;&#10;&#9;&#9;&#9;&#9;&#9;&#9;for (int j = 0; j &lt; adjacentA.length; j++) {&#13;&#10;&#9;&#9;&#9;&#9;&#9;&#9;&#9;tempA[j] = adjacentA[j];&#13;&#10;&#9;&#9;&#9;&#9;&#9;&#9;}&#13;&#10;&#9;&#9;&#9;&#9;&#9;&#9;tempA[tempA.length - 1] = roadIndex;&#13;&#10;&#9;&#9;&#9;&#9;&#9;&#9;roadPieceDependencyMaps.get(playerIndex).get(key)&#13;&#10;&#9;&#9;&#9;&#9;&#9;&#9;&#9;&#9;.setAdjacentRoadsA(tempA);&#13;&#10;&#9;&#9;&#9;&#9;&#9;}&#13;&#10;&#9;&#9;&#9;&#9;}&#13;&#10;&#9;&#9;&#9;&#9;int[] b = roadDependencyMap.get(key).getAdjacentRoadsB();&#13;&#10;&#9;&#9;&#9;&#9;for (int i = 0; i &lt; b.length; i++) {&#13;&#10;&#9;&#9;&#9;&#9;&#9;if (b[i] == roadIndex) {&#13;&#10;&#9;&#9;&#9;&#9;&#9;&#9;int[] adjacentB = roadPieceDependencyMaps&#13;&#10;&#9;&#9;&#9;&#9;&#9;&#9;&#9;&#9;.get(playerIndex).get(key).getAdjacentRoadsB();&#13;&#10;&#9;&#9;&#9;&#9;&#9;&#9;int[] tempB = new int[adjacentB.length + 1];&#13;&#10;&#9;&#9;&#9;&#9;&#9;&#9;for (int j = 0; j &lt; adjacentB.length; j++) {&#13;&#10;&#9;&#9;&#9;&#9;&#9;&#9;&#9;tempB[j] = adjacentB[j];&#13;&#10;&#9;&#9;&#9;&#9;&#9;&#9;}&#13;&#10;&#9;&#9;&#9;&#9;&#9;&#9;tempB[tempB.length - 1] = roadIndex;&#13;&#10;&#9;&#9;&#9;&#9;&#9;&#9;roadPieceDependencyMaps.get(playerIndex).get(key)&#13;&#10;&#9;&#9;&#9;&#9;&#9;&#9;&#9;&#9;.setAdjacentRoadsB(tempB);&#13;&#10;&#9;&#9;&#9;&#9;&#9;}&#13;&#10;&#9;&#9;&#9;&#9;}&#13;&#10;&#9;&#9;&#9;}&#13;&#10;&#9;&#9;&#9;for (int key : adjacentRoadPiecesB) {&#13;&#10;&#9;&#9;&#9;&#9;System.out.println(&quot;key: &quot; + key);&#13;&#10;&#9;&#9;&#9;&#9;int[] a = roadDependencyMap.get(key).getAdjacentRoadsA();&#13;&#10;&#9;&#9;&#9;&#9;for (int i = 0; i &lt; a.length; i++) {&#13;&#10;&#9;&#9;&#9;&#9;&#9;if (a[i] == roadIndex) {&#13;&#10;&#9;&#9;&#9;&#9;&#9;&#9;int[] adjacentA = roadPieceDependencyMaps&#13;&#10;&#9;&#9;&#9;&#9;&#9;&#9;&#9;&#9;.get(playerIndex).get(key).getAdjacentRoadsA();&#13;&#10;&#9;&#9;&#9;&#9;&#9;&#9;int[] tempA = new int[adjacentA.length + 1];&#13;&#10;&#9;&#9;&#9;&#9;&#9;&#9;for (int j = 0; j &lt; adjacentA.length; j++) {&#13;&#10;&#9;&#9;&#9;&#9;&#9;&#9;&#9;tempA[j] = adjacentA[j];&#13;&#10;&#9;&#9;&#9;&#9;&#9;&#9;}&#13;&#10;&#9;&#9;&#9;&#9;&#9;&#9;tempA[tempA.length - 1] = roadIndex;&#13;&#10;&#9;&#9;&#9;&#9;&#9;&#9;roadPieceDependencyMaps.get(playerIndex).get(key)&#13;&#10;&#9;&#9;&#9;&#9;&#9;&#9;&#9;&#9;.setAdjacentRoadsA(tempA);&#13;&#10;&#9;&#9;&#9;&#9;&#9;}&#13;&#10;&#9;&#9;&#9;&#9;}&#13;&#10;&#9;&#9;&#9;&#9;int[] b = roadDependencyMap.get(key).getAdjacentRoadsB();&#13;&#10;&#9;&#9;&#9;&#9;for (int i = 0; i &lt; b.length; i++) {&#13;&#10;&#9;&#9;&#9;&#9;&#9;if (b[i] == roadIndex) {&#13;&#10;&#9;&#9;&#9;&#9;&#9;&#9;int[] adjacentB = roadPieceDependencyMaps&#13;&#10;&#9;&#9;&#9;&#9;&#9;&#9;&#9;&#9;.get(playerIndex).get(key).getAdjacentRoadsB();&#13;&#10;&#9;&#9;&#9;&#9;&#9;&#9;int[] tempB = new int[adjacentB.length + 1];&#13;&#10;&#9;&#9;&#9;&#9;&#9;&#9;for (int j = 0; j &lt; adjacentB.length; j++) {&#13;&#10;&#9;&#9;&#9;&#9;&#9;&#9;&#9;tempB[j] = adjacentB[j];&#13;&#10;&#9;&#9;&#9;&#9;&#9;&#9;}&#13;&#10;&#9;&#9;&#9;&#9;&#9;&#9;tempB[tempB.length - 1] = roadIndex;&#13;&#10;&#9;&#9;&#9;&#9;&#9;&#9;roadPieceDependencyMaps.get(playerIndex).get(key)&#13;&#10;&#9;&#9;&#9;&#9;&#9;&#9;&#9;&#9;.setAdjacentRoadsB(tempB);&#13;&#10;&#9;&#9;&#9;&#9;&#9;}&#13;&#10;&#9;&#9;&#9;&#9;}&#13;&#10;&#9;&#9;&#9;}&#13;&#10;&#13;&#10;&#9;&#9;&#9;System.out.println(roadPieceDependencyMaps.get(playerIndex));&#13;&#10;&#9;&#9;}&#13;&#10;&#13;&#10;&#9;}&#13;&#10;&#13;&#10;&#9;public int getRoadCountForPlayer(int playerIndex) {&#13;&#10;&#9;&#9;return roadPieceDependencyMaps.get(playerIndex).size();&#13;&#10;&#9;}&#13;&#10;&#13;&#10;&#9;private void initializeRoadGraph() {&#13;&#10;&#9;&#9;roadDependencyMap = new HashMap&lt;Integer, Road&gt;();&#13;&#10;&#13;&#10;&#9;&#9;roadDependencyMap.put(1, new Road(1, new int[] { 2 }, new int[] { 3 }));&#13;&#10;&#9;&#9;roadDependencyMap.put(2, new Road(2, new int[] { 1 },&#13;&#10;&#9;&#9;&#9;&#9;new int[] { 4, 7 }));&#13;&#10;&#9;&#9;roadDependencyMap.put(3, new Road(3, new int[] { 1 },&#13;&#10;&#9;&#9;&#9;&#9;new int[] { 8, 5 }));&#13;&#10;&#9;&#9;roadDependencyMap.put(4, new Road(4, new int[] { 6 },&#13;&#10;&#9;&#9;&#9;&#9;new int[] { 2, 7 }));&#13;&#10;&#9;&#9;roadDependencyMap.put(5, new Road(5, new int[] { 9 },&#13;&#10;&#9;&#9;&#9;&#9;new int[] { 3, 8 }));&#13;&#10;&#9;&#9;roadDependencyMap.put(6, new Road(6, new int[] { 4 }, new int[] { 10,&#13;&#10;&#9;&#9;&#9;&#9;14 }));&#13;&#10;&#9;&#9;roadDependencyMap.put(7, new Road(7, new int[] { 2, 4 }, new int[] {&#13;&#10;&#9;&#9;&#9;&#9;11, 15 }));&#13;&#10;&#9;&#9;roadDependencyMap.put(8, new Road(8, new int[] { 3, 5 }, new int[] {&#13;&#10;&#9;&#9;&#9;&#9;11, 16 }));&#13;&#10;&#9;&#9;roadDependencyMap.put(9, new Road(9, new int[] { 5 }, new int[] { 17,&#13;&#10;&#9;&#9;&#9;&#9;12 }));&#13;&#10;&#9;&#9;roadDependencyMap.put(10, new Road(10, new int[] { 6, 14 },&#13;&#10;&#9;&#9;&#9;&#9;new int[] { 13 }));&#13;&#10;&#9;&#9;roadDependencyMap.put(11, new Road(11, new int[] { 7, 15 }, new int[] {&#13;&#10;&#9;&#9;&#9;&#9;8, 16 }));&#13;&#10;&#9;&#9;roadDependencyMap.put(12, new Road(12, new int[] { 9, 17 },&#13;&#10;&#9;&#9;&#9;&#9;new int[] { 18 }));&#13;&#10;&#9;&#9;roadDependencyMap.put(13, new Road(13, new int[] { 10 },&#13;&#10;&#9;&#9;&#9;&#9;new int[] { 21 }));&#13;&#10;&#9;&#9;roadDependencyMap.put(14, new Road(14, new int[] { 10, 6 }, new int[] {&#13;&#10;&#9;&#9;&#9;&#9;22, 19 }));&#13;&#10;&#9;&#9;roadDependencyMap.put(15, new Road(15, new int[] { 19, 23 }, new int[] {&#13;&#10;&#9;&#9;&#9;&#9;7, 11 }));&#13;&#10;&#9;&#9;roadDependencyMap.put(16, new Road(16, new int[] { 11, 8 }, new int[] {&#13;&#10;&#9;&#9;&#9;&#9;24, 20 }));&#13;&#10;&#9;&#9;roadDependencyMap.put(17, new Road(17, new int[] { 20, 25 }, new int[] {&#13;&#10;&#9;&#9;&#9;&#9;9, 12 }));&#13;&#10;&#9;&#9;roadDependencyMap.put(18, new Road(18, new int[] { 12 },&#13;&#10;&#9;&#9;&#9;&#9;new int[] { 26 }));&#13;&#10;&#9;&#9;roadDependencyMap.put(19, new Road(19, new int[] { 14, 22 }, new int[] {&#13;&#10;&#9;&#9;&#9;&#9;15, 23 }));&#13;&#10;&#9;&#9;roadDependencyMap.put(20, new Road(20, new int[] { 16, 24 }, new int[] {&#13;&#10;&#9;&#9;&#9;&#9;17, 25 }));&#13;&#10;&#9;&#9;roadDependencyMap.put(21, new Road(21, new int[] { 30, 27 },&#13;&#10;&#9;&#9;&#9;&#9;new int[] { 13 }));&#13;&#10;&#9;&#9;roadDependencyMap.put(22, new Road(22, new int[] { 27, 31 }, new int[] {&#13;&#10;&#9;&#9;&#9;&#9;14, 19 }));&#13;&#10;&#9;&#9;roadDependencyMap.put(23, new Road(23, new int[] { 19, 15 }, new int[] {&#13;&#10;&#9;&#9;&#9;&#9;32, 28 }));&#13;&#10;&#9;&#9;roadDependencyMap.put(24, new Road(24, new int[] { 28, 33 }, new int[] {&#13;&#10;&#9;&#9;&#9;&#9;16, 20 }));&#13;&#10;&#9;&#9;roadDependencyMap.put(25, new Road(25, new int[] { 20, 17 }, new int[] {&#13;&#10;&#9;&#9;&#9;&#9;34, 29 }));&#13;&#10;&#9;&#9;roadDependencyMap.put(26, new Road(26, new int[] { 18 }, new int[] {&#13;&#10;&#9;&#9;&#9;&#9;29, 35 }));&#13;&#10;&#9;&#9;roadDependencyMap.put(27, new Road(27, new int[] { 21, 30 }, new int[] {&#13;&#10;&#9;&#9;&#9;&#9;22, 31 }));&#13;&#10;&#9;&#9;roadDependencyMap.put(28, new Road(28, new int[] { 23, 32 }, new int[] {&#13;&#10;&#9;&#9;&#9;&#9;24, 33 }));&#13;&#10;&#9;&#9;roadDependencyMap.put(29, new Road(29, new int[] { 25, 34 }, new int[] {&#13;&#10;&#9;&#9;&#9;&#9;26, 35 }));&#13;&#10;&#9;&#9;roadDependencyMap.put(30, new Road(30, new int[] { 21, 27 },&#13;&#10;&#9;&#9;&#9;&#9;new int[] { 38 }));&#13;&#10;&#9;&#9;roadDependencyMap.put(31, new Road(31, new int[] { 27, 22 }, new int[] {&#13;&#10;&#9;&#9;&#9;&#9;39, 36 }));&#13;&#10;&#9;&#9;roadDependencyMap.put(32, new Road(32, new int[] { 23, 28 }, new int[] {&#13;&#10;&#9;&#9;&#9;&#9;36, 40 }));&#13;&#10;&#9;&#9;roadDependencyMap.put(33, new Road(33, new int[] { 28, 24 }, new int[] {&#13;&#10;&#9;&#9;&#9;&#9;41, 37 }));&#13;&#10;&#9;&#9;roadDependencyMap.put(34, new Road(34, new int[] { 25, 29 }, new int[] {&#13;&#10;&#9;&#9;&#9;&#9;37, 42 }));&#13;&#10;&#9;&#9;roadDependencyMap.put(35, new Road(35, new int[] { 29, 26 },&#13;&#10;&#9;&#9;&#9;&#9;new int[] { 43 }));&#13;&#10;&#9;&#9;roadDependencyMap.put(36, new Road(36, new int[] { 31, 39 }, new int[] {&#13;&#10;&#9;&#9;&#9;&#9;32, 40 }));&#13;&#10;&#9;&#9;roadDependencyMap.put(37, new Road(37, new int[] { 33, 41 }, new int[] {&#13;&#10;&#9;&#9;&#9;&#9;34, 42 }));&#13;&#10;&#9;&#9;roadDependencyMap.put(38, new Road(38, new int[] { 30 }, new int[] {&#13;&#10;&#9;&#9;&#9;&#9;47, 44 }));&#13;&#10;&#9;&#9;roadDependencyMap.put(39, new Road(39, new int[] { 44, 48 }, new int[] {&#13;&#10;&#9;&#9;&#9;&#9;31, 36 }));&#13;&#10;&#9;&#9;roadDependencyMap.put(40, new Road(40, new int[] { 36, 32 }, new int[] {&#13;&#10;&#9;&#9;&#9;&#9;49, 45 }));&#13;&#10;&#9;&#9;roadDependencyMap.put(41, new Road(41, new int[] { 45, 50 }, new int[] {&#13;&#10;&#9;&#9;&#9;&#9;33, 37 }));&#13;&#10;&#9;&#9;roadDependencyMap.put(42, new Road(42, new int[] { 37, 34 }, new int[] {&#13;&#10;&#9;&#9;&#9;&#9;51, 46 }));&#13;&#10;&#9;&#9;roadDependencyMap.put(43, new Road(43, new int[] { 35 }, new int[] {&#13;&#10;&#9;&#9;&#9;&#9;46, 52 }));&#13;&#10;&#9;&#9;roadDependencyMap.put(44, new Road(44, new int[] { 38, 47 }, new int[] {&#13;&#10;&#9;&#9;&#9;&#9;39, 48 }));&#13;&#10;&#9;&#9;roadDependencyMap.put(45, new Road(45, new int[] { 40, 49 }, new int[] {&#13;&#10;&#9;&#9;&#9;&#9;41, 50 }));&#13;&#10;&#9;&#9;roadDependencyMap.put(46, new Road(46, new int[] { 42, 51 }, new int[] {&#13;&#10;&#9;&#9;&#9;&#9;43, 52 }));&#13;&#10;&#9;&#9;roadDependencyMap.put(47, new Road(47, new int[] { 38, 44 },&#13;&#10;&#9;&#9;&#9;&#9;new int[] { 55 }));&#13;&#10;&#9;&#9;roadDependencyMap.put(48, new Road(48, new int[] { 56, 53 }, new int[] {&#13;&#10;&#9;&#9;&#9;&#9;44, 39 }));&#13;&#10;&#9;&#9;roadDependencyMap.put(49, new Road(49, new int[] { 53, 57 }, new int[] {&#13;&#10;&#9;&#9;&#9;&#9;40, 45 }));&#13;&#10;&#9;&#9;roadDependencyMap.put(50, new Road(50, new int[] { 45, 41 }, new int[] {&#13;&#10;&#9;&#9;&#9;&#9;58, 54 }));&#13;&#10;&#9;&#9;roadDependencyMap.put(51, new Road(51, new int[] { 54, 59 }, new int[] {&#13;&#10;&#9;&#9;&#9;&#9;42, 46 }));&#13;&#10;&#9;&#9;roadDependencyMap.put(52, new Road(52, new int[] { 46, 43 },&#13;&#10;&#9;&#9;&#9;&#9;new int[] { 60 }));&#13;&#10;&#9;&#9;roadDependencyMap.put(53, new Road(53, new int[] { 48, 56 }, new int[] {&#13;&#10;&#9;&#9;&#9;&#9;49, 57 }));&#13;&#10;&#9;&#9;roadDependencyMap.put(54, new Road(54, new int[] { 50, 58 }, new int[] {&#13;&#10;&#9;&#9;&#9;&#9;51, 59 }));&#13;&#10;&#9;&#9;roadDependencyMap.put(55, new Road(55, new int[] { 47 },&#13;&#10;&#9;&#9;&#9;&#9;new int[] { 61 }));&#13;&#10;&#9;&#9;roadDependencyMap.put(56, new Road(56, new int[] { 61, 64 }, new int[] {&#13;&#10;&#9;&#9;&#9;&#9;48, 53 }));&#13;&#10;&#9;&#9;roadDependencyMap.put(57, new Road(57, new int[] { 53, 49 }, new int[] {&#13;&#10;&#9;&#9;&#9;&#9;65, 62 }));&#13;&#10;&#9;&#9;roadDependencyMap.put(58, new Road(58, new int[] { 62, 66 }, new int[] {&#13;&#10;&#9;&#9;&#9;&#9;50, 54 }));&#13;&#10;&#9;&#9;roadDependencyMap.put(59, new Road(59, new int[] { 54, 51 }, new int[] {&#13;&#10;&#9;&#9;&#9;&#9;67, 63 }));&#13;&#10;&#9;&#9;roadDependencyMap.put(60, new Road(60, new int[] { 52 },&#13;&#10;&#9;&#9;&#9;&#9;new int[] { 63 }));&#13;&#10;&#9;&#9;roadDependencyMap.put(61, new Road(61, new int[] { 55 }, new int[] {&#13;&#10;&#9;&#9;&#9;&#9;56, 64 }));&#13;&#10;&#9;&#9;roadDependencyMap.put(62, new Road(62, new int[] { 57, 65 }, new int[] {&#13;&#10;&#9;&#9;&#9;&#9;58, 66 }));&#13;&#10;&#9;&#9;roadDependencyMap.put(63, new Road(63, new int[] { 59, 67 },&#13;&#10;&#9;&#9;&#9;&#9;new int[] { 60 }));&#13;&#10;&#9;&#9;roadDependencyMap.put(64, new Road(64, new int[] { 61, 56 },&#13;&#10;&#9;&#9;&#9;&#9;new int[] { 68 }));&#13;&#10;&#9;&#9;roadDependencyMap.put(65, new Road(65, new int[] { 68, 70 }, new int[] {&#13;&#10;&#9;&#9;&#9;&#9;57, 62 }));&#13;&#10;&#9;&#9;roadDependencyMap.put(66, new Road(66, new int[] { 62, 58 }, new int[] {&#13;&#10;&#9;&#9;&#9;&#9;71, 69 }));&#13;&#10;&#9;&#9;roadDependencyMap.put(67, new Road(67, new int[] { 59, 63 },&#13;&#10;&#9;&#9;&#9;&#9;new int[] { 69 }));&#13;&#10;&#9;&#9;roadDependencyMap.put(68, new Road(68, new int[] { 64 }, new int[] {&#13;&#10;&#9;&#9;&#9;&#9;65, 70 }));&#13;&#10;&#9;&#9;roadDependencyMap.put(69, new Road(69, new int[] { 67 }, new int[] {&#13;&#10;&#9;&#9;&#9;&#9;66, 71 }));&#13;&#10;&#9;&#9;roadDependencyMap.put(70, new Road(70, new int[] { 68, 65 },&#13;&#10;&#9;&#9;&#9;&#9;new int[] { 72 }));&#13;&#10;&#9;&#9;roadDependencyMap.put(71, new Road(71, new int[] { 66, 69 },&#13;&#10;&#9;&#9;&#9;&#9;new int[] { 72 }));&#13;&#10;&#9;&#9;roadDependencyMap.put(72, new Road(72, new int[] { 70 },&#13;&#10;&#9;&#9;&#9;&#9;new int[] { 71 }));&#13;&#10;&#9;}&#13;&#10;&#13;&#10;}&#13;&#10;" Filename="RoadManager.java" Intrnl_Id="3"/>
<SrcFile Content="package client.Controller;&#13;&#10;import java.awt.Dimension;&#13;&#10;import java.awt.FlowLayout;&#13;&#10;import java.util.Random;&#13;&#10;&#13;&#10;import javax.swing.JFrame;&#13;&#10;&#13;&#10;import client.GUI.BoardRenderer;&#13;&#10;import client.GUI.UserPanel;&#13;&#10;&#13;&#10;/**&#13;&#10; * creates the frame, the board, and the user panel.&#13;&#10; * &#13;&#10; * @author Andrew Davidson. Created May 7, 2010.&#13;&#10; */&#13;&#10;&#13;&#10;public class Main {&#13;&#10;&#13;&#10;&#9;private static final Dimension SIZE = new Dimension(1200, 900);&#13;&#10;&#13;&#10;&#9;/**&#13;&#10;&#9; * Starts the program.&#13;&#10;&#9; * &#13;&#10;&#9; * @param args&#13;&#10;&#9; *            Command-line arguments, ignored here&#13;&#10;&#9; */&#13;&#10;&#9;public static void main(String[] args) {&#13;&#10;&#9;&#9;JFrame frame = new JFrame();&#13;&#10;&#9;&#9;frame.setSize(SIZE);&#13;&#10;&#9;&#9;frame.setTitle(&quot;Settlers of Catan&quot;);&#13;&#10;&#9;&#9;frame.setLayout(new FlowLayout());&#13;&#10;&#9;&#9;Game game = new Game();&#13;&#10;&#9;&#9;UserPanel myPanel = new UserPanel(game);&#13;&#10;&#9;&#9;frame.add(myPanel, FlowLayout.LEFT);&#13;&#10;&#9;&#9;BoardRenderer myBoard = new BoardRenderer(game);&#13;&#10;&#9;&#9;frame.add(myBoard, FlowLayout.CENTER);&#13;&#10;&#9;&#9;frame.setDefaultCloseOperation(JFrame.EXIT_ON_CLOSE);&#13;&#10;&#9;&#9;frame.setVisible(true);&#13;&#10;&#9;}&#13;&#10;}" Filename="Main.java" Intrnl_Id="4"/>
<SrcFile Content="package client.Controller;&#13;&#10;&#13;&#10;import client.GUI.HexComponent;&#13;&#10;import client.GUI.HexComponent.RoadPosition;&#13;&#10;&#13;&#10;public class LocationKey {&#13;&#10;&#13;&#10;&#9;private int hexIndex;&#13;&#10;&#9;private RoadPosition pos;&#13;&#10;&#13;&#10;&#9;public LocationKey(int hexIndex, HexComponent.RoadPosition pos) {&#13;&#10;&#9;&#9;this.hexIndex = hexIndex;&#13;&#10;&#9;&#9;this.pos = pos;&#13;&#10;&#9;}&#13;&#10;&#13;&#10;&#9;public int getHexIndex() {&#13;&#10;&#9;&#9;return this.hexIndex;&#13;&#10;&#9;}&#13;&#10;&#13;&#10;&#9;@Override&#13;&#10;&#9;public boolean equals(Object o) {&#13;&#10;&#9;&#9;if (o.getClass() != this.getClass()) {&#13;&#10;&#9;&#9;&#9;return false;&#13;&#10;&#9;&#9;}&#13;&#10;&#9;&#9;if (((LocationKey) o).getHexIndex() != this.hexIndex) {&#13;&#10;&#9;&#9;&#9;return false;&#13;&#10;&#9;&#9;}&#13;&#10;&#9;&#9;if (((LocationKey) o).getRoadPosition() != this.pos) {&#13;&#10;&#9;&#9;&#9;return false;&#13;&#10;&#9;&#9;}&#13;&#10;&#9;&#9;return true;&#13;&#10;&#9;}&#13;&#10;&#13;&#10;&#9;private RoadPosition getRoadPosition() {&#13;&#10;&#9;&#9;return this.pos;&#13;&#10;&#9;}&#13;&#10;&#13;&#10;&#9;@Override&#13;&#10;&#9;public int hashCode() {&#13;&#10;&#9;&#9;return this.hexIndex * 40 + this.pos.hashCode();&#13;&#10;&#9;}&#13;&#10;}&#13;&#10;" Filename="LocationKey.java" Intrnl_Id="5"/>
<SrcFile Content="package client.Controller;&#13;&#10;&#13;&#10;import java.util.HashMap;&#13;&#10;&#13;&#10;import client.Controller.Game.BuildType;&#13;&#10;import client.GUI.HexComponent;&#13;&#10;import client.Model.Road;&#13;&#10;&#13;&#10;public class HexManager {&#13;&#10;&#13;&#10;&#9;public HashMap&lt;LocationKey, Integer&gt; roadMap;&#13;&#10;&#9;public HashMap&lt;StructureLocationKey, Integer&gt; structureMap;&#13;&#10;&#13;&#10;&#9;public HexManager() {&#13;&#10;&#13;&#10;&#9;&#9;initializeRoadMap();&#13;&#10;&#13;&#10;&#9;}&#13;&#10;&#13;&#10;&#9;public int getRoadId(int hexIndex, HexComponent.RoadPosition pos) {&#13;&#10;&#9;&#9;return this.roadMap.get(new LocationKey(hexIndex, pos));&#13;&#10;&#9;}&#13;&#10;&#9;&#13;&#10;&#9;public int getStructureId(int hexIndex, HexComponent.StructurePosition pos) {&#13;&#10;&#9;&#9;return -1;&#13;&#10;&#9;}&#13;&#10;&#13;&#10;&#9;private void initializeRoadMap() {&#13;&#10;&#9;&#9;this.roadMap = new HashMap&lt;LocationKey, Integer&gt;();&#13;&#10;&#13;&#10;&#9;&#9;this.roadMap.put(&#13;&#10;&#9;&#9;&#9;&#9;new LocationKey(0, HexComponent.RoadPosition.northwest), 65);&#13;&#10;&#9;&#9;this.roadMap.put(new LocationKey(0, HexComponent.RoadPosition.north),&#13;&#10;&#9;&#9;&#9;&#9;62);&#13;&#10;&#9;&#9;this.roadMap.put(&#13;&#10;&#9;&#9;&#9;&#9;new LocationKey(0, HexComponent.RoadPosition.northeast), 66);&#13;&#10;&#9;&#9;this.roadMap.put(&#13;&#10;&#9;&#9;&#9;&#9;new LocationKey(0, HexComponent.RoadPosition.southeast), 71);&#13;&#10;&#9;&#9;this.roadMap.put(new LocationKey(0, HexComponent.RoadPosition.south),&#13;&#10;&#9;&#9;&#9;&#9;72);&#13;&#10;&#9;&#9;this.roadMap.put(&#13;&#10;&#9;&#9;&#9;&#9;new LocationKey(0, HexComponent.RoadPosition.southwest), 70);&#13;&#10;&#13;&#10;&#9;&#9;this.roadMap.put(&#13;&#10;&#9;&#9;&#9;&#9;new LocationKey(1, HexComponent.RoadPosition.northwest), 58);&#13;&#10;&#9;&#9;this.roadMap.put(new LocationKey(1, HexComponent.RoadPosition.north),&#13;&#10;&#9;&#9;&#9;&#9;54);&#13;&#10;&#9;&#9;this.roadMap.put(&#13;&#10;&#9;&#9;&#9;&#9;new LocationKey(1, HexComponent.RoadPosition.northeast), 59);&#13;&#10;&#9;&#9;this.roadMap.put(&#13;&#10;&#9;&#9;&#9;&#9;new LocationKey(1, HexComponent.RoadPosition.southeast), 67);&#13;&#10;&#9;&#9;this.roadMap.put(new LocationKey(1, HexComponent.RoadPosition.south),&#13;&#10;&#9;&#9;&#9;&#9;69);&#13;&#10;&#9;&#9;this.roadMap.put(&#13;&#10;&#9;&#9;&#9;&#9;new LocationKey(1, HexComponent.RoadPosition.southwest), 66);&#13;&#10;&#13;&#10;&#9;&#9;this.roadMap.put(&#13;&#10;&#9;&#9;&#9;&#9;new LocationKey(2, HexComponent.RoadPosition.northwest), 51);&#13;&#10;&#9;&#9;this.roadMap.put(new LocationKey(2, HexComponent.RoadPosition.north),&#13;&#10;&#9;&#9;&#9;&#9;46);&#13;&#10;&#9;&#9;this.roadMap.put(&#13;&#10;&#9;&#9;&#9;&#9;new LocationKey(2, HexComponent.RoadPosition.northeast), 52);&#13;&#10;&#9;&#9;this.roadMap.put(&#13;&#10;&#9;&#9;&#9;&#9;new LocationKey(2, HexComponent.RoadPosition.southeast), 60);&#13;&#10;&#9;&#9;this.roadMap.put(new LocationKey(2, HexComponent.RoadPosition.south),&#13;&#10;&#9;&#9;&#9;&#9;63);&#13;&#10;&#9;&#9;this.roadMap.put(&#13;&#10;&#9;&#9;&#9;&#9;new LocationKey(2, HexComponent.RoadPosition.southwest), 59);&#13;&#10;&#13;&#10;&#9;&#9;this.roadMap.put(&#13;&#10;&#9;&#9;&#9;&#9;new LocationKey(3, HexComponent.RoadPosition.northwest), 34);&#13;&#10;&#9;&#9;this.roadMap.put(new LocationKey(3, HexComponent.RoadPosition.north),&#13;&#10;&#9;&#9;&#9;&#9;29);&#13;&#10;&#9;&#9;this.roadMap.put(&#13;&#10;&#9;&#9;&#9;&#9;new LocationKey(3, HexComponent.RoadPosition.northeast), 35);&#13;&#10;&#9;&#9;this.roadMap.put(&#13;&#10;&#9;&#9;&#9;&#9;new LocationKey(3, HexComponent.RoadPosition.southeast), 43);&#13;&#10;&#9;&#9;this.roadMap.put(new LocationKey(3, HexComponent.RoadPosition.south),&#13;&#10;&#9;&#9;&#9;&#9;46);&#13;&#10;&#9;&#9;this.roadMap.put(&#13;&#10;&#9;&#9;&#9;&#9;new LocationKey(3, HexComponent.RoadPosition.southwest), 42);&#13;&#10;&#13;&#10;&#9;&#9;this.roadMap.put(&#13;&#10;&#9;&#9;&#9;&#9;new LocationKey(4, HexComponent.RoadPosition.northwest), 17);&#13;&#10;&#9;&#9;this.roadMap.put(new LocationKey(4, HexComponent.RoadPosition.north),&#13;&#10;&#9;&#9;&#9;&#9;12);&#13;&#10;&#9;&#9;this.roadMap.put(&#13;&#10;&#9;&#9;&#9;&#9;new LocationKey(4, HexComponent.RoadPosition.northeast), 18);&#13;&#10;&#9;&#9;this.roadMap.put(&#13;&#10;&#9;&#9;&#9;&#9;new LocationKey(4, HexComponent.RoadPosition.southeast), 26);&#13;&#10;&#9;&#9;this.roadMap.put(new LocationKey(4, HexComponent.RoadPosition.south),&#13;&#10;&#9;&#9;&#9;&#9;29);&#13;&#10;&#9;&#9;this.roadMap.put(&#13;&#10;&#9;&#9;&#9;&#9;new LocationKey(4, HexComponent.RoadPosition.southwest), 25);&#13;&#10;&#13;&#10;&#9;&#9;this.roadMap.put(&#13;&#10;&#9;&#9;&#9;&#9;new LocationKey(5, HexComponent.RoadPosition.northwest), 8);&#13;&#10;&#9;&#9;this.roadMap&#13;&#10;&#9;&#9;&#9;&#9;.put(new LocationKey(5, HexComponent.RoadPosition.north), 5);&#13;&#10;&#9;&#9;this.roadMap.put(&#13;&#10;&#9;&#9;&#9;&#9;new LocationKey(5, HexComponent.RoadPosition.northeast), 9);&#13;&#10;&#9;&#9;this.roadMap.put(&#13;&#10;&#9;&#9;&#9;&#9;new LocationKey(5, HexComponent.RoadPosition.southeast), 17);&#13;&#10;&#9;&#9;this.roadMap.put(new LocationKey(5, HexComponent.RoadPosition.south),&#13;&#10;&#9;&#9;&#9;&#9;20);&#13;&#10;&#9;&#9;this.roadMap.put(&#13;&#10;&#9;&#9;&#9;&#9;new LocationKey(5, HexComponent.RoadPosition.southwest), 16);&#13;&#10;&#13;&#10;&#9;&#9;this.roadMap.put(&#13;&#10;&#9;&#9;&#9;&#9;new LocationKey(6, HexComponent.RoadPosition.northwest), 2);&#13;&#10;&#9;&#9;this.roadMap&#13;&#10;&#9;&#9;&#9;&#9;.put(new LocationKey(6, HexComponent.RoadPosition.north), 1);&#13;&#10;&#9;&#9;this.roadMap.put(&#13;&#10;&#9;&#9;&#9;&#9;new LocationKey(6, HexComponent.RoadPosition.northeast), 3);&#13;&#10;&#9;&#9;this.roadMap.put(&#13;&#10;&#9;&#9;&#9;&#9;new LocationKey(6, HexComponent.RoadPosition.southeast), 8);&#13;&#10;&#9;&#9;this.roadMap.put(new LocationKey(6, HexComponent.RoadPosition.south),&#13;&#10;&#9;&#9;&#9;&#9;11);&#13;&#10;&#9;&#9;this.roadMap.put(&#13;&#10;&#9;&#9;&#9;&#9;new LocationKey(6, HexComponent.RoadPosition.southwest), 7);&#13;&#10;&#13;&#10;&#9;&#9;this.roadMap.put(&#13;&#10;&#9;&#9;&#9;&#9;new LocationKey(7, HexComponent.RoadPosition.northwest), 6);&#13;&#10;&#9;&#9;this.roadMap&#13;&#10;&#9;&#9;&#9;&#9;.put(new LocationKey(7, HexComponent.RoadPosition.north), 4);&#13;&#10;&#9;&#9;this.roadMap.put(&#13;&#10;&#9;&#9;&#9;&#9;new LocationKey(7, HexComponent.RoadPosition.northeast), 7);&#13;&#10;&#9;&#9;this.roadMap.put(&#13;&#10;&#9;&#9;&#9;&#9;new LocationKey(7, HexComponent.RoadPosition.southeast), 15);&#13;&#10;&#9;&#9;this.roadMap.put(new LocationKey(7, HexComponent.RoadPosition.south),&#13;&#10;&#9;&#9;&#9;&#9;19);&#13;&#10;&#9;&#9;this.roadMap.put(&#13;&#10;&#9;&#9;&#9;&#9;new LocationKey(7, HexComponent.RoadPosition.southwest), 14);&#13;&#10;&#13;&#10;&#9;&#9;this.roadMap.put(&#13;&#10;&#9;&#9;&#9;&#9;new LocationKey(8, HexComponent.RoadPosition.northwest), 13);&#13;&#10;&#9;&#9;this.roadMap.put(new LocationKey(8, HexComponent.RoadPosition.north),&#13;&#10;&#9;&#9;&#9;&#9;10);&#13;&#10;&#9;&#9;this.roadMap.put(&#13;&#10;&#9;&#9;&#9;&#9;new LocationKey(8, HexComponent.RoadPosition.northeast), 14);&#13;&#10;&#9;&#9;this.roadMap.put(&#13;&#10;&#9;&#9;&#9;&#9;new LocationKey(8, HexComponent.RoadPosition.southeast), 22);&#13;&#10;&#9;&#9;this.roadMap.put(new LocationKey(8, HexComponent.RoadPosition.south),&#13;&#10;&#9;&#9;&#9;&#9;27);&#13;&#10;&#9;&#9;this.roadMap.put(&#13;&#10;&#9;&#9;&#9;&#9;new LocationKey(8, HexComponent.RoadPosition.southwest), 21);&#13;&#10;&#13;&#10;&#9;&#9;this.roadMap.put(&#13;&#10;&#9;&#9;&#9;&#9;new LocationKey(9, HexComponent.RoadPosition.northwest), 30);&#13;&#10;&#9;&#9;this.roadMap.put(new LocationKey(9, HexComponent.RoadPosition.north),&#13;&#10;&#9;&#9;&#9;&#9;27);&#13;&#10;&#9;&#9;this.roadMap.put(&#13;&#10;&#9;&#9;&#9;&#9;new LocationKey(9, HexComponent.RoadPosition.northeast), 31);&#13;&#10;&#9;&#9;this.roadMap.put(&#13;&#10;&#9;&#9;&#9;&#9;new LocationKey(9, HexComponent.RoadPosition.southeast), 39);&#13;&#10;&#9;&#9;this.roadMap.put(new LocationKey(9, HexComponent.RoadPosition.south),&#13;&#10;&#9;&#9;&#9;&#9;44);&#13;&#10;&#9;&#9;this.roadMap.put(&#13;&#10;&#9;&#9;&#9;&#9;new LocationKey(9, HexComponent.RoadPosition.southwest), 38);&#13;&#10;&#13;&#10;&#9;&#9;this.roadMap.put(new LocationKey(10,&#13;&#10;&#9;&#9;&#9;&#9;HexComponent.RoadPosition.northwest), 47);&#13;&#10;&#9;&#9;this.roadMap.put(new LocationKey(10, HexComponent.RoadPosition.north),&#13;&#10;&#9;&#9;&#9;&#9;44);&#13;&#10;&#9;&#9;this.roadMap.put(new LocationKey(10,&#13;&#10;&#9;&#9;&#9;&#9;HexComponent.RoadPosition.northeast), 48);&#13;&#10;&#9;&#9;this.roadMap.put(new LocationKey(10,&#13;&#10;&#9;&#9;&#9;&#9;HexComponent.RoadPosition.southeast), 56);&#13;&#10;&#9;&#9;this.roadMap.put(new LocationKey(10, HexComponent.RoadPosition.south),&#13;&#10;&#9;&#9;&#9;&#9;61);&#13;&#10;&#9;&#9;this.roadMap.put(new LocationKey(10,&#13;&#10;&#9;&#9;&#9;&#9;HexComponent.RoadPosition.southwest), 55);&#13;&#10;&#13;&#10;&#9;&#9;this.roadMap.put(new LocationKey(11,&#13;&#10;&#9;&#9;&#9;&#9;HexComponent.RoadPosition.northwest), 56);&#13;&#10;&#9;&#9;this.roadMap.put(new LocationKey(11, HexComponent.RoadPosition.north),&#13;&#10;&#9;&#9;&#9;&#9;53);&#13;&#10;&#9;&#9;this.roadMap.put(new LocationKey(11,&#13;&#10;&#9;&#9;&#9;&#9;HexComponent.RoadPosition.northeast), 57);&#13;&#10;&#9;&#9;this.roadMap.put(new LocationKey(11,&#13;&#10;&#9;&#9;&#9;&#9;HexComponent.RoadPosition.southeast), 65);&#13;&#10;&#9;&#9;this.roadMap.put(new LocationKey(11, HexComponent.RoadPosition.south),&#13;&#10;&#9;&#9;&#9;&#9;68);&#13;&#10;&#9;&#9;this.roadMap.put(new LocationKey(11,&#13;&#10;&#9;&#9;&#9;&#9;HexComponent.RoadPosition.southwest), 64);&#13;&#10;&#13;&#10;&#9;&#9;this.roadMap.put(new LocationKey(12,&#13;&#10;&#9;&#9;&#9;&#9;HexComponent.RoadPosition.northwest), 49);&#13;&#10;&#9;&#9;this.roadMap.put(new LocationKey(12, HexComponent.RoadPosition.north),&#13;&#10;&#9;&#9;&#9;&#9;45);&#13;&#10;&#9;&#9;this.roadMap.put(new LocationKey(12,&#13;&#10;&#9;&#9;&#9;&#9;HexComponent.RoadPosition.northeast), 50);&#13;&#10;&#9;&#9;this.roadMap.put(new LocationKey(12,&#13;&#10;&#9;&#9;&#9;&#9;HexComponent.RoadPosition.southeast), 58);&#13;&#10;&#9;&#9;this.roadMap.put(new LocationKey(12, HexComponent.RoadPosition.south),&#13;&#10;&#9;&#9;&#9;&#9;62);&#13;&#10;&#9;&#9;this.roadMap.put(new LocationKey(12,&#13;&#10;&#9;&#9;&#9;&#9;HexComponent.RoadPosition.southwest), 57);&#13;&#10;&#13;&#10;&#9;&#9;this.roadMap.put(new LocationKey(13,&#13;&#10;&#9;&#9;&#9;&#9;HexComponent.RoadPosition.northwest), 41);&#13;&#10;&#9;&#9;this.roadMap.put(new LocationKey(13, HexComponent.RoadPosition.north),&#13;&#10;&#9;&#9;&#9;&#9;37);&#13;&#10;&#9;&#9;this.roadMap.put(new LocationKey(13,&#13;&#10;&#9;&#9;&#9;&#9;HexComponent.RoadPosition.northeast), 42);&#13;&#10;&#9;&#9;this.roadMap.put(new LocationKey(13,&#13;&#10;&#9;&#9;&#9;&#9;HexComponent.RoadPosition.southeast), 51);&#13;&#10;&#9;&#9;this.roadMap.put(new LocationKey(13, HexComponent.RoadPosition.south),&#13;&#10;&#9;&#9;&#9;&#9;54);&#13;&#10;&#9;&#9;this.roadMap.put(new LocationKey(13,&#13;&#10;&#9;&#9;&#9;&#9;HexComponent.RoadPosition.southwest), 50);&#13;&#10;&#13;&#10;&#9;&#9;this.roadMap.put(new LocationKey(14,&#13;&#10;&#9;&#9;&#9;&#9;HexComponent.RoadPosition.northwest), 24);&#13;&#10;&#9;&#9;this.roadMap.put(new LocationKey(14, HexComponent.RoadPosition.north),&#13;&#10;&#9;&#9;&#9;&#9;20);&#13;&#10;&#9;&#9;this.roadMap.put(new LocationKey(14,&#13;&#10;&#9;&#9;&#9;&#9;HexComponent.RoadPosition.northeast), 25);&#13;&#10;&#9;&#9;this.roadMap.put(new LocationKey(14,&#13;&#10;&#9;&#9;&#9;&#9;HexComponent.RoadPosition.southeast), 34);&#13;&#10;&#9;&#9;this.roadMap.put(new LocationKey(14, HexComponent.RoadPosition.south),&#13;&#10;&#9;&#9;&#9;&#9;37);&#13;&#10;&#9;&#9;this.roadMap.put(new LocationKey(14,&#13;&#10;&#9;&#9;&#9;&#9;HexComponent.RoadPosition.southwest), 33);&#13;&#10;&#13;&#10;&#9;&#9;this.roadMap.put(new LocationKey(15,&#13;&#10;&#9;&#9;&#9;&#9;HexComponent.RoadPosition.northwest), 15);&#13;&#10;&#9;&#9;this.roadMap.put(new LocationKey(15, HexComponent.RoadPosition.north),&#13;&#10;&#9;&#9;&#9;&#9;11);&#13;&#10;&#9;&#9;this.roadMap.put(new LocationKey(15,&#13;&#10;&#9;&#9;&#9;&#9;HexComponent.RoadPosition.northeast), 16);&#13;&#10;&#9;&#9;this.roadMap.put(new LocationKey(15,&#13;&#10;&#9;&#9;&#9;&#9;HexComponent.RoadPosition.southeast), 24);&#13;&#10;&#9;&#9;this.roadMap.put(new LocationKey(15, HexComponent.RoadPosition.south),&#13;&#10;&#9;&#9;&#9;&#9;28);&#13;&#10;&#9;&#9;this.roadMap.put(new LocationKey(15,&#13;&#10;&#9;&#9;&#9;&#9;HexComponent.RoadPosition.southwest), 23);&#13;&#10;&#13;&#10;&#9;&#9;this.roadMap.put(new LocationKey(16,&#13;&#10;&#9;&#9;&#9;&#9;HexComponent.RoadPosition.northwest), 22);&#13;&#10;&#9;&#9;this.roadMap.put(new LocationKey(16, HexComponent.RoadPosition.north),&#13;&#10;&#9;&#9;&#9;&#9;19);&#13;&#10;&#9;&#9;this.roadMap.put(new LocationKey(16,&#13;&#10;&#9;&#9;&#9;&#9;HexComponent.RoadPosition.northeast), 23);&#13;&#10;&#9;&#9;this.roadMap.put(new LocationKey(16,&#13;&#10;&#9;&#9;&#9;&#9;HexComponent.RoadPosition.southeast), 32);&#13;&#10;&#9;&#9;this.roadMap.put(new LocationKey(16, HexComponent.RoadPosition.south),&#13;&#10;&#9;&#9;&#9;&#9;36);&#13;&#10;&#9;&#9;this.roadMap.put(new LocationKey(16,&#13;&#10;&#9;&#9;&#9;&#9;HexComponent.RoadPosition.southwest), 31);&#13;&#10;&#13;&#10;&#9;&#9;this.roadMap.put(new LocationKey(17,&#13;&#10;&#9;&#9;&#9;&#9;HexComponent.RoadPosition.northwest), 39);&#13;&#10;&#9;&#9;this.roadMap.put(new LocationKey(17, HexComponent.RoadPosition.north),&#13;&#10;&#9;&#9;&#9;&#9;36);&#13;&#10;&#9;&#9;this.roadMap.put(new LocationKey(17,&#13;&#10;&#9;&#9;&#9;&#9;HexComponent.RoadPosition.northeast), 40);&#13;&#10;&#9;&#9;this.roadMap.put(new LocationKey(17,&#13;&#10;&#9;&#9;&#9;&#9;HexComponent.RoadPosition.southeast), 49);&#13;&#10;&#9;&#9;this.roadMap.put(new LocationKey(17, HexComponent.RoadPosition.south),&#13;&#10;&#9;&#9;&#9;&#9;53);&#13;&#10;&#9;&#9;this.roadMap.put(new LocationKey(17,&#13;&#10;&#9;&#9;&#9;&#9;HexComponent.RoadPosition.southwest), 48);&#13;&#10;&#13;&#10;&#9;&#9;this.roadMap.put(new LocationKey(18,&#13;&#10;&#9;&#9;&#9;&#9;HexComponent.RoadPosition.northwest), 32);&#13;&#10;&#9;&#9;this.roadMap.put(new LocationKey(18, HexComponent.RoadPosition.north),&#13;&#10;&#9;&#9;&#9;&#9;28);&#13;&#10;&#9;&#9;this.roadMap.put(new LocationKey(18,&#13;&#10;&#9;&#9;&#9;&#9;HexComponent.RoadPosition.northeast), 33);&#13;&#10;&#9;&#9;this.roadMap.put(new LocationKey(18,&#13;&#10;&#9;&#9;&#9;&#9;HexComponent.RoadPosition.southeast), 41);&#13;&#10;&#9;&#9;this.roadMap.put(new LocationKey(18, HexComponent.RoadPosition.south),&#13;&#10;&#9;&#9;&#9;&#9;45);&#13;&#10;&#9;&#9;this.roadMap.put(new LocationKey(18,&#13;&#10;&#9;&#9;&#9;&#9;HexComponent.RoadPosition.southwest), 40);&#13;&#10;&#13;&#10;&#9;}&#13;&#10;&#13;&#10;}&#13;&#10;" Filename="HexManager.java" Intrnl_Id="6"/>
<SrcFile Content="package client.Controller;&#13;&#10;&#13;&#10;import java.awt.Color;&#13;&#10;import java.util.ArrayList;&#13;&#10;import java.util.Random;&#13;&#10;&#13;&#10;import javax.swing.JOptionPane;&#13;&#10;&#13;&#10;import client.Controller.Game.BuildType;&#13;&#10;import client.GUI.BoardRenderer;&#13;&#10;import client.GUI.HexComponent;&#13;&#10;import client.GUI.UserPanel;&#13;&#10;import client.Model.Player;&#13;&#10;&#13;&#10;public class Game {&#13;&#10;&#13;&#10;&#9;public static final Color desertColor = new Color(255, 255, 170);&#13;&#10;&#9;public static final Color wheatColor = new Color(255, 255, 0);&#13;&#10;&#9;public static final Color sheepColor = new Color(0, 255, 0);&#13;&#10;&#9;public static final Color woodColor = new Color(0, 100, 0);&#13;&#10;&#9;public static final Color oreColor = new Color(170, 170, 170);&#13;&#10;&#9;public static final Color brickColor = new Color(200, 70, 0);&#13;&#10;&#13;&#10;&#9;public static enum Resource {&#13;&#10;&#9;&#9;wood(0), brick(1), sheep(2), ore(3), wheat(4), desert(-1);&#13;&#10;&#13;&#10;&#9;&#9;private int numVal;&#13;&#10;&#13;&#10;&#9;&#9;Resource(int numVal) {&#13;&#10;&#9;&#9;&#9;this.numVal = numVal;&#13;&#10;&#9;&#9;}&#13;&#10;&#13;&#10;&#9;&#9;public int getNumVal() {&#13;&#10;&#9;&#9;&#9;return numVal;&#13;&#10;&#9;&#9;}&#13;&#10;&#9;}&#13;&#10;&#13;&#10;&#9;public static enum TurnPhase {&#13;&#10;&#9;&#9;preroll, pretrade, trade, prebuild, build, end&#13;&#10;&#9;}&#13;&#10;&#13;&#10;&#9;// development cards aren't built, they are drawn, so they aren't included&#13;&#10;&#9;// in this.&#13;&#10;&#9;public static enum BuildType {&#13;&#10;&#9;&#9;road, settlement, city, none&#13;&#10;&#9;}&#13;&#10;&#13;&#10;&#9;private BoardRenderer board;&#13;&#10;&#9;private UserPanel userPanel;&#13;&#10;&#9;private TurnPhase currentTurnPhase = TurnPhase.build;&#13;&#10;&#9;private BuildType currentBuildType = BuildType.city;&#13;&#10;&#9;private int currentPlayer;&#13;&#10;&#9;private Player[] players;&#13;&#10;&#9;private Color[] colorArray;&#13;&#10;&#9;private int numberOfPlayers;&#13;&#10;&#9;private RoadManager roadMgr;&#13;&#10;&#9;private HexManager hexMgr;&#13;&#10;&#13;&#10;&#9;/**&#13;&#10;&#9; * The number of hexes on the field.&#13;&#10;&#9; */&#13;&#10;&#9;public static final int boardSize = 19;&#13;&#10;&#9;private static int[] randomNumberArray = new int[boardSize];&#13;&#10;&#9;private static Game.Resource[] randomColorArray = new Game.Resource[boardSize];&#13;&#10;&#13;&#10;&#9;public Game() {&#13;&#10;&#13;&#10;&#9;&#9;// This array contains all of the roll numbers in the order that they&#13;&#10;&#9;&#9;// are always supposed to appear. These are placed in a clockwise inward&#13;&#10;&#9;&#9;// spiral starting at the bottom hex.&#13;&#10;&#9;&#9;int[] rollNumberArray = { 5, 2, 6, 3, 8, 10, 9, 12, 11, 4, 8, 10, 9, 4,&#13;&#10;&#9;&#9;&#9;&#9;5, 6, 3, 11 };&#13;&#10;&#13;&#10;&#9;&#9;// makes an array of the different resources for the hexes.&#13;&#10;&#9;&#9;ArrayList&lt;Resource&gt; colorNumberArray = new ArrayList&lt;Game.Resource&gt;();&#13;&#10;&#9;&#9;colorNumberArray.add(Resource.desert);&#13;&#10;&#9;&#9;colorNumberArray.add(Resource.wood);&#13;&#10;&#9;&#9;colorNumberArray.add(Resource.wood);&#13;&#10;&#9;&#9;colorNumberArray.add(Resource.wood);&#13;&#10;&#9;&#9;colorNumberArray.add(Resource.wood);&#13;&#10;&#9;&#9;colorNumberArray.add(Resource.brick);&#13;&#10;&#9;&#9;colorNumberArray.add(Resource.brick);&#13;&#10;&#9;&#9;colorNumberArray.add(Resource.brick);&#13;&#10;&#9;&#9;colorNumberArray.add(Resource.ore);&#13;&#10;&#9;&#9;colorNumberArray.add(Resource.ore);&#13;&#10;&#9;&#9;colorNumberArray.add(Resource.ore);&#13;&#10;&#9;&#9;colorNumberArray.add(Resource.wheat);&#13;&#10;&#9;&#9;colorNumberArray.add(Resource.wheat);&#13;&#10;&#9;&#9;colorNumberArray.add(Resource.wheat);&#13;&#10;&#9;&#9;colorNumberArray.add(Resource.wheat);&#13;&#10;&#9;&#9;colorNumberArray.add(Resource.sheep);&#13;&#10;&#9;&#9;colorNumberArray.add(Resource.sheep);&#13;&#10;&#9;&#9;colorNumberArray.add(Resource.sheep);&#13;&#10;&#9;&#9;colorNumberArray.add(Resource.sheep);&#13;&#10;&#13;&#10;&#9;&#9;// randomly chooses one element each from the fixed arrays above, copies&#13;&#10;&#9;&#9;// it to a new array, and resets the element copied to zero. If the&#13;&#10;&#9;&#9;// element has already been drawn, it will repeat.&#13;&#10;&#13;&#10;&#9;&#9;Random generator = new Random();&#13;&#10;&#9;&#9;int desertColorIndex = -1;&#13;&#10;&#9;&#9;for (int i = 0; i &lt; boardSize; i++) {&#13;&#10;&#9;&#9;&#9;int readValue = generator.nextInt(colorNumberArray.size());&#13;&#10;&#9;&#9;&#9;randomColorArray[i] = colorNumberArray.get(readValue);&#13;&#10;&#9;&#9;&#9;colorNumberArray.remove(readValue);&#13;&#10;&#13;&#10;&#9;&#9;&#9;if (randomColorArray[i] == Resource.desert) {&#13;&#10;&#9;&#9;&#9;&#9;desertColorIndex = i;&#13;&#10;&#9;&#9;&#9;&#9;randomNumberArray[i] = -1;&#13;&#10;&#9;&#9;&#9;} else {&#13;&#10;&#9;&#9;&#9;&#9;if (desertColorIndex &lt; 0) {&#13;&#10;&#9;&#9;&#9;&#9;&#9;randomNumberArray[i] = rollNumberArray[i];&#13;&#10;&#9;&#9;&#9;&#9;} else {&#13;&#10;&#9;&#9;&#9;&#9;&#9;randomNumberArray[i] = rollNumberArray[i - 1];&#13;&#10;&#9;&#9;&#9;&#9;}&#13;&#10;&#9;&#9;&#9;}&#13;&#10;&#9;&#9;}&#13;&#10;&#13;&#10;&#9;&#9;configureNumberOfPlayers();&#13;&#10;&#9;&#9;configurePlayerColors();&#13;&#10;&#9;&#9;this.roadMgr = new RoadManager(this.numberOfPlayers);&#13;&#10;&#9;&#9;this.hexMgr = new HexManager();&#13;&#10;&#13;&#10;&#9;}&#13;&#10;&#13;&#10;&#9;private void configureNumberOfPlayers() {&#13;&#10;&#9;&#9;// TODO exitOnClose with warning window&#13;&#10;&#9;&#9;Object[] options1 = { &quot;2&quot;, &quot;3&quot;, &quot;4&quot; };&#13;&#10;&#9;&#9;this.numberOfPlayers = JOptionPane.showOptionDialog(null,&#13;&#10;&#9;&#9;&#9;&#9;&quot;How many players are there?&quot;, &quot;Setup&quot;,&#13;&#10;&#9;&#9;&#9;&#9;JOptionPane.DEFAULT_OPTION, JOptionPane.QUESTION_MESSAGE, null,&#13;&#10;&#9;&#9;&#9;&#9;options1, options1[1]) + 2;&#13;&#10;&#9;}&#13;&#10;&#13;&#10;&#9;private void configurePlayerColors() {&#13;&#10;&#9;&#9;// TODO exitOnClose with warningWindow&#13;&#10;&#9;&#9;Object[] options2 = { &quot;Red&quot;, &quot;Blue&quot;, &quot;White&quot;, &quot;Magenta&quot;, &quot;Orange&quot;,&#13;&#10;&#9;&#9;&#9;&#9;&quot;Cyan&quot; };&#13;&#10;&#9;&#9;this.players = new Player[this.numberOfPlayers];&#13;&#10;&#9;&#9;this.colorArray = new Color[this.numberOfPlayers];&#13;&#10;&#9;&#9;for (int i = 0; i &lt; this.numberOfPlayers; i++) {&#13;&#10;&#9;&#9;&#9;boolean diffColor = true;&#13;&#10;&#9;&#9;&#9;while (diffColor) {&#13;&#10;&#9;&#9;&#9;&#9;int color = JOptionPane.showOptionDialog(null,&#13;&#10;&#9;&#9;&#9;&#9;&#9;&#9;&quot;What color would you like, Player &quot; + (i + 1) + &quot;?&quot;,&#13;&#10;&#9;&#9;&#9;&#9;&#9;&#9;&quot;Setup&quot;, JOptionPane.DEFAULT_OPTION,&#13;&#10;&#9;&#9;&#9;&#9;&#9;&#9;JOptionPane.QUESTION_MESSAGE, null, options2, null);&#13;&#10;&#9;&#9;&#9;&#9;diffColor = false;&#13;&#10;&#9;&#9;&#9;&#9;switch (color) {&#13;&#10;&#9;&#9;&#9;&#9;case 0:&#13;&#10;&#9;&#9;&#9;&#9;&#9;this.colorArray[i] = Color.red;&#13;&#10;&#9;&#9;&#9;&#9;&#9;break;&#13;&#10;&#9;&#9;&#9;&#9;case 1:&#13;&#10;&#9;&#9;&#9;&#9;&#9;this.colorArray[i] = Color.blue;&#13;&#10;&#9;&#9;&#9;&#9;&#9;break;&#13;&#10;&#9;&#9;&#9;&#9;case 2:&#13;&#10;&#9;&#9;&#9;&#9;&#9;this.colorArray[i] = Color.white;&#13;&#10;&#9;&#9;&#9;&#9;&#9;break;&#13;&#10;&#9;&#9;&#9;&#9;case 3:&#13;&#10;&#9;&#9;&#9;&#9;&#9;this.colorArray[i] = Color.magenta;&#13;&#10;&#9;&#9;&#9;&#9;&#9;break;&#13;&#10;&#9;&#9;&#9;&#9;case 4:&#13;&#10;&#9;&#9;&#9;&#9;&#9;this.colorArray[i] = Color.orange;&#13;&#10;&#9;&#9;&#9;&#9;&#9;break;&#13;&#10;&#9;&#9;&#9;&#9;case 5:&#13;&#10;&#9;&#9;&#9;&#9;&#9;this.colorArray[i] = Color.cyan;&#13;&#10;&#9;&#9;&#9;&#9;&#9;break;&#13;&#10;&#9;&#9;&#9;&#9;case 6:&#13;&#10;&#9;&#9;&#9;&#9;&#9;this.colorArray[i] = Color.black;&#13;&#10;&#9;&#9;&#9;&#9;&#9;break;&#13;&#10;&#9;&#9;&#9;&#9;case 7:&#13;&#10;&#9;&#9;&#9;&#9;&#9;this.colorArray[i] = Color.red;&#13;&#10;&#9;&#9;&#9;&#9;&#9;break;&#13;&#10;&#9;&#9;&#9;&#9;}&#13;&#10;&#9;&#9;&#9;&#9;for (int j = 0; j &lt; i; j++) {&#13;&#10;&#9;&#9;&#9;&#9;&#9;if (this.colorArray[i] == this.colorArray[j])&#13;&#10;&#9;&#9;&#9;&#9;&#9;&#9;diffColor = true;&#13;&#10;&#9;&#9;&#9;&#9;&#9;// verifies that the user selects a color that hasn't&#13;&#10;&#9;&#9;&#9;&#9;&#9;// already been chosen.&#13;&#10;&#9;&#9;&#9;&#9;}&#13;&#10;&#13;&#10;&#9;&#9;&#9;}&#13;&#10;&#13;&#10;&#9;&#9;&#9;this.players[i] = new Player();&#13;&#10;&#9;&#9;}&#13;&#10;&#13;&#10;&#9;}&#13;&#10;&#13;&#10;&#9;public void setUserPanel(UserPanel panel) {&#13;&#10;&#9;&#9;this.userPanel = panel;&#13;&#10;&#9;&#9;this.userPanel.setCurrentPlayer(this.currentPlayer);&#13;&#10;&#9;}&#13;&#10;&#13;&#10;&#9;public void setBoardRenderer(BoardRenderer board) {&#13;&#10;&#9;&#9;this.board = board;&#13;&#10;&#9;&#9;this.board.setBoard(randomColorArray, randomNumberArray);&#13;&#10;&#9;&#9;this.board.setBoard();&#13;&#10;&#9;}&#13;&#10;&#13;&#10;&#9;public TurnPhase getCurrentTurnPhase() {&#13;&#10;&#9;&#9;return this.currentTurnPhase;&#13;&#10;&#9;}&#13;&#10;&#13;&#10;&#9;public BuildType getBuildType() {&#13;&#10;&#9;&#9;return this.currentBuildType;&#13;&#10;&#9;}&#13;&#10;&#13;&#10;&#9;public int getCurrentPlayer() {&#13;&#10;&#9;&#9;return this.currentPlayer;&#13;&#10;&#9;}&#13;&#10;&#13;&#10;&#9;public void addRoad(int playerIndex, int hexId,&#13;&#10;&#9;&#9;&#9;HexComponent.RoadPosition pos) {&#13;&#10;&#9;&#9;// TODO do stuff&#13;&#10;&#9;&#9;// TODO throw exceptions&#13;&#10;&#9;&#9;int roadId = this.hexMgr.getRoadId(hexId, pos);&#13;&#10;&#9;&#9;int currentRoadCount = this.roadMgr.getRoadCountForPlayer(playerIndex);&#13;&#10;&#9;&#9;if (currentRoadCount == 0) {&#13;&#10;&#9;&#9;&#9;this.roadMgr.addRoadPieceAtBeginning(playerIndex, roadId);&#13;&#10;&#9;&#9;} else {&#13;&#10;&#9;&#9;&#9;this.roadMgr.addRoadPiece(playerIndex, roadId);&#13;&#10;&#9;&#9;}&#13;&#10;&#9;&#9;if (this.roadMgr.getRoadCountForPlayer(playerIndex) &gt; currentRoadCount) {&#13;&#10;&#9;&#9;&#9;this.board.addRoad(hexId, pos, this.colorArray[playerIndex],&#13;&#10;&#9;&#9;&#9;&#9;&#9;BuildType.road);&#13;&#10;&#9;&#9;}&#13;&#10;&#9;}&#13;&#10;&#13;&#10;&#9;public void addBuilding(int playerIndex, int hexId,&#13;&#10;&#9;&#9;&#9;HexComponent.StructurePosition pos) {&#13;&#10;&#9;&#9;// TODO do stuff&#13;&#10;&#9;&#9;// TODO throw exceptions&#13;&#10;&#9;&#9;if (this.currentBuildType == BuildType.settlement) {&#13;&#10;&#9;&#9;&#9;this.board.addBuilding(hexId, pos, this.colorArray[playerIndex],&#13;&#10;&#9;&#9;&#9;&#9;&#9;BuildType.settlement);&#13;&#10;&#9;&#9;} else {&#13;&#10;&#9;&#9;&#9;this.board.addBuilding(hexId, pos, this.colorArray[playerIndex],&#13;&#10;&#9;&#9;&#9;&#9;&#9;BuildType.city);&#13;&#10;&#9;&#9;}&#13;&#10;&#9;}&#13;&#10;&#13;&#10;&#9;public void roll() {&#13;&#10;&#9;&#9;int[] rolls = new Dice().rollDice();&#13;&#10;&#9;&#9;this.userPanel.setRolls(rolls);&#13;&#10;&#13;&#10;&#9;}&#13;&#10;&#13;&#10;&#9;public void drawDevCard() {&#13;&#10;&#9;&#9;// TODO Auto-generated method stub&#13;&#10;&#13;&#10;&#9;}&#13;&#10;&#13;&#10;&#9;public void setBuildType(BuildType type) {&#13;&#10;&#9;&#9;this.currentBuildType = type;&#13;&#10;&#9;}&#13;&#10;&#13;&#10;&#9;public void endTurn() {&#13;&#10;&#9;&#9;this.currentPlayer = (this.currentPlayer + 1) % this.numberOfPlayers;&#13;&#10;&#9;&#9;this.userPanel.setCurrentPlayer(this.currentPlayer);&#13;&#10;&#9;&#9;this.userPanel.setTurnPhase(TurnPhase.preroll);&#13;&#10;&#13;&#10;&#9;}&#13;&#10;&#13;&#10;&#9;public Color[] getPlayerColors() {&#13;&#10;&#9;&#9;return this.colorArray;&#13;&#10;&#9;}&#13;&#10;&#13;&#10;&#9;public int getNumberOfPlayers() {&#13;&#10;&#9;&#9;return this.numberOfPlayers;&#13;&#10;&#9;}&#13;&#10;}&#13;&#10;" Filename="Game.java" Intrnl_Id="7"/>
<SrcFile Content="package client.Controller;&#13;&#10;import java.util.Random;&#13;&#10;&#13;&#10;public class Die {&#13;&#10;&#9;Random random;&#13;&#10;&#13;&#10;&#9;public Die() {&#13;&#10;&#9;&#9;random = new java.util.Random();&#13;&#10;&#9;}&#13;&#10;&#13;&#10;&#9;public Die(long seed) {&#13;&#10;&#9;&#9;random = new java.util.Random(1337);&#13;&#10;&#9;}&#13;&#10;&#13;&#10;&#9;public int rollDie() {&#13;&#10;&#9;&#9;return ((int) (random.nextDouble() * 6 + 1));&#13;&#10;&#9;}&#13;&#10;}&#13;&#10;" Filename="Die.java" Intrnl_Id="8"/>
<SrcFile Content="package client.Controller;&#13;&#10;&#13;&#10;&#13;&#10;public class Dice {&#13;&#10;&#13;&#10;&#9;private Die firstDie;&#13;&#10;&#9;private Die secondDie;&#13;&#10;&#13;&#10;&#9;public Dice() {&#13;&#10;&#9;&#9;this.firstDie = new Die();&#13;&#10;&#9;&#9;this.secondDie = new Die();&#13;&#10;&#9;}&#13;&#10;&#13;&#10;&#9;/**&#13;&#10;&#9; * &#13;&#10;&#9; * @return an array with { the total, first roll, second roll}&#13;&#10;&#9; */&#13;&#10;&#9;public int[] rollDice() {&#13;&#10;&#9;&#9;int[] result = new int[3];&#13;&#10;&#9;&#9;int first = this.firstDie.rollDie();&#13;&#10;&#9;&#9;int second = this.secondDie.rollDie();&#13;&#10;&#13;&#10;&#9;&#9;result[0] = first + second;&#13;&#10;&#9;&#9;result[1] = first;&#13;&#10;&#9;&#9;result[2] = second;&#13;&#10;&#13;&#10;&#9;&#9;return result;&#13;&#10;&#9;}&#13;&#10;&#13;&#10;}&#13;&#10;" Filename="Dice.java" Intrnl_Id="9"/>
<SrcFile Content="package client.Controller;&#13;&#10;&#13;&#10;public class Bank {&#13;&#10;&#13;&#10;}&#13;&#10;" Filename="Bank.java" Intrnl_Id="10"/>
</SrcFileList>
<CritList>
<CritListEntry Name="org.codecover.model.utils.criteria.LoopCoverage" PluginName="org.codecover"/>
<CritListEntry Name="org.codecover.model.utils.criteria.QMOCoverage" PluginName="org.codecover"/>
<CritListEntry Name="org.codecover.model.utils.criteria.ConditionCoverage" PluginName="org.codecover"/>
<CritListEntry Name="org.codecover.model.utils.criteria.BranchCoverage" PluginName="org.codecover"/>
<CritListEntry Name="org.codecover.model.utils.criteria.SynchronizedStatementCoverage" PluginName="org.codecover"/>
<CritListEntry Name="org.codecover.model.utils.criteria.StatementCoverage" PluginName="org.codecover"/>
</CritList>
<BoolOpList>
<BoolOp Arity="2" Intrnl_Id="11" Name="conditional or (||)">
<BoolAssgnmntBoolMapList>
<MapEntry BoolAssgnmnt="00" Value="false"/>
<MapEntry BoolAssgnmnt="01" Value="true"/>
<MapEntry BoolAssgnmnt="12" Value="true"/>
</BoolAssgnmntBoolMapList>
</BoolOp>
<BoolOp Arity="1" Intrnl_Id="12" Name="not (!)">
<BoolAssgnmntBoolMapList>
<MapEntry BoolAssgnmnt="1" Value="false"/>
<MapEntry BoolAssgnmnt="0" Value="true"/>
</BoolAssgnmntBoolMapList>
</BoolOp>
</BoolOpList>
<HierarchyLvlTypeList>
<HierarchyLvlType EnglishName="enumeration" IntrnlName="enum" Intrnl_Id="13"/>
<HierarchyLvlType EnglishName="package" IntrnlName="package" Intrnl_Id="14"/>
<HierarchyLvlType EnglishName="method" IntrnlName="method" Intrnl_Id="15"/>
<HierarchyLvlType EnglishName="class" IntrnlName="class" Intrnl_Id="16"/>
<HierarchyLvlType EnglishName="default package" IntrnlName="default package" Intrnl_Id="17"/>
</HierarchyLvlTypeList>
<MASTRoot>
<HierarchyLvl HierarchyLvlId="160" HierarchyLvlTypeId="17" Intrnl_Id="18" Name="default package">
<Header/>
<LocList/>
<HierarchyLvl HierarchyLvlId="159" HierarchyLvlTypeId="14" Intrnl_Id="19" Name="client">
<Header/>
<LocList/>
<HierarchyLvl HierarchyLvlId="158" HierarchyLvlTypeId="14" Intrnl_Id="20" Name="Controller">
<Header/>
<LocList/>
<HierarchyLvl HierarchyLvlId="101" HierarchyLvlTypeId="16" Intrnl_Id="21" Name="StructureManager">
<Header>
<Loc EndOffset="210" SrcFileId="1" StartOffset="181"/>
</Header>
<LocList>
<Loc EndOffset="858" SrcFileId="1" StartOffset="181"/>
</LocList>
<HierarchyLvl HierarchyLvlId="97" HierarchyLvlTypeId="15" Intrnl_Id="22" Name="StructureManager">
<Header>
<Loc EndOffset="394" SrcFileId="1" StartOffset="354"/>
</Header>
<LocList>
<Loc EndOffset="591" SrcFileId="1" StartOffset="354"/>
</LocList>
<StmntSeq Intrnl_Id="23">
<LocList>
<Loc EndOffset="471" SrcFileId="1" StartOffset="400"/>
<Loc EndOffset="587" SrcFileId="1" StartOffset="475"/>
</LocList>
<BasicStmnt CovItemId="S1" CovItemPrefix="client.Controller.StructureManager.java" Intrnl_Id="24">
<LocList>
<Loc EndOffset="471" SrcFileId="1" StartOffset="400"/>
</LocList>
</BasicStmnt>
<LoopStmnt CovItemId="S2" CovItemPrefix="client.Controller.StructureManager.java" Intrnl_Id="25" MltplExecId="L1-2" MltplExecPrefix="client.Controller.StructureManager.java" NvrExecId="L1-0" NvrExecPrefix="client.Controller.StructureManager.java" OnceExecutedId="L1-1" OnceExecutedPrefix="client.Controller.StructureManager.java" OptBodyExec="true">
<StmntSeq Intrnl_Id="26">
<LocList>
<Loc EndOffset="582" SrcFileId="1" StartOffset="519"/>
</LocList>
<BasicStmnt CovItemId="S3" CovItemPrefix="client.Controller.StructureManager.java" Intrnl_Id="27">
<LocList>
<Loc EndOffset="582" SrcFileId="1" StartOffset="519"/>
</LocList>
</BasicStmnt>
</StmntSeq>
<Keyword EndOffset="478" SrcFileId="1" StartOffset="475"/>
<LocList>
<Loc EndOffset="587" SrcFileId="1" StartOffset="475"/>
</LocList>
<RootTerm CovItemId="C1" CovItemPrefix="client.Controller.StructureManager.java" Intrnl_Id="28">
<BasicBoolTerm Intrnl_Id="29">
<LocList>
<Loc EndOffset="506" SrcFileId="1" StartOffset="491"/>
</LocList>
</BasicBoolTerm>
</RootTerm>
</LoopStmnt>
</StmntSeq>
</HierarchyLvl>
<HierarchyLvl HierarchyLvlId="98" HierarchyLvlTypeId="15" Intrnl_Id="30" Name="addStructure">
<Header>
<Loc EndOffset="673" SrcFileId="1" StartOffset="597"/>
</Header>
<LocList>
<Loc EndOffset="683" SrcFileId="1" StartOffset="597"/>
</LocList>
</HierarchyLvl>
<HierarchyLvl HierarchyLvlId="99" HierarchyLvlTypeId="15" Intrnl_Id="31" Name="updateStructure">
<Header>
<Loc EndOffset="768" SrcFileId="1" StartOffset="689"/>
</Header>
<LocList>
<Loc EndOffset="777" SrcFileId="1" StartOffset="689"/>
</LocList>
</HierarchyLvl>
<HierarchyLvl HierarchyLvlId="100" HierarchyLvlTypeId="15" Intrnl_Id="32" Name="getStructurePointCount">
<Header>
<Loc EndOffset="834" SrcFileId="1" StartOffset="783"/>
</Header>
<LocList>
<Loc EndOffset="853" SrcFileId="1" StartOffset="783"/>
</LocList>
<StmntSeq Intrnl_Id="33">
<LocList>
<Loc EndOffset="849" SrcFileId="1" StartOffset="839"/>
</LocList>
<BasicStmnt CovItemId="S4" CovItemPrefix="client.Controller.StructureManager.java" Intrnl_Id="34">
<LocList>
<Loc EndOffset="849" SrcFileId="1" StartOffset="839"/>
</LocList>
</BasicStmnt>
</StmntSeq>
</HierarchyLvl>
</HierarchyLvl>
<HierarchyLvl HierarchyLvlId="103" HierarchyLvlTypeId="16" Intrnl_Id="35" Name="StructureLocationKey">
<Header>
<Loc EndOffset="63" SrcFileId="2" StartOffset="30"/>
</Header>
<LocList>
<Loc EndOffset="156" SrcFileId="2" StartOffset="30"/>
</LocList>
<HierarchyLvl HierarchyLvlId="102" HierarchyLvlTypeId="15" Intrnl_Id="36" Name="getHexIndex">
<Header>
<Loc EndOffset="94" SrcFileId="2" StartOffset="70"/>
</Header>
<LocList>
<Loc EndOffset="151" SrcFileId="2" StartOffset="70"/>
</LocList>
<StmntSeq Intrnl_Id="37">
<LocList>
<Loc EndOffset="147" SrcFileId="2" StartOffset="138"/>
</LocList>
<BasicStmnt CovItemId="S1" CovItemPrefix="client.Controller.StructureLocationKey.java" Intrnl_Id="38">
<LocList>
<Loc EndOffset="147" SrcFileId="2" StartOffset="138"/>
</LocList>
</BasicStmnt>
</StmntSeq>
</HierarchyLvl>
</HierarchyLvl>
<HierarchyLvl HierarchyLvlId="114" HierarchyLvlTypeId="16" Intrnl_Id="39" Name="RoadManager">
<Header>
<Loc EndOffset="228" SrcFileId="3" StartOffset="204"/>
</Header>
<LocList>
<Loc EndOffset="21824" SrcFileId="3" StartOffset="204"/>
</LocList>
<HierarchyLvl HierarchyLvlId="104" HierarchyLvlTypeId="15" Intrnl_Id="40" Name="RoadManager">
<Header>
<Loc EndOffset="396" SrcFileId="3" StartOffset="361"/>
</Header>
<LocList>
<Loc EndOffset="2528" SrcFileId="3" StartOffset="361"/>
</LocList>
<StmntSeq Intrnl_Id="41">
<LocList>
<Loc EndOffset="475" SrcFileId="3" StartOffset="404"/>
<Loc EndOffset="591" SrcFileId="3" StartOffset="479"/>
<Loc EndOffset="619" SrcFileId="3" StartOffset="597"/>
</LocList>
<BasicStmnt CovItemId="S1" CovItemPrefix="client.Controller.RoadManager.java" Intrnl_Id="42">
<LocList>
<Loc EndOffset="475" SrcFileId="3" StartOffset="404"/>
</LocList>
</BasicStmnt>
<LoopStmnt CovItemId="S2" CovItemPrefix="client.Controller.RoadManager.java" Intrnl_Id="43" MltplExecId="L1-2" MltplExecPrefix="client.Controller.RoadManager.java" NvrExecId="L1-0" NvrExecPrefix="client.Controller.RoadManager.java" OnceExecutedId="L1-1" OnceExecutedPrefix="client.Controller.RoadManager.java" OptBodyExec="true">
<StmntSeq Intrnl_Id="44">
<LocList>
<Loc EndOffset="586" SrcFileId="3" StartOffset="523"/>
</LocList>
<BasicStmnt CovItemId="S3" CovItemPrefix="client.Controller.RoadManager.java" Intrnl_Id="45">
<LocList>
<Loc EndOffset="586" SrcFileId="3" StartOffset="523"/>
</LocList>
</BasicStmnt>
</StmntSeq>
<Keyword EndOffset="482" SrcFileId="3" StartOffset="479"/>
<LocList>
<Loc EndOffset="591" SrcFileId="3" StartOffset="479"/>
</LocList>
<RootTerm CovItemId="C1" CovItemPrefix="client.Controller.RoadManager.java" Intrnl_Id="46">
<BasicBoolTerm Intrnl_Id="47">
<LocList>
<Loc EndOffset="510" SrcFileId="3" StartOffset="495"/>
</LocList>
</BasicBoolTerm>
</RootTerm>
</LoopStmnt>
<BasicStmnt CovItemId="S4" CovItemPrefix="client.Controller.RoadManager.java" Intrnl_Id="48">
<LocList>
<Loc EndOffset="619" SrcFileId="3" StartOffset="597"/>
</LocList>
</BasicStmnt>
</StmntSeq>
</HierarchyLvl>
<HierarchyLvl HierarchyLvlId="105" HierarchyLvlTypeId="15" Intrnl_Id="49" Name="findLongestRoadForPlayer">
<Header>
<Loc EndOffset="2585" SrcFileId="3" StartOffset="2533"/>
</Header>
<LocList>
<Loc EndOffset="2937" SrcFileId="3" StartOffset="2533"/>
</LocList>
<StmntSeq Intrnl_Id="50">
<LocList>
<Loc EndOffset="2603" SrcFileId="3" StartOffset="2591"/>
<Loc EndOffset="2918" SrcFileId="3" StartOffset="2607"/>
<Loc EndOffset="2933" SrcFileId="3" StartOffset="2922"/>
</LocList>
<BasicStmnt CovItemId="S5" CovItemPrefix="client.Controller.RoadManager.java" Intrnl_Id="51">
<LocList>
<Loc EndOffset="2603" SrcFileId="3" StartOffset="2591"/>
</LocList>
</BasicStmnt>
<LoopStmnt CovItemId="S6" CovItemPrefix="client.Controller.RoadManager.java" Intrnl_Id="52" MltplExecId="L2-2" MltplExecPrefix="client.Controller.RoadManager.java" NvrExecId="L2-0" NvrExecPrefix="client.Controller.RoadManager.java" OnceExecutedId="L2-1" OnceExecutedPrefix="client.Controller.RoadManager.java" OptBodyExec="true">
<StmntSeq Intrnl_Id="53">
<LocList>
<Loc EndOffset="2737" SrcFileId="3" StartOffset="2707"/>
<Loc EndOffset="2806" SrcFileId="3" StartOffset="2742"/>
<Loc EndOffset="2868" SrcFileId="3" StartOffset="2811"/>
<Loc EndOffset="2913" SrcFileId="3" StartOffset="2873"/>
</LocList>
<BasicStmnt CovItemId="S7" CovItemPrefix="client.Controller.RoadManager.java" Intrnl_Id="54">
<LocList>
<Loc EndOffset="2737" SrcFileId="3" StartOffset="2707"/>
</LocList>
</BasicStmnt>
<BasicStmnt CovItemId="S8" CovItemPrefix="client.Controller.RoadManager.java" Intrnl_Id="55">
<LocList>
<Loc EndOffset="2806" SrcFileId="3" StartOffset="2742"/>
</LocList>
</BasicStmnt>
<BasicStmnt CovItemId="S9" CovItemPrefix="client.Controller.RoadManager.java" Intrnl_Id="56">
<LocList>
<Loc EndOffset="2868" SrcFileId="3" StartOffset="2811"/>
</LocList>
</BasicStmnt>
<CondStmnt CovItemId="S10" CovItemPrefix="client.Controller.RoadManager.java" Intrnl_Id="57">
<Branch CovItemId="B1" CovItemPrefix="client.Controller.RoadManager.java" Implct="false" Intrnl_Id="58">
<Cond/>
<LocList>
<Loc EndOffset="2913" SrcFileId="3" StartOffset="2889"/>
</LocList>
<StmntSeq Intrnl_Id="59">
<LocList>
<Loc EndOffset="2907" SrcFileId="3" StartOffset="2896"/>
</LocList>
<BasicStmnt CovItemId="S11" CovItemPrefix="client.Controller.RoadManager.java" Intrnl_Id="60">
<LocList>
<Loc EndOffset="2907" SrcFileId="3" StartOffset="2896"/>
</LocList>
</BasicStmnt>
</StmntSeq>
</Branch>
<Branch CovItemId="B2" CovItemPrefix="client.Controller.RoadManager.java" Implct="true" Intrnl_Id="61">
<Cond/>
<LocList/>
<StmntSeq Intrnl_Id="62">
<LocList/>
</StmntSeq>
</Branch>
<Keyword EndOffset="2875" SrcFileId="3" StartOffset="2873"/>
<LocList>
<Loc EndOffset="2913" SrcFileId="3" StartOffset="2873"/>
</LocList>
<RootTerm CovItemId="C2" CovItemPrefix="client.Controller.RoadManager.java" Intrnl_Id="63">
<BasicBoolTerm Intrnl_Id="64">
<LocList>
<Loc EndOffset="2887" SrcFileId="3" StartOffset="2877"/>
</LocList>
</BasicBoolTerm>
</RootTerm>
</CondStmnt>
</StmntSeq>
<Keyword EndOffset="2610" SrcFileId="3" StartOffset="2607"/>
<LocList>
<Loc EndOffset="2918" SrcFileId="3" StartOffset="2607"/>
</LocList>
</LoopStmnt>
<BasicStmnt CovItemId="S12" CovItemPrefix="client.Controller.RoadManager.java" Intrnl_Id="65">
<LocList>
<Loc EndOffset="2933" SrcFileId="3" StartOffset="2922"/>
</LocList>
</BasicStmnt>
</StmntSeq>
</HierarchyLvl>
<HierarchyLvl HierarchyLvlId="106" HierarchyLvlTypeId="15" Intrnl_Id="66" Name="findLongestRoadForRoadPiece">
<Header>
<Loc EndOffset="3007" SrcFileId="3" StartOffset="2942"/>
</Header>
<LocList>
<Loc EndOffset="3471" SrcFileId="3" StartOffset="2942"/>
</LocList>
<StmntSeq Intrnl_Id="67">
<LocList>
<Loc EndOffset="3114" SrcFileId="3" StartOffset="3013"/>
<Loc EndOffset="3164" SrcFileId="3" StartOffset="3118"/>
<Loc EndOffset="3320" SrcFileId="3" StartOffset="3170"/>
<Loc EndOffset="3338" SrcFileId="3" StartOffset="3326"/>
<Loc EndOffset="3446" SrcFileId="3" StartOffset="3344"/>
<Loc EndOffset="3467" SrcFileId="3" StartOffset="3452"/>
</LocList>
<BasicStmnt CovItemId="S13" CovItemPrefix="client.Controller.RoadManager.java" Intrnl_Id="68">
<LocList>
<Loc EndOffset="3114" SrcFileId="3" StartOffset="3013"/>
</LocList>
</BasicStmnt>
<BasicStmnt CovItemId="S14" CovItemPrefix="client.Controller.RoadManager.java" Intrnl_Id="69">
<LocList>
<Loc EndOffset="3164" SrcFileId="3" StartOffset="3118"/>
</LocList>
</BasicStmnt>
<LoopStmnt CovItemId="S15" CovItemPrefix="client.Controller.RoadManager.java" Intrnl_Id="70" MltplExecId="L3-2" MltplExecPrefix="client.Controller.RoadManager.java" NvrExecId="L3-0" NvrExecPrefix="client.Controller.RoadManager.java" OnceExecutedId="L3-1" OnceExecutedPrefix="client.Controller.RoadManager.java" OptBodyExec="true">
<StmntSeq Intrnl_Id="71">
<LocList>
<Loc EndOffset="3315" SrcFileId="3" StartOffset="3223"/>
</LocList>
<BasicStmnt CovItemId="S16" CovItemPrefix="client.Controller.RoadManager.java" Intrnl_Id="72">
<LocList>
<Loc EndOffset="3315" SrcFileId="3" StartOffset="3223"/>
</LocList>
</BasicStmnt>
</StmntSeq>
<Keyword EndOffset="3173" SrcFileId="3" StartOffset="3170"/>
<LocList>
<Loc EndOffset="3320" SrcFileId="3" StartOffset="3170"/>
</LocList>
<RootTerm CovItemId="C3" CovItemPrefix="client.Controller.RoadManager.java" Intrnl_Id="73">
<BasicBoolTerm Intrnl_Id="74">
<LocList>
<Loc EndOffset="3210" SrcFileId="3" StartOffset="3186"/>
</LocList>
</BasicBoolTerm>
</RootTerm>
</LoopStmnt>
<BasicStmnt CovItemId="S17" CovItemPrefix="client.Controller.RoadManager.java" Intrnl_Id="75">
<LocList>
<Loc EndOffset="3338" SrcFileId="3" StartOffset="3326"/>
</LocList>
</BasicStmnt>
<LoopStmnt CovItemId="S18" CovItemPrefix="client.Controller.RoadManager.java" Intrnl_Id="76" MltplExecId="L4-2" MltplExecPrefix="client.Controller.RoadManager.java" NvrExecId="L4-0" NvrExecPrefix="client.Controller.RoadManager.java" OnceExecutedId="L4-1" OnceExecutedPrefix="client.Controller.RoadManager.java" OptBodyExec="true">
<StmntSeq Intrnl_Id="77">
<LocList>
<Loc EndOffset="3441" SrcFileId="3" StartOffset="3397"/>
</LocList>
<CondStmnt CovItemId="S19" CovItemPrefix="client.Controller.RoadManager.java" Intrnl_Id="78">
<Branch CovItemId="B3" CovItemPrefix="client.Controller.RoadManager.java" Implct="false" Intrnl_Id="79">
<Cond/>
<LocList>
<Loc EndOffset="3441" SrcFileId="3" StartOffset="3424"/>
</LocList>
<StmntSeq Intrnl_Id="80">
<LocList>
<Loc EndOffset="3441" SrcFileId="3" StartOffset="3424"/>
</LocList>
<BasicStmnt CovItemId="S20" CovItemPrefix="client.Controller.RoadManager.java" Intrnl_Id="81">
<LocList>
<Loc EndOffset="3441" SrcFileId="3" StartOffset="3424"/>
</LocList>
</BasicStmnt>
</StmntSeq>
</Branch>
<Branch CovItemId="B4" CovItemPrefix="client.Controller.RoadManager.java" Implct="true" Intrnl_Id="82">
<Cond/>
<LocList/>
<StmntSeq Intrnl_Id="83">
<LocList/>
</StmntSeq>
</Branch>
<Keyword EndOffset="3399" SrcFileId="3" StartOffset="3397"/>
<LocList>
<Loc EndOffset="3441" SrcFileId="3" StartOffset="3397"/>
</LocList>
<RootTerm CovItemId="C5" CovItemPrefix="client.Controller.RoadManager.java" Intrnl_Id="84">
<BasicBoolTerm Intrnl_Id="85">
<LocList>
<Loc EndOffset="3417" SrcFileId="3" StartOffset="3401"/>
</LocList>
</BasicBoolTerm>
</RootTerm>
</CondStmnt>
</StmntSeq>
<Keyword EndOffset="3347" SrcFileId="3" StartOffset="3344"/>
<LocList>
<Loc EndOffset="3446" SrcFileId="3" StartOffset="3344"/>
</LocList>
<RootTerm CovItemId="C4" CovItemPrefix="client.Controller.RoadManager.java" Intrnl_Id="86">
<BasicBoolTerm Intrnl_Id="87">
<LocList>
<Loc EndOffset="3384" SrcFileId="3" StartOffset="3360"/>
</LocList>
</BasicBoolTerm>
</RootTerm>
</LoopStmnt>
<BasicStmnt CovItemId="S21" CovItemPrefix="client.Controller.RoadManager.java" Intrnl_Id="88">
<LocList>
<Loc EndOffset="3467" SrcFileId="3" StartOffset="3452"/>
</LocList>
</BasicStmnt>
</StmntSeq>
</HierarchyLvl>
<HierarchyLvl HierarchyLvlId="107" HierarchyLvlTypeId="15" Intrnl_Id="89" Name="findLongestRoad">
<Header>
<Loc EndOffset="3581" SrcFileId="3" StartOffset="3476"/>
</Header>
<LocList>
<Loc EndOffset="4614" SrcFileId="3" StartOffset="3476"/>
</LocList>
<StmntSeq Intrnl_Id="90">
<LocList>
<Loc EndOffset="3707" SrcFileId="3" StartOffset="3589"/>
<Loc EndOffset="3770" SrcFileId="3" StartOffset="3711"/>
<Loc EndOffset="3940" SrcFileId="3" StartOffset="3774"/>
<Loc EndOffset="3983" SrcFileId="3" StartOffset="3946"/>
<Loc EndOffset="4030" SrcFileId="3" StartOffset="3989"/>
<Loc EndOffset="4082" SrcFileId="3" StartOffset="4036"/>
<Loc EndOffset="4165" SrcFileId="3" StartOffset="4086"/>
<Loc EndOffset="4200" SrcFileId="3" StartOffset="4169"/>
<Loc EndOffset="4325" SrcFileId="3" StartOffset="4206"/>
<Loc EndOffset="4567" SrcFileId="3" StartOffset="4331"/>
<Loc EndOffset="4610" SrcFileId="3" StartOffset="4597"/>
</LocList>
<BasicStmnt CovItemId="S22" CovItemPrefix="client.Controller.RoadManager.java" Intrnl_Id="91">
<LocList>
<Loc EndOffset="3707" SrcFileId="3" StartOffset="3589"/>
</LocList>
</BasicStmnt>
<BasicStmnt CovItemId="S23" CovItemPrefix="client.Controller.RoadManager.java" Intrnl_Id="92">
<LocList>
<Loc EndOffset="3770" SrcFileId="3" StartOffset="3711"/>
</LocList>
</BasicStmnt>
<LoopStmnt CovItemId="S24" CovItemPrefix="client.Controller.RoadManager.java" Intrnl_Id="93" MltplExecId="L5-2" MltplExecPrefix="client.Controller.RoadManager.java" NvrExecId="L5-0" NvrExecPrefix="client.Controller.RoadManager.java" OnceExecutedId="L5-1" OnceExecutedPrefix="client.Controller.RoadManager.java" OptBodyExec="true">
<StmntSeq Intrnl_Id="94">
<LocList>
<Loc EndOffset="3935" SrcFileId="3" StartOffset="3826"/>
</LocList>
<CondStmnt CovItemId="S25" CovItemPrefix="client.Controller.RoadManager.java" Intrnl_Id="95">
<Branch CovItemId="B5" CovItemPrefix="client.Controller.RoadManager.java" Implct="false" Intrnl_Id="96">
<Cond/>
<LocList>
<Loc EndOffset="3935" SrcFileId="3" StartOffset="3888"/>
</LocList>
<StmntSeq Intrnl_Id="97">
<LocList>
<Loc EndOffset="3929" SrcFileId="3" StartOffset="3895"/>
</LocList>
<BasicStmnt CovItemId="S26" CovItemPrefix="client.Controller.RoadManager.java" Intrnl_Id="98">
<LocList>
<Loc EndOffset="3929" SrcFileId="3" StartOffset="3895"/>
</LocList>
</BasicStmnt>
</StmntSeq>
</Branch>
<Branch CovItemId="B6" CovItemPrefix="client.Controller.RoadManager.java" Implct="true" Intrnl_Id="99">
<Cond/>
<LocList/>
<StmntSeq Intrnl_Id="100">
<LocList/>
</StmntSeq>
</Branch>
<Keyword EndOffset="3828" SrcFileId="3" StartOffset="3826"/>
<LocList>
<Loc EndOffset="3935" SrcFileId="3" StartOffset="3826"/>
</LocList>
<RootTerm CovItemId="C7" CovItemPrefix="client.Controller.RoadManager.java" Intrnl_Id="101">
<OpTerm BooleanOpId="12" Intrnl_Id="102">
<BasicBoolTerm Intrnl_Id="103">
<LocList>
<Loc EndOffset="3885" SrcFileId="3" StartOffset="3832"/>
</LocList>
</BasicBoolTerm>
<LocList>
<Loc EndOffset="3831" SrcFileId="3" StartOffset="3830"/>
</LocList>
</OpTerm>
</RootTerm>
</CondStmnt>
</StmntSeq>
<Keyword EndOffset="3777" SrcFileId="3" StartOffset="3774"/>
<LocList>
<Loc EndOffset="3940" SrcFileId="3" StartOffset="3774"/>
</LocList>
<RootTerm CovItemId="C6" CovItemPrefix="client.Controller.RoadManager.java" Intrnl_Id="104">
<BasicBoolTerm Intrnl_Id="105">
<LocList>
<Loc EndOffset="3813" SrcFileId="3" StartOffset="3790"/>
</LocList>
</BasicBoolTerm>
</RootTerm>
</LoopStmnt>
<BasicStmnt CovItemId="S27" CovItemPrefix="client.Controller.RoadManager.java" Intrnl_Id="106">
<LocList>
<Loc EndOffset="3983" SrcFileId="3" StartOffset="3946"/>
</LocList>
</BasicStmnt>
<CondStmnt CovItemId="S28" CovItemPrefix="client.Controller.RoadManager.java" Intrnl_Id="107">
<Branch CovItemId="B7" CovItemPrefix="client.Controller.RoadManager.java" Implct="false" Intrnl_Id="108">
<Cond/>
<LocList>
<Loc EndOffset="4030" SrcFileId="3" StartOffset="4010"/>
</LocList>
<StmntSeq Intrnl_Id="109">
<LocList>
<Loc EndOffset="4025" SrcFileId="3" StartOffset="4016"/>
</LocList>
<BasicStmnt CovItemId="S29" CovItemPrefix="client.Controller.RoadManager.java" Intrnl_Id="110">
<LocList>
<Loc EndOffset="4025" SrcFileId="3" StartOffset="4016"/>
</LocList>
</BasicStmnt>
</StmntSeq>
</Branch>
<Branch CovItemId="B8" CovItemPrefix="client.Controller.RoadManager.java" Implct="true" Intrnl_Id="111">
<Cond/>
<LocList/>
<StmntSeq Intrnl_Id="112">
<LocList/>
</StmntSeq>
</Branch>
<Keyword EndOffset="3991" SrcFileId="3" StartOffset="3989"/>
<LocList>
<Loc EndOffset="4030" SrcFileId="3" StartOffset="3989"/>
</LocList>
<RootTerm CovItemId="C8" CovItemPrefix="client.Controller.RoadManager.java" Intrnl_Id="113">
<BasicBoolTerm Intrnl_Id="114">
<LocList>
<Loc EndOffset="4008" SrcFileId="3" StartOffset="3993"/>
</LocList>
</BasicBoolTerm>
</RootTerm>
</CondStmnt>
<BasicStmnt CovItemId="S30" CovItemPrefix="client.Controller.RoadManager.java" Intrnl_Id="115">
<LocList>
<Loc EndOffset="4082" SrcFileId="3" StartOffset="4036"/>
</LocList>
</BasicStmnt>
<BasicStmnt CovItemId="S31" CovItemPrefix="client.Controller.RoadManager.java" Intrnl_Id="116">
<LocList>
<Loc EndOffset="4165" SrcFileId="3" StartOffset="4086"/>
</LocList>
</BasicStmnt>
<BasicStmnt CovItemId="S32" CovItemPrefix="client.Controller.RoadManager.java" Intrnl_Id="117">
<LocList>
<Loc EndOffset="4200" SrcFileId="3" StartOffset="4169"/>
</LocList>
</BasicStmnt>
<CondStmnt CovItemId="S33" CovItemPrefix="client.Controller.RoadManager.java" Intrnl_Id="118">
<Branch CovItemId="B9" CovItemPrefix="client.Controller.RoadManager.java" Implct="false" Intrnl_Id="119">
<Cond/>
<LocList>
<Loc EndOffset="4325" SrcFileId="3" StartOffset="4227"/>
</LocList>
<StmntSeq Intrnl_Id="120">
<LocList>
<Loc EndOffset="4320" SrcFileId="3" StartOffset="4233"/>
</LocList>
<BasicStmnt CovItemId="S34" CovItemPrefix="client.Controller.RoadManager.java" Intrnl_Id="121">
<LocList>
<Loc EndOffset="4320" SrcFileId="3" StartOffset="4233"/>
</LocList>
</BasicStmnt>
</StmntSeq>
</Branch>
<Branch CovItemId="B10" CovItemPrefix="client.Controller.RoadManager.java" Implct="true" Intrnl_Id="122">
<Cond/>
<LocList/>
<StmntSeq Intrnl_Id="123">
<LocList/>
</StmntSeq>
</Branch>
<Keyword EndOffset="4208" SrcFileId="3" StartOffset="4206"/>
<LocList>
<Loc EndOffset="4325" SrcFileId="3" StartOffset="4206"/>
</LocList>
<RootTerm CovItemId="C9" CovItemPrefix="client.Controller.RoadManager.java" Intrnl_Id="124">
<BasicBoolTerm Intrnl_Id="125">
<LocList>
<Loc EndOffset="4225" SrcFileId="3" StartOffset="4210"/>
</LocList>
</BasicBoolTerm>
</RootTerm>
</CondStmnt>
<CondStmnt CovItemId="S35" CovItemPrefix="client.Controller.RoadManager.java" Intrnl_Id="126">
<Branch CovItemId="B11" CovItemPrefix="client.Controller.RoadManager.java" Implct="false" Intrnl_Id="127">
<Cond/>
<LocList>
<Loc EndOffset="4567" SrcFileId="3" StartOffset="4352"/>
</LocList>
<StmntSeq Intrnl_Id="128">
<LocList>
<Loc EndOffset="4442" SrcFileId="3" StartOffset="4358"/>
<Loc EndOffset="4531" SrcFileId="3" StartOffset="4447"/>
<Loc EndOffset="4562" SrcFileId="3" StartOffset="4536"/>
</LocList>
<BasicStmnt CovItemId="S36" CovItemPrefix="client.Controller.RoadManager.java" Intrnl_Id="129">
<LocList>
<Loc EndOffset="4442" SrcFileId="3" StartOffset="4358"/>
</LocList>
</BasicStmnt>
<BasicStmnt CovItemId="S37" CovItemPrefix="client.Controller.RoadManager.java" Intrnl_Id="130">
<LocList>
<Loc EndOffset="4531" SrcFileId="3" StartOffset="4447"/>
</LocList>
</BasicStmnt>
<BasicStmnt CovItemId="S38" CovItemPrefix="client.Controller.RoadManager.java" Intrnl_Id="131">
<LocList>
<Loc EndOffset="4562" SrcFileId="3" StartOffset="4536"/>
</LocList>
</BasicStmnt>
</StmntSeq>
</Branch>
<Branch CovItemId="B12" CovItemPrefix="client.Controller.RoadManager.java" Implct="true" Intrnl_Id="132">
<Cond/>
<LocList/>
<StmntSeq Intrnl_Id="133">
<LocList/>
</StmntSeq>
</Branch>
<Keyword EndOffset="4333" SrcFileId="3" StartOffset="4331"/>
<LocList>
<Loc EndOffset="4567" SrcFileId="3" StartOffset="4331"/>
</LocList>
<RootTerm CovItemId="C10" CovItemPrefix="client.Controller.RoadManager.java" Intrnl_Id="134">
<BasicBoolTerm Intrnl_Id="135">
<LocList>
<Loc EndOffset="4350" SrcFileId="3" StartOffset="4335"/>
</LocList>
</BasicBoolTerm>
</RootTerm>
</CondStmnt>
<BasicStmnt CovItemId="S39" CovItemPrefix="client.Controller.RoadManager.java" Intrnl_Id="136">
<LocList>
<Loc EndOffset="4610" SrcFileId="3" StartOffset="4597"/>
</LocList>
</BasicStmnt>
</StmntSeq>
</HierarchyLvl>
<HierarchyLvl HierarchyLvlId="108" HierarchyLvlTypeId="15" Intrnl_Id="137" Name="containsRoad">
<Header>
<Loc EndOffset="4694" SrcFileId="3" StartOffset="4619"/>
</Header>
<LocList>
<Loc EndOffset="4859" SrcFileId="3" StartOffset="4619"/>
</LocList>
<StmntSeq Intrnl_Id="138">
<LocList>
<Loc EndOffset="4838" SrcFileId="3" StartOffset="4700"/>
<Loc EndOffset="4855" SrcFileId="3" StartOffset="4842"/>
</LocList>
<LoopStmnt CovItemId="S40" CovItemPrefix="client.Controller.RoadManager.java" Intrnl_Id="139" MltplExecId="L6-2" MltplExecPrefix="client.Controller.RoadManager.java" NvrExecId="L6-0" NvrExecPrefix="client.Controller.RoadManager.java" OnceExecutedId="L6-1" OnceExecutedPrefix="client.Controller.RoadManager.java" OptBodyExec="true">
<StmntSeq Intrnl_Id="140">
<LocList>
<Loc EndOffset="4833" SrcFileId="3" StartOffset="4762"/>
</LocList>
<CondStmnt CovItemId="S41" CovItemPrefix="client.Controller.RoadManager.java" Intrnl_Id="141">
<Branch CovItemId="B13" CovItemPrefix="client.Controller.RoadManager.java" Implct="false" Intrnl_Id="142">
<Cond/>
<LocList>
<Loc EndOffset="4833" SrcFileId="3" StartOffset="4808"/>
</LocList>
<StmntSeq Intrnl_Id="143">
<LocList>
<Loc EndOffset="4827" SrcFileId="3" StartOffset="4815"/>
</LocList>
<BasicStmnt CovItemId="S42" CovItemPrefix="client.Controller.RoadManager.java" Intrnl_Id="144">
<LocList>
<Loc EndOffset="4827" SrcFileId="3" StartOffset="4815"/>
</LocList>
</BasicStmnt>
</StmntSeq>
</Branch>
<Branch CovItemId="B14" CovItemPrefix="client.Controller.RoadManager.java" Implct="true" Intrnl_Id="145">
<Cond/>
<LocList/>
<StmntSeq Intrnl_Id="146">
<LocList/>
</StmntSeq>
</Branch>
<Keyword EndOffset="4764" SrcFileId="3" StartOffset="4762"/>
<LocList>
<Loc EndOffset="4833" SrcFileId="3" StartOffset="4762"/>
</LocList>
<RootTerm CovItemId="C12" CovItemPrefix="client.Controller.RoadManager.java" Intrnl_Id="147">
<BasicBoolTerm Intrnl_Id="148">
<LocList>
<Loc EndOffset="4806" SrcFileId="3" StartOffset="4766"/>
</LocList>
</BasicBoolTerm>
</RootTerm>
</CondStmnt>
</StmntSeq>
<Keyword EndOffset="4703" SrcFileId="3" StartOffset="4700"/>
<LocList>
<Loc EndOffset="4838" SrcFileId="3" StartOffset="4700"/>
</LocList>
<RootTerm CovItemId="C11" CovItemPrefix="client.Controller.RoadManager.java" Intrnl_Id="149">
<BasicBoolTerm Intrnl_Id="150">
<LocList>
<Loc EndOffset="4749" SrcFileId="3" StartOffset="4716"/>
</LocList>
</BasicBoolTerm>
</RootTerm>
</LoopStmnt>
<BasicStmnt CovItemId="S43" CovItemPrefix="client.Controller.RoadManager.java" Intrnl_Id="151">
<LocList>
<Loc EndOffset="4855" SrcFileId="3" StartOffset="4842"/>
</LocList>
</BasicStmnt>
</StmntSeq>
</HierarchyLvl>
<HierarchyLvl HierarchyLvlId="109" HierarchyLvlTypeId="15" Intrnl_Id="152" Name="main">
<Header>
<Loc EndOffset="4902" SrcFileId="3" StartOffset="4864"/>
</Header>
<LocList>
<Loc EndOffset="5294" SrcFileId="3" StartOffset="4864"/>
</LocList>
<StmntSeq Intrnl_Id="153">
<LocList>
<Loc EndOffset="4944" SrcFileId="3" StartOffset="4908"/>
<Loc EndOffset="4981" SrcFileId="3" StartOffset="4948"/>
<Loc EndOffset="5018" SrcFileId="3" StartOffset="4985"/>
<Loc EndOffset="5055" SrcFileId="3" StartOffset="5022"/>
<Loc EndOffset="5092" SrcFileId="3" StartOffset="5059"/>
<Loc EndOffset="5130" SrcFileId="3" StartOffset="5096"/>
<Loc EndOffset="5167" SrcFileId="3" StartOffset="5134"/>
<Loc EndOffset="5204" SrcFileId="3" StartOffset="5171"/>
</LocList>
<BasicStmnt CovItemId="S44" CovItemPrefix="client.Controller.RoadManager.java" Intrnl_Id="154">
<LocList>
<Loc EndOffset="4944" SrcFileId="3" StartOffset="4908"/>
</LocList>
</BasicStmnt>
<BasicStmnt CovItemId="S45" CovItemPrefix="client.Controller.RoadManager.java" Intrnl_Id="155">
<LocList>
<Loc EndOffset="4981" SrcFileId="3" StartOffset="4948"/>
</LocList>
</BasicStmnt>
<BasicStmnt CovItemId="S46" CovItemPrefix="client.Controller.RoadManager.java" Intrnl_Id="156">
<LocList>
<Loc EndOffset="5018" SrcFileId="3" StartOffset="4985"/>
</LocList>
</BasicStmnt>
<BasicStmnt CovItemId="S47" CovItemPrefix="client.Controller.RoadManager.java" Intrnl_Id="157">
<LocList>
<Loc EndOffset="5055" SrcFileId="3" StartOffset="5022"/>
</LocList>
</BasicStmnt>
<BasicStmnt CovItemId="S48" CovItemPrefix="client.Controller.RoadManager.java" Intrnl_Id="158">
<LocList>
<Loc EndOffset="5092" SrcFileId="3" StartOffset="5059"/>
</LocList>
</BasicStmnt>
<BasicStmnt CovItemId="S49" CovItemPrefix="client.Controller.RoadManager.java" Intrnl_Id="159">
<LocList>
<Loc EndOffset="5130" SrcFileId="3" StartOffset="5096"/>
</LocList>
</BasicStmnt>
<BasicStmnt CovItemId="S50" CovItemPrefix="client.Controller.RoadManager.java" Intrnl_Id="160">
<LocList>
<Loc EndOffset="5167" SrcFileId="3" StartOffset="5134"/>
</LocList>
</BasicStmnt>
<BasicStmnt CovItemId="S51" CovItemPrefix="client.Controller.RoadManager.java" Intrnl_Id="161">
<LocList>
<Loc EndOffset="5204" SrcFileId="3" StartOffset="5171"/>
</LocList>
</BasicStmnt>
</StmntSeq>
</HierarchyLvl>
<HierarchyLvl HierarchyLvlId="110" HierarchyLvlTypeId="15" Intrnl_Id="162" Name="addRoadPiece">
<Header>
<Loc EndOffset="5572" SrcFileId="3" StartOffset="5516"/>
</Header>
<LocList>
<Loc EndOffset="10504" SrcFileId="3" StartOffset="5516"/>
</LocList>
<StmntSeq Intrnl_Id="163">
<LocList>
<Loc EndOffset="5903" SrcFileId="3" StartOffset="5789"/>
<Loc EndOffset="5934" SrcFileId="3" StartOffset="5909"/>
<Loc EndOffset="6153" SrcFileId="3" StartOffset="5938"/>
<Loc EndOffset="10500" SrcFileId="3" StartOffset="6159"/>
</LocList>
<CondStmnt CovItemId="S52" CovItemPrefix="client.Controller.RoadManager.java" Intrnl_Id="164">
<Branch CovItemId="B15" CovItemPrefix="client.Controller.RoadManager.java" Implct="false" Intrnl_Id="165">
<Cond/>
<LocList>
<Loc EndOffset="5903" SrcFileId="3" StartOffset="5825"/>
</LocList>
<StmntSeq Intrnl_Id="166">
<LocList>
<Loc EndOffset="5903" SrcFileId="3" StartOffset="5825"/>
</LocList>
<BasicStmnt CovItemId="S53" CovItemPrefix="client.Controller.RoadManager.java" Intrnl_Id="167">
<LocList>
<Loc EndOffset="5903" SrcFileId="3" StartOffset="5825"/>
</LocList>
</BasicStmnt>
</StmntSeq>
</Branch>
<Branch CovItemId="B16" CovItemPrefix="client.Controller.RoadManager.java" Implct="true" Intrnl_Id="168">
<Cond/>
<LocList/>
<StmntSeq Intrnl_Id="169">
<LocList/>
</StmntSeq>
</Branch>
<Keyword EndOffset="5791" SrcFileId="3" StartOffset="5789"/>
<LocList>
<Loc EndOffset="5903" SrcFileId="3" StartOffset="5789"/>
</LocList>
<RootTerm CovItemId="C13" CovItemPrefix="client.Controller.RoadManager.java" Intrnl_Id="170">
<OpTerm BooleanOpId="11" Intrnl_Id="171">
<BasicBoolTerm Intrnl_Id="172">
<LocList>
<Loc EndOffset="5803" SrcFileId="3" StartOffset="5792"/>
</LocList>
</BasicBoolTerm>
<BasicBoolTerm Intrnl_Id="173">
<LocList>
<Loc EndOffset="5819" SrcFileId="3" StartOffset="5807"/>
</LocList>
</BasicBoolTerm>
<LocList>
<Loc EndOffset="5806" SrcFileId="3" StartOffset="5804"/>
</LocList>
</OpTerm>
</RootTerm>
</CondStmnt>
<BasicStmnt CovItemId="S54" CovItemPrefix="client.Controller.RoadManager.java" Intrnl_Id="174">
<LocList>
<Loc EndOffset="5934" SrcFileId="3" StartOffset="5909"/>
</LocList>
</BasicStmnt>
<LoopStmnt CovItemId="S55" CovItemPrefix="client.Controller.RoadManager.java" Intrnl_Id="175" MltplExecId="L7-2" MltplExecPrefix="client.Controller.RoadManager.java" NvrExecId="L7-0" NvrExecPrefix="client.Controller.RoadManager.java" OnceExecutedId="L7-1" OnceExecutedPrefix="client.Controller.RoadManager.java" OptBodyExec="true">
<StmntSeq Intrnl_Id="176">
<LocList>
<Loc EndOffset="6148" SrcFileId="3" StartOffset="6009"/>
</LocList>
<CondStmnt CovItemId="S56" CovItemPrefix="client.Controller.RoadManager.java" Intrnl_Id="177">
<Branch CovItemId="B17" CovItemPrefix="client.Controller.RoadManager.java" Implct="false" Intrnl_Id="178">
<Cond/>
<LocList>
<Loc EndOffset="6148" SrcFileId="3" StartOffset="6042"/>
</LocList>
<StmntSeq Intrnl_Id="179">
<LocList>
<Loc EndOffset="6142" SrcFileId="3" StartOffset="6124"/>
</LocList>
<BasicStmnt CovItemId="S57" CovItemPrefix="client.Controller.RoadManager.java" Intrnl_Id="180">
<LocList>
<Loc EndOffset="6142" SrcFileId="3" StartOffset="6124"/>
</LocList>
</BasicStmnt>
</StmntSeq>
</Branch>
<Branch CovItemId="B18" CovItemPrefix="client.Controller.RoadManager.java" Implct="true" Intrnl_Id="181">
<Cond/>
<LocList/>
<StmntSeq Intrnl_Id="182">
<LocList/>
</StmntSeq>
</Branch>
<Keyword EndOffset="6011" SrcFileId="3" StartOffset="6009"/>
<LocList>
<Loc EndOffset="6148" SrcFileId="3" StartOffset="6009"/>
</LocList>
<RootTerm CovItemId="C14" CovItemPrefix="client.Controller.RoadManager.java" Intrnl_Id="183">
<BasicBoolTerm Intrnl_Id="184">
<LocList>
<Loc EndOffset="6040" SrcFileId="3" StartOffset="6013"/>
</LocList>
</BasicBoolTerm>
</RootTerm>
</CondStmnt>
</StmntSeq>
<Keyword EndOffset="5941" SrcFileId="3" StartOffset="5938"/>
<LocList>
<Loc EndOffset="6153" SrcFileId="3" StartOffset="5938"/>
</LocList>
</LoopStmnt>
<CondStmnt CovItemId="S58" CovItemPrefix="client.Controller.RoadManager.java" Intrnl_Id="185">
<Branch CovItemId="B19" CovItemPrefix="client.Controller.RoadManager.java" Implct="false" Intrnl_Id="186">
<Cond/>
<LocList>
<Loc EndOffset="10500" SrcFileId="3" StartOffset="6174"/>
</LocList>
<StmntSeq Intrnl_Id="187">
<LocList>
<Loc EndOffset="6412" SrcFileId="3" StartOffset="6342"/>
<Loc EndOffset="6487" SrcFileId="3" StartOffset="6417"/>
<Loc EndOffset="6519" SrcFileId="3" StartOffset="6492"/>
<Loc EndOffset="6609" SrcFileId="3" StartOffset="6526"/>
<Loc EndOffset="6794" SrcFileId="3" StartOffset="6614"/>
<Loc EndOffset="6884" SrcFileId="3" StartOffset="6801"/>
<Loc EndOffset="7069" SrcFileId="3" StartOffset="6889"/>
<Loc EndOffset="10427" SrcFileId="3" StartOffset="7076"/>
<Loc EndOffset="10495" SrcFileId="3" StartOffset="10434"/>
</LocList>
<BasicStmnt CovItemId="S59" CovItemPrefix="client.Controller.RoadManager.java" Intrnl_Id="188">
<LocList>
<Loc EndOffset="6412" SrcFileId="3" StartOffset="6342"/>
</LocList>
</BasicStmnt>
<BasicStmnt CovItemId="S60" CovItemPrefix="client.Controller.RoadManager.java" Intrnl_Id="189">
<LocList>
<Loc EndOffset="6487" SrcFileId="3" StartOffset="6417"/>
</LocList>
</BasicStmnt>
<BasicStmnt CovItemId="S61" CovItemPrefix="client.Controller.RoadManager.java" Intrnl_Id="190">
<LocList>
<Loc EndOffset="6519" SrcFileId="3" StartOffset="6492"/>
</LocList>
</BasicStmnt>
<BasicStmnt CovItemId="S62" CovItemPrefix="client.Controller.RoadManager.java" Intrnl_Id="191">
<LocList>
<Loc EndOffset="6609" SrcFileId="3" StartOffset="6526"/>
</LocList>
</BasicStmnt>
<LoopStmnt CovItemId="S63" CovItemPrefix="client.Controller.RoadManager.java" Intrnl_Id="192" MltplExecId="L8-2" MltplExecPrefix="client.Controller.RoadManager.java" NvrExecId="L8-0" NvrExecPrefix="client.Controller.RoadManager.java" OnceExecutedId="L8-1" OnceExecutedPrefix="client.Controller.RoadManager.java" OptBodyExec="true">
<StmntSeq Intrnl_Id="193">
<LocList>
<Loc EndOffset="6788" SrcFileId="3" StartOffset="6652"/>
</LocList>
<CondStmnt CovItemId="S64" CovItemPrefix="client.Controller.RoadManager.java" Intrnl_Id="194">
<Branch CovItemId="B21" CovItemPrefix="client.Controller.RoadManager.java" Implct="false" Intrnl_Id="195">
<Cond/>
<LocList>
<Loc EndOffset="6788" SrcFileId="3" StartOffset="6715"/>
</LocList>
<StmntSeq Intrnl_Id="196">
<LocList>
<Loc EndOffset="6756" SrcFileId="3" StartOffset="6723"/>
<Loc EndOffset="6781" SrcFileId="3" StartOffset="6763"/>
</LocList>
<BasicStmnt CovItemId="S65" CovItemPrefix="client.Controller.RoadManager.java" Intrnl_Id="197">
<LocList>
<Loc EndOffset="6756" SrcFileId="3" StartOffset="6723"/>
</LocList>
</BasicStmnt>
<BasicStmnt CovItemId="S66" CovItemPrefix="client.Controller.RoadManager.java" Intrnl_Id="198">
<LocList>
<Loc EndOffset="6781" SrcFileId="3" StartOffset="6763"/>
</LocList>
</BasicStmnt>
</StmntSeq>
</Branch>
<Branch CovItemId="B22" CovItemPrefix="client.Controller.RoadManager.java" Implct="true" Intrnl_Id="199">
<Cond/>
<LocList/>
<StmntSeq Intrnl_Id="200">
<LocList/>
</StmntSeq>
</Branch>
<Keyword EndOffset="6654" SrcFileId="3" StartOffset="6652"/>
<LocList>
<Loc EndOffset="6788" SrcFileId="3" StartOffset="6652"/>
</LocList>
<RootTerm CovItemId="C16" CovItemPrefix="client.Controller.RoadManager.java" Intrnl_Id="201">
<BasicBoolTerm Intrnl_Id="202">
<LocList>
<Loc EndOffset="6713" SrcFileId="3" StartOffset="6656"/>
</LocList>
</BasicBoolTerm>
</RootTerm>
</CondStmnt>
</StmntSeq>
<Keyword EndOffset="6617" SrcFileId="3" StartOffset="6614"/>
<LocList>
<Loc EndOffset="6794" SrcFileId="3" StartOffset="6614"/>
</LocList>
</LoopStmnt>
<BasicStmnt CovItemId="S67" CovItemPrefix="client.Controller.RoadManager.java" Intrnl_Id="203">
<LocList>
<Loc EndOffset="6884" SrcFileId="3" StartOffset="6801"/>
</LocList>
</BasicStmnt>
<LoopStmnt CovItemId="S68" CovItemPrefix="client.Controller.RoadManager.java" Intrnl_Id="204" MltplExecId="L9-2" MltplExecPrefix="client.Controller.RoadManager.java" NvrExecId="L9-0" NvrExecPrefix="client.Controller.RoadManager.java" OnceExecutedId="L9-1" OnceExecutedPrefix="client.Controller.RoadManager.java" OptBodyExec="true">
<StmntSeq Intrnl_Id="205">
<LocList>
<Loc EndOffset="7063" SrcFileId="3" StartOffset="6927"/>
</LocList>
<CondStmnt CovItemId="S69" CovItemPrefix="client.Controller.RoadManager.java" Intrnl_Id="206">
<Branch CovItemId="B23" CovItemPrefix="client.Controller.RoadManager.java" Implct="false" Intrnl_Id="207">
<Cond/>
<LocList>
<Loc EndOffset="7063" SrcFileId="3" StartOffset="6990"/>
</LocList>
<StmntSeq Intrnl_Id="208">
<LocList>
<Loc EndOffset="7031" SrcFileId="3" StartOffset="6998"/>
<Loc EndOffset="7056" SrcFileId="3" StartOffset="7038"/>
</LocList>
<BasicStmnt CovItemId="S70" CovItemPrefix="client.Controller.RoadManager.java" Intrnl_Id="209">
<LocList>
<Loc EndOffset="7031" SrcFileId="3" StartOffset="6998"/>
</LocList>
</BasicStmnt>
<BasicStmnt CovItemId="S71" CovItemPrefix="client.Controller.RoadManager.java" Intrnl_Id="210">
<LocList>
<Loc EndOffset="7056" SrcFileId="3" StartOffset="7038"/>
</LocList>
</BasicStmnt>
</StmntSeq>
</Branch>
<Branch CovItemId="B24" CovItemPrefix="client.Controller.RoadManager.java" Implct="true" Intrnl_Id="211">
<Cond/>
<LocList/>
<StmntSeq Intrnl_Id="212">
<LocList/>
</StmntSeq>
</Branch>
<Keyword EndOffset="6929" SrcFileId="3" StartOffset="6927"/>
<LocList>
<Loc EndOffset="7063" SrcFileId="3" StartOffset="6927"/>
</LocList>
<RootTerm CovItemId="C17" CovItemPrefix="client.Controller.RoadManager.java" Intrnl_Id="213">
<BasicBoolTerm Intrnl_Id="214">
<LocList>
<Loc EndOffset="6988" SrcFileId="3" StartOffset="6931"/>
</LocList>
</BasicBoolTerm>
</RootTerm>
</CondStmnt>
</StmntSeq>
<Keyword EndOffset="6892" SrcFileId="3" StartOffset="6889"/>
<LocList>
<Loc EndOffset="7069" SrcFileId="3" StartOffset="6889"/>
</LocList>
</LoopStmnt>
<CondStmnt CovItemId="S72" CovItemPrefix="client.Controller.RoadManager.java" Intrnl_Id="215">
<Branch CovItemId="B25" CovItemPrefix="client.Controller.RoadManager.java" Implct="false" Intrnl_Id="216">
<Cond/>
<LocList>
<Loc EndOffset="10427" SrcFileId="3" StartOffset="7092"/>
</LocList>
<StmntSeq Intrnl_Id="217">
<LocList>
<Loc EndOffset="7237" SrcFileId="3" StartOffset="7161"/>
<Loc EndOffset="7371" SrcFileId="3" StartOffset="7243"/>
<Loc EndOffset="7455" SrcFileId="3" StartOffset="7379"/>
<Loc EndOffset="7589" SrcFileId="3" StartOffset="7461"/>
<Loc EndOffset="7745" SrcFileId="3" StartOffset="7597"/>
<Loc EndOffset="9200" SrcFileId="3" StartOffset="7985"/>
<Loc EndOffset="10421" SrcFileId="3" StartOffset="9206"/>
</LocList>
<BasicStmnt CovItemId="S73" CovItemPrefix="client.Controller.RoadManager.java" Intrnl_Id="218">
<LocList>
<Loc EndOffset="7237" SrcFileId="3" StartOffset="7161"/>
</LocList>
</BasicStmnt>
<LoopStmnt CovItemId="S74" CovItemPrefix="client.Controller.RoadManager.java" Intrnl_Id="219" MltplExecId="L10-2" MltplExecPrefix="client.Controller.RoadManager.java" NvrExecId="L10-0" NvrExecPrefix="client.Controller.RoadManager.java" OnceExecutedId="L10-1" OnceExecutedPrefix="client.Controller.RoadManager.java" OptBodyExec="true">
<StmntSeq Intrnl_Id="220">
<LocList>
<Loc EndOffset="7364" SrcFileId="3" StartOffset="7308"/>
</LocList>
<BasicStmnt CovItemId="S75" CovItemPrefix="client.Controller.RoadManager.java" Intrnl_Id="221">
<LocList>
<Loc EndOffset="7364" SrcFileId="3" StartOffset="7308"/>
</LocList>
</BasicStmnt>
</StmntSeq>
<Keyword EndOffset="7246" SrcFileId="3" StartOffset="7243"/>
<LocList>
<Loc EndOffset="7371" SrcFileId="3" StartOffset="7243"/>
</LocList>
<RootTerm CovItemId="C19" CovItemPrefix="client.Controller.RoadManager.java" Intrnl_Id="222">
<BasicBoolTerm Intrnl_Id="223">
<LocList>
<Loc EndOffset="7293" SrcFileId="3" StartOffset="7259"/>
</LocList>
</BasicBoolTerm>
</RootTerm>
</LoopStmnt>
<BasicStmnt CovItemId="S76" CovItemPrefix="client.Controller.RoadManager.java" Intrnl_Id="224">
<LocList>
<Loc EndOffset="7455" SrcFileId="3" StartOffset="7379"/>
</LocList>
</BasicStmnt>
<LoopStmnt CovItemId="S77" CovItemPrefix="client.Controller.RoadManager.java" Intrnl_Id="225" MltplExecId="L11-2" MltplExecPrefix="client.Controller.RoadManager.java" NvrExecId="L11-0" NvrExecPrefix="client.Controller.RoadManager.java" OnceExecutedId="L11-1" OnceExecutedPrefix="client.Controller.RoadManager.java" OptBodyExec="true">
<StmntSeq Intrnl_Id="226">
<LocList>
<Loc EndOffset="7582" SrcFileId="3" StartOffset="7526"/>
</LocList>
<BasicStmnt CovItemId="S78" CovItemPrefix="client.Controller.RoadManager.java" Intrnl_Id="227">
<LocList>
<Loc EndOffset="7582" SrcFileId="3" StartOffset="7526"/>
</LocList>
</BasicStmnt>
</StmntSeq>
<Keyword EndOffset="7464" SrcFileId="3" StartOffset="7461"/>
<LocList>
<Loc EndOffset="7589" SrcFileId="3" StartOffset="7461"/>
</LocList>
<RootTerm CovItemId="C20" CovItemPrefix="client.Controller.RoadManager.java" Intrnl_Id="228">
<BasicBoolTerm Intrnl_Id="229">
<LocList>
<Loc EndOffset="7511" SrcFileId="3" StartOffset="7477"/>
</LocList>
</BasicBoolTerm>
</RootTerm>
</LoopStmnt>
<BasicStmnt CovItemId="S79" CovItemPrefix="client.Controller.RoadManager.java" Intrnl_Id="230">
<LocList>
<Loc EndOffset="7745" SrcFileId="3" StartOffset="7597"/>
</LocList>
</BasicStmnt>
<LoopStmnt CovItemId="S80" CovItemPrefix="client.Controller.RoadManager.java" Intrnl_Id="231" MltplExecId="L12-2" MltplExecPrefix="client.Controller.RoadManager.java" NvrExecId="L12-0" NvrExecPrefix="client.Controller.RoadManager.java" OnceExecutedId="L12-1" OnceExecutedPrefix="client.Controller.RoadManager.java" OptBodyExec="true">
<StmntSeq Intrnl_Id="232">
<LocList>
<Loc EndOffset="8063" SrcFileId="3" StartOffset="8029"/>
<Loc EndOffset="8127" SrcFileId="3" StartOffset="8070"/>
<Loc EndOffset="8628" SrcFileId="3" StartOffset="8134"/>
<Loc EndOffset="8692" SrcFileId="3" StartOffset="8635"/>
<Loc EndOffset="9193" SrcFileId="3" StartOffset="8699"/>
</LocList>
<BasicStmnt CovItemId="S81" CovItemPrefix="client.Controller.RoadManager.java" Intrnl_Id="233">
<LocList>
<Loc EndOffset="8063" SrcFileId="3" StartOffset="8029"/>
</LocList>
</BasicStmnt>
<BasicStmnt CovItemId="S82" CovItemPrefix="client.Controller.RoadManager.java" Intrnl_Id="234">
<LocList>
<Loc EndOffset="8127" SrcFileId="3" StartOffset="8070"/>
</LocList>
</BasicStmnt>
<LoopStmnt CovItemId="S83" CovItemPrefix="client.Controller.RoadManager.java" Intrnl_Id="235" MltplExecId="L13-2" MltplExecPrefix="client.Controller.RoadManager.java" NvrExecId="L13-0" NvrExecPrefix="client.Controller.RoadManager.java" OnceExecutedId="L13-1" OnceExecutedPrefix="client.Controller.RoadManager.java" OptBodyExec="true">
<StmntSeq Intrnl_Id="236">
<LocList>
<Loc EndOffset="8620" SrcFileId="3" StartOffset="8178"/>
</LocList>
<CondStmnt CovItemId="S84" CovItemPrefix="client.Controller.RoadManager.java" Intrnl_Id="237">
<Branch CovItemId="B27" CovItemPrefix="client.Controller.RoadManager.java" Implct="false" Intrnl_Id="238">
<Cond/>
<LocList>
<Loc EndOffset="8620" SrcFileId="3" StartOffset="8201"/>
</LocList>
<StmntSeq Intrnl_Id="239">
<LocList>
<Loc EndOffset="8321" SrcFileId="3" StartOffset="8211"/>
<Loc EndOffset="8374" SrcFileId="3" StartOffset="8330"/>
<Loc EndOffset="8471" SrcFileId="3" StartOffset="8383"/>
<Loc EndOffset="8516" SrcFileId="3" StartOffset="8480"/>
<Loc EndOffset="8611" SrcFileId="3" StartOffset="8525"/>
</LocList>
<BasicStmnt CovItemId="S85" CovItemPrefix="client.Controller.RoadManager.java" Intrnl_Id="240">
<LocList>
<Loc EndOffset="8321" SrcFileId="3" StartOffset="8211"/>
</LocList>
</BasicStmnt>
<BasicStmnt CovItemId="S86" CovItemPrefix="client.Controller.RoadManager.java" Intrnl_Id="241">
<LocList>
<Loc EndOffset="8374" SrcFileId="3" StartOffset="8330"/>
</LocList>
</BasicStmnt>
<LoopStmnt CovItemId="S87" CovItemPrefix="client.Controller.RoadManager.java" Intrnl_Id="242" MltplExecId="L14-2" MltplExecPrefix="client.Controller.RoadManager.java" NvrExecId="L14-0" NvrExecPrefix="client.Controller.RoadManager.java" OnceExecutedId="L14-1" OnceExecutedPrefix="client.Controller.RoadManager.java" OptBodyExec="true">
<StmntSeq Intrnl_Id="243">
<LocList>
<Loc EndOffset="8461" SrcFileId="3" StartOffset="8437"/>
</LocList>
<BasicStmnt CovItemId="S88" CovItemPrefix="client.Controller.RoadManager.java" Intrnl_Id="244">
<LocList>
<Loc EndOffset="8461" SrcFileId="3" StartOffset="8437"/>
</LocList>
</BasicStmnt>
</StmntSeq>
<Keyword EndOffset="8386" SrcFileId="3" StartOffset="8383"/>
<LocList>
<Loc EndOffset="8471" SrcFileId="3" StartOffset="8383"/>
</LocList>
<RootTerm CovItemId="C23" CovItemPrefix="client.Controller.RoadManager.java" Intrnl_Id="245">
<BasicBoolTerm Intrnl_Id="246">
<LocList>
<Loc EndOffset="8419" SrcFileId="3" StartOffset="8399"/>
</LocList>
</BasicBoolTerm>
</RootTerm>
</LoopStmnt>
<BasicStmnt CovItemId="S89" CovItemPrefix="client.Controller.RoadManager.java" Intrnl_Id="247">
<LocList>
<Loc EndOffset="8516" SrcFileId="3" StartOffset="8480"/>
</LocList>
</BasicStmnt>
<BasicStmnt CovItemId="S90" CovItemPrefix="client.Controller.RoadManager.java" Intrnl_Id="248">
<LocList>
<Loc EndOffset="8611" SrcFileId="3" StartOffset="8525"/>
</LocList>
</BasicStmnt>
</StmntSeq>
</Branch>
<Branch CovItemId="B28" CovItemPrefix="client.Controller.RoadManager.java" Implct="true" Intrnl_Id="249">
<Cond/>
<LocList/>
<StmntSeq Intrnl_Id="250">
<LocList/>
</StmntSeq>
</Branch>
<Keyword EndOffset="8180" SrcFileId="3" StartOffset="8178"/>
<LocList>
<Loc EndOffset="8620" SrcFileId="3" StartOffset="8178"/>
</LocList>
<RootTerm CovItemId="C22" CovItemPrefix="client.Controller.RoadManager.java" Intrnl_Id="251">
<BasicBoolTerm Intrnl_Id="252">
<LocList>
<Loc EndOffset="8199" SrcFileId="3" StartOffset="8182"/>
</LocList>
</BasicBoolTerm>
</RootTerm>
</CondStmnt>
</StmntSeq>
<Keyword EndOffset="8137" SrcFileId="3" StartOffset="8134"/>
<LocList>
<Loc EndOffset="8628" SrcFileId="3" StartOffset="8134"/>
</LocList>
<RootTerm CovItemId="C21" CovItemPrefix="client.Controller.RoadManager.java" Intrnl_Id="253">
<BasicBoolTerm Intrnl_Id="254">
<LocList>
<Loc EndOffset="8162" SrcFileId="3" StartOffset="8150"/>
</LocList>
</BasicBoolTerm>
</RootTerm>
</LoopStmnt>
<BasicStmnt CovItemId="S91" CovItemPrefix="client.Controller.RoadManager.java" Intrnl_Id="255">
<LocList>
<Loc EndOffset="8692" SrcFileId="3" StartOffset="8635"/>
</LocList>
</BasicStmnt>
<LoopStmnt CovItemId="S92" CovItemPrefix="client.Controller.RoadManager.java" Intrnl_Id="256" MltplExecId="L15-2" MltplExecPrefix="client.Controller.RoadManager.java" NvrExecId="L15-0" NvrExecPrefix="client.Controller.RoadManager.java" OnceExecutedId="L15-1" OnceExecutedPrefix="client.Controller.RoadManager.java" OptBodyExec="true">
<StmntSeq Intrnl_Id="257">
<LocList>
<Loc EndOffset="9185" SrcFileId="3" StartOffset="8743"/>
</LocList>
<CondStmnt CovItemId="S93" CovItemPrefix="client.Controller.RoadManager.java" Intrnl_Id="258">
<Branch CovItemId="B29" CovItemPrefix="client.Controller.RoadManager.java" Implct="false" Intrnl_Id="259">
<Cond/>
<LocList>
<Loc EndOffset="9185" SrcFileId="3" StartOffset="8766"/>
</LocList>
<StmntSeq Intrnl_Id="260">
<LocList>
<Loc EndOffset="8886" SrcFileId="3" StartOffset="8776"/>
<Loc EndOffset="8939" SrcFileId="3" StartOffset="8895"/>
<Loc EndOffset="9036" SrcFileId="3" StartOffset="8948"/>
<Loc EndOffset="9081" SrcFileId="3" StartOffset="9045"/>
<Loc EndOffset="9176" SrcFileId="3" StartOffset="9090"/>
</LocList>
<BasicStmnt CovItemId="S94" CovItemPrefix="client.Controller.RoadManager.java" Intrnl_Id="261">
<LocList>
<Loc EndOffset="8886" SrcFileId="3" StartOffset="8776"/>
</LocList>
</BasicStmnt>
<BasicStmnt CovItemId="S95" CovItemPrefix="client.Controller.RoadManager.java" Intrnl_Id="262">
<LocList>
<Loc EndOffset="8939" SrcFileId="3" StartOffset="8895"/>
</LocList>
</BasicStmnt>
<LoopStmnt CovItemId="S96" CovItemPrefix="client.Controller.RoadManager.java" Intrnl_Id="263" MltplExecId="L16-2" MltplExecPrefix="client.Controller.RoadManager.java" NvrExecId="L16-0" NvrExecPrefix="client.Controller.RoadManager.java" OnceExecutedId="L16-1" OnceExecutedPrefix="client.Controller.RoadManager.java" OptBodyExec="true">
<StmntSeq Intrnl_Id="264">
<LocList>
<Loc EndOffset="9026" SrcFileId="3" StartOffset="9002"/>
</LocList>
<BasicStmnt CovItemId="S97" CovItemPrefix="client.Controller.RoadManager.java" Intrnl_Id="265">
<LocList>
<Loc EndOffset="9026" SrcFileId="3" StartOffset="9002"/>
</LocList>
</BasicStmnt>
</StmntSeq>
<Keyword EndOffset="8951" SrcFileId="3" StartOffset="8948"/>
<LocList>
<Loc EndOffset="9036" SrcFileId="3" StartOffset="8948"/>
</LocList>
<RootTerm CovItemId="C26" CovItemPrefix="client.Controller.RoadManager.java" Intrnl_Id="266">
<BasicBoolTerm Intrnl_Id="267">
<LocList>
<Loc EndOffset="8984" SrcFileId="3" StartOffset="8964"/>
</LocList>
</BasicBoolTerm>
</RootTerm>
</LoopStmnt>
<BasicStmnt CovItemId="S98" CovItemPrefix="client.Controller.RoadManager.java" Intrnl_Id="268">
<LocList>
<Loc EndOffset="9081" SrcFileId="3" StartOffset="9045"/>
</LocList>
</BasicStmnt>
<BasicStmnt CovItemId="S99" CovItemPrefix="client.Controller.RoadManager.java" Intrnl_Id="269">
<LocList>
<Loc EndOffset="9176" SrcFileId="3" StartOffset="9090"/>
</LocList>
</BasicStmnt>
</StmntSeq>
</Branch>
<Branch CovItemId="B30" CovItemPrefix="client.Controller.RoadManager.java" Implct="true" Intrnl_Id="270">
<Cond/>
<LocList/>
<StmntSeq Intrnl_Id="271">
<LocList/>
</StmntSeq>
</Branch>
<Keyword EndOffset="8745" SrcFileId="3" StartOffset="8743"/>
<LocList>
<Loc EndOffset="9185" SrcFileId="3" StartOffset="8743"/>
</LocList>
<RootTerm CovItemId="C25" CovItemPrefix="client.Controller.RoadManager.java" Intrnl_Id="272">
<BasicBoolTerm Intrnl_Id="273">
<LocList>
<Loc EndOffset="8764" SrcFileId="3" StartOffset="8747"/>
</LocList>
</BasicBoolTerm>
</RootTerm>
</CondStmnt>
</StmntSeq>
<Keyword EndOffset="8702" SrcFileId="3" StartOffset="8699"/>
<LocList>
<Loc EndOffset="9193" SrcFileId="3" StartOffset="8699"/>
</LocList>
<RootTerm CovItemId="C24" CovItemPrefix="client.Controller.RoadManager.java" Intrnl_Id="274">
<BasicBoolTerm Intrnl_Id="275">
<LocList>
<Loc EndOffset="8727" SrcFileId="3" StartOffset="8715"/>
</LocList>
</BasicBoolTerm>
</RootTerm>
</LoopStmnt>
</StmntSeq>
<Keyword EndOffset="7988" SrcFileId="3" StartOffset="7985"/>
<LocList>
<Loc EndOffset="9200" SrcFileId="3" StartOffset="7985"/>
</LocList>
</LoopStmnt>
<LoopStmnt CovItemId="S100" CovItemPrefix="client.Controller.RoadManager.java" Intrnl_Id="276" MltplExecId="L17-2" MltplExecPrefix="client.Controller.RoadManager.java" NvrExecId="L17-0" NvrExecPrefix="client.Controller.RoadManager.java" OnceExecutedId="L17-1" OnceExecutedPrefix="client.Controller.RoadManager.java" OptBodyExec="true">
<StmntSeq Intrnl_Id="277">
<LocList>
<Loc EndOffset="9284" SrcFileId="3" StartOffset="9250"/>
<Loc EndOffset="9348" SrcFileId="3" StartOffset="9291"/>
<Loc EndOffset="9849" SrcFileId="3" StartOffset="9355"/>
<Loc EndOffset="9913" SrcFileId="3" StartOffset="9856"/>
<Loc EndOffset="10414" SrcFileId="3" StartOffset="9920"/>
</LocList>
<BasicStmnt CovItemId="S101" CovItemPrefix="client.Controller.RoadManager.java" Intrnl_Id="278">
<LocList>
<Loc EndOffset="9284" SrcFileId="3" StartOffset="9250"/>
</LocList>
</BasicStmnt>
<BasicStmnt CovItemId="S102" CovItemPrefix="client.Controller.RoadManager.java" Intrnl_Id="279">
<LocList>
<Loc EndOffset="9348" SrcFileId="3" StartOffset="9291"/>
</LocList>
</BasicStmnt>
<LoopStmnt CovItemId="S103" CovItemPrefix="client.Controller.RoadManager.java" Intrnl_Id="280" MltplExecId="L18-2" MltplExecPrefix="client.Controller.RoadManager.java" NvrExecId="L18-0" NvrExecPrefix="client.Controller.RoadManager.java" OnceExecutedId="L18-1" OnceExecutedPrefix="client.Controller.RoadManager.java" OptBodyExec="true">
<StmntSeq Intrnl_Id="281">
<LocList>
<Loc EndOffset="9841" SrcFileId="3" StartOffset="9399"/>
</LocList>
<CondStmnt CovItemId="S104" CovItemPrefix="client.Controller.RoadManager.java" Intrnl_Id="282">
<Branch CovItemId="B31" CovItemPrefix="client.Controller.RoadManager.java" Implct="false" Intrnl_Id="283">
<Cond/>
<LocList>
<Loc EndOffset="9841" SrcFileId="3" StartOffset="9422"/>
</LocList>
<StmntSeq Intrnl_Id="284">
<LocList>
<Loc EndOffset="9542" SrcFileId="3" StartOffset="9432"/>
<Loc EndOffset="9595" SrcFileId="3" StartOffset="9551"/>
<Loc EndOffset="9692" SrcFileId="3" StartOffset="9604"/>
<Loc EndOffset="9737" SrcFileId="3" StartOffset="9701"/>
<Loc EndOffset="9832" SrcFileId="3" StartOffset="9746"/>
</LocList>
<BasicStmnt CovItemId="S105" CovItemPrefix="client.Controller.RoadManager.java" Intrnl_Id="285">
<LocList>
<Loc EndOffset="9542" SrcFileId="3" StartOffset="9432"/>
</LocList>
</BasicStmnt>
<BasicStmnt CovItemId="S106" CovItemPrefix="client.Controller.RoadManager.java" Intrnl_Id="286">
<LocList>
<Loc EndOffset="9595" SrcFileId="3" StartOffset="9551"/>
</LocList>
</BasicStmnt>
<LoopStmnt CovItemId="S107" CovItemPrefix="client.Controller.RoadManager.java" Intrnl_Id="287" MltplExecId="L19-2" MltplExecPrefix="client.Controller.RoadManager.java" NvrExecId="L19-0" NvrExecPrefix="client.Controller.RoadManager.java" OnceExecutedId="L19-1" OnceExecutedPrefix="client.Controller.RoadManager.java" OptBodyExec="true">
<StmntSeq Intrnl_Id="288">
<LocList>
<Loc EndOffset="9682" SrcFileId="3" StartOffset="9658"/>
</LocList>
<BasicStmnt CovItemId="S108" CovItemPrefix="client.Controller.RoadManager.java" Intrnl_Id="289">
<LocList>
<Loc EndOffset="9682" SrcFileId="3" StartOffset="9658"/>
</LocList>
</BasicStmnt>
</StmntSeq>
<Keyword EndOffset="9607" SrcFileId="3" StartOffset="9604"/>
<LocList>
<Loc EndOffset="9692" SrcFileId="3" StartOffset="9604"/>
</LocList>
<RootTerm CovItemId="C29" CovItemPrefix="client.Controller.RoadManager.java" Intrnl_Id="290">
<BasicBoolTerm Intrnl_Id="291">
<LocList>
<Loc EndOffset="9640" SrcFileId="3" StartOffset="9620"/>
</LocList>
</BasicBoolTerm>
</RootTerm>
</LoopStmnt>
<BasicStmnt CovItemId="S109" CovItemPrefix="client.Controller.RoadManager.java" Intrnl_Id="292">
<LocList>
<Loc EndOffset="9737" SrcFileId="3" StartOffset="9701"/>
</LocList>
</BasicStmnt>
<BasicStmnt CovItemId="S110" CovItemPrefix="client.Controller.RoadManager.java" Intrnl_Id="293">
<LocList>
<Loc EndOffset="9832" SrcFileId="3" StartOffset="9746"/>
</LocList>
</BasicStmnt>
</StmntSeq>
</Branch>
<Branch CovItemId="B32" CovItemPrefix="client.Controller.RoadManager.java" Implct="true" Intrnl_Id="294">
<Cond/>
<LocList/>
<StmntSeq Intrnl_Id="295">
<LocList/>
</StmntSeq>
</Branch>
<Keyword EndOffset="9401" SrcFileId="3" StartOffset="9399"/>
<LocList>
<Loc EndOffset="9841" SrcFileId="3" StartOffset="9399"/>
</LocList>
<RootTerm CovItemId="C28" CovItemPrefix="client.Controller.RoadManager.java" Intrnl_Id="296">
<BasicBoolTerm Intrnl_Id="297">
<LocList>
<Loc EndOffset="9420" SrcFileId="3" StartOffset="9403"/>
</LocList>
</BasicBoolTerm>
</RootTerm>
</CondStmnt>
</StmntSeq>
<Keyword EndOffset="9358" SrcFileId="3" StartOffset="9355"/>
<LocList>
<Loc EndOffset="9849" SrcFileId="3" StartOffset="9355"/>
</LocList>
<RootTerm CovItemId="C27" CovItemPrefix="client.Controller.RoadManager.java" Intrnl_Id="298">
<BasicBoolTerm Intrnl_Id="299">
<LocList>
<Loc EndOffset="9383" SrcFileId="3" StartOffset="9371"/>
</LocList>
</BasicBoolTerm>
</RootTerm>
</LoopStmnt>
<BasicStmnt CovItemId="S111" CovItemPrefix="client.Controller.RoadManager.java" Intrnl_Id="300">
<LocList>
<Loc EndOffset="9913" SrcFileId="3" StartOffset="9856"/>
</LocList>
</BasicStmnt>
<LoopStmnt CovItemId="S112" CovItemPrefix="client.Controller.RoadManager.java" Intrnl_Id="301" MltplExecId="L20-2" MltplExecPrefix="client.Controller.RoadManager.java" NvrExecId="L20-0" NvrExecPrefix="client.Controller.RoadManager.java" OnceExecutedId="L20-1" OnceExecutedPrefix="client.Controller.RoadManager.java" OptBodyExec="true">
<StmntSeq Intrnl_Id="302">
<LocList>
<Loc EndOffset="10406" SrcFileId="3" StartOffset="9964"/>
</LocList>
<CondStmnt CovItemId="S113" CovItemPrefix="client.Controller.RoadManager.java" Intrnl_Id="303">
<Branch CovItemId="B33" CovItemPrefix="client.Controller.RoadManager.java" Implct="false" Intrnl_Id="304">
<Cond/>
<LocList>
<Loc EndOffset="10406" SrcFileId="3" StartOffset="9987"/>
</LocList>
<StmntSeq Intrnl_Id="305">
<LocList>
<Loc EndOffset="10107" SrcFileId="3" StartOffset="9997"/>
<Loc EndOffset="10160" SrcFileId="3" StartOffset="10116"/>
<Loc EndOffset="10257" SrcFileId="3" StartOffset="10169"/>
<Loc EndOffset="10302" SrcFileId="3" StartOffset="10266"/>
<Loc EndOffset="10397" SrcFileId="3" StartOffset="10311"/>
</LocList>
<BasicStmnt CovItemId="S114" CovItemPrefix="client.Controller.RoadManager.java" Intrnl_Id="306">
<LocList>
<Loc EndOffset="10107" SrcFileId="3" StartOffset="9997"/>
</LocList>
</BasicStmnt>
<BasicStmnt CovItemId="S115" CovItemPrefix="client.Controller.RoadManager.java" Intrnl_Id="307">
<LocList>
<Loc EndOffset="10160" SrcFileId="3" StartOffset="10116"/>
</LocList>
</BasicStmnt>
<LoopStmnt CovItemId="S116" CovItemPrefix="client.Controller.RoadManager.java" Intrnl_Id="308" MltplExecId="L21-2" MltplExecPrefix="client.Controller.RoadManager.java" NvrExecId="L21-0" NvrExecPrefix="client.Controller.RoadManager.java" OnceExecutedId="L21-1" OnceExecutedPrefix="client.Controller.RoadManager.java" OptBodyExec="true">
<StmntSeq Intrnl_Id="309">
<LocList>
<Loc EndOffset="10247" SrcFileId="3" StartOffset="10223"/>
</LocList>
<BasicStmnt CovItemId="S117" CovItemPrefix="client.Controller.RoadManager.java" Intrnl_Id="310">
<LocList>
<Loc EndOffset="10247" SrcFileId="3" StartOffset="10223"/>
</LocList>
</BasicStmnt>
</StmntSeq>
<Keyword EndOffset="10172" SrcFileId="3" StartOffset="10169"/>
<LocList>
<Loc EndOffset="10257" SrcFileId="3" StartOffset="10169"/>
</LocList>
<RootTerm CovItemId="C32" CovItemPrefix="client.Controller.RoadManager.java" Intrnl_Id="311">
<BasicBoolTerm Intrnl_Id="312">
<LocList>
<Loc EndOffset="10205" SrcFileId="3" StartOffset="10185"/>
</LocList>
</BasicBoolTerm>
</RootTerm>
</LoopStmnt>
<BasicStmnt CovItemId="S118" CovItemPrefix="client.Controller.RoadManager.java" Intrnl_Id="313">
<LocList>
<Loc EndOffset="10302" SrcFileId="3" StartOffset="10266"/>
</LocList>
</BasicStmnt>
<BasicStmnt CovItemId="S119" CovItemPrefix="client.Controller.RoadManager.java" Intrnl_Id="314">
<LocList>
<Loc EndOffset="10397" SrcFileId="3" StartOffset="10311"/>
</LocList>
</BasicStmnt>
</StmntSeq>
</Branch>
<Branch CovItemId="B34" CovItemPrefix="client.Controller.RoadManager.java" Implct="true" Intrnl_Id="315">
<Cond/>
<LocList/>
<StmntSeq Intrnl_Id="316">
<LocList/>
</StmntSeq>
</Branch>
<Keyword EndOffset="9966" SrcFileId="3" StartOffset="9964"/>
<LocList>
<Loc EndOffset="10406" SrcFileId="3" StartOffset="9964"/>
</LocList>
<RootTerm CovItemId="C31" CovItemPrefix="client.Controller.RoadManager.java" Intrnl_Id="317">
<BasicBoolTerm Intrnl_Id="318">
<LocList>
<Loc EndOffset="9985" SrcFileId="3" StartOffset="9968"/>
</LocList>
</BasicBoolTerm>
</RootTerm>
</CondStmnt>
</StmntSeq>
<Keyword EndOffset="9923" SrcFileId="3" StartOffset="9920"/>
<LocList>
<Loc EndOffset="10414" SrcFileId="3" StartOffset="9920"/>
</LocList>
<RootTerm CovItemId="C30" CovItemPrefix="client.Controller.RoadManager.java" Intrnl_Id="319">
<BasicBoolTerm Intrnl_Id="320">
<LocList>
<Loc EndOffset="9948" SrcFileId="3" StartOffset="9936"/>
</LocList>
</BasicBoolTerm>
</RootTerm>
</LoopStmnt>
</StmntSeq>
<Keyword EndOffset="9209" SrcFileId="3" StartOffset="9206"/>
<LocList>
<Loc EndOffset="10421" SrcFileId="3" StartOffset="9206"/>
</LocList>
</LoopStmnt>
</StmntSeq>
</Branch>
<Branch CovItemId="B26" CovItemPrefix="client.Controller.RoadManager.java" Implct="true" Intrnl_Id="321">
<Cond/>
<LocList/>
<StmntSeq Intrnl_Id="322">
<LocList/>
</StmntSeq>
</Branch>
<Keyword EndOffset="7078" SrcFileId="3" StartOffset="7076"/>
<LocList>
<Loc EndOffset="10427" SrcFileId="3" StartOffset="7076"/>
</LocList>
<RootTerm CovItemId="C18" CovItemPrefix="client.Controller.RoadManager.java" Intrnl_Id="323">
<BasicBoolTerm Intrnl_Id="324">
<LocList>
<Loc EndOffset="7090" SrcFileId="3" StartOffset="7080"/>
</LocList>
</BasicBoolTerm>
</RootTerm>
</CondStmnt>
<BasicStmnt CovItemId="S120" CovItemPrefix="client.Controller.RoadManager.java" Intrnl_Id="325">
<LocList>
<Loc EndOffset="10495" SrcFileId="3" StartOffset="10434"/>
</LocList>
</BasicStmnt>
</StmntSeq>
</Branch>
<Branch CovItemId="B20" CovItemPrefix="client.Controller.RoadManager.java" Implct="true" Intrnl_Id="326">
<Cond/>
<LocList/>
<StmntSeq Intrnl_Id="327">
<LocList/>
</StmntSeq>
</Branch>
<Keyword EndOffset="6161" SrcFileId="3" StartOffset="6159"/>
<LocList>
<Loc EndOffset="10500" SrcFileId="3" StartOffset="6159"/>
</LocList>
<RootTerm CovItemId="C15" CovItemPrefix="client.Controller.RoadManager.java" Intrnl_Id="328">
<BasicBoolTerm Intrnl_Id="329">
<LocList>
<Loc EndOffset="6172" SrcFileId="3" StartOffset="6163"/>
</LocList>
</BasicBoolTerm>
</RootTerm>
</CondStmnt>
</StmntSeq>
</HierarchyLvl>
<HierarchyLvl HierarchyLvlId="111" HierarchyLvlTypeId="15" Intrnl_Id="330" Name="addRoadPieceAtBeginning">
<Header>
<Loc EndOffset="10576" SrcFileId="3" StartOffset="10509"/>
</Header>
<LocList>
<Loc EndOffset="15099" SrcFileId="3" StartOffset="10509"/>
</LocList>
<StmntSeq Intrnl_Id="331">
<LocList>
<Loc EndOffset="10824" SrcFileId="3" StartOffset="10799"/>
<Loc EndOffset="11043" SrcFileId="3" StartOffset="10828"/>
<Loc EndOffset="15093" SrcFileId="3" StartOffset="11049"/>
</LocList>
<BasicStmnt CovItemId="S121" CovItemPrefix="client.Controller.RoadManager.java" Intrnl_Id="332">
<LocList>
<Loc EndOffset="10824" SrcFileId="3" StartOffset="10799"/>
</LocList>
</BasicStmnt>
<LoopStmnt CovItemId="S122" CovItemPrefix="client.Controller.RoadManager.java" Intrnl_Id="333" MltplExecId="L22-2" MltplExecPrefix="client.Controller.RoadManager.java" NvrExecId="L22-0" NvrExecPrefix="client.Controller.RoadManager.java" OnceExecutedId="L22-1" OnceExecutedPrefix="client.Controller.RoadManager.java" OptBodyExec="true">
<StmntSeq Intrnl_Id="334">
<LocList>
<Loc EndOffset="11038" SrcFileId="3" StartOffset="10899"/>
</LocList>
<CondStmnt CovItemId="S123" CovItemPrefix="client.Controller.RoadManager.java" Intrnl_Id="335">
<Branch CovItemId="B35" CovItemPrefix="client.Controller.RoadManager.java" Implct="false" Intrnl_Id="336">
<Cond/>
<LocList>
<Loc EndOffset="11038" SrcFileId="3" StartOffset="10932"/>
</LocList>
<StmntSeq Intrnl_Id="337">
<LocList>
<Loc EndOffset="11032" SrcFileId="3" StartOffset="11014"/>
</LocList>
<BasicStmnt CovItemId="S124" CovItemPrefix="client.Controller.RoadManager.java" Intrnl_Id="338">
<LocList>
<Loc EndOffset="11032" SrcFileId="3" StartOffset="11014"/>
</LocList>
</BasicStmnt>
</StmntSeq>
</Branch>
<Branch CovItemId="B36" CovItemPrefix="client.Controller.RoadManager.java" Implct="true" Intrnl_Id="339">
<Cond/>
<LocList/>
<StmntSeq Intrnl_Id="340">
<LocList/>
</StmntSeq>
</Branch>
<Keyword EndOffset="10901" SrcFileId="3" StartOffset="10899"/>
<LocList>
<Loc EndOffset="11038" SrcFileId="3" StartOffset="10899"/>
</LocList>
<RootTerm CovItemId="C33" CovItemPrefix="client.Controller.RoadManager.java" Intrnl_Id="341">
<BasicBoolTerm Intrnl_Id="342">
<LocList>
<Loc EndOffset="10930" SrcFileId="3" StartOffset="10903"/>
</LocList>
</BasicBoolTerm>
</RootTerm>
</CondStmnt>
</StmntSeq>
<Keyword EndOffset="10831" SrcFileId="3" StartOffset="10828"/>
<LocList>
<Loc EndOffset="11043" SrcFileId="3" StartOffset="10828"/>
</LocList>
</LoopStmnt>
<CondStmnt CovItemId="S125" CovItemPrefix="client.Controller.RoadManager.java" Intrnl_Id="343">
<Branch CovItemId="B37" CovItemPrefix="client.Controller.RoadManager.java" Implct="false" Intrnl_Id="344">
<Cond/>
<LocList>
<Loc EndOffset="15093" SrcFileId="3" StartOffset="11064"/>
</LocList>
<StmntSeq Intrnl_Id="345">
<LocList>
<Loc EndOffset="11262" SrcFileId="3" StartOffset="11192"/>
<Loc EndOffset="11337" SrcFileId="3" StartOffset="11267"/>
<Loc EndOffset="11427" SrcFileId="3" StartOffset="11344"/>
<Loc EndOffset="11587" SrcFileId="3" StartOffset="11432"/>
<Loc EndOffset="11677" SrcFileId="3" StartOffset="11594"/>
<Loc EndOffset="11837" SrcFileId="3" StartOffset="11682"/>
<Loc EndOffset="11973" SrcFileId="3" StartOffset="11905"/>
<Loc EndOffset="12104" SrcFileId="3" StartOffset="11978"/>
<Loc EndOffset="12179" SrcFileId="3" StartOffset="12111"/>
<Loc EndOffset="12310" SrcFileId="3" StartOffset="12184"/>
<Loc EndOffset="12462" SrcFileId="3" StartOffset="12317"/>
<Loc EndOffset="13852" SrcFileId="3" StartOffset="12689"/>
<Loc EndOffset="15020" SrcFileId="3" StartOffset="13857"/>
<Loc EndOffset="15088" SrcFileId="3" StartOffset="15027"/>
</LocList>
<BasicStmnt CovItemId="S126" CovItemPrefix="client.Controller.RoadManager.java" Intrnl_Id="346">
<LocList>
<Loc EndOffset="11262" SrcFileId="3" StartOffset="11192"/>
</LocList>
</BasicStmnt>
<BasicStmnt CovItemId="S127" CovItemPrefix="client.Controller.RoadManager.java" Intrnl_Id="347">
<LocList>
<Loc EndOffset="11337" SrcFileId="3" StartOffset="11267"/>
</LocList>
</BasicStmnt>
<BasicStmnt CovItemId="S128" CovItemPrefix="client.Controller.RoadManager.java" Intrnl_Id="348">
<LocList>
<Loc EndOffset="11427" SrcFileId="3" StartOffset="11344"/>
</LocList>
</BasicStmnt>
<LoopStmnt CovItemId="S129" CovItemPrefix="client.Controller.RoadManager.java" Intrnl_Id="349" MltplExecId="L23-2" MltplExecPrefix="client.Controller.RoadManager.java" NvrExecId="L23-0" NvrExecPrefix="client.Controller.RoadManager.java" OnceExecutedId="L23-1" OnceExecutedPrefix="client.Controller.RoadManager.java" OptBodyExec="true">
<StmntSeq Intrnl_Id="350">
<LocList>
<Loc EndOffset="11581" SrcFileId="3" StartOffset="11470"/>
</LocList>
<CondStmnt CovItemId="S130" CovItemPrefix="client.Controller.RoadManager.java" Intrnl_Id="351">
<Branch CovItemId="B39" CovItemPrefix="client.Controller.RoadManager.java" Implct="false" Intrnl_Id="352">
<Cond/>
<LocList>
<Loc EndOffset="11581" SrcFileId="3" StartOffset="11533"/>
</LocList>
<StmntSeq Intrnl_Id="353">
<LocList>
<Loc EndOffset="11574" SrcFileId="3" StartOffset="11541"/>
</LocList>
<BasicStmnt CovItemId="S131" CovItemPrefix="client.Controller.RoadManager.java" Intrnl_Id="354">
<LocList>
<Loc EndOffset="11574" SrcFileId="3" StartOffset="11541"/>
</LocList>
</BasicStmnt>
</StmntSeq>
</Branch>
<Branch CovItemId="B40" CovItemPrefix="client.Controller.RoadManager.java" Implct="true" Intrnl_Id="355">
<Cond/>
<LocList/>
<StmntSeq Intrnl_Id="356">
<LocList/>
</StmntSeq>
</Branch>
<Keyword EndOffset="11472" SrcFileId="3" StartOffset="11470"/>
<LocList>
<Loc EndOffset="11581" SrcFileId="3" StartOffset="11470"/>
</LocList>
<RootTerm CovItemId="C35" CovItemPrefix="client.Controller.RoadManager.java" Intrnl_Id="357">
<BasicBoolTerm Intrnl_Id="358">
<LocList>
<Loc EndOffset="11531" SrcFileId="3" StartOffset="11474"/>
</LocList>
</BasicBoolTerm>
</RootTerm>
</CondStmnt>
</StmntSeq>
<Keyword EndOffset="11435" SrcFileId="3" StartOffset="11432"/>
<LocList>
<Loc EndOffset="11587" SrcFileId="3" StartOffset="11432"/>
</LocList>
</LoopStmnt>
<BasicStmnt CovItemId="S132" CovItemPrefix="client.Controller.RoadManager.java" Intrnl_Id="359">
<LocList>
<Loc EndOffset="11677" SrcFileId="3" StartOffset="11594"/>
</LocList>
</BasicStmnt>
<LoopStmnt CovItemId="S133" CovItemPrefix="client.Controller.RoadManager.java" Intrnl_Id="360" MltplExecId="L24-2" MltplExecPrefix="client.Controller.RoadManager.java" NvrExecId="L24-0" NvrExecPrefix="client.Controller.RoadManager.java" OnceExecutedId="L24-1" OnceExecutedPrefix="client.Controller.RoadManager.java" OptBodyExec="true">
<StmntSeq Intrnl_Id="361">
<LocList>
<Loc EndOffset="11831" SrcFileId="3" StartOffset="11720"/>
</LocList>
<CondStmnt CovItemId="S134" CovItemPrefix="client.Controller.RoadManager.java" Intrnl_Id="362">
<Branch CovItemId="B41" CovItemPrefix="client.Controller.RoadManager.java" Implct="false" Intrnl_Id="363">
<Cond/>
<LocList>
<Loc EndOffset="11831" SrcFileId="3" StartOffset="11783"/>
</LocList>
<StmntSeq Intrnl_Id="364">
<LocList>
<Loc EndOffset="11824" SrcFileId="3" StartOffset="11791"/>
</LocList>
<BasicStmnt CovItemId="S135" CovItemPrefix="client.Controller.RoadManager.java" Intrnl_Id="365">
<LocList>
<Loc EndOffset="11824" SrcFileId="3" StartOffset="11791"/>
</LocList>
</BasicStmnt>
</StmntSeq>
</Branch>
<Branch CovItemId="B42" CovItemPrefix="client.Controller.RoadManager.java" Implct="true" Intrnl_Id="366">
<Cond/>
<LocList/>
<StmntSeq Intrnl_Id="367">
<LocList/>
</StmntSeq>
</Branch>
<Keyword EndOffset="11722" SrcFileId="3" StartOffset="11720"/>
<LocList>
<Loc EndOffset="11831" SrcFileId="3" StartOffset="11720"/>
</LocList>
<RootTerm CovItemId="C36" CovItemPrefix="client.Controller.RoadManager.java" Intrnl_Id="368">
<BasicBoolTerm Intrnl_Id="369">
<LocList>
<Loc EndOffset="11781" SrcFileId="3" StartOffset="11724"/>
</LocList>
</BasicBoolTerm>
</RootTerm>
</CondStmnt>
</StmntSeq>
<Keyword EndOffset="11685" SrcFileId="3" StartOffset="11682"/>
<LocList>
<Loc EndOffset="11837" SrcFileId="3" StartOffset="11682"/>
</LocList>
</LoopStmnt>
<BasicStmnt CovItemId="S136" CovItemPrefix="client.Controller.RoadManager.java" Intrnl_Id="370">
<LocList>
<Loc EndOffset="11973" SrcFileId="3" StartOffset="11905"/>
</LocList>
</BasicStmnt>
<LoopStmnt CovItemId="S137" CovItemPrefix="client.Controller.RoadManager.java" Intrnl_Id="371" MltplExecId="L25-2" MltplExecPrefix="client.Controller.RoadManager.java" NvrExecId="L25-0" NvrExecPrefix="client.Controller.RoadManager.java" OnceExecutedId="L25-1" OnceExecutedPrefix="client.Controller.RoadManager.java" OptBodyExec="true">
<StmntSeq Intrnl_Id="372">
<LocList>
<Loc EndOffset="12098" SrcFileId="3" StartOffset="12042"/>
</LocList>
<BasicStmnt CovItemId="S138" CovItemPrefix="client.Controller.RoadManager.java" Intrnl_Id="373">
<LocList>
<Loc EndOffset="12098" SrcFileId="3" StartOffset="12042"/>
</LocList>
</BasicStmnt>
</StmntSeq>
<Keyword EndOffset="11981" SrcFileId="3" StartOffset="11978"/>
<LocList>
<Loc EndOffset="12104" SrcFileId="3" StartOffset="11978"/>
</LocList>
<RootTerm CovItemId="C37" CovItemPrefix="client.Controller.RoadManager.java" Intrnl_Id="374">
<BasicBoolTerm Intrnl_Id="375">
<LocList>
<Loc EndOffset="12028" SrcFileId="3" StartOffset="11994"/>
</LocList>
</BasicBoolTerm>
</RootTerm>
</LoopStmnt>
<BasicStmnt CovItemId="S139" CovItemPrefix="client.Controller.RoadManager.java" Intrnl_Id="376">
<LocList>
<Loc EndOffset="12179" SrcFileId="3" StartOffset="12111"/>
</LocList>
</BasicStmnt>
<LoopStmnt CovItemId="S140" CovItemPrefix="client.Controller.RoadManager.java" Intrnl_Id="377" MltplExecId="L26-2" MltplExecPrefix="client.Controller.RoadManager.java" NvrExecId="L26-0" NvrExecPrefix="client.Controller.RoadManager.java" OnceExecutedId="L26-1" OnceExecutedPrefix="client.Controller.RoadManager.java" OptBodyExec="true">
<StmntSeq Intrnl_Id="378">
<LocList>
<Loc EndOffset="12304" SrcFileId="3" StartOffset="12248"/>
</LocList>
<BasicStmnt CovItemId="S141" CovItemPrefix="client.Controller.RoadManager.java" Intrnl_Id="379">
<LocList>
<Loc EndOffset="12304" SrcFileId="3" StartOffset="12248"/>
</LocList>
</BasicStmnt>
</StmntSeq>
<Keyword EndOffset="12187" SrcFileId="3" StartOffset="12184"/>
<LocList>
<Loc EndOffset="12310" SrcFileId="3" StartOffset="12184"/>
</LocList>
<RootTerm CovItemId="C38" CovItemPrefix="client.Controller.RoadManager.java" Intrnl_Id="380">
<BasicBoolTerm Intrnl_Id="381">
<LocList>
<Loc EndOffset="12234" SrcFileId="3" StartOffset="12200"/>
</LocList>
</BasicBoolTerm>
</RootTerm>
</LoopStmnt>
<BasicStmnt CovItemId="S142" CovItemPrefix="client.Controller.RoadManager.java" Intrnl_Id="382">
<LocList>
<Loc EndOffset="12462" SrcFileId="3" StartOffset="12317"/>
</LocList>
</BasicStmnt>
<LoopStmnt CovItemId="S143" CovItemPrefix="client.Controller.RoadManager.java" Intrnl_Id="383" MltplExecId="L27-2" MltplExecPrefix="client.Controller.RoadManager.java" NvrExecId="L27-0" NvrExecPrefix="client.Controller.RoadManager.java" OnceExecutedId="L27-1" OnceExecutedPrefix="client.Controller.RoadManager.java" OptBodyExec="true">
<StmntSeq Intrnl_Id="384">
<LocList>
<Loc EndOffset="12766" SrcFileId="3" StartOffset="12732"/>
<Loc EndOffset="12829" SrcFileId="3" StartOffset="12772"/>
<Loc EndOffset="13306" SrcFileId="3" StartOffset="12835"/>
<Loc EndOffset="13369" SrcFileId="3" StartOffset="13312"/>
<Loc EndOffset="13846" SrcFileId="3" StartOffset="13375"/>
</LocList>
<BasicStmnt CovItemId="S144" CovItemPrefix="client.Controller.RoadManager.java" Intrnl_Id="385">
<LocList>
<Loc EndOffset="12766" SrcFileId="3" StartOffset="12732"/>
</LocList>
</BasicStmnt>
<BasicStmnt CovItemId="S145" CovItemPrefix="client.Controller.RoadManager.java" Intrnl_Id="386">
<LocList>
<Loc EndOffset="12829" SrcFileId="3" StartOffset="12772"/>
</LocList>
</BasicStmnt>
<LoopStmnt CovItemId="S146" CovItemPrefix="client.Controller.RoadManager.java" Intrnl_Id="387" MltplExecId="L28-2" MltplExecPrefix="client.Controller.RoadManager.java" NvrExecId="L28-0" NvrExecPrefix="client.Controller.RoadManager.java" OnceExecutedId="L28-1" OnceExecutedPrefix="client.Controller.RoadManager.java" OptBodyExec="true">
<StmntSeq Intrnl_Id="388">
<LocList>
<Loc EndOffset="13299" SrcFileId="3" StartOffset="12878"/>
</LocList>
<CondStmnt CovItemId="S147" CovItemPrefix="client.Controller.RoadManager.java" Intrnl_Id="389">
<Branch CovItemId="B43" CovItemPrefix="client.Controller.RoadManager.java" Implct="false" Intrnl_Id="390">
<Cond/>
<LocList>
<Loc EndOffset="13299" SrcFileId="3" StartOffset="12901"/>
</LocList>
<StmntSeq Intrnl_Id="391">
<LocList>
<Loc EndOffset="13008" SrcFileId="3" StartOffset="12910"/>
<Loc EndOffset="13060" SrcFileId="3" StartOffset="13016"/>
<Loc EndOffset="13154" SrcFileId="3" StartOffset="13068"/>
<Loc EndOffset="13198" SrcFileId="3" StartOffset="13162"/>
<Loc EndOffset="13291" SrcFileId="3" StartOffset="13206"/>
</LocList>
<BasicStmnt CovItemId="S148" CovItemPrefix="client.Controller.RoadManager.java" Intrnl_Id="392">
<LocList>
<Loc EndOffset="13008" SrcFileId="3" StartOffset="12910"/>
</LocList>
</BasicStmnt>
<BasicStmnt CovItemId="S149" CovItemPrefix="client.Controller.RoadManager.java" Intrnl_Id="393">
<LocList>
<Loc EndOffset="13060" SrcFileId="3" StartOffset="13016"/>
</LocList>
</BasicStmnt>
<LoopStmnt CovItemId="S150" CovItemPrefix="client.Controller.RoadManager.java" Intrnl_Id="394" MltplExecId="L29-2" MltplExecPrefix="client.Controller.RoadManager.java" NvrExecId="L29-0" NvrExecPrefix="client.Controller.RoadManager.java" OnceExecutedId="L29-1" OnceExecutedPrefix="client.Controller.RoadManager.java" OptBodyExec="true">
<StmntSeq Intrnl_Id="395">
<LocList>
<Loc EndOffset="13145" SrcFileId="3" StartOffset="13121"/>
</LocList>
<BasicStmnt CovItemId="S151" CovItemPrefix="client.Controller.RoadManager.java" Intrnl_Id="396">
<LocList>
<Loc EndOffset="13145" SrcFileId="3" StartOffset="13121"/>
</LocList>
</BasicStmnt>
</StmntSeq>
<Keyword EndOffset="13071" SrcFileId="3" StartOffset="13068"/>
<LocList>
<Loc EndOffset="13154" SrcFileId="3" StartOffset="13068"/>
</LocList>
<RootTerm CovItemId="C41" CovItemPrefix="client.Controller.RoadManager.java" Intrnl_Id="397">
<BasicBoolTerm Intrnl_Id="398">
<LocList>
<Loc EndOffset="13104" SrcFileId="3" StartOffset="13084"/>
</LocList>
</BasicBoolTerm>
</RootTerm>
</LoopStmnt>
<BasicStmnt CovItemId="S152" CovItemPrefix="client.Controller.RoadManager.java" Intrnl_Id="399">
<LocList>
<Loc EndOffset="13198" SrcFileId="3" StartOffset="13162"/>
</LocList>
</BasicStmnt>
<BasicStmnt CovItemId="S153" CovItemPrefix="client.Controller.RoadManager.java" Intrnl_Id="400">
<LocList>
<Loc EndOffset="13291" SrcFileId="3" StartOffset="13206"/>
</LocList>
</BasicStmnt>
</StmntSeq>
</Branch>
<Branch CovItemId="B44" CovItemPrefix="client.Controller.RoadManager.java" Implct="true" Intrnl_Id="401">
<Cond/>
<LocList/>
<StmntSeq Intrnl_Id="402">
<LocList/>
</StmntSeq>
</Branch>
<Keyword EndOffset="12880" SrcFileId="3" StartOffset="12878"/>
<LocList>
<Loc EndOffset="13299" SrcFileId="3" StartOffset="12878"/>
</LocList>
<RootTerm CovItemId="C40" CovItemPrefix="client.Controller.RoadManager.java" Intrnl_Id="403">
<BasicBoolTerm Intrnl_Id="404">
<LocList>
<Loc EndOffset="12899" SrcFileId="3" StartOffset="12882"/>
</LocList>
</BasicBoolTerm>
</RootTerm>
</CondStmnt>
</StmntSeq>
<Keyword EndOffset="12838" SrcFileId="3" StartOffset="12835"/>
<LocList>
<Loc EndOffset="13306" SrcFileId="3" StartOffset="12835"/>
</LocList>
<RootTerm CovItemId="C39" CovItemPrefix="client.Controller.RoadManager.java" Intrnl_Id="405">
<BasicBoolTerm Intrnl_Id="406">
<LocList>
<Loc EndOffset="12863" SrcFileId="3" StartOffset="12851"/>
</LocList>
</BasicBoolTerm>
</RootTerm>
</LoopStmnt>
<BasicStmnt CovItemId="S154" CovItemPrefix="client.Controller.RoadManager.java" Intrnl_Id="407">
<LocList>
<Loc EndOffset="13369" SrcFileId="3" StartOffset="13312"/>
</LocList>
</BasicStmnt>
<LoopStmnt CovItemId="S155" CovItemPrefix="client.Controller.RoadManager.java" Intrnl_Id="408" MltplExecId="L30-2" MltplExecPrefix="client.Controller.RoadManager.java" NvrExecId="L30-0" NvrExecPrefix="client.Controller.RoadManager.java" OnceExecutedId="L30-1" OnceExecutedPrefix="client.Controller.RoadManager.java" OptBodyExec="true">
<StmntSeq Intrnl_Id="409">
<LocList>
<Loc EndOffset="13839" SrcFileId="3" StartOffset="13418"/>
</LocList>
<CondStmnt CovItemId="S156" CovItemPrefix="client.Controller.RoadManager.java" Intrnl_Id="410">
<Branch CovItemId="B45" CovItemPrefix="client.Controller.RoadManager.java" Implct="false" Intrnl_Id="411">
<Cond/>
<LocList>
<Loc EndOffset="13839" SrcFileId="3" StartOffset="13441"/>
</LocList>
<StmntSeq Intrnl_Id="412">
<LocList>
<Loc EndOffset="13548" SrcFileId="3" StartOffset="13450"/>
<Loc EndOffset="13600" SrcFileId="3" StartOffset="13556"/>
<Loc EndOffset="13694" SrcFileId="3" StartOffset="13608"/>
<Loc EndOffset="13738" SrcFileId="3" StartOffset="13702"/>
<Loc EndOffset="13831" SrcFileId="3" StartOffset="13746"/>
</LocList>
<BasicStmnt CovItemId="S157" CovItemPrefix="client.Controller.RoadManager.java" Intrnl_Id="413">
<LocList>
<Loc EndOffset="13548" SrcFileId="3" StartOffset="13450"/>
</LocList>
</BasicStmnt>
<BasicStmnt CovItemId="S158" CovItemPrefix="client.Controller.RoadManager.java" Intrnl_Id="414">
<LocList>
<Loc EndOffset="13600" SrcFileId="3" StartOffset="13556"/>
</LocList>
</BasicStmnt>
<LoopStmnt CovItemId="S159" CovItemPrefix="client.Controller.RoadManager.java" Intrnl_Id="415" MltplExecId="L31-2" MltplExecPrefix="client.Controller.RoadManager.java" NvrExecId="L31-0" NvrExecPrefix="client.Controller.RoadManager.java" OnceExecutedId="L31-1" OnceExecutedPrefix="client.Controller.RoadManager.java" OptBodyExec="true">
<StmntSeq Intrnl_Id="416">
<LocList>
<Loc EndOffset="13685" SrcFileId="3" StartOffset="13661"/>
</LocList>
<BasicStmnt CovItemId="S160" CovItemPrefix="client.Controller.RoadManager.java" Intrnl_Id="417">
<LocList>
<Loc EndOffset="13685" SrcFileId="3" StartOffset="13661"/>
</LocList>
</BasicStmnt>
</StmntSeq>
<Keyword EndOffset="13611" SrcFileId="3" StartOffset="13608"/>
<LocList>
<Loc EndOffset="13694" SrcFileId="3" StartOffset="13608"/>
</LocList>
<RootTerm CovItemId="C44" CovItemPrefix="client.Controller.RoadManager.java" Intrnl_Id="418">
<BasicBoolTerm Intrnl_Id="419">
<LocList>
<Loc EndOffset="13644" SrcFileId="3" StartOffset="13624"/>
</LocList>
</BasicBoolTerm>
</RootTerm>
</LoopStmnt>
<BasicStmnt CovItemId="S161" CovItemPrefix="client.Controller.RoadManager.java" Intrnl_Id="420">
<LocList>
<Loc EndOffset="13738" SrcFileId="3" StartOffset="13702"/>
</LocList>
</BasicStmnt>
<BasicStmnt CovItemId="S162" CovItemPrefix="client.Controller.RoadManager.java" Intrnl_Id="421">
<LocList>
<Loc EndOffset="13831" SrcFileId="3" StartOffset="13746"/>
</LocList>
</BasicStmnt>
</StmntSeq>
</Branch>
<Branch CovItemId="B46" CovItemPrefix="client.Controller.RoadManager.java" Implct="true" Intrnl_Id="422">
<Cond/>
<LocList/>
<StmntSeq Intrnl_Id="423">
<LocList/>
</StmntSeq>
</Branch>
<Keyword EndOffset="13420" SrcFileId="3" StartOffset="13418"/>
<LocList>
<Loc EndOffset="13839" SrcFileId="3" StartOffset="13418"/>
</LocList>
<RootTerm CovItemId="C43" CovItemPrefix="client.Controller.RoadManager.java" Intrnl_Id="424">
<BasicBoolTerm Intrnl_Id="425">
<LocList>
<Loc EndOffset="13439" SrcFileId="3" StartOffset="13422"/>
</LocList>
</BasicBoolTerm>
</RootTerm>
</CondStmnt>
</StmntSeq>
<Keyword EndOffset="13378" SrcFileId="3" StartOffset="13375"/>
<LocList>
<Loc EndOffset="13846" SrcFileId="3" StartOffset="13375"/>
</LocList>
<RootTerm CovItemId="C42" CovItemPrefix="client.Controller.RoadManager.java" Intrnl_Id="426">
<BasicBoolTerm Intrnl_Id="427">
<LocList>
<Loc EndOffset="13403" SrcFileId="3" StartOffset="13391"/>
</LocList>
</BasicBoolTerm>
</RootTerm>
</LoopStmnt>
</StmntSeq>
<Keyword EndOffset="12692" SrcFileId="3" StartOffset="12689"/>
<LocList>
<Loc EndOffset="13852" SrcFileId="3" StartOffset="12689"/>
</LocList>
</LoopStmnt>
<LoopStmnt CovItemId="S163" CovItemPrefix="client.Controller.RoadManager.java" Intrnl_Id="428" MltplExecId="L32-2" MltplExecPrefix="client.Controller.RoadManager.java" NvrExecId="L32-0" NvrExecPrefix="client.Controller.RoadManager.java" OnceExecutedId="L32-1" OnceExecutedPrefix="client.Controller.RoadManager.java" OptBodyExec="true">
<StmntSeq Intrnl_Id="429">
<LocList>
<Loc EndOffset="13934" SrcFileId="3" StartOffset="13900"/>
<Loc EndOffset="13997" SrcFileId="3" StartOffset="13940"/>
<Loc EndOffset="14474" SrcFileId="3" StartOffset="14003"/>
<Loc EndOffset="14537" SrcFileId="3" StartOffset="14480"/>
<Loc EndOffset="15014" SrcFileId="3" StartOffset="14543"/>
</LocList>
<BasicStmnt CovItemId="S164" CovItemPrefix="client.Controller.RoadManager.java" Intrnl_Id="430">
<LocList>
<Loc EndOffset="13934" SrcFileId="3" StartOffset="13900"/>
</LocList>
</BasicStmnt>
<BasicStmnt CovItemId="S165" CovItemPrefix="client.Controller.RoadManager.java" Intrnl_Id="431">
<LocList>
<Loc EndOffset="13997" SrcFileId="3" StartOffset="13940"/>
</LocList>
</BasicStmnt>
<LoopStmnt CovItemId="S166" CovItemPrefix="client.Controller.RoadManager.java" Intrnl_Id="432" MltplExecId="L33-2" MltplExecPrefix="client.Controller.RoadManager.java" NvrExecId="L33-0" NvrExecPrefix="client.Controller.RoadManager.java" OnceExecutedId="L33-1" OnceExecutedPrefix="client.Controller.RoadManager.java" OptBodyExec="true">
<StmntSeq Intrnl_Id="433">
<LocList>
<Loc EndOffset="14467" SrcFileId="3" StartOffset="14046"/>
</LocList>
<CondStmnt CovItemId="S167" CovItemPrefix="client.Controller.RoadManager.java" Intrnl_Id="434">
<Branch CovItemId="B47" CovItemPrefix="client.Controller.RoadManager.java" Implct="false" Intrnl_Id="435">
<Cond/>
<LocList>
<Loc EndOffset="14467" SrcFileId="3" StartOffset="14069"/>
</LocList>
<StmntSeq Intrnl_Id="436">
<LocList>
<Loc EndOffset="14176" SrcFileId="3" StartOffset="14078"/>
<Loc EndOffset="14228" SrcFileId="3" StartOffset="14184"/>
<Loc EndOffset="14322" SrcFileId="3" StartOffset="14236"/>
<Loc EndOffset="14366" SrcFileId="3" StartOffset="14330"/>
<Loc EndOffset="14459" SrcFileId="3" StartOffset="14374"/>
</LocList>
<BasicStmnt CovItemId="S168" CovItemPrefix="client.Controller.RoadManager.java" Intrnl_Id="437">
<LocList>
<Loc EndOffset="14176" SrcFileId="3" StartOffset="14078"/>
</LocList>
</BasicStmnt>
<BasicStmnt CovItemId="S169" CovItemPrefix="client.Controller.RoadManager.java" Intrnl_Id="438">
<LocList>
<Loc EndOffset="14228" SrcFileId="3" StartOffset="14184"/>
</LocList>
</BasicStmnt>
<LoopStmnt CovItemId="S170" CovItemPrefix="client.Controller.RoadManager.java" Intrnl_Id="439" MltplExecId="L34-2" MltplExecPrefix="client.Controller.RoadManager.java" NvrExecId="L34-0" NvrExecPrefix="client.Controller.RoadManager.java" OnceExecutedId="L34-1" OnceExecutedPrefix="client.Controller.RoadManager.java" OptBodyExec="true">
<StmntSeq Intrnl_Id="440">
<LocList>
<Loc EndOffset="14313" SrcFileId="3" StartOffset="14289"/>
</LocList>
<BasicStmnt CovItemId="S171" CovItemPrefix="client.Controller.RoadManager.java" Intrnl_Id="441">
<LocList>
<Loc EndOffset="14313" SrcFileId="3" StartOffset="14289"/>
</LocList>
</BasicStmnt>
</StmntSeq>
<Keyword EndOffset="14239" SrcFileId="3" StartOffset="14236"/>
<LocList>
<Loc EndOffset="14322" SrcFileId="3" StartOffset="14236"/>
</LocList>
<RootTerm CovItemId="C47" CovItemPrefix="client.Controller.RoadManager.java" Intrnl_Id="442">
<BasicBoolTerm Intrnl_Id="443">
<LocList>
<Loc EndOffset="14272" SrcFileId="3" StartOffset="14252"/>
</LocList>
</BasicBoolTerm>
</RootTerm>
</LoopStmnt>
<BasicStmnt CovItemId="S172" CovItemPrefix="client.Controller.RoadManager.java" Intrnl_Id="444">
<LocList>
<Loc EndOffset="14366" SrcFileId="3" StartOffset="14330"/>
</LocList>
</BasicStmnt>
<BasicStmnt CovItemId="S173" CovItemPrefix="client.Controller.RoadManager.java" Intrnl_Id="445">
<LocList>
<Loc EndOffset="14459" SrcFileId="3" StartOffset="14374"/>
</LocList>
</BasicStmnt>
</StmntSeq>
</Branch>
<Branch CovItemId="B48" CovItemPrefix="client.Controller.RoadManager.java" Implct="true" Intrnl_Id="446">
<Cond/>
<LocList/>
<StmntSeq Intrnl_Id="447">
<LocList/>
</StmntSeq>
</Branch>
<Keyword EndOffset="14048" SrcFileId="3" StartOffset="14046"/>
<LocList>
<Loc EndOffset="14467" SrcFileId="3" StartOffset="14046"/>
</LocList>
<RootTerm CovItemId="C46" CovItemPrefix="client.Controller.RoadManager.java" Intrnl_Id="448">
<BasicBoolTerm Intrnl_Id="449">
<LocList>
<Loc EndOffset="14067" SrcFileId="3" StartOffset="14050"/>
</LocList>
</BasicBoolTerm>
</RootTerm>
</CondStmnt>
</StmntSeq>
<Keyword EndOffset="14006" SrcFileId="3" StartOffset="14003"/>
<LocList>
<Loc EndOffset="14474" SrcFileId="3" StartOffset="14003"/>
</LocList>
<RootTerm CovItemId="C45" CovItemPrefix="client.Controller.RoadManager.java" Intrnl_Id="450">
<BasicBoolTerm Intrnl_Id="451">
<LocList>
<Loc EndOffset="14031" SrcFileId="3" StartOffset="14019"/>
</LocList>
</BasicBoolTerm>
</RootTerm>
</LoopStmnt>
<BasicStmnt CovItemId="S174" CovItemPrefix="client.Controller.RoadManager.java" Intrnl_Id="452">
<LocList>
<Loc EndOffset="14537" SrcFileId="3" StartOffset="14480"/>
</LocList>
</BasicStmnt>
<LoopStmnt CovItemId="S175" CovItemPrefix="client.Controller.RoadManager.java" Intrnl_Id="453" MltplExecId="L35-2" MltplExecPrefix="client.Controller.RoadManager.java" NvrExecId="L35-0" NvrExecPrefix="client.Controller.RoadManager.java" OnceExecutedId="L35-1" OnceExecutedPrefix="client.Controller.RoadManager.java" OptBodyExec="true">
<StmntSeq Intrnl_Id="454">
<LocList>
<Loc EndOffset="15007" SrcFileId="3" StartOffset="14586"/>
</LocList>
<CondStmnt CovItemId="S176" CovItemPrefix="client.Controller.RoadManager.java" Intrnl_Id="455">
<Branch CovItemId="B49" CovItemPrefix="client.Controller.RoadManager.java" Implct="false" Intrnl_Id="456">
<Cond/>
<LocList>
<Loc EndOffset="15007" SrcFileId="3" StartOffset="14609"/>
</LocList>
<StmntSeq Intrnl_Id="457">
<LocList>
<Loc EndOffset="14716" SrcFileId="3" StartOffset="14618"/>
<Loc EndOffset="14768" SrcFileId="3" StartOffset="14724"/>
<Loc EndOffset="14862" SrcFileId="3" StartOffset="14776"/>
<Loc EndOffset="14906" SrcFileId="3" StartOffset="14870"/>
<Loc EndOffset="14999" SrcFileId="3" StartOffset="14914"/>
</LocList>
<BasicStmnt CovItemId="S177" CovItemPrefix="client.Controller.RoadManager.java" Intrnl_Id="458">
<LocList>
<Loc EndOffset="14716" SrcFileId="3" StartOffset="14618"/>
</LocList>
</BasicStmnt>
<BasicStmnt CovItemId="S178" CovItemPrefix="client.Controller.RoadManager.java" Intrnl_Id="459">
<LocList>
<Loc EndOffset="14768" SrcFileId="3" StartOffset="14724"/>
</LocList>
</BasicStmnt>
<LoopStmnt CovItemId="S179" CovItemPrefix="client.Controller.RoadManager.java" Intrnl_Id="460" MltplExecId="L36-2" MltplExecPrefix="client.Controller.RoadManager.java" NvrExecId="L36-0" NvrExecPrefix="client.Controller.RoadManager.java" OnceExecutedId="L36-1" OnceExecutedPrefix="client.Controller.RoadManager.java" OptBodyExec="true">
<StmntSeq Intrnl_Id="461">
<LocList>
<Loc EndOffset="14853" SrcFileId="3" StartOffset="14829"/>
</LocList>
<BasicStmnt CovItemId="S180" CovItemPrefix="client.Controller.RoadManager.java" Intrnl_Id="462">
<LocList>
<Loc EndOffset="14853" SrcFileId="3" StartOffset="14829"/>
</LocList>
</BasicStmnt>
</StmntSeq>
<Keyword EndOffset="14779" SrcFileId="3" StartOffset="14776"/>
<LocList>
<Loc EndOffset="14862" SrcFileId="3" StartOffset="14776"/>
</LocList>
<RootTerm CovItemId="C50" CovItemPrefix="client.Controller.RoadManager.java" Intrnl_Id="463">
<BasicBoolTerm Intrnl_Id="464">
<LocList>
<Loc EndOffset="14812" SrcFileId="3" StartOffset="14792"/>
</LocList>
</BasicBoolTerm>
</RootTerm>
</LoopStmnt>
<BasicStmnt CovItemId="S181" CovItemPrefix="client.Controller.RoadManager.java" Intrnl_Id="465">
<LocList>
<Loc EndOffset="14906" SrcFileId="3" StartOffset="14870"/>
</LocList>
</BasicStmnt>
<BasicStmnt CovItemId="S182" CovItemPrefix="client.Controller.RoadManager.java" Intrnl_Id="466">
<LocList>
<Loc EndOffset="14999" SrcFileId="3" StartOffset="14914"/>
</LocList>
</BasicStmnt>
</StmntSeq>
</Branch>
<Branch CovItemId="B50" CovItemPrefix="client.Controller.RoadManager.java" Implct="true" Intrnl_Id="467">
<Cond/>
<LocList/>
<StmntSeq Intrnl_Id="468">
<LocList/>
</StmntSeq>
</Branch>
<Keyword EndOffset="14588" SrcFileId="3" StartOffset="14586"/>
<LocList>
<Loc EndOffset="15007" SrcFileId="3" StartOffset="14586"/>
</LocList>
<RootTerm CovItemId="C49" CovItemPrefix="client.Controller.RoadManager.java" Intrnl_Id="469">
<BasicBoolTerm Intrnl_Id="470">
<LocList>
<Loc EndOffset="14607" SrcFileId="3" StartOffset="14590"/>
</LocList>
</BasicBoolTerm>
</RootTerm>
</CondStmnt>
</StmntSeq>
<Keyword EndOffset="14546" SrcFileId="3" StartOffset="14543"/>
<LocList>
<Loc EndOffset="15014" SrcFileId="3" StartOffset="14543"/>
</LocList>
<RootTerm CovItemId="C48" CovItemPrefix="client.Controller.RoadManager.java" Intrnl_Id="471">
<BasicBoolTerm Intrnl_Id="472">
<LocList>
<Loc EndOffset="14571" SrcFileId="3" StartOffset="14559"/>
</LocList>
</BasicBoolTerm>
</RootTerm>
</LoopStmnt>
</StmntSeq>
<Keyword EndOffset="13860" SrcFileId="3" StartOffset="13857"/>
<LocList>
<Loc EndOffset="15020" SrcFileId="3" StartOffset="13857"/>
</LocList>
</LoopStmnt>
<BasicStmnt CovItemId="S183" CovItemPrefix="client.Controller.RoadManager.java" Intrnl_Id="473">
<LocList>
<Loc EndOffset="15088" SrcFileId="3" StartOffset="15027"/>
</LocList>
</BasicStmnt>
</StmntSeq>
</Branch>
<Branch CovItemId="B38" CovItemPrefix="client.Controller.RoadManager.java" Implct="true" Intrnl_Id="474">
<Cond/>
<LocList/>
<StmntSeq Intrnl_Id="475">
<LocList/>
</StmntSeq>
</Branch>
<Keyword EndOffset="11051" SrcFileId="3" StartOffset="11049"/>
<LocList>
<Loc EndOffset="15093" SrcFileId="3" StartOffset="11049"/>
</LocList>
<RootTerm CovItemId="C34" CovItemPrefix="client.Controller.RoadManager.java" Intrnl_Id="476">
<BasicBoolTerm Intrnl_Id="477">
<LocList>
<Loc EndOffset="11062" SrcFileId="3" StartOffset="11053"/>
</LocList>
</BasicBoolTerm>
</RootTerm>
</CondStmnt>
</StmntSeq>
</HierarchyLvl>
<HierarchyLvl HierarchyLvlId="112" HierarchyLvlTypeId="15" Intrnl_Id="478" Name="getRoadCountForPlayer">
<Header>
<Loc EndOffset="15153" SrcFileId="3" StartOffset="15104"/>
</Header>
<LocList>
<Loc EndOffset="15218" SrcFileId="3" StartOffset="15104"/>
</LocList>
<StmntSeq Intrnl_Id="479">
<LocList>
<Loc EndOffset="15214" SrcFileId="3" StartOffset="15159"/>
</LocList>
<BasicStmnt CovItemId="S184" CovItemPrefix="client.Controller.RoadManager.java" Intrnl_Id="480">
<LocList>
<Loc EndOffset="15214" SrcFileId="3" StartOffset="15159"/>
</LocList>
</BasicStmnt>
</StmntSeq>
</HierarchyLvl>
<HierarchyLvl HierarchyLvlId="113" HierarchyLvlTypeId="15" Intrnl_Id="481" Name="initializeRoadGraph">
<Header>
<Loc EndOffset="15257" SrcFileId="3" StartOffset="15223"/>
</Header>
<LocList>
<Loc EndOffset="21819" SrcFileId="3" StartOffset="15223"/>
</LocList>
<StmntSeq Intrnl_Id="482">
<LocList>
<Loc EndOffset="15312" SrcFileId="3" StartOffset="15263"/>
<Loc EndOffset="15390" SrcFileId="3" StartOffset="15318"/>
<Loc EndOffset="15474" SrcFileId="3" StartOffset="15394"/>
<Loc EndOffset="15558" SrcFileId="3" StartOffset="15478"/>
<Loc EndOffset="15642" SrcFileId="3" StartOffset="15562"/>
<Loc EndOffset="15726" SrcFileId="3" StartOffset="15646"/>
<Loc EndOffset="15812" SrcFileId="3" StartOffset="15730"/>
<Loc EndOffset="15901" SrcFileId="3" StartOffset="15816"/>
<Loc EndOffset="15990" SrcFileId="3" StartOffset="15905"/>
<Loc EndOffset="16076" SrcFileId="3" StartOffset="15994"/>
<Loc EndOffset="16164" SrcFileId="3" StartOffset="16080"/>
<Loc EndOffset="16255" SrcFileId="3" StartOffset="16168"/>
<Loc EndOffset="16343" SrcFileId="3" StartOffset="16259"/>
<Loc EndOffset="16428" SrcFileId="3" StartOffset="16347"/>
<Loc EndOffset="16520" SrcFileId="3" StartOffset="16432"/>
<Loc EndOffset="16612" SrcFileId="3" StartOffset="16524"/>
<Loc EndOffset="16704" SrcFileId="3" StartOffset="16616"/>
<Loc EndOffset="16796" SrcFileId="3" StartOffset="16708"/>
<Loc EndOffset="16881" SrcFileId="3" StartOffset="16800"/>
<Loc EndOffset="16974" SrcFileId="3" StartOffset="16885"/>
<Loc EndOffset="17067" SrcFileId="3" StartOffset="16978"/>
<Loc EndOffset="17156" SrcFileId="3" StartOffset="17071"/>
<Loc EndOffset="17249" SrcFileId="3" StartOffset="17160"/>
<Loc EndOffset="17342" SrcFileId="3" StartOffset="17253"/>
<Loc EndOffset="17435" SrcFileId="3" StartOffset="17346"/>
<Loc EndOffset="17528" SrcFileId="3" StartOffset="17439"/>
<Loc EndOffset="17617" SrcFileId="3" StartOffset="17532"/>
<Loc EndOffset="17710" SrcFileId="3" StartOffset="17621"/>
<Loc EndOffset="17803" SrcFileId="3" StartOffset="17714"/>
<Loc EndOffset="17896" SrcFileId="3" StartOffset="17807"/>
<Loc EndOffset="17985" SrcFileId="3" StartOffset="17900"/>
<Loc EndOffset="18078" SrcFileId="3" StartOffset="17989"/>
<Loc EndOffset="18171" SrcFileId="3" StartOffset="18082"/>
<Loc EndOffset="18264" SrcFileId="3" StartOffset="18175"/>
<Loc EndOffset="18357" SrcFileId="3" StartOffset="18268"/>
<Loc EndOffset="18446" SrcFileId="3" StartOffset="18361"/>
<Loc EndOffset="18539" SrcFileId="3" StartOffset="18450"/>
<Loc EndOffset="18632" SrcFileId="3" StartOffset="18543"/>
<Loc EndOffset="18721" SrcFileId="3" StartOffset="18636"/>
<Loc EndOffset="18814" SrcFileId="3" StartOffset="18725"/>
<Loc EndOffset="18907" SrcFileId="3" StartOffset="18818"/>
<Loc EndOffset="19000" SrcFileId="3" StartOffset="18911"/>
<Loc EndOffset="19093" SrcFileId="3" StartOffset="19004"/>
<Loc EndOffset="19182" SrcFileId="3" StartOffset="19097"/>
<Loc EndOffset="19275" SrcFileId="3" StartOffset="19186"/>
<Loc EndOffset="19368" SrcFileId="3" StartOffset="19279"/>
<Loc EndOffset="19461" SrcFileId="3" StartOffset="19372"/>
<Loc EndOffset="19550" SrcFileId="3" StartOffset="19465"/>
<Loc EndOffset="19643" SrcFileId="3" StartOffset="19554"/>
<Loc EndOffset="19736" SrcFileId="3" StartOffset="19647"/>
<Loc EndOffset="19829" SrcFileId="3" StartOffset="19740"/>
<Loc EndOffset="19922" SrcFileId="3" StartOffset="19833"/>
<Loc EndOffset="20011" SrcFileId="3" StartOffset="19926"/>
<Loc EndOffset="20104" SrcFileId="3" StartOffset="20015"/>
<Loc EndOffset="20197" SrcFileId="3" StartOffset="20108"/>
<Loc EndOffset="20282" SrcFileId="3" StartOffset="20201"/>
<Loc EndOffset="20375" SrcFileId="3" StartOffset="20286"/>
<Loc EndOffset="20468" SrcFileId="3" StartOffset="20379"/>
<Loc EndOffset="20561" SrcFileId="3" StartOffset="20472"/>
<Loc EndOffset="20654" SrcFileId="3" StartOffset="20565"/>
<Loc EndOffset="20739" SrcFileId="3" StartOffset="20658"/>
<Loc EndOffset="20828" SrcFileId="3" StartOffset="20743"/>
<Loc EndOffset="20921" SrcFileId="3" StartOffset="20832"/>
<Loc EndOffset="21010" SrcFileId="3" StartOffset="20925"/>
<Loc EndOffset="21099" SrcFileId="3" StartOffset="21014"/>
<Loc EndOffset="21192" SrcFileId="3" StartOffset="21103"/>
<Loc EndOffset="21285" SrcFileId="3" StartOffset="21196"/>
<Loc EndOffset="21374" SrcFileId="3" StartOffset="21289"/>
<Loc EndOffset="21463" SrcFileId="3" StartOffset="21378"/>
<Loc EndOffset="21552" SrcFileId="3" StartOffset="21467"/>
<Loc EndOffset="21641" SrcFileId="3" StartOffset="21556"/>
<Loc EndOffset="21730" SrcFileId="3" StartOffset="21645"/>
<Loc EndOffset="21815" SrcFileId="3" StartOffset="21734"/>
</LocList>
<BasicStmnt CovItemId="S185" CovItemPrefix="client.Controller.RoadManager.java" Intrnl_Id="483">
<LocList>
<Loc EndOffset="15312" SrcFileId="3" StartOffset="15263"/>
</LocList>
</BasicStmnt>
<BasicStmnt CovItemId="S186" CovItemPrefix="client.Controller.RoadManager.java" Intrnl_Id="484">
<LocList>
<Loc EndOffset="15390" SrcFileId="3" StartOffset="15318"/>
</LocList>
</BasicStmnt>
<BasicStmnt CovItemId="S187" CovItemPrefix="client.Controller.RoadManager.java" Intrnl_Id="485">
<LocList>
<Loc EndOffset="15474" SrcFileId="3" StartOffset="15394"/>
</LocList>
</BasicStmnt>
<BasicStmnt CovItemId="S188" CovItemPrefix="client.Controller.RoadManager.java" Intrnl_Id="486">
<LocList>
<Loc EndOffset="15558" SrcFileId="3" StartOffset="15478"/>
</LocList>
</BasicStmnt>
<BasicStmnt CovItemId="S189" CovItemPrefix="client.Controller.RoadManager.java" Intrnl_Id="487">
<LocList>
<Loc EndOffset="15642" SrcFileId="3" StartOffset="15562"/>
</LocList>
</BasicStmnt>
<BasicStmnt CovItemId="S190" CovItemPrefix="client.Controller.RoadManager.java" Intrnl_Id="488">
<LocList>
<Loc EndOffset="15726" SrcFileId="3" StartOffset="15646"/>
</LocList>
</BasicStmnt>
<BasicStmnt CovItemId="S191" CovItemPrefix="client.Controller.RoadManager.java" Intrnl_Id="489">
<LocList>
<Loc EndOffset="15812" SrcFileId="3" StartOffset="15730"/>
</LocList>
</BasicStmnt>
<BasicStmnt CovItemId="S192" CovItemPrefix="client.Controller.RoadManager.java" Intrnl_Id="490">
<LocList>
<Loc EndOffset="15901" SrcFileId="3" StartOffset="15816"/>
</LocList>
</BasicStmnt>
<BasicStmnt CovItemId="S193" CovItemPrefix="client.Controller.RoadManager.java" Intrnl_Id="491">
<LocList>
<Loc EndOffset="15990" SrcFileId="3" StartOffset="15905"/>
</LocList>
</BasicStmnt>
<BasicStmnt CovItemId="S194" CovItemPrefix="client.Controller.RoadManager.java" Intrnl_Id="492">
<LocList>
<Loc EndOffset="16076" SrcFileId="3" StartOffset="15994"/>
</LocList>
</BasicStmnt>
<BasicStmnt CovItemId="S195" CovItemPrefix="client.Controller.RoadManager.java" Intrnl_Id="493">
<LocList>
<Loc EndOffset="16164" SrcFileId="3" StartOffset="16080"/>
</LocList>
</BasicStmnt>
<BasicStmnt CovItemId="S196" CovItemPrefix="client.Controller.RoadManager.java" Intrnl_Id="494">
<LocList>
<Loc EndOffset="16255" SrcFileId="3" StartOffset="16168"/>
</LocList>
</BasicStmnt>
<BasicStmnt CovItemId="S197" CovItemPrefix="client.Controller.RoadManager.java" Intrnl_Id="495">
<LocList>
<Loc EndOffset="16343" SrcFileId="3" StartOffset="16259"/>
</LocList>
</BasicStmnt>
<BasicStmnt CovItemId="S198" CovItemPrefix="client.Controller.RoadManager.java" Intrnl_Id="496">
<LocList>
<Loc EndOffset="16428" SrcFileId="3" StartOffset="16347"/>
</LocList>
</BasicStmnt>
<BasicStmnt CovItemId="S199" CovItemPrefix="client.Controller.RoadManager.java" Intrnl_Id="497">
<LocList>
<Loc EndOffset="16520" SrcFileId="3" StartOffset="16432"/>
</LocList>
</BasicStmnt>
<BasicStmnt CovItemId="S200" CovItemPrefix="client.Controller.RoadManager.java" Intrnl_Id="498">
<LocList>
<Loc EndOffset="16612" SrcFileId="3" StartOffset="16524"/>
</LocList>
</BasicStmnt>
<BasicStmnt CovItemId="S201" CovItemPrefix="client.Controller.RoadManager.java" Intrnl_Id="499">
<LocList>
<Loc EndOffset="16704" SrcFileId="3" StartOffset="16616"/>
</LocList>
</BasicStmnt>
<BasicStmnt CovItemId="S202" CovItemPrefix="client.Controller.RoadManager.java" Intrnl_Id="500">
<LocList>
<Loc EndOffset="16796" SrcFileId="3" StartOffset="16708"/>
</LocList>
</BasicStmnt>
<BasicStmnt CovItemId="S203" CovItemPrefix="client.Controller.RoadManager.java" Intrnl_Id="501">
<LocList>
<Loc EndOffset="16881" SrcFileId="3" StartOffset="16800"/>
</LocList>
</BasicStmnt>
<BasicStmnt CovItemId="S204" CovItemPrefix="client.Controller.RoadManager.java" Intrnl_Id="502">
<LocList>
<Loc EndOffset="16974" SrcFileId="3" StartOffset="16885"/>
</LocList>
</BasicStmnt>
<BasicStmnt CovItemId="S205" CovItemPrefix="client.Controller.RoadManager.java" Intrnl_Id="503">
<LocList>
<Loc EndOffset="17067" SrcFileId="3" StartOffset="16978"/>
</LocList>
</BasicStmnt>
<BasicStmnt CovItemId="S206" CovItemPrefix="client.Controller.RoadManager.java" Intrnl_Id="504">
<LocList>
<Loc EndOffset="17156" SrcFileId="3" StartOffset="17071"/>
</LocList>
</BasicStmnt>
<BasicStmnt CovItemId="S207" CovItemPrefix="client.Controller.RoadManager.java" Intrnl_Id="505">
<LocList>
<Loc EndOffset="17249" SrcFileId="3" StartOffset="17160"/>
</LocList>
</BasicStmnt>
<BasicStmnt CovItemId="S208" CovItemPrefix="client.Controller.RoadManager.java" Intrnl_Id="506">
<LocList>
<Loc EndOffset="17342" SrcFileId="3" StartOffset="17253"/>
</LocList>
</BasicStmnt>
<BasicStmnt CovItemId="S209" CovItemPrefix="client.Controller.RoadManager.java" Intrnl_Id="507">
<LocList>
<Loc EndOffset="17435" SrcFileId="3" StartOffset="17346"/>
</LocList>
</BasicStmnt>
<BasicStmnt CovItemId="S210" CovItemPrefix="client.Controller.RoadManager.java" Intrnl_Id="508">
<LocList>
<Loc EndOffset="17528" SrcFileId="3" StartOffset="17439"/>
</LocList>
</BasicStmnt>
<BasicStmnt CovItemId="S211" CovItemPrefix="client.Controller.RoadManager.java" Intrnl_Id="509">
<LocList>
<Loc EndOffset="17617" SrcFileId="3" StartOffset="17532"/>
</LocList>
</BasicStmnt>
<BasicStmnt CovItemId="S212" CovItemPrefix="client.Controller.RoadManager.java" Intrnl_Id="510">
<LocList>
<Loc EndOffset="17710" SrcFileId="3" StartOffset="17621"/>
</LocList>
</BasicStmnt>
<BasicStmnt CovItemId="S213" CovItemPrefix="client.Controller.RoadManager.java" Intrnl_Id="511">
<LocList>
<Loc EndOffset="17803" SrcFileId="3" StartOffset="17714"/>
</LocList>
</BasicStmnt>
<BasicStmnt CovItemId="S214" CovItemPrefix="client.Controller.RoadManager.java" Intrnl_Id="512">
<LocList>
<Loc EndOffset="17896" SrcFileId="3" StartOffset="17807"/>
</LocList>
</BasicStmnt>
<BasicStmnt CovItemId="S215" CovItemPrefix="client.Controller.RoadManager.java" Intrnl_Id="513">
<LocList>
<Loc EndOffset="17985" SrcFileId="3" StartOffset="17900"/>
</LocList>
</BasicStmnt>
<BasicStmnt CovItemId="S216" CovItemPrefix="client.Controller.RoadManager.java" Intrnl_Id="514">
<LocList>
<Loc EndOffset="18078" SrcFileId="3" StartOffset="17989"/>
</LocList>
</BasicStmnt>
<BasicStmnt CovItemId="S217" CovItemPrefix="client.Controller.RoadManager.java" Intrnl_Id="515">
<LocList>
<Loc EndOffset="18171" SrcFileId="3" StartOffset="18082"/>
</LocList>
</BasicStmnt>
<BasicStmnt CovItemId="S218" CovItemPrefix="client.Controller.RoadManager.java" Intrnl_Id="516">
<LocList>
<Loc EndOffset="18264" SrcFileId="3" StartOffset="18175"/>
</LocList>
</BasicStmnt>
<BasicStmnt CovItemId="S219" CovItemPrefix="client.Controller.RoadManager.java" Intrnl_Id="517">
<LocList>
<Loc EndOffset="18357" SrcFileId="3" StartOffset="18268"/>
</LocList>
</BasicStmnt>
<BasicStmnt CovItemId="S220" CovItemPrefix="client.Controller.RoadManager.java" Intrnl_Id="518">
<LocList>
<Loc EndOffset="18446" SrcFileId="3" StartOffset="18361"/>
</LocList>
</BasicStmnt>
<BasicStmnt CovItemId="S221" CovItemPrefix="client.Controller.RoadManager.java" Intrnl_Id="519">
<LocList>
<Loc EndOffset="18539" SrcFileId="3" StartOffset="18450"/>
</LocList>
</BasicStmnt>
<BasicStmnt CovItemId="S222" CovItemPrefix="client.Controller.RoadManager.java" Intrnl_Id="520">
<LocList>
<Loc EndOffset="18632" SrcFileId="3" StartOffset="18543"/>
</LocList>
</BasicStmnt>
<BasicStmnt CovItemId="S223" CovItemPrefix="client.Controller.RoadManager.java" Intrnl_Id="521">
<LocList>
<Loc EndOffset="18721" SrcFileId="3" StartOffset="18636"/>
</LocList>
</BasicStmnt>
<BasicStmnt CovItemId="S224" CovItemPrefix="client.Controller.RoadManager.java" Intrnl_Id="522">
<LocList>
<Loc EndOffset="18814" SrcFileId="3" StartOffset="18725"/>
</LocList>
</BasicStmnt>
<BasicStmnt CovItemId="S225" CovItemPrefix="client.Controller.RoadManager.java" Intrnl_Id="523">
<LocList>
<Loc EndOffset="18907" SrcFileId="3" StartOffset="18818"/>
</LocList>
</BasicStmnt>
<BasicStmnt CovItemId="S226" CovItemPrefix="client.Controller.RoadManager.java" Intrnl_Id="524">
<LocList>
<Loc EndOffset="19000" SrcFileId="3" StartOffset="18911"/>
</LocList>
</BasicStmnt>
<BasicStmnt CovItemId="S227" CovItemPrefix="client.Controller.RoadManager.java" Intrnl_Id="525">
<LocList>
<Loc EndOffset="19093" SrcFileId="3" StartOffset="19004"/>
</LocList>
</BasicStmnt>
<BasicStmnt CovItemId="S228" CovItemPrefix="client.Controller.RoadManager.java" Intrnl_Id="526">
<LocList>
<Loc EndOffset="19182" SrcFileId="3" StartOffset="19097"/>
</LocList>
</BasicStmnt>
<BasicStmnt CovItemId="S229" CovItemPrefix="client.Controller.RoadManager.java" Intrnl_Id="527">
<LocList>
<Loc EndOffset="19275" SrcFileId="3" StartOffset="19186"/>
</LocList>
</BasicStmnt>
<BasicStmnt CovItemId="S230" CovItemPrefix="client.Controller.RoadManager.java" Intrnl_Id="528">
<LocList>
<Loc EndOffset="19368" SrcFileId="3" StartOffset="19279"/>
</LocList>
</BasicStmnt>
<BasicStmnt CovItemId="S231" CovItemPrefix="client.Controller.RoadManager.java" Intrnl_Id="529">
<LocList>
<Loc EndOffset="19461" SrcFileId="3" StartOffset="19372"/>
</LocList>
</BasicStmnt>
<BasicStmnt CovItemId="S232" CovItemPrefix="client.Controller.RoadManager.java" Intrnl_Id="530">
<LocList>
<Loc EndOffset="19550" SrcFileId="3" StartOffset="19465"/>
</LocList>
</BasicStmnt>
<BasicStmnt CovItemId="S233" CovItemPrefix="client.Controller.RoadManager.java" Intrnl_Id="531">
<LocList>
<Loc EndOffset="19643" SrcFileId="3" StartOffset="19554"/>
</LocList>
</BasicStmnt>
<BasicStmnt CovItemId="S234" CovItemPrefix="client.Controller.RoadManager.java" Intrnl_Id="532">
<LocList>
<Loc EndOffset="19736" SrcFileId="3" StartOffset="19647"/>
</LocList>
</BasicStmnt>
<BasicStmnt CovItemId="S235" CovItemPrefix="client.Controller.RoadManager.java" Intrnl_Id="533">
<LocList>
<Loc EndOffset="19829" SrcFileId="3" StartOffset="19740"/>
</LocList>
</BasicStmnt>
<BasicStmnt CovItemId="S236" CovItemPrefix="client.Controller.RoadManager.java" Intrnl_Id="534">
<LocList>
<Loc EndOffset="19922" SrcFileId="3" StartOffset="19833"/>
</LocList>
</BasicStmnt>
<BasicStmnt CovItemId="S237" CovItemPrefix="client.Controller.RoadManager.java" Intrnl_Id="535">
<LocList>
<Loc EndOffset="20011" SrcFileId="3" StartOffset="19926"/>
</LocList>
</BasicStmnt>
<BasicStmnt CovItemId="S238" CovItemPrefix="client.Controller.RoadManager.java" Intrnl_Id="536">
<LocList>
<Loc EndOffset="20104" SrcFileId="3" StartOffset="20015"/>
</LocList>
</BasicStmnt>
<BasicStmnt CovItemId="S239" CovItemPrefix="client.Controller.RoadManager.java" Intrnl_Id="537">
<LocList>
<Loc EndOffset="20197" SrcFileId="3" StartOffset="20108"/>
</LocList>
</BasicStmnt>
<BasicStmnt CovItemId="S240" CovItemPrefix="client.Controller.RoadManager.java" Intrnl_Id="538">
<LocList>
<Loc EndOffset="20282" SrcFileId="3" StartOffset="20201"/>
</LocList>
</BasicStmnt>
<BasicStmnt CovItemId="S241" CovItemPrefix="client.Controller.RoadManager.java" Intrnl_Id="539">
<LocList>
<Loc EndOffset="20375" SrcFileId="3" StartOffset="20286"/>
</LocList>
</BasicStmnt>
<BasicStmnt CovItemId="S242" CovItemPrefix="client.Controller.RoadManager.java" Intrnl_Id="540">
<LocList>
<Loc EndOffset="20468" SrcFileId="3" StartOffset="20379"/>
</LocList>
</BasicStmnt>
<BasicStmnt CovItemId="S243" CovItemPrefix="client.Controller.RoadManager.java" Intrnl_Id="541">
<LocList>
<Loc EndOffset="20561" SrcFileId="3" StartOffset="20472"/>
</LocList>
</BasicStmnt>
<BasicStmnt CovItemId="S244" CovItemPrefix="client.Controller.RoadManager.java" Intrnl_Id="542">
<LocList>
<Loc EndOffset="20654" SrcFileId="3" StartOffset="20565"/>
</LocList>
</BasicStmnt>
<BasicStmnt CovItemId="S245" CovItemPrefix="client.Controller.RoadManager.java" Intrnl_Id="543">
<LocList>
<Loc EndOffset="20739" SrcFileId="3" StartOffset="20658"/>
</LocList>
</BasicStmnt>
<BasicStmnt CovItemId="S246" CovItemPrefix="client.Controller.RoadManager.java" Intrnl_Id="544">
<LocList>
<Loc EndOffset="20828" SrcFileId="3" StartOffset="20743"/>
</LocList>
</BasicStmnt>
<BasicStmnt CovItemId="S247" CovItemPrefix="client.Controller.RoadManager.java" Intrnl_Id="545">
<LocList>
<Loc EndOffset="20921" SrcFileId="3" StartOffset="20832"/>
</LocList>
</BasicStmnt>
<BasicStmnt CovItemId="S248" CovItemPrefix="client.Controller.RoadManager.java" Intrnl_Id="546">
<LocList>
<Loc EndOffset="21010" SrcFileId="3" StartOffset="20925"/>
</LocList>
</BasicStmnt>
<BasicStmnt CovItemId="S249" CovItemPrefix="client.Controller.RoadManager.java" Intrnl_Id="547">
<LocList>
<Loc EndOffset="21099" SrcFileId="3" StartOffset="21014"/>
</LocList>
</BasicStmnt>
<BasicStmnt CovItemId="S250" CovItemPrefix="client.Controller.RoadManager.java" Intrnl_Id="548">
<LocList>
<Loc EndOffset="21192" SrcFileId="3" StartOffset="21103"/>
</LocList>
</BasicStmnt>
<BasicStmnt CovItemId="S251" CovItemPrefix="client.Controller.RoadManager.java" Intrnl_Id="549">
<LocList>
<Loc EndOffset="21285" SrcFileId="3" StartOffset="21196"/>
</LocList>
</BasicStmnt>
<BasicStmnt CovItemId="S252" CovItemPrefix="client.Controller.RoadManager.java" Intrnl_Id="550">
<LocList>
<Loc EndOffset="21374" SrcFileId="3" StartOffset="21289"/>
</LocList>
</BasicStmnt>
<BasicStmnt CovItemId="S253" CovItemPrefix="client.Controller.RoadManager.java" Intrnl_Id="551">
<LocList>
<Loc EndOffset="21463" SrcFileId="3" StartOffset="21378"/>
</LocList>
</BasicStmnt>
<BasicStmnt CovItemId="S254" CovItemPrefix="client.Controller.RoadManager.java" Intrnl_Id="552">
<LocList>
<Loc EndOffset="21552" SrcFileId="3" StartOffset="21467"/>
</LocList>
</BasicStmnt>
<BasicStmnt CovItemId="S255" CovItemPrefix="client.Controller.RoadManager.java" Intrnl_Id="553">
<LocList>
<Loc EndOffset="21641" SrcFileId="3" StartOffset="21556"/>
</LocList>
</BasicStmnt>
<BasicStmnt CovItemId="S256" CovItemPrefix="client.Controller.RoadManager.java" Intrnl_Id="554">
<LocList>
<Loc EndOffset="21730" SrcFileId="3" StartOffset="21645"/>
</LocList>
</BasicStmnt>
<BasicStmnt CovItemId="S257" CovItemPrefix="client.Controller.RoadManager.java" Intrnl_Id="555">
<LocList>
<Loc EndOffset="21815" SrcFileId="3" StartOffset="21734"/>
</LocList>
</BasicStmnt>
</StmntSeq>
</HierarchyLvl>
</HierarchyLvl>
<HierarchyLvl HierarchyLvlId="116" HierarchyLvlTypeId="16" Intrnl_Id="556" Name="Main">
<Header>
<Loc EndOffset="347" SrcFileId="4" StartOffset="330"/>
</Header>
<LocList>
<Loc EndOffset="1005" SrcFileId="4" StartOffset="330"/>
</LocList>
<StmntSeq Intrnl_Id="557">
<LocList>
<Loc EndOffset="417" SrcFileId="4" StartOffset="354"/>
</LocList>
<BasicStmnt CovItemId="S1" CovItemPrefix="client.Controller.Main.java" Intrnl_Id="558">
<LocList>
<Loc EndOffset="417" SrcFileId="4" StartOffset="354"/>
</LocList>
</BasicStmnt>
</StmntSeq>
<HierarchyLvl HierarchyLvlId="115" HierarchyLvlTypeId="15" Intrnl_Id="559" Name="main">
<Header>
<Loc EndOffset="573" SrcFileId="4" StartOffset="535"/>
</Header>
<LocList>
<Loc EndOffset="1002" SrcFileId="4" StartOffset="535"/>
</LocList>
<StmntSeq Intrnl_Id="560">
<LocList>
<Loc EndOffset="607" SrcFileId="4" StartOffset="579"/>
<Loc EndOffset="631" SrcFileId="4" StartOffset="611"/>
<Loc EndOffset="671" SrcFileId="4" StartOffset="635"/>
<Loc EndOffset="709" SrcFileId="4" StartOffset="675"/>
<Loc EndOffset="736" SrcFileId="4" StartOffset="713"/>
<Loc EndOffset="780" SrcFileId="4" StartOffset="740"/>
<Loc EndOffset="820" SrcFileId="4" StartOffset="784"/>
<Loc EndOffset="872" SrcFileId="4" StartOffset="824"/>
<Loc EndOffset="914" SrcFileId="4" StartOffset="876"/>
<Loc EndOffset="971" SrcFileId="4" StartOffset="918"/>
<Loc EndOffset="998" SrcFileId="4" StartOffset="975"/>
</LocList>
<BasicStmnt CovItemId="S2" CovItemPrefix="client.Controller.Main.java" Intrnl_Id="561">
<LocList>
<Loc EndOffset="607" SrcFileId="4" StartOffset="579"/>
</LocList>
</BasicStmnt>
<BasicStmnt CovItemId="S3" CovItemPrefix="client.Controller.Main.java" Intrnl_Id="562">
<LocList>
<Loc EndOffset="631" SrcFileId="4" StartOffset="611"/>
</LocList>
</BasicStmnt>
<BasicStmnt CovItemId="S4" CovItemPrefix="client.Controller.Main.java" Intrnl_Id="563">
<LocList>
<Loc EndOffset="671" SrcFileId="4" StartOffset="635"/>
</LocList>
</BasicStmnt>
<BasicStmnt CovItemId="S5" CovItemPrefix="client.Controller.Main.java" Intrnl_Id="564">
<LocList>
<Loc EndOffset="709" SrcFileId="4" StartOffset="675"/>
</LocList>
</BasicStmnt>
<BasicStmnt CovItemId="S6" CovItemPrefix="client.Controller.Main.java" Intrnl_Id="565">
<LocList>
<Loc EndOffset="736" SrcFileId="4" StartOffset="713"/>
</LocList>
</BasicStmnt>
<BasicStmnt CovItemId="S7" CovItemPrefix="client.Controller.Main.java" Intrnl_Id="566">
<LocList>
<Loc EndOffset="780" SrcFileId="4" StartOffset="740"/>
</LocList>
</BasicStmnt>
<BasicStmnt CovItemId="S8" CovItemPrefix="client.Controller.Main.java" Intrnl_Id="567">
<LocList>
<Loc EndOffset="820" SrcFileId="4" StartOffset="784"/>
</LocList>
</BasicStmnt>
<BasicStmnt CovItemId="S9" CovItemPrefix="client.Controller.Main.java" Intrnl_Id="568">
<LocList>
<Loc EndOffset="872" SrcFileId="4" StartOffset="824"/>
</LocList>
</BasicStmnt>
<BasicStmnt CovItemId="S10" CovItemPrefix="client.Controller.Main.java" Intrnl_Id="569">
<LocList>
<Loc EndOffset="914" SrcFileId="4" StartOffset="876"/>
</LocList>
</BasicStmnt>
<BasicStmnt CovItemId="S11" CovItemPrefix="client.Controller.Main.java" Intrnl_Id="570">
<LocList>
<Loc EndOffset="971" SrcFileId="4" StartOffset="918"/>
</LocList>
</BasicStmnt>
<BasicStmnt CovItemId="S12" CovItemPrefix="client.Controller.Main.java" Intrnl_Id="571">
<LocList>
<Loc EndOffset="998" SrcFileId="4" StartOffset="975"/>
</LocList>
</BasicStmnt>
</StmntSeq>
</HierarchyLvl>
</HierarchyLvl>
<HierarchyLvl HierarchyLvlId="122" HierarchyLvlTypeId="16" Intrnl_Id="572" Name="LocationKey">
<Header>
<Loc EndOffset="135" SrcFileId="5" StartOffset="111"/>
</Header>
<LocList>
<Loc EndOffset="839" SrcFileId="5" StartOffset="111"/>
</LocList>
<HierarchyLvl HierarchyLvlId="117" HierarchyLvlTypeId="15" Intrnl_Id="573" Name="LocationKey">
<Header>
<Loc EndOffset="259" SrcFileId="5" StartOffset="196"/>
</Header>
<LocList>
<Loc EndOffset="313" SrcFileId="5" StartOffset="196"/>
</LocList>
<StmntSeq Intrnl_Id="574">
<LocList>
<Loc EndOffset="290" SrcFileId="5" StartOffset="265"/>
<Loc EndOffset="309" SrcFileId="5" StartOffset="294"/>
</LocList>
<BasicStmnt CovItemId="S1" CovItemPrefix="client.Controller.LocationKey.java" Intrnl_Id="575">
<LocList>
<Loc EndOffset="290" SrcFileId="5" StartOffset="265"/>
</LocList>
</BasicStmnt>
<BasicStmnt CovItemId="S2" CovItemPrefix="client.Controller.LocationKey.java" Intrnl_Id="576">
<LocList>
<Loc EndOffset="309" SrcFileId="5" StartOffset="294"/>
</LocList>
</BasicStmnt>
</StmntSeq>
</HierarchyLvl>
<HierarchyLvl HierarchyLvlId="118" HierarchyLvlTypeId="15" Intrnl_Id="577" Name="getHexIndex">
<Header>
<Loc EndOffset="342" SrcFileId="5" StartOffset="318"/>
</Header>
<LocList>
<Loc EndOffset="373" SrcFileId="5" StartOffset="318"/>
</LocList>
<StmntSeq Intrnl_Id="578">
<LocList>
<Loc EndOffset="369" SrcFileId="5" StartOffset="348"/>
</LocList>
<BasicStmnt CovItemId="S3" CovItemPrefix="client.Controller.LocationKey.java" Intrnl_Id="579">
<LocList>
<Loc EndOffset="369" SrcFileId="5" StartOffset="348"/>
</LocList>
</BasicStmnt>
</StmntSeq>
</HierarchyLvl>
<HierarchyLvl HierarchyLvlId="119" HierarchyLvlTypeId="15" Intrnl_Id="580" Name="equals">
<Header>
<Loc EndOffset="421" SrcFileId="5" StartOffset="378"/>
</Header>
<LocList>
<Loc EndOffset="671" SrcFileId="5" StartOffset="378"/>
</LocList>
<StmntSeq Intrnl_Id="581">
<LocList>
<Loc EndOffset="488" SrcFileId="5" StartOffset="427"/>
<Loc EndOffset="570" SrcFileId="5" StartOffset="492"/>
<Loc EndOffset="651" SrcFileId="5" StartOffset="574"/>
<Loc EndOffset="667" SrcFileId="5" StartOffset="655"/>
</LocList>
<CondStmnt CovItemId="S4" CovItemPrefix="client.Controller.LocationKey.java" Intrnl_Id="582">
<Branch CovItemId="B1" CovItemPrefix="client.Controller.LocationKey.java" Implct="false" Intrnl_Id="583">
<Cond/>
<LocList>
<Loc EndOffset="488" SrcFileId="5" StartOffset="464"/>
</LocList>
<StmntSeq Intrnl_Id="584">
<LocList>
<Loc EndOffset="483" SrcFileId="5" StartOffset="470"/>
</LocList>
<BasicStmnt CovItemId="S5" CovItemPrefix="client.Controller.LocationKey.java" Intrnl_Id="585">
<LocList>
<Loc EndOffset="483" SrcFileId="5" StartOffset="470"/>
</LocList>
</BasicStmnt>
</StmntSeq>
</Branch>
<Branch CovItemId="B2" CovItemPrefix="client.Controller.LocationKey.java" Implct="true" Intrnl_Id="586">
<Cond/>
<LocList/>
<StmntSeq Intrnl_Id="587">
<LocList/>
</StmntSeq>
</Branch>
<Keyword EndOffset="429" SrcFileId="5" StartOffset="427"/>
<LocList>
<Loc EndOffset="488" SrcFileId="5" StartOffset="427"/>
</LocList>
<RootTerm CovItemId="C1" CovItemPrefix="client.Controller.LocationKey.java" Intrnl_Id="588">
<BasicBoolTerm Intrnl_Id="589">
<LocList>
<Loc EndOffset="462" SrcFileId="5" StartOffset="431"/>
</LocList>
</BasicBoolTerm>
</RootTerm>
</CondStmnt>
<CondStmnt CovItemId="S6" CovItemPrefix="client.Controller.LocationKey.java" Intrnl_Id="590">
<Branch CovItemId="B3" CovItemPrefix="client.Controller.LocationKey.java" Implct="false" Intrnl_Id="591">
<Cond/>
<LocList>
<Loc EndOffset="570" SrcFileId="5" StartOffset="546"/>
</LocList>
<StmntSeq Intrnl_Id="592">
<LocList>
<Loc EndOffset="565" SrcFileId="5" StartOffset="552"/>
</LocList>
<BasicStmnt CovItemId="S7" CovItemPrefix="client.Controller.LocationKey.java" Intrnl_Id="593">
<LocList>
<Loc EndOffset="565" SrcFileId="5" StartOffset="552"/>
</LocList>
</BasicStmnt>
</StmntSeq>
</Branch>
<Branch CovItemId="B4" CovItemPrefix="client.Controller.LocationKey.java" Implct="true" Intrnl_Id="594">
<Cond/>
<LocList/>
<StmntSeq Intrnl_Id="595">
<LocList/>
</StmntSeq>
</Branch>
<Keyword EndOffset="494" SrcFileId="5" StartOffset="492"/>
<LocList>
<Loc EndOffset="570" SrcFileId="5" StartOffset="492"/>
</LocList>
<RootTerm CovItemId="C2" CovItemPrefix="client.Controller.LocationKey.java" Intrnl_Id="596">
<BasicBoolTerm Intrnl_Id="597">
<LocList>
<Loc EndOffset="544" SrcFileId="5" StartOffset="496"/>
</LocList>
</BasicBoolTerm>
</RootTerm>
</CondStmnt>
<CondStmnt CovItemId="S8" CovItemPrefix="client.Controller.LocationKey.java" Intrnl_Id="598">
<Branch CovItemId="B5" CovItemPrefix="client.Controller.LocationKey.java" Implct="false" Intrnl_Id="599">
<Cond/>
<LocList>
<Loc EndOffset="651" SrcFileId="5" StartOffset="627"/>
</LocList>
<StmntSeq Intrnl_Id="600">
<LocList>
<Loc EndOffset="646" SrcFileId="5" StartOffset="633"/>
</LocList>
<BasicStmnt CovItemId="S9" CovItemPrefix="client.Controller.LocationKey.java" Intrnl_Id="601">
<LocList>
<Loc EndOffset="646" SrcFileId="5" StartOffset="633"/>
</LocList>
</BasicStmnt>
</StmntSeq>
</Branch>
<Branch CovItemId="B6" CovItemPrefix="client.Controller.LocationKey.java" Implct="true" Intrnl_Id="602">
<Cond/>
<LocList/>
<StmntSeq Intrnl_Id="603">
<LocList/>
</StmntSeq>
</Branch>
<Keyword EndOffset="576" SrcFileId="5" StartOffset="574"/>
<LocList>
<Loc EndOffset="651" SrcFileId="5" StartOffset="574"/>
</LocList>
<RootTerm CovItemId="C3" CovItemPrefix="client.Controller.LocationKey.java" Intrnl_Id="604">
<BasicBoolTerm Intrnl_Id="605">
<LocList>
<Loc EndOffset="625" SrcFileId="5" StartOffset="578"/>
</LocList>
</BasicBoolTerm>
</RootTerm>
</CondStmnt>
<BasicStmnt CovItemId="S10" CovItemPrefix="client.Controller.LocationKey.java" Intrnl_Id="606">
<LocList>
<Loc EndOffset="667" SrcFileId="5" StartOffset="655"/>
</LocList>
</BasicStmnt>
</StmntSeq>
</HierarchyLvl>
<HierarchyLvl HierarchyLvlId="120" HierarchyLvlTypeId="15" Intrnl_Id="607" Name="getRoadPosition">
<Header>
<Loc EndOffset="714" SrcFileId="5" StartOffset="676"/>
</Header>
<LocList>
<Loc EndOffset="740" SrcFileId="5" StartOffset="676"/>
</LocList>
<StmntSeq Intrnl_Id="608">
<LocList>
<Loc EndOffset="736" SrcFileId="5" StartOffset="720"/>
</LocList>
<BasicStmnt CovItemId="S11" CovItemPrefix="client.Controller.LocationKey.java" Intrnl_Id="609">
<LocList>
<Loc EndOffset="736" SrcFileId="5" StartOffset="720"/>
</LocList>
</BasicStmnt>
</StmntSeq>
</HierarchyLvl>
<HierarchyLvl HierarchyLvlId="121" HierarchyLvlTypeId="15" Intrnl_Id="610" Name="hashCode">
<Header>
<Loc EndOffset="778" SrcFileId="5" StartOffset="745"/>
</Header>
<LocList>
<Loc EndOffset="836" SrcFileId="5" StartOffset="745"/>
</LocList>
<StmntSeq Intrnl_Id="611">
<LocList>
<Loc EndOffset="832" SrcFileId="5" StartOffset="784"/>
</LocList>
<BasicStmnt CovItemId="S12" CovItemPrefix="client.Controller.LocationKey.java" Intrnl_Id="612">
<LocList>
<Loc EndOffset="832" SrcFileId="5" StartOffset="784"/>
</LocList>
</BasicStmnt>
</StmntSeq>
</HierarchyLvl>
</HierarchyLvl>
<HierarchyLvl HierarchyLvlId="127" HierarchyLvlTypeId="16" Intrnl_Id="613" Name="HexManager">
<Header>
<Loc EndOffset="186" SrcFileId="6" StartOffset="163"/>
</Header>
<LocList>
<Loc EndOffset="10590" SrcFileId="6" StartOffset="163"/>
</LocList>
<HierarchyLvl HierarchyLvlId="123" HierarchyLvlTypeId="15" Intrnl_Id="614" Name="HexManager">
<Header>
<Loc EndOffset="324" SrcFileId="6" StartOffset="305"/>
</Header>
<LocList>
<Loc EndOffset="358" SrcFileId="6" StartOffset="305"/>
</LocList>
<StmntSeq Intrnl_Id="615">
<LocList>
<Loc EndOffset="352" SrcFileId="6" StartOffset="332"/>
</LocList>
<BasicStmnt CovItemId="S1" CovItemPrefix="client.Controller.HexManager.java" Intrnl_Id="616">
<LocList>
<Loc EndOffset="352" SrcFileId="6" StartOffset="332"/>
</LocList>
</BasicStmnt>
</StmntSeq>
</HierarchyLvl>
<HierarchyLvl HierarchyLvlId="124" HierarchyLvlTypeId="15" Intrnl_Id="617" Name="getRoadId">
<Header>
<Loc EndOffset="428" SrcFileId="6" StartOffset="363"/>
</Header>
<LocList>
<Loc EndOffset="494" SrcFileId="6" StartOffset="363"/>
</LocList>
<StmntSeq Intrnl_Id="618">
<LocList>
<Loc EndOffset="490" SrcFileId="6" StartOffset="434"/>
</LocList>
<BasicStmnt CovItemId="S2" CovItemPrefix="client.Controller.HexManager.java" Intrnl_Id="619">
<LocList>
<Loc EndOffset="490" SrcFileId="6" StartOffset="434"/>
</LocList>
</BasicStmnt>
</StmntSeq>
</HierarchyLvl>
<HierarchyLvl HierarchyLvlId="125" HierarchyLvlTypeId="15" Intrnl_Id="620" Name="getStructureId">
<Header>
<Loc EndOffset="575" SrcFileId="6" StartOffset="500"/>
</Header>
<LocList>
<Loc EndOffset="595" SrcFileId="6" StartOffset="500"/>
</LocList>
<StmntSeq Intrnl_Id="621">
<LocList>
<Loc EndOffset="591" SrcFileId="6" StartOffset="581"/>
</LocList>
<BasicStmnt CovItemId="S3" CovItemPrefix="client.Controller.HexManager.java" Intrnl_Id="622">
<LocList>
<Loc EndOffset="591" SrcFileId="6" StartOffset="581"/>
</LocList>
</BasicStmnt>
</StmntSeq>
</HierarchyLvl>
<HierarchyLvl HierarchyLvlId="126" HierarchyLvlTypeId="15" Intrnl_Id="623" Name="initializeRoadMap">
<Header>
<Loc EndOffset="632" SrcFileId="6" StartOffset="600"/>
</Header>
<LocList>
<Loc EndOffset="10585" SrcFileId="6" StartOffset="600"/>
</LocList>
<StmntSeq Intrnl_Id="624">
<LocList>
<Loc EndOffset="689" SrcFileId="6" StartOffset="638"/>
<Loc EndOffset="779" SrcFileId="6" StartOffset="695"/>
<Loc EndOffset="862" SrcFileId="6" StartOffset="783"/>
<Loc EndOffset="950" SrcFileId="6" StartOffset="866"/>
<Loc EndOffset="1038" SrcFileId="6" StartOffset="954"/>
<Loc EndOffset="1121" SrcFileId="6" StartOffset="1042"/>
<Loc EndOffset="1209" SrcFileId="6" StartOffset="1125"/>
<Loc EndOffset="1299" SrcFileId="6" StartOffset="1215"/>
<Loc EndOffset="1382" SrcFileId="6" StartOffset="1303"/>
<Loc EndOffset="1470" SrcFileId="6" StartOffset="1386"/>
<Loc EndOffset="1558" SrcFileId="6" StartOffset="1474"/>
<Loc EndOffset="1641" SrcFileId="6" StartOffset="1562"/>
<Loc EndOffset="1729" SrcFileId="6" StartOffset="1645"/>
<Loc EndOffset="1819" SrcFileId="6" StartOffset="1735"/>
<Loc EndOffset="1902" SrcFileId="6" StartOffset="1823"/>
<Loc EndOffset="1990" SrcFileId="6" StartOffset="1906"/>
<Loc EndOffset="2078" SrcFileId="6" StartOffset="1994"/>
<Loc EndOffset="2161" SrcFileId="6" StartOffset="2082"/>
<Loc EndOffset="2249" SrcFileId="6" StartOffset="2165"/>
<Loc EndOffset="2339" SrcFileId="6" StartOffset="2255"/>
<Loc EndOffset="2422" SrcFileId="6" StartOffset="2343"/>
<Loc EndOffset="2510" SrcFileId="6" StartOffset="2426"/>
<Loc EndOffset="2598" SrcFileId="6" StartOffset="2514"/>
<Loc EndOffset="2681" SrcFileId="6" StartOffset="2602"/>
<Loc EndOffset="2769" SrcFileId="6" StartOffset="2685"/>
<Loc EndOffset="2859" SrcFileId="6" StartOffset="2775"/>
<Loc EndOffset="2942" SrcFileId="6" StartOffset="2863"/>
<Loc EndOffset="3030" SrcFileId="6" StartOffset="2946"/>
<Loc EndOffset="3118" SrcFileId="6" StartOffset="3034"/>
<Loc EndOffset="3201" SrcFileId="6" StartOffset="3122"/>
<Loc EndOffset="3289" SrcFileId="6" StartOffset="3205"/>
<Loc EndOffset="3378" SrcFileId="6" StartOffset="3295"/>
<Loc EndOffset="3461" SrcFileId="6" StartOffset="3382"/>
<Loc EndOffset="3548" SrcFileId="6" StartOffset="3465"/>
<Loc EndOffset="3636" SrcFileId="6" StartOffset="3552"/>
<Loc EndOffset="3719" SrcFileId="6" StartOffset="3640"/>
<Loc EndOffset="3807" SrcFileId="6" StartOffset="3723"/>
<Loc EndOffset="3896" SrcFileId="6" StartOffset="3813"/>
<Loc EndOffset="3979" SrcFileId="6" StartOffset="3900"/>
<Loc EndOffset="4066" SrcFileId="6" StartOffset="3983"/>
<Loc EndOffset="4153" SrcFileId="6" StartOffset="4070"/>
<Loc EndOffset="4236" SrcFileId="6" StartOffset="4157"/>
<Loc EndOffset="4323" SrcFileId="6" StartOffset="4240"/>
<Loc EndOffset="4412" SrcFileId="6" StartOffset="4329"/>
<Loc EndOffset="4495" SrcFileId="6" StartOffset="4416"/>
<Loc EndOffset="4582" SrcFileId="6" StartOffset="4499"/>
<Loc EndOffset="4670" SrcFileId="6" StartOffset="4586"/>
<Loc EndOffset="4753" SrcFileId="6" StartOffset="4674"/>
<Loc EndOffset="4841" SrcFileId="6" StartOffset="4757"/>
<Loc EndOffset="4931" SrcFileId="6" StartOffset="4847"/>
<Loc EndOffset="5014" SrcFileId="6" StartOffset="4935"/>
<Loc EndOffset="5102" SrcFileId="6" StartOffset="5018"/>
<Loc EndOffset="5190" SrcFileId="6" StartOffset="5106"/>
<Loc EndOffset="5273" SrcFileId="6" StartOffset="5194"/>
<Loc EndOffset="5361" SrcFileId="6" StartOffset="5277"/>
<Loc EndOffset="5451" SrcFileId="6" StartOffset="5367"/>
<Loc EndOffset="5534" SrcFileId="6" StartOffset="5455"/>
<Loc EndOffset="5622" SrcFileId="6" StartOffset="5538"/>
<Loc EndOffset="5710" SrcFileId="6" StartOffset="5626"/>
<Loc EndOffset="5793" SrcFileId="6" StartOffset="5714"/>
<Loc EndOffset="5881" SrcFileId="6" StartOffset="5797"/>
<Loc EndOffset="5971" SrcFileId="6" StartOffset="5887"/>
<Loc EndOffset="6055" SrcFileId="6" StartOffset="5975"/>
<Loc EndOffset="6143" SrcFileId="6" StartOffset="6059"/>
<Loc EndOffset="6231" SrcFileId="6" StartOffset="6147"/>
<Loc EndOffset="6315" SrcFileId="6" StartOffset="6235"/>
<Loc EndOffset="6403" SrcFileId="6" StartOffset="6319"/>
<Loc EndOffset="6493" SrcFileId="6" StartOffset="6409"/>
<Loc EndOffset="6577" SrcFileId="6" StartOffset="6497"/>
<Loc EndOffset="6665" SrcFileId="6" StartOffset="6581"/>
<Loc EndOffset="6753" SrcFileId="6" StartOffset="6669"/>
<Loc EndOffset="6837" SrcFileId="6" StartOffset="6757"/>
<Loc EndOffset="6925" SrcFileId="6" StartOffset="6841"/>
<Loc EndOffset="7015" SrcFileId="6" StartOffset="6931"/>
<Loc EndOffset="7099" SrcFileId="6" StartOffset="7019"/>
<Loc EndOffset="7187" SrcFileId="6" StartOffset="7103"/>
<Loc EndOffset="7275" SrcFileId="6" StartOffset="7191"/>
<Loc EndOffset="7359" SrcFileId="6" StartOffset="7279"/>
<Loc EndOffset="7447" SrcFileId="6" StartOffset="7363"/>
<Loc EndOffset="7537" SrcFileId="6" StartOffset="7453"/>
<Loc EndOffset="7621" SrcFileId="6" StartOffset="7541"/>
<Loc EndOffset="7709" SrcFileId="6" StartOffset="7625"/>
<Loc EndOffset="7797" SrcFileId="6" StartOffset="7713"/>
<Loc EndOffset="7881" SrcFileId="6" StartOffset="7801"/>
<Loc EndOffset="7969" SrcFileId="6" StartOffset="7885"/>
<Loc EndOffset="8059" SrcFileId="6" StartOffset="7975"/>
<Loc EndOffset="8143" SrcFileId="6" StartOffset="8063"/>
<Loc EndOffset="8231" SrcFileId="6" StartOffset="8147"/>
<Loc EndOffset="8319" SrcFileId="6" StartOffset="8235"/>
<Loc EndOffset="8403" SrcFileId="6" StartOffset="8323"/>
<Loc EndOffset="8491" SrcFileId="6" StartOffset="8407"/>
<Loc EndOffset="8581" SrcFileId="6" StartOffset="8497"/>
<Loc EndOffset="8665" SrcFileId="6" StartOffset="8585"/>
<Loc EndOffset="8753" SrcFileId="6" StartOffset="8669"/>
<Loc EndOffset="8841" SrcFileId="6" StartOffset="8757"/>
<Loc EndOffset="8925" SrcFileId="6" StartOffset="8845"/>
<Loc EndOffset="9013" SrcFileId="6" StartOffset="8929"/>
<Loc EndOffset="9103" SrcFileId="6" StartOffset="9019"/>
<Loc EndOffset="9187" SrcFileId="6" StartOffset="9107"/>
<Loc EndOffset="9275" SrcFileId="6" StartOffset="9191"/>
<Loc EndOffset="9363" SrcFileId="6" StartOffset="9279"/>
<Loc EndOffset="9447" SrcFileId="6" StartOffset="9367"/>
<Loc EndOffset="9535" SrcFileId="6" StartOffset="9451"/>
<Loc EndOffset="9625" SrcFileId="6" StartOffset="9541"/>
<Loc EndOffset="9709" SrcFileId="6" StartOffset="9629"/>
<Loc EndOffset="9797" SrcFileId="6" StartOffset="9713"/>
<Loc EndOffset="9885" SrcFileId="6" StartOffset="9801"/>
<Loc EndOffset="9969" SrcFileId="6" StartOffset="9889"/>
<Loc EndOffset="10057" SrcFileId="6" StartOffset="9973"/>
<Loc EndOffset="10147" SrcFileId="6" StartOffset="10063"/>
<Loc EndOffset="10231" SrcFileId="6" StartOffset="10151"/>
<Loc EndOffset="10319" SrcFileId="6" StartOffset="10235"/>
<Loc EndOffset="10407" SrcFileId="6" StartOffset="10323"/>
<Loc EndOffset="10491" SrcFileId="6" StartOffset="10411"/>
<Loc EndOffset="10579" SrcFileId="6" StartOffset="10495"/>
</LocList>
<BasicStmnt CovItemId="S4" CovItemPrefix="client.Controller.HexManager.java" Intrnl_Id="625">
<LocList>
<Loc EndOffset="689" SrcFileId="6" StartOffset="638"/>
</LocList>
</BasicStmnt>
<BasicStmnt CovItemId="S5" CovItemPrefix="client.Controller.HexManager.java" Intrnl_Id="626">
<LocList>
<Loc EndOffset="779" SrcFileId="6" StartOffset="695"/>
</LocList>
</BasicStmnt>
<BasicStmnt CovItemId="S6" CovItemPrefix="client.Controller.HexManager.java" Intrnl_Id="627">
<LocList>
<Loc EndOffset="862" SrcFileId="6" StartOffset="783"/>
</LocList>
</BasicStmnt>
<BasicStmnt CovItemId="S7" CovItemPrefix="client.Controller.HexManager.java" Intrnl_Id="628">
<LocList>
<Loc EndOffset="950" SrcFileId="6" StartOffset="866"/>
</LocList>
</BasicStmnt>
<BasicStmnt CovItemId="S8" CovItemPrefix="client.Controller.HexManager.java" Intrnl_Id="629">
<LocList>
<Loc EndOffset="1038" SrcFileId="6" StartOffset="954"/>
</LocList>
</BasicStmnt>
<BasicStmnt CovItemId="S9" CovItemPrefix="client.Controller.HexManager.java" Intrnl_Id="630">
<LocList>
<Loc EndOffset="1121" SrcFileId="6" StartOffset="1042"/>
</LocList>
</BasicStmnt>
<BasicStmnt CovItemId="S10" CovItemPrefix="client.Controller.HexManager.java" Intrnl_Id="631">
<LocList>
<Loc EndOffset="1209" SrcFileId="6" StartOffset="1125"/>
</LocList>
</BasicStmnt>
<BasicStmnt CovItemId="S11" CovItemPrefix="client.Controller.HexManager.java" Intrnl_Id="632">
<LocList>
<Loc EndOffset="1299" SrcFileId="6" StartOffset="1215"/>
</LocList>
</BasicStmnt>
<BasicStmnt CovItemId="S12" CovItemPrefix="client.Controller.HexManager.java" Intrnl_Id="633">
<LocList>
<Loc EndOffset="1382" SrcFileId="6" StartOffset="1303"/>
</LocList>
</BasicStmnt>
<BasicStmnt CovItemId="S13" CovItemPrefix="client.Controller.HexManager.java" Intrnl_Id="634">
<LocList>
<Loc EndOffset="1470" SrcFileId="6" StartOffset="1386"/>
</LocList>
</BasicStmnt>
<BasicStmnt CovItemId="S14" CovItemPrefix="client.Controller.HexManager.java" Intrnl_Id="635">
<LocList>
<Loc EndOffset="1558" SrcFileId="6" StartOffset="1474"/>
</LocList>
</BasicStmnt>
<BasicStmnt CovItemId="S15" CovItemPrefix="client.Controller.HexManager.java" Intrnl_Id="636">
<LocList>
<Loc EndOffset="1641" SrcFileId="6" StartOffset="1562"/>
</LocList>
</BasicStmnt>
<BasicStmnt CovItemId="S16" CovItemPrefix="client.Controller.HexManager.java" Intrnl_Id="637">
<LocList>
<Loc EndOffset="1729" SrcFileId="6" StartOffset="1645"/>
</LocList>
</BasicStmnt>
<BasicStmnt CovItemId="S17" CovItemPrefix="client.Controller.HexManager.java" Intrnl_Id="638">
<LocList>
<Loc EndOffset="1819" SrcFileId="6" StartOffset="1735"/>
</LocList>
</BasicStmnt>
<BasicStmnt CovItemId="S18" CovItemPrefix="client.Controller.HexManager.java" Intrnl_Id="639">
<LocList>
<Loc EndOffset="1902" SrcFileId="6" StartOffset="1823"/>
</LocList>
</BasicStmnt>
<BasicStmnt CovItemId="S19" CovItemPrefix="client.Controller.HexManager.java" Intrnl_Id="640">
<LocList>
<Loc EndOffset="1990" SrcFileId="6" StartOffset="1906"/>
</LocList>
</BasicStmnt>
<BasicStmnt CovItemId="S20" CovItemPrefix="client.Controller.HexManager.java" Intrnl_Id="641">
<LocList>
<Loc EndOffset="2078" SrcFileId="6" StartOffset="1994"/>
</LocList>
</BasicStmnt>
<BasicStmnt CovItemId="S21" CovItemPrefix="client.Controller.HexManager.java" Intrnl_Id="642">
<LocList>
<Loc EndOffset="2161" SrcFileId="6" StartOffset="2082"/>
</LocList>
</BasicStmnt>
<BasicStmnt CovItemId="S22" CovItemPrefix="client.Controller.HexManager.java" Intrnl_Id="643">
<LocList>
<Loc EndOffset="2249" SrcFileId="6" StartOffset="2165"/>
</LocList>
</BasicStmnt>
<BasicStmnt CovItemId="S23" CovItemPrefix="client.Controller.HexManager.java" Intrnl_Id="644">
<LocList>
<Loc EndOffset="2339" SrcFileId="6" StartOffset="2255"/>
</LocList>
</BasicStmnt>
<BasicStmnt CovItemId="S24" CovItemPrefix="client.Controller.HexManager.java" Intrnl_Id="645">
<LocList>
<Loc EndOffset="2422" SrcFileId="6" StartOffset="2343"/>
</LocList>
</BasicStmnt>
<BasicStmnt CovItemId="S25" CovItemPrefix="client.Controller.HexManager.java" Intrnl_Id="646">
<LocList>
<Loc EndOffset="2510" SrcFileId="6" StartOffset="2426"/>
</LocList>
</BasicStmnt>
<BasicStmnt CovItemId="S26" CovItemPrefix="client.Controller.HexManager.java" Intrnl_Id="647">
<LocList>
<Loc EndOffset="2598" SrcFileId="6" StartOffset="2514"/>
</LocList>
</BasicStmnt>
<BasicStmnt CovItemId="S27" CovItemPrefix="client.Controller.HexManager.java" Intrnl_Id="648">
<LocList>
<Loc EndOffset="2681" SrcFileId="6" StartOffset="2602"/>
</LocList>
</BasicStmnt>
<BasicStmnt CovItemId="S28" CovItemPrefix="client.Controller.HexManager.java" Intrnl_Id="649">
<LocList>
<Loc EndOffset="2769" SrcFileId="6" StartOffset="2685"/>
</LocList>
</BasicStmnt>
<BasicStmnt CovItemId="S29" CovItemPrefix="client.Controller.HexManager.java" Intrnl_Id="650">
<LocList>
<Loc EndOffset="2859" SrcFileId="6" StartOffset="2775"/>
</LocList>
</BasicStmnt>
<BasicStmnt CovItemId="S30" CovItemPrefix="client.Controller.HexManager.java" Intrnl_Id="651">
<LocList>
<Loc EndOffset="2942" SrcFileId="6" StartOffset="2863"/>
</LocList>
</BasicStmnt>
<BasicStmnt CovItemId="S31" CovItemPrefix="client.Controller.HexManager.java" Intrnl_Id="652">
<LocList>
<Loc EndOffset="3030" SrcFileId="6" StartOffset="2946"/>
</LocList>
</BasicStmnt>
<BasicStmnt CovItemId="S32" CovItemPrefix="client.Controller.HexManager.java" Intrnl_Id="653">
<LocList>
<Loc EndOffset="3118" SrcFileId="6" StartOffset="3034"/>
</LocList>
</BasicStmnt>
<BasicStmnt CovItemId="S33" CovItemPrefix="client.Controller.HexManager.java" Intrnl_Id="654">
<LocList>
<Loc EndOffset="3201" SrcFileId="6" StartOffset="3122"/>
</LocList>
</BasicStmnt>
<BasicStmnt CovItemId="S34" CovItemPrefix="client.Controller.HexManager.java" Intrnl_Id="655">
<LocList>
<Loc EndOffset="3289" SrcFileId="6" StartOffset="3205"/>
</LocList>
</BasicStmnt>
<BasicStmnt CovItemId="S35" CovItemPrefix="client.Controller.HexManager.java" Intrnl_Id="656">
<LocList>
<Loc EndOffset="3378" SrcFileId="6" StartOffset="3295"/>
</LocList>
</BasicStmnt>
<BasicStmnt CovItemId="S36" CovItemPrefix="client.Controller.HexManager.java" Intrnl_Id="657">
<LocList>
<Loc EndOffset="3461" SrcFileId="6" StartOffset="3382"/>
</LocList>
</BasicStmnt>
<BasicStmnt CovItemId="S37" CovItemPrefix="client.Controller.HexManager.java" Intrnl_Id="658">
<LocList>
<Loc EndOffset="3548" SrcFileId="6" StartOffset="3465"/>
</LocList>
</BasicStmnt>
<BasicStmnt CovItemId="S38" CovItemPrefix="client.Controller.HexManager.java" Intrnl_Id="659">
<LocList>
<Loc EndOffset="3636" SrcFileId="6" StartOffset="3552"/>
</LocList>
</BasicStmnt>
<BasicStmnt CovItemId="S39" CovItemPrefix="client.Controller.HexManager.java" Intrnl_Id="660">
<LocList>
<Loc EndOffset="3719" SrcFileId="6" StartOffset="3640"/>
</LocList>
</BasicStmnt>
<BasicStmnt CovItemId="S40" CovItemPrefix="client.Controller.HexManager.java" Intrnl_Id="661">
<LocList>
<Loc EndOffset="3807" SrcFileId="6" StartOffset="3723"/>
</LocList>
</BasicStmnt>
<BasicStmnt CovItemId="S41" CovItemPrefix="client.Controller.HexManager.java" Intrnl_Id="662">
<LocList>
<Loc EndOffset="3896" SrcFileId="6" StartOffset="3813"/>
</LocList>
</BasicStmnt>
<BasicStmnt CovItemId="S42" CovItemPrefix="client.Controller.HexManager.java" Intrnl_Id="663">
<LocList>
<Loc EndOffset="3979" SrcFileId="6" StartOffset="3900"/>
</LocList>
</BasicStmnt>
<BasicStmnt CovItemId="S43" CovItemPrefix="client.Controller.HexManager.java" Intrnl_Id="664">
<LocList>
<Loc EndOffset="4066" SrcFileId="6" StartOffset="3983"/>
</LocList>
</BasicStmnt>
<BasicStmnt CovItemId="S44" CovItemPrefix="client.Controller.HexManager.java" Intrnl_Id="665">
<LocList>
<Loc EndOffset="4153" SrcFileId="6" StartOffset="4070"/>
</LocList>
</BasicStmnt>
<BasicStmnt CovItemId="S45" CovItemPrefix="client.Controller.HexManager.java" Intrnl_Id="666">
<LocList>
<Loc EndOffset="4236" SrcFileId="6" StartOffset="4157"/>
</LocList>
</BasicStmnt>
<BasicStmnt CovItemId="S46" CovItemPrefix="client.Controller.HexManager.java" Intrnl_Id="667">
<LocList>
<Loc EndOffset="4323" SrcFileId="6" StartOffset="4240"/>
</LocList>
</BasicStmnt>
<BasicStmnt CovItemId="S47" CovItemPrefix="client.Controller.HexManager.java" Intrnl_Id="668">
<LocList>
<Loc EndOffset="4412" SrcFileId="6" StartOffset="4329"/>
</LocList>
</BasicStmnt>
<BasicStmnt CovItemId="S48" CovItemPrefix="client.Controller.HexManager.java" Intrnl_Id="669">
<LocList>
<Loc EndOffset="4495" SrcFileId="6" StartOffset="4416"/>
</LocList>
</BasicStmnt>
<BasicStmnt CovItemId="S49" CovItemPrefix="client.Controller.HexManager.java" Intrnl_Id="670">
<LocList>
<Loc EndOffset="4582" SrcFileId="6" StartOffset="4499"/>
</LocList>
</BasicStmnt>
<BasicStmnt CovItemId="S50" CovItemPrefix="client.Controller.HexManager.java" Intrnl_Id="671">
<LocList>
<Loc EndOffset="4670" SrcFileId="6" StartOffset="4586"/>
</LocList>
</BasicStmnt>
<BasicStmnt CovItemId="S51" CovItemPrefix="client.Controller.HexManager.java" Intrnl_Id="672">
<LocList>
<Loc EndOffset="4753" SrcFileId="6" StartOffset="4674"/>
</LocList>
</BasicStmnt>
<BasicStmnt CovItemId="S52" CovItemPrefix="client.Controller.HexManager.java" Intrnl_Id="673">
<LocList>
<Loc EndOffset="4841" SrcFileId="6" StartOffset="4757"/>
</LocList>
</BasicStmnt>
<BasicStmnt CovItemId="S53" CovItemPrefix="client.Controller.HexManager.java" Intrnl_Id="674">
<LocList>
<Loc EndOffset="4931" SrcFileId="6" StartOffset="4847"/>
</LocList>
</BasicStmnt>
<BasicStmnt CovItemId="S54" CovItemPrefix="client.Controller.HexManager.java" Intrnl_Id="675">
<LocList>
<Loc EndOffset="5014" SrcFileId="6" StartOffset="4935"/>
</LocList>
</BasicStmnt>
<BasicStmnt CovItemId="S55" CovItemPrefix="client.Controller.HexManager.java" Intrnl_Id="676">
<LocList>
<Loc EndOffset="5102" SrcFileId="6" StartOffset="5018"/>
</LocList>
</BasicStmnt>
<BasicStmnt CovItemId="S56" CovItemPrefix="client.Controller.HexManager.java" Intrnl_Id="677">
<LocList>
<Loc EndOffset="5190" SrcFileId="6" StartOffset="5106"/>
</LocList>
</BasicStmnt>
<BasicStmnt CovItemId="S57" CovItemPrefix="client.Controller.HexManager.java" Intrnl_Id="678">
<LocList>
<Loc EndOffset="5273" SrcFileId="6" StartOffset="5194"/>
</LocList>
</BasicStmnt>
<BasicStmnt CovItemId="S58" CovItemPrefix="client.Controller.HexManager.java" Intrnl_Id="679">
<LocList>
<Loc EndOffset="5361" SrcFileId="6" StartOffset="5277"/>
</LocList>
</BasicStmnt>
<BasicStmnt CovItemId="S59" CovItemPrefix="client.Controller.HexManager.java" Intrnl_Id="680">
<LocList>
<Loc EndOffset="5451" SrcFileId="6" StartOffset="5367"/>
</LocList>
</BasicStmnt>
<BasicStmnt CovItemId="S60" CovItemPrefix="client.Controller.HexManager.java" Intrnl_Id="681">
<LocList>
<Loc EndOffset="5534" SrcFileId="6" StartOffset="5455"/>
</LocList>
</BasicStmnt>
<BasicStmnt CovItemId="S61" CovItemPrefix="client.Controller.HexManager.java" Intrnl_Id="682">
<LocList>
<Loc EndOffset="5622" SrcFileId="6" StartOffset="5538"/>
</LocList>
</BasicStmnt>
<BasicStmnt CovItemId="S62" CovItemPrefix="client.Controller.HexManager.java" Intrnl_Id="683">
<LocList>
<Loc EndOffset="5710" SrcFileId="6" StartOffset="5626"/>
</LocList>
</BasicStmnt>
<BasicStmnt CovItemId="S63" CovItemPrefix="client.Controller.HexManager.java" Intrnl_Id="684">
<LocList>
<Loc EndOffset="5793" SrcFileId="6" StartOffset="5714"/>
</LocList>
</BasicStmnt>
<BasicStmnt CovItemId="S64" CovItemPrefix="client.Controller.HexManager.java" Intrnl_Id="685">
<LocList>
<Loc EndOffset="5881" SrcFileId="6" StartOffset="5797"/>
</LocList>
</BasicStmnt>
<BasicStmnt CovItemId="S65" CovItemPrefix="client.Controller.HexManager.java" Intrnl_Id="686">
<LocList>
<Loc EndOffset="5971" SrcFileId="6" StartOffset="5887"/>
</LocList>
</BasicStmnt>
<BasicStmnt CovItemId="S66" CovItemPrefix="client.Controller.HexManager.java" Intrnl_Id="687">
<LocList>
<Loc EndOffset="6055" SrcFileId="6" StartOffset="5975"/>
</LocList>
</BasicStmnt>
<BasicStmnt CovItemId="S67" CovItemPrefix="client.Controller.HexManager.java" Intrnl_Id="688">
<LocList>
<Loc EndOffset="6143" SrcFileId="6" StartOffset="6059"/>
</LocList>
</BasicStmnt>
<BasicStmnt CovItemId="S68" CovItemPrefix="client.Controller.HexManager.java" Intrnl_Id="689">
<LocList>
<Loc EndOffset="6231" SrcFileId="6" StartOffset="6147"/>
</LocList>
</BasicStmnt>
<BasicStmnt CovItemId="S69" CovItemPrefix="client.Controller.HexManager.java" Intrnl_Id="690">
<LocList>
<Loc EndOffset="6315" SrcFileId="6" StartOffset="6235"/>
</LocList>
</BasicStmnt>
<BasicStmnt CovItemId="S70" CovItemPrefix="client.Controller.HexManager.java" Intrnl_Id="691">
<LocList>
<Loc EndOffset="6403" SrcFileId="6" StartOffset="6319"/>
</LocList>
</BasicStmnt>
<BasicStmnt CovItemId="S71" CovItemPrefix="client.Controller.HexManager.java" Intrnl_Id="692">
<LocList>
<Loc EndOffset="6493" SrcFileId="6" StartOffset="6409"/>
</LocList>
</BasicStmnt>
<BasicStmnt CovItemId="S72" CovItemPrefix="client.Controller.HexManager.java" Intrnl_Id="693">
<LocList>
<Loc EndOffset="6577" SrcFileId="6" StartOffset="6497"/>
</LocList>
</BasicStmnt>
<BasicStmnt CovItemId="S73" CovItemPrefix="client.Controller.HexManager.java" Intrnl_Id="694">
<LocList>
<Loc EndOffset="6665" SrcFileId="6" StartOffset="6581"/>
</LocList>
</BasicStmnt>
<BasicStmnt CovItemId="S74" CovItemPrefix="client.Controller.HexManager.java" Intrnl_Id="695">
<LocList>
<Loc EndOffset="6753" SrcFileId="6" StartOffset="6669"/>
</LocList>
</BasicStmnt>
<BasicStmnt CovItemId="S75" CovItemPrefix="client.Controller.HexManager.java" Intrnl_Id="696">
<LocList>
<Loc EndOffset="6837" SrcFileId="6" StartOffset="6757"/>
</LocList>
</BasicStmnt>
<BasicStmnt CovItemId="S76" CovItemPrefix="client.Controller.HexManager.java" Intrnl_Id="697">
<LocList>
<Loc EndOffset="6925" SrcFileId="6" StartOffset="6841"/>
</LocList>
</BasicStmnt>
<BasicStmnt CovItemId="S77" CovItemPrefix="client.Controller.HexManager.java" Intrnl_Id="698">
<LocList>
<Loc EndOffset="7015" SrcFileId="6" StartOffset="6931"/>
</LocList>
</BasicStmnt>
<BasicStmnt CovItemId="S78" CovItemPrefix="client.Controller.HexManager.java" Intrnl_Id="699">
<LocList>
<Loc EndOffset="7099" SrcFileId="6" StartOffset="7019"/>
</LocList>
</BasicStmnt>
<BasicStmnt CovItemId="S79" CovItemPrefix="client.Controller.HexManager.java" Intrnl_Id="700">
<LocList>
<Loc EndOffset="7187" SrcFileId="6" StartOffset="7103"/>
</LocList>
</BasicStmnt>
<BasicStmnt CovItemId="S80" CovItemPrefix="client.Controller.HexManager.java" Intrnl_Id="701">
<LocList>
<Loc EndOffset="7275" SrcFileId="6" StartOffset="7191"/>
</LocList>
</BasicStmnt>
<BasicStmnt CovItemId="S81" CovItemPrefix="client.Controller.HexManager.java" Intrnl_Id="702">
<LocList>
<Loc EndOffset="7359" SrcFileId="6" StartOffset="7279"/>
</LocList>
</BasicStmnt>
<BasicStmnt CovItemId="S82" CovItemPrefix="client.Controller.HexManager.java" Intrnl_Id="703">
<LocList>
<Loc EndOffset="7447" SrcFileId="6" StartOffset="7363"/>
</LocList>
</BasicStmnt>
<BasicStmnt CovItemId="S83" CovItemPrefix="client.Controller.HexManager.java" Intrnl_Id="704">
<LocList>
<Loc EndOffset="7537" SrcFileId="6" StartOffset="7453"/>
</LocList>
</BasicStmnt>
<BasicStmnt CovItemId="S84" CovItemPrefix="client.Controller.HexManager.java" Intrnl_Id="705">
<LocList>
<Loc EndOffset="7621" SrcFileId="6" StartOffset="7541"/>
</LocList>
</BasicStmnt>
<BasicStmnt CovItemId="S85" CovItemPrefix="client.Controller.HexManager.java" Intrnl_Id="706">
<LocList>
<Loc EndOffset="7709" SrcFileId="6" StartOffset="7625"/>
</LocList>
</BasicStmnt>
<BasicStmnt CovItemId="S86" CovItemPrefix="client.Controller.HexManager.java" Intrnl_Id="707">
<LocList>
<Loc EndOffset="7797" SrcFileId="6" StartOffset="7713"/>
</LocList>
</BasicStmnt>
<BasicStmnt CovItemId="S87" CovItemPrefix="client.Controller.HexManager.java" Intrnl_Id="708">
<LocList>
<Loc EndOffset="7881" SrcFileId="6" StartOffset="7801"/>
</LocList>
</BasicStmnt>
<BasicStmnt CovItemId="S88" CovItemPrefix="client.Controller.HexManager.java" Intrnl_Id="709">
<LocList>
<Loc EndOffset="7969" SrcFileId="6" StartOffset="7885"/>
</LocList>
</BasicStmnt>
<BasicStmnt CovItemId="S89" CovItemPrefix="client.Controller.HexManager.java" Intrnl_Id="710">
<LocList>
<Loc EndOffset="8059" SrcFileId="6" StartOffset="7975"/>
</LocList>
</BasicStmnt>
<BasicStmnt CovItemId="S90" CovItemPrefix="client.Controller.HexManager.java" Intrnl_Id="711">
<LocList>
<Loc EndOffset="8143" SrcFileId="6" StartOffset="8063"/>
</LocList>
</BasicStmnt>
<BasicStmnt CovItemId="S91" CovItemPrefix="client.Controller.HexManager.java" Intrnl_Id="712">
<LocList>
<Loc EndOffset="8231" SrcFileId="6" StartOffset="8147"/>
</LocList>
</BasicStmnt>
<BasicStmnt CovItemId="S92" CovItemPrefix="client.Controller.HexManager.java" Intrnl_Id="713">
<LocList>
<Loc EndOffset="8319" SrcFileId="6" StartOffset="8235"/>
</LocList>
</BasicStmnt>
<BasicStmnt CovItemId="S93" CovItemPrefix="client.Controller.HexManager.java" Intrnl_Id="714">
<LocList>
<Loc EndOffset="8403" SrcFileId="6" StartOffset="8323"/>
</LocList>
</BasicStmnt>
<BasicStmnt CovItemId="S94" CovItemPrefix="client.Controller.HexManager.java" Intrnl_Id="715">
<LocList>
<Loc EndOffset="8491" SrcFileId="6" StartOffset="8407"/>
</LocList>
</BasicStmnt>
<BasicStmnt CovItemId="S95" CovItemPrefix="client.Controller.HexManager.java" Intrnl_Id="716">
<LocList>
<Loc EndOffset="8581" SrcFileId="6" StartOffset="8497"/>
</LocList>
</BasicStmnt>
<BasicStmnt CovItemId="S96" CovItemPrefix="client.Controller.HexManager.java" Intrnl_Id="717">
<LocList>
<Loc EndOffset="8665" SrcFileId="6" StartOffset="8585"/>
</LocList>
</BasicStmnt>
<BasicStmnt CovItemId="S97" CovItemPrefix="client.Controller.HexManager.java" Intrnl_Id="718">
<LocList>
<Loc EndOffset="8753" SrcFileId="6" StartOffset="8669"/>
</LocList>
</BasicStmnt>
<BasicStmnt CovItemId="S98" CovItemPrefix="client.Controller.HexManager.java" Intrnl_Id="719">
<LocList>
<Loc EndOffset="8841" SrcFileId="6" StartOffset="8757"/>
</LocList>
</BasicStmnt>
<BasicStmnt CovItemId="S99" CovItemPrefix="client.Controller.HexManager.java" Intrnl_Id="720">
<LocList>
<Loc EndOffset="8925" SrcFileId="6" StartOffset="8845"/>
</LocList>
</BasicStmnt>
<BasicStmnt CovItemId="S100" CovItemPrefix="client.Controller.HexManager.java" Intrnl_Id="721">
<LocList>
<Loc EndOffset="9013" SrcFileId="6" StartOffset="8929"/>
</LocList>
</BasicStmnt>
<BasicStmnt CovItemId="S101" CovItemPrefix="client.Controller.HexManager.java" Intrnl_Id="722">
<LocList>
<Loc EndOffset="9103" SrcFileId="6" StartOffset="9019"/>
</LocList>
</BasicStmnt>
<BasicStmnt CovItemId="S102" CovItemPrefix="client.Controller.HexManager.java" Intrnl_Id="723">
<LocList>
<Loc EndOffset="9187" SrcFileId="6" StartOffset="9107"/>
</LocList>
</BasicStmnt>
<BasicStmnt CovItemId="S103" CovItemPrefix="client.Controller.HexManager.java" Intrnl_Id="724">
<LocList>
<Loc EndOffset="9275" SrcFileId="6" StartOffset="9191"/>
</LocList>
</BasicStmnt>
<BasicStmnt CovItemId="S104" CovItemPrefix="client.Controller.HexManager.java" Intrnl_Id="725">
<LocList>
<Loc EndOffset="9363" SrcFileId="6" StartOffset="9279"/>
</LocList>
</BasicStmnt>
<BasicStmnt CovItemId="S105" CovItemPrefix="client.Controller.HexManager.java" Intrnl_Id="726">
<LocList>
<Loc EndOffset="9447" SrcFileId="6" StartOffset="9367"/>
</LocList>
</BasicStmnt>
<BasicStmnt CovItemId="S106" CovItemPrefix="client.Controller.HexManager.java" Intrnl_Id="727">
<LocList>
<Loc EndOffset="9535" SrcFileId="6" StartOffset="9451"/>
</LocList>
</BasicStmnt>
<BasicStmnt CovItemId="S107" CovItemPrefix="client.Controller.HexManager.java" Intrnl_Id="728">
<LocList>
<Loc EndOffset="9625" SrcFileId="6" StartOffset="9541"/>
</LocList>
</BasicStmnt>
<BasicStmnt CovItemId="S108" CovItemPrefix="client.Controller.HexManager.java" Intrnl_Id="729">
<LocList>
<Loc EndOffset="9709" SrcFileId="6" StartOffset="9629"/>
</LocList>
</BasicStmnt>
<BasicStmnt CovItemId="S109" CovItemPrefix="client.Controller.HexManager.java" Intrnl_Id="730">
<LocList>
<Loc EndOffset="9797" SrcFileId="6" StartOffset="9713"/>
</LocList>
</BasicStmnt>
<BasicStmnt CovItemId="S110" CovItemPrefix="client.Controller.HexManager.java" Intrnl_Id="731">
<LocList>
<Loc EndOffset="9885" SrcFileId="6" StartOffset="9801"/>
</LocList>
</BasicStmnt>
<BasicStmnt CovItemId="S111" CovItemPrefix="client.Controller.HexManager.java" Intrnl_Id="732">
<LocList>
<Loc EndOffset="9969" SrcFileId="6" StartOffset="9889"/>
</LocList>
</BasicStmnt>
<BasicStmnt CovItemId="S112" CovItemPrefix="client.Controller.HexManager.java" Intrnl_Id="733">
<LocList>
<Loc EndOffset="10057" SrcFileId="6" StartOffset="9973"/>
</LocList>
</BasicStmnt>
<BasicStmnt CovItemId="S113" CovItemPrefix="client.Controller.HexManager.java" Intrnl_Id="734">
<LocList>
<Loc EndOffset="10147" SrcFileId="6" StartOffset="10063"/>
</LocList>
</BasicStmnt>
<BasicStmnt CovItemId="S114" CovItemPrefix="client.Controller.HexManager.java" Intrnl_Id="735">
<LocList>
<Loc EndOffset="10231" SrcFileId="6" StartOffset="10151"/>
</LocList>
</BasicStmnt>
<BasicStmnt CovItemId="S115" CovItemPrefix="client.Controller.HexManager.java" Intrnl_Id="736">
<LocList>
<Loc EndOffset="10319" SrcFileId="6" StartOffset="10235"/>
</LocList>
</BasicStmnt>
<BasicStmnt CovItemId="S116" CovItemPrefix="client.Controller.HexManager.java" Intrnl_Id="737">
<LocList>
<Loc EndOffset="10407" SrcFileId="6" StartOffset="10323"/>
</LocList>
</BasicStmnt>
<BasicStmnt CovItemId="S117" CovItemPrefix="client.Controller.HexManager.java" Intrnl_Id="738">
<LocList>
<Loc EndOffset="10491" SrcFileId="6" StartOffset="10411"/>
</LocList>
</BasicStmnt>
<BasicStmnt CovItemId="S118" CovItemPrefix="client.Controller.HexManager.java" Intrnl_Id="739">
<LocList>
<Loc EndOffset="10579" SrcFileId="6" StartOffset="10495"/>
</LocList>
</BasicStmnt>
</StmntSeq>
</HierarchyLvl>
</HierarchyLvl>
<HierarchyLvl HierarchyLvlId="149" HierarchyLvlTypeId="16" Intrnl_Id="740" Name="Game">
<Header>
<Loc EndOffset="333" SrcFileId="7" StartOffset="316"/>
</Header>
<LocList>
<Loc EndOffset="729" SrcFileId="7" StartOffset="316"/>
<Loc EndOffset="967" SrcFileId="7" StartOffset="962"/>
<Loc EndOffset="1147" SrcFileId="7" StartOffset="1051"/>
<Loc EndOffset="7906" SrcFileId="7" StartOffset="1213"/>
</LocList>
<StmntSeq Intrnl_Id="741">
<LocList>
<Loc EndOffset="405" SrcFileId="7" StartOffset="340"/>
<Loc EndOffset="470" SrcFileId="7" StartOffset="408"/>
<Loc EndOffset="533" SrcFileId="7" StartOffset="473"/>
<Loc EndOffset="595" SrcFileId="7" StartOffset="536"/>
<Loc EndOffset="660" SrcFileId="7" StartOffset="598"/>
<Loc EndOffset="724" SrcFileId="7" StartOffset="663"/>
<Loc EndOffset="1333" SrcFileId="7" StartOffset="1280"/>
<Loc EndOffset="1388" SrcFileId="7" StartOffset="1336"/>
<Loc EndOffset="1661" SrcFileId="7" StartOffset="1622"/>
<Loc EndOffset="1724" SrcFileId="7" StartOffset="1664"/>
<Loc EndOffset="1806" SrcFileId="7" StartOffset="1727"/>
</LocList>
<BasicStmnt CovItemId="S1" CovItemPrefix="client.Controller.Game.java" Intrnl_Id="742">
<LocList>
<Loc EndOffset="405" SrcFileId="7" StartOffset="340"/>
</LocList>
</BasicStmnt>
<BasicStmnt CovItemId="S2" CovItemPrefix="client.Controller.Game.java" Intrnl_Id="743">
<LocList>
<Loc EndOffset="470" SrcFileId="7" StartOffset="408"/>
</LocList>
</BasicStmnt>
<BasicStmnt CovItemId="S3" CovItemPrefix="client.Controller.Game.java" Intrnl_Id="744">
<LocList>
<Loc EndOffset="533" SrcFileId="7" StartOffset="473"/>
</LocList>
</BasicStmnt>
<BasicStmnt CovItemId="S4" CovItemPrefix="client.Controller.Game.java" Intrnl_Id="745">
<LocList>
<Loc EndOffset="595" SrcFileId="7" StartOffset="536"/>
</LocList>
</BasicStmnt>
<BasicStmnt CovItemId="S5" CovItemPrefix="client.Controller.Game.java" Intrnl_Id="746">
<LocList>
<Loc EndOffset="660" SrcFileId="7" StartOffset="598"/>
</LocList>
</BasicStmnt>
<BasicStmnt CovItemId="S6" CovItemPrefix="client.Controller.Game.java" Intrnl_Id="747">
<LocList>
<Loc EndOffset="724" SrcFileId="7" StartOffset="663"/>
</LocList>
</BasicStmnt>
<BasicStmnt CovItemId="S9" CovItemPrefix="client.Controller.Game.java" Intrnl_Id="748">
<LocList>
<Loc EndOffset="1333" SrcFileId="7" StartOffset="1280"/>
</LocList>
</BasicStmnt>
<BasicStmnt CovItemId="S10" CovItemPrefix="client.Controller.Game.java" Intrnl_Id="749">
<LocList>
<Loc EndOffset="1388" SrcFileId="7" StartOffset="1336"/>
</LocList>
</BasicStmnt>
<BasicStmnt CovItemId="S11" CovItemPrefix="client.Controller.Game.java" Intrnl_Id="750">
<LocList>
<Loc EndOffset="1661" SrcFileId="7" StartOffset="1622"/>
</LocList>
</BasicStmnt>
<BasicStmnt CovItemId="S12" CovItemPrefix="client.Controller.Game.java" Intrnl_Id="751">
<LocList>
<Loc EndOffset="1724" SrcFileId="7" StartOffset="1664"/>
</LocList>
</BasicStmnt>
<BasicStmnt CovItemId="S13" CovItemPrefix="client.Controller.Game.java" Intrnl_Id="752">
<LocList>
<Loc EndOffset="1806" SrcFileId="7" StartOffset="1727"/>
</LocList>
</BasicStmnt>
</StmntSeq>
<HierarchyLvl HierarchyLvlId="130" HierarchyLvlTypeId="13" Intrnl_Id="753" Name="Resource">
<Header>
<Loc EndOffset="756" SrcFileId="7" StartOffset="729"/>
</Header>
<LocList>
<Loc EndOffset="962" SrcFileId="7" StartOffset="729"/>
</LocList>
<HierarchyLvl HierarchyLvlId="128" HierarchyLvlTypeId="15" Intrnl_Id="754" Name="Resource">
<Header>
<Loc EndOffset="871" SrcFileId="7" StartOffset="851"/>
</Header>
<LocList>
<Loc EndOffset="904" SrcFileId="7" StartOffset="851"/>
</LocList>
<StmntSeq Intrnl_Id="755">
<LocList>
<Loc EndOffset="899" SrcFileId="7" StartOffset="878"/>
</LocList>
<BasicStmnt CovItemId="S7" CovItemPrefix="client.Controller.Game.java" Intrnl_Id="756">
<LocList>
<Loc EndOffset="899" SrcFileId="7" StartOffset="878"/>
</LocList>
</BasicStmnt>
</StmntSeq>
</HierarchyLvl>
<HierarchyLvl HierarchyLvlId="129" HierarchyLvlTypeId="15" Intrnl_Id="757" Name="getNumVal">
<Header>
<Loc EndOffset="932" SrcFileId="7" StartOffset="910"/>
</Header>
<LocList>
<Loc EndOffset="958" SrcFileId="7" StartOffset="910"/>
</LocList>
<StmntSeq Intrnl_Id="758">
<LocList>
<Loc EndOffset="953" SrcFileId="7" StartOffset="939"/>
</LocList>
<BasicStmnt CovItemId="S8" CovItemPrefix="client.Controller.Game.java" Intrnl_Id="759">
<LocList>
<Loc EndOffset="953" SrcFileId="7" StartOffset="939"/>
</LocList>
</BasicStmnt>
</StmntSeq>
</HierarchyLvl>
</HierarchyLvl>
<HierarchyLvl HierarchyLvlId="131" HierarchyLvlTypeId="13" Intrnl_Id="760" Name="TurnPhase">
<Header>
<Loc EndOffset="995" SrcFileId="7" StartOffset="967"/>
</Header>
<LocList>
<Loc EndOffset="1051" SrcFileId="7" StartOffset="967"/>
</LocList>
</HierarchyLvl>
<HierarchyLvl HierarchyLvlId="132" HierarchyLvlTypeId="13" Intrnl_Id="761" Name="BuildType">
<Header>
<Loc EndOffset="1175" SrcFileId="7" StartOffset="1147"/>
</Header>
<LocList>
<Loc EndOffset="1213" SrcFileId="7" StartOffset="1147"/>
</LocList>
</HierarchyLvl>
<HierarchyLvl HierarchyLvlId="133" HierarchyLvlTypeId="15" Intrnl_Id="762" Name="Game">
<Header>
<Loc EndOffset="1824" SrcFileId="7" StartOffset="1811"/>
</Header>
<LocList>
<Loc EndOffset="3947" SrcFileId="7" StartOffset="1811"/>
</LocList>
<StmntSeq Intrnl_Id="763">
<LocList>
<Loc EndOffset="2113" SrcFileId="7" StartOffset="2022"/>
<Loc EndOffset="2252" SrcFileId="7" StartOffset="2182"/>
<Loc EndOffset="2294" SrcFileId="7" StartOffset="2256"/>
<Loc EndOffset="2334" SrcFileId="7" StartOffset="2298"/>
<Loc EndOffset="2374" SrcFileId="7" StartOffset="2338"/>
<Loc EndOffset="2414" SrcFileId="7" StartOffset="2378"/>
<Loc EndOffset="2454" SrcFileId="7" StartOffset="2418"/>
<Loc EndOffset="2495" SrcFileId="7" StartOffset="2458"/>
<Loc EndOffset="2536" SrcFileId="7" StartOffset="2499"/>
<Loc EndOffset="2577" SrcFileId="7" StartOffset="2540"/>
<Loc EndOffset="2616" SrcFileId="7" StartOffset="2581"/>
<Loc EndOffset="2655" SrcFileId="7" StartOffset="2620"/>
<Loc EndOffset="2694" SrcFileId="7" StartOffset="2659"/>
<Loc EndOffset="2735" SrcFileId="7" StartOffset="2698"/>
<Loc EndOffset="2776" SrcFileId="7" StartOffset="2739"/>
<Loc EndOffset="2817" SrcFileId="7" StartOffset="2780"/>
<Loc EndOffset="2858" SrcFileId="7" StartOffset="2821"/>
<Loc EndOffset="2899" SrcFileId="7" StartOffset="2862"/>
<Loc EndOffset="2940" SrcFileId="7" StartOffset="2903"/>
<Loc EndOffset="2981" SrcFileId="7" StartOffset="2944"/>
<Loc EndOffset="3022" SrcFileId="7" StartOffset="2985"/>
<Loc EndOffset="3263" SrcFileId="7" StartOffset="3231"/>
<Loc EndOffset="3293" SrcFileId="7" StartOffset="3267"/>
<Loc EndOffset="3788" SrcFileId="7" StartOffset="3297"/>
<Loc EndOffset="3821" SrcFileId="7" StartOffset="3794"/>
<Loc EndOffset="3849" SrcFileId="7" StartOffset="3825"/>
<Loc EndOffset="3906" SrcFileId="7" StartOffset="3853"/>
<Loc EndOffset="3941" SrcFileId="7" StartOffset="3910"/>
</LocList>
<BasicStmnt CovItemId="S14" CovItemPrefix="client.Controller.Game.java" Intrnl_Id="764">
<LocList>
<Loc EndOffset="2113" SrcFileId="7" StartOffset="2022"/>
</LocList>
</BasicStmnt>
<BasicStmnt CovItemId="S15" CovItemPrefix="client.Controller.Game.java" Intrnl_Id="765">
<LocList>
<Loc EndOffset="2252" SrcFileId="7" StartOffset="2182"/>
</LocList>
</BasicStmnt>
<BasicStmnt CovItemId="S16" CovItemPrefix="client.Controller.Game.java" Intrnl_Id="766">
<LocList>
<Loc EndOffset="2294" SrcFileId="7" StartOffset="2256"/>
</LocList>
</BasicStmnt>
<BasicStmnt CovItemId="S17" CovItemPrefix="client.Controller.Game.java" Intrnl_Id="767">
<LocList>
<Loc EndOffset="2334" SrcFileId="7" StartOffset="2298"/>
</LocList>
</BasicStmnt>
<BasicStmnt CovItemId="S18" CovItemPrefix="client.Controller.Game.java" Intrnl_Id="768">
<LocList>
<Loc EndOffset="2374" SrcFileId="7" StartOffset="2338"/>
</LocList>
</BasicStmnt>
<BasicStmnt CovItemId="S19" CovItemPrefix="client.Controller.Game.java" Intrnl_Id="769">
<LocList>
<Loc EndOffset="2414" SrcFileId="7" StartOffset="2378"/>
</LocList>
</BasicStmnt>
<BasicStmnt CovItemId="S20" CovItemPrefix="client.Controller.Game.java" Intrnl_Id="770">
<LocList>
<Loc EndOffset="2454" SrcFileId="7" StartOffset="2418"/>
</LocList>
</BasicStmnt>
<BasicStmnt CovItemId="S21" CovItemPrefix="client.Controller.Game.java" Intrnl_Id="771">
<LocList>
<Loc EndOffset="2495" SrcFileId="7" StartOffset="2458"/>
</LocList>
</BasicStmnt>
<BasicStmnt CovItemId="S22" CovItemPrefix="client.Controller.Game.java" Intrnl_Id="772">
<LocList>
<Loc EndOffset="2536" SrcFileId="7" StartOffset="2499"/>
</LocList>
</BasicStmnt>
<BasicStmnt CovItemId="S23" CovItemPrefix="client.Controller.Game.java" Intrnl_Id="773">
<LocList>
<Loc EndOffset="2577" SrcFileId="7" StartOffset="2540"/>
</LocList>
</BasicStmnt>
<BasicStmnt CovItemId="S24" CovItemPrefix="client.Controller.Game.java" Intrnl_Id="774">
<LocList>
<Loc EndOffset="2616" SrcFileId="7" StartOffset="2581"/>
</LocList>
</BasicStmnt>
<BasicStmnt CovItemId="S25" CovItemPrefix="client.Controller.Game.java" Intrnl_Id="775">
<LocList>
<Loc EndOffset="2655" SrcFileId="7" StartOffset="2620"/>
</LocList>
</BasicStmnt>
<BasicStmnt CovItemId="S26" CovItemPrefix="client.Controller.Game.java" Intrnl_Id="776">
<LocList>
<Loc EndOffset="2694" SrcFileId="7" StartOffset="2659"/>
</LocList>
</BasicStmnt>
<BasicStmnt CovItemId="S27" CovItemPrefix="client.Controller.Game.java" Intrnl_Id="777">
<LocList>
<Loc EndOffset="2735" SrcFileId="7" StartOffset="2698"/>
</LocList>
</BasicStmnt>
<BasicStmnt CovItemId="S28" CovItemPrefix="client.Controller.Game.java" Intrnl_Id="778">
<LocList>
<Loc EndOffset="2776" SrcFileId="7" StartOffset="2739"/>
</LocList>
</BasicStmnt>
<BasicStmnt CovItemId="S29" CovItemPrefix="client.Controller.Game.java" Intrnl_Id="779">
<LocList>
<Loc EndOffset="2817" SrcFileId="7" StartOffset="2780"/>
</LocList>
</BasicStmnt>
<BasicStmnt CovItemId="S30" CovItemPrefix="client.Controller.Game.java" Intrnl_Id="780">
<LocList>
<Loc EndOffset="2858" SrcFileId="7" StartOffset="2821"/>
</LocList>
</BasicStmnt>
<BasicStmnt CovItemId="S31" CovItemPrefix="client.Controller.Game.java" Intrnl_Id="781">
<LocList>
<Loc EndOffset="2899" SrcFileId="7" StartOffset="2862"/>
</LocList>
</BasicStmnt>
<BasicStmnt CovItemId="S32" CovItemPrefix="client.Controller.Game.java" Intrnl_Id="782">
<LocList>
<Loc EndOffset="2940" SrcFileId="7" StartOffset="2903"/>
</LocList>
</BasicStmnt>
<BasicStmnt CovItemId="S33" CovItemPrefix="client.Controller.Game.java" Intrnl_Id="783">
<LocList>
<Loc EndOffset="2981" SrcFileId="7" StartOffset="2944"/>
</LocList>
</BasicStmnt>
<BasicStmnt CovItemId="S34" CovItemPrefix="client.Controller.Game.java" Intrnl_Id="784">
<LocList>
<Loc EndOffset="3022" SrcFileId="7" StartOffset="2985"/>
</LocList>
</BasicStmnt>
<BasicStmnt CovItemId="S35" CovItemPrefix="client.Controller.Game.java" Intrnl_Id="785">
<LocList>
<Loc EndOffset="3263" SrcFileId="7" StartOffset="3231"/>
</LocList>
</BasicStmnt>
<BasicStmnt CovItemId="S36" CovItemPrefix="client.Controller.Game.java" Intrnl_Id="786">
<LocList>
<Loc EndOffset="3293" SrcFileId="7" StartOffset="3267"/>
</LocList>
</BasicStmnt>
<LoopStmnt CovItemId="S37" CovItemPrefix="client.Controller.Game.java" Intrnl_Id="787" MltplExecId="L1-2" MltplExecPrefix="client.Controller.Game.java" NvrExecId="L1-0" NvrExecPrefix="client.Controller.Game.java" OnceExecutedId="L1-1" OnceExecutedPrefix="client.Controller.Game.java" OptBodyExec="true">
<StmntSeq Intrnl_Id="788">
<LocList>
<Loc EndOffset="3398" SrcFileId="7" StartOffset="3339"/>
<Loc EndOffset="3457" SrcFileId="7" StartOffset="3403"/>
<Loc EndOffset="3497" SrcFileId="7" StartOffset="3462"/>
<Loc EndOffset="3783" SrcFileId="7" StartOffset="3504"/>
</LocList>
<BasicStmnt CovItemId="S38" CovItemPrefix="client.Controller.Game.java" Intrnl_Id="789">
<LocList>
<Loc EndOffset="3398" SrcFileId="7" StartOffset="3339"/>
</LocList>
</BasicStmnt>
<BasicStmnt CovItemId="S39" CovItemPrefix="client.Controller.Game.java" Intrnl_Id="790">
<LocList>
<Loc EndOffset="3457" SrcFileId="7" StartOffset="3403"/>
</LocList>
</BasicStmnt>
<BasicStmnt CovItemId="S40" CovItemPrefix="client.Controller.Game.java" Intrnl_Id="791">
<LocList>
<Loc EndOffset="3497" SrcFileId="7" StartOffset="3462"/>
</LocList>
</BasicStmnt>
<CondStmnt CovItemId="S41" CovItemPrefix="client.Controller.Game.java" Intrnl_Id="792">
<Branch CovItemId="B1" CovItemPrefix="client.Controller.Game.java" Implct="false" Intrnl_Id="793">
<Cond/>
<LocList>
<Loc EndOffset="3614" SrcFileId="7" StartOffset="3548"/>
</LocList>
<StmntSeq Intrnl_Id="794">
<LocList>
<Loc EndOffset="3576" SrcFileId="7" StartOffset="3555"/>
<Loc EndOffset="3608" SrcFileId="7" StartOffset="3582"/>
</LocList>
<BasicStmnt CovItemId="S42" CovItemPrefix="client.Controller.Game.java" Intrnl_Id="795">
<LocList>
<Loc EndOffset="3576" SrcFileId="7" StartOffset="3555"/>
</LocList>
</BasicStmnt>
<BasicStmnt CovItemId="S43" CovItemPrefix="client.Controller.Game.java" Intrnl_Id="796">
<LocList>
<Loc EndOffset="3608" SrcFileId="7" StartOffset="3582"/>
</LocList>
</BasicStmnt>
</StmntSeq>
</Branch>
<Branch CovItemId="B2" CovItemPrefix="client.Controller.Game.java" Implct="false" Intrnl_Id="797">
<Cond>
<Loc EndOffset="3619" SrcFileId="7" StartOffset="3615"/>
</Cond>
<LocList>
<Loc EndOffset="3783" SrcFileId="7" StartOffset="3620"/>
</LocList>
<StmntSeq Intrnl_Id="798">
<LocList>
<Loc EndOffset="3777" SrcFileId="7" StartOffset="3627"/>
</LocList>
<CondStmnt CovItemId="S44" CovItemPrefix="client.Controller.Game.java" Intrnl_Id="799">
<Branch CovItemId="B3" CovItemPrefix="client.Controller.Game.java" Implct="false" Intrnl_Id="800">
<Cond/>
<LocList>
<Loc EndOffset="3710" SrcFileId="7" StartOffset="3653"/>
</LocList>
<StmntSeq Intrnl_Id="801">
<LocList>
<Loc EndOffset="3703" SrcFileId="7" StartOffset="3661"/>
</LocList>
<BasicStmnt CovItemId="S45" CovItemPrefix="client.Controller.Game.java" Intrnl_Id="802">
<LocList>
<Loc EndOffset="3703" SrcFileId="7" StartOffset="3661"/>
</LocList>
</BasicStmnt>
</StmntSeq>
</Branch>
<Branch CovItemId="B4" CovItemPrefix="client.Controller.Game.java" Implct="false" Intrnl_Id="803">
<Cond>
<Loc EndOffset="3715" SrcFileId="7" StartOffset="3711"/>
</Cond>
<LocList>
<Loc EndOffset="3777" SrcFileId="7" StartOffset="3716"/>
</LocList>
<StmntSeq Intrnl_Id="804">
<LocList>
<Loc EndOffset="3770" SrcFileId="7" StartOffset="3724"/>
</LocList>
<BasicStmnt CovItemId="S46" CovItemPrefix="client.Controller.Game.java" Intrnl_Id="805">
<LocList>
<Loc EndOffset="3770" SrcFileId="7" StartOffset="3724"/>
</LocList>
</BasicStmnt>
</StmntSeq>
</Branch>
<Keyword EndOffset="3629" SrcFileId="7" StartOffset="3627"/>
<LocList>
<Loc EndOffset="3777" SrcFileId="7" StartOffset="3627"/>
</LocList>
<RootTerm CovItemId="C3" CovItemPrefix="client.Controller.Game.java" Intrnl_Id="806">
<BasicBoolTerm Intrnl_Id="807">
<LocList>
<Loc EndOffset="3651" SrcFileId="7" StartOffset="3631"/>
</LocList>
</BasicBoolTerm>
</RootTerm>
</CondStmnt>
</StmntSeq>
</Branch>
<Keyword EndOffset="3506" SrcFileId="7" StartOffset="3504"/>
<LocList>
<Loc EndOffset="3783" SrcFileId="7" StartOffset="3504"/>
</LocList>
<RootTerm CovItemId="C2" CovItemPrefix="client.Controller.Game.java" Intrnl_Id="808">
<BasicBoolTerm Intrnl_Id="809">
<LocList>
<Loc EndOffset="3546" SrcFileId="7" StartOffset="3508"/>
</LocList>
</BasicBoolTerm>
</RootTerm>
</CondStmnt>
</StmntSeq>
<Keyword EndOffset="3300" SrcFileId="7" StartOffset="3297"/>
<LocList>
<Loc EndOffset="3788" SrcFileId="7" StartOffset="3297"/>
</LocList>
<RootTerm CovItemId="C1" CovItemPrefix="client.Controller.Game.java" Intrnl_Id="810">
<BasicBoolTerm Intrnl_Id="811">
<LocList>
<Loc EndOffset="3326" SrcFileId="7" StartOffset="3313"/>
</LocList>
</BasicBoolTerm>
</RootTerm>
</LoopStmnt>
<BasicStmnt CovItemId="S47" CovItemPrefix="client.Controller.Game.java" Intrnl_Id="812">
<LocList>
<Loc EndOffset="3821" SrcFileId="7" StartOffset="3794"/>
</LocList>
</BasicStmnt>
<BasicStmnt CovItemId="S48" CovItemPrefix="client.Controller.Game.java" Intrnl_Id="813">
<LocList>
<Loc EndOffset="3849" SrcFileId="7" StartOffset="3825"/>
</LocList>
</BasicStmnt>
<BasicStmnt CovItemId="S49" CovItemPrefix="client.Controller.Game.java" Intrnl_Id="814">
<LocList>
<Loc EndOffset="3906" SrcFileId="7" StartOffset="3853"/>
</LocList>
</BasicStmnt>
<BasicStmnt CovItemId="S50" CovItemPrefix="client.Controller.Game.java" Intrnl_Id="815">
<LocList>
<Loc EndOffset="3941" SrcFileId="7" StartOffset="3910"/>
</LocList>
</BasicStmnt>
</StmntSeq>
</HierarchyLvl>
<HierarchyLvl HierarchyLvlId="134" HierarchyLvlTypeId="15" Intrnl_Id="816" Name="configureNumberOfPlayers">
<Header>
<Loc EndOffset="3991" SrcFileId="7" StartOffset="3952"/>
</Header>
<LocList>
<Loc EndOffset="4290" SrcFileId="7" StartOffset="3952"/>
</LocList>
<StmntSeq Intrnl_Id="817">
<LocList>
<Loc EndOffset="4078" SrcFileId="7" StartOffset="4040"/>
<Loc EndOffset="4286" SrcFileId="7" StartOffset="4082"/>
</LocList>
<BasicStmnt CovItemId="S51" CovItemPrefix="client.Controller.Game.java" Intrnl_Id="818">
<LocList>
<Loc EndOffset="4078" SrcFileId="7" StartOffset="4040"/>
</LocList>
</BasicStmnt>
<BasicStmnt CovItemId="S52" CovItemPrefix="client.Controller.Game.java" Intrnl_Id="819">
<LocList>
<Loc EndOffset="4286" SrcFileId="7" StartOffset="4082"/>
</LocList>
</BasicStmnt>
</StmntSeq>
</HierarchyLvl>
<HierarchyLvl HierarchyLvlId="135" HierarchyLvlTypeId="15" Intrnl_Id="820" Name="configurePlayerColors">
<Header>
<Loc EndOffset="4331" SrcFileId="7" StartOffset="4295"/>
</Header>
<LocList>
<Loc EndOffset="5733" SrcFileId="7" StartOffset="4295"/>
</LocList>
<StmntSeq Intrnl_Id="821">
<LocList>
<Loc EndOffset="4460" SrcFileId="7" StartOffset="4379"/>
<Loc EndOffset="4512" SrcFileId="7" StartOffset="4464"/>
<Loc EndOffset="4566" SrcFileId="7" StartOffset="4516"/>
<Loc EndOffset="5727" SrcFileId="7" StartOffset="4570"/>
</LocList>
<BasicStmnt CovItemId="S53" CovItemPrefix="client.Controller.Game.java" Intrnl_Id="822">
<LocList>
<Loc EndOffset="4460" SrcFileId="7" StartOffset="4379"/>
</LocList>
</BasicStmnt>
<BasicStmnt CovItemId="S54" CovItemPrefix="client.Controller.Game.java" Intrnl_Id="823">
<LocList>
<Loc EndOffset="4512" SrcFileId="7" StartOffset="4464"/>
</LocList>
</BasicStmnt>
<BasicStmnt CovItemId="S55" CovItemPrefix="client.Controller.Game.java" Intrnl_Id="824">
<LocList>
<Loc EndOffset="4566" SrcFileId="7" StartOffset="4516"/>
</LocList>
</BasicStmnt>
<LoopStmnt CovItemId="S56" CovItemPrefix="client.Controller.Game.java" Intrnl_Id="825" MltplExecId="L2-2" MltplExecPrefix="client.Controller.Game.java" NvrExecId="L2-0" NvrExecPrefix="client.Controller.Game.java" OnceExecutedId="L2-1" OnceExecutedPrefix="client.Controller.Game.java" OptBodyExec="true">
<StmntSeq Intrnl_Id="826">
<LocList>
<Loc EndOffset="4648" SrcFileId="7" StartOffset="4623"/>
<Loc EndOffset="5684" SrcFileId="7" StartOffset="4653"/>
<Loc EndOffset="5722" SrcFileId="7" StartOffset="5691"/>
</LocList>
<BasicStmnt CovItemId="S57" CovItemPrefix="client.Controller.Game.java" Intrnl_Id="827">
<LocList>
<Loc EndOffset="4648" SrcFileId="7" StartOffset="4623"/>
</LocList>
</BasicStmnt>
<LoopStmnt CovItemId="S58" CovItemPrefix="client.Controller.Game.java" Intrnl_Id="828" MltplExecId="L3-2" MltplExecPrefix="client.Controller.Game.java" NvrExecId="L3-0" NvrExecPrefix="client.Controller.Game.java" OnceExecutedId="L3-1" OnceExecutedPrefix="client.Controller.Game.java" OptBodyExec="true">
<StmntSeq Intrnl_Id="829">
<LocList>
<Loc EndOffset="4889" SrcFileId="7" StartOffset="4678"/>
<Loc EndOffset="4913" SrcFileId="7" StartOffset="4895"/>
<Loc EndOffset="5467" SrcFileId="7" StartOffset="4919"/>
<Loc EndOffset="5676" SrcFileId="7" StartOffset="5473"/>
</LocList>
<BasicStmnt CovItemId="S59" CovItemPrefix="client.Controller.Game.java" Intrnl_Id="830">
<LocList>
<Loc EndOffset="4889" SrcFileId="7" StartOffset="4678"/>
</LocList>
</BasicStmnt>
<BasicStmnt CovItemId="S60" CovItemPrefix="client.Controller.Game.java" Intrnl_Id="831">
<LocList>
<Loc EndOffset="4913" SrcFileId="7" StartOffset="4895"/>
</LocList>
</BasicStmnt>
<CondStmnt CovItemId="S61" CovItemPrefix="client.Controller.Game.java" Intrnl_Id="832">
<Branch CovItemId="B5" CovItemPrefix="client.Controller.Game.java" Implct="false" Intrnl_Id="833">
<Cond>
<Loc EndOffset="4947" SrcFileId="7" StartOffset="4941"/>
</Cond>
<LocList>
<Loc EndOffset="4999" SrcFileId="7" StartOffset="4955"/>
</LocList>
<StmntSeq Intrnl_Id="834">
<LocList>
<Loc EndOffset="4986" SrcFileId="7" StartOffset="4955"/>
<Loc EndOffset="4999" SrcFileId="7" StartOffset="4993"/>
</LocList>
<BasicStmnt CovItemId="S62" CovItemPrefix="client.Controller.Game.java" Intrnl_Id="835">
<LocList>
<Loc EndOffset="4986" SrcFileId="7" StartOffset="4955"/>
</LocList>
</BasicStmnt>
<BasicStmnt CovItemId="S63" CovItemPrefix="client.Controller.Game.java" Intrnl_Id="836">
<LocList>
<Loc EndOffset="4999" SrcFileId="7" StartOffset="4993"/>
</LocList>
</BasicStmnt>
</StmntSeq>
</Branch>
<Branch CovItemId="B6" CovItemPrefix="client.Controller.Game.java" Implct="false" Intrnl_Id="837">
<Cond>
<Loc EndOffset="5011" SrcFileId="7" StartOffset="5005"/>
</Cond>
<LocList>
<Loc EndOffset="5064" SrcFileId="7" StartOffset="5019"/>
</LocList>
<StmntSeq Intrnl_Id="838">
<LocList>
<Loc EndOffset="5051" SrcFileId="7" StartOffset="5019"/>
<Loc EndOffset="5064" SrcFileId="7" StartOffset="5058"/>
</LocList>
<BasicStmnt CovItemId="S64" CovItemPrefix="client.Controller.Game.java" Intrnl_Id="839">
<LocList>
<Loc EndOffset="5051" SrcFileId="7" StartOffset="5019"/>
</LocList>
</BasicStmnt>
<BasicStmnt CovItemId="S65" CovItemPrefix="client.Controller.Game.java" Intrnl_Id="840">
<LocList>
<Loc EndOffset="5064" SrcFileId="7" StartOffset="5058"/>
</LocList>
</BasicStmnt>
</StmntSeq>
</Branch>
<Branch CovItemId="B7" CovItemPrefix="client.Controller.Game.java" Implct="false" Intrnl_Id="841">
<Cond>
<Loc EndOffset="5076" SrcFileId="7" StartOffset="5070"/>
</Cond>
<LocList>
<Loc EndOffset="5130" SrcFileId="7" StartOffset="5084"/>
</LocList>
<StmntSeq Intrnl_Id="842">
<LocList>
<Loc EndOffset="5117" SrcFileId="7" StartOffset="5084"/>
<Loc EndOffset="5130" SrcFileId="7" StartOffset="5124"/>
</LocList>
<BasicStmnt CovItemId="S66" CovItemPrefix="client.Controller.Game.java" Intrnl_Id="843">
<LocList>
<Loc EndOffset="5117" SrcFileId="7" StartOffset="5084"/>
</LocList>
</BasicStmnt>
<BasicStmnt CovItemId="S67" CovItemPrefix="client.Controller.Game.java" Intrnl_Id="844">
<LocList>
<Loc EndOffset="5130" SrcFileId="7" StartOffset="5124"/>
</LocList>
</BasicStmnt>
</StmntSeq>
</Branch>
<Branch CovItemId="B8" CovItemPrefix="client.Controller.Game.java" Implct="false" Intrnl_Id="845">
<Cond>
<Loc EndOffset="5142" SrcFileId="7" StartOffset="5136"/>
</Cond>
<LocList>
<Loc EndOffset="5198" SrcFileId="7" StartOffset="5150"/>
</LocList>
<StmntSeq Intrnl_Id="846">
<LocList>
<Loc EndOffset="5185" SrcFileId="7" StartOffset="5150"/>
<Loc EndOffset="5198" SrcFileId="7" StartOffset="5192"/>
</LocList>
<BasicStmnt CovItemId="S68" CovItemPrefix="client.Controller.Game.java" Intrnl_Id="847">
<LocList>
<Loc EndOffset="5185" SrcFileId="7" StartOffset="5150"/>
</LocList>
</BasicStmnt>
<BasicStmnt CovItemId="S69" CovItemPrefix="client.Controller.Game.java" Intrnl_Id="848">
<LocList>
<Loc EndOffset="5198" SrcFileId="7" StartOffset="5192"/>
</LocList>
</BasicStmnt>
</StmntSeq>
</Branch>
<Branch CovItemId="B9" CovItemPrefix="client.Controller.Game.java" Implct="false" Intrnl_Id="849">
<Cond>
<Loc EndOffset="5210" SrcFileId="7" StartOffset="5204"/>
</Cond>
<LocList>
<Loc EndOffset="5265" SrcFileId="7" StartOffset="5218"/>
</LocList>
<StmntSeq Intrnl_Id="850">
<LocList>
<Loc EndOffset="5252" SrcFileId="7" StartOffset="5218"/>
<Loc EndOffset="5265" SrcFileId="7" StartOffset="5259"/>
</LocList>
<BasicStmnt CovItemId="S70" CovItemPrefix="client.Controller.Game.java" Intrnl_Id="851">
<LocList>
<Loc EndOffset="5252" SrcFileId="7" StartOffset="5218"/>
</LocList>
</BasicStmnt>
<BasicStmnt CovItemId="S71" CovItemPrefix="client.Controller.Game.java" Intrnl_Id="852">
<LocList>
<Loc EndOffset="5265" SrcFileId="7" StartOffset="5259"/>
</LocList>
</BasicStmnt>
</StmntSeq>
</Branch>
<Branch CovItemId="B10" CovItemPrefix="client.Controller.Game.java" Implct="false" Intrnl_Id="853">
<Cond>
<Loc EndOffset="5277" SrcFileId="7" StartOffset="5271"/>
</Cond>
<LocList>
<Loc EndOffset="5330" SrcFileId="7" StartOffset="5285"/>
</LocList>
<StmntSeq Intrnl_Id="854">
<LocList>
<Loc EndOffset="5317" SrcFileId="7" StartOffset="5285"/>
<Loc EndOffset="5330" SrcFileId="7" StartOffset="5324"/>
</LocList>
<BasicStmnt CovItemId="S72" CovItemPrefix="client.Controller.Game.java" Intrnl_Id="855">
<LocList>
<Loc EndOffset="5317" SrcFileId="7" StartOffset="5285"/>
</LocList>
</BasicStmnt>
<BasicStmnt CovItemId="S73" CovItemPrefix="client.Controller.Game.java" Intrnl_Id="856">
<LocList>
<Loc EndOffset="5330" SrcFileId="7" StartOffset="5324"/>
</LocList>
</BasicStmnt>
</StmntSeq>
</Branch>
<Branch CovItemId="B11" CovItemPrefix="client.Controller.Game.java" Implct="false" Intrnl_Id="857">
<Cond>
<Loc EndOffset="5342" SrcFileId="7" StartOffset="5336"/>
</Cond>
<LocList>
<Loc EndOffset="5396" SrcFileId="7" StartOffset="5350"/>
</LocList>
<StmntSeq Intrnl_Id="858">
<LocList>
<Loc EndOffset="5383" SrcFileId="7" StartOffset="5350"/>
<Loc EndOffset="5396" SrcFileId="7" StartOffset="5390"/>
</LocList>
<BasicStmnt CovItemId="S74" CovItemPrefix="client.Controller.Game.java" Intrnl_Id="859">
<LocList>
<Loc EndOffset="5383" SrcFileId="7" StartOffset="5350"/>
</LocList>
</BasicStmnt>
<BasicStmnt CovItemId="S75" CovItemPrefix="client.Controller.Game.java" Intrnl_Id="860">
<LocList>
<Loc EndOffset="5396" SrcFileId="7" StartOffset="5390"/>
</LocList>
</BasicStmnt>
</StmntSeq>
</Branch>
<Branch CovItemId="B12" CovItemPrefix="client.Controller.Game.java" Implct="false" Intrnl_Id="861">
<Cond>
<Loc EndOffset="5408" SrcFileId="7" StartOffset="5402"/>
</Cond>
<LocList>
<Loc EndOffset="5460" SrcFileId="7" StartOffset="5416"/>
</LocList>
<StmntSeq Intrnl_Id="862">
<LocList>
<Loc EndOffset="5447" SrcFileId="7" StartOffset="5416"/>
<Loc EndOffset="5460" SrcFileId="7" StartOffset="5454"/>
</LocList>
<BasicStmnt CovItemId="S76" CovItemPrefix="client.Controller.Game.java" Intrnl_Id="863">
<LocList>
<Loc EndOffset="5447" SrcFileId="7" StartOffset="5416"/>
</LocList>
</BasicStmnt>
<BasicStmnt CovItemId="S77" CovItemPrefix="client.Controller.Game.java" Intrnl_Id="864">
<LocList>
<Loc EndOffset="5460" SrcFileId="7" StartOffset="5454"/>
</LocList>
</BasicStmnt>
</StmntSeq>
</Branch>
<Branch CovItemId="B13" CovItemPrefix="client.Controller.Game.java" Implct="true" Intrnl_Id="865">
<Cond/>
<LocList/>
<StmntSeq Intrnl_Id="866">
<LocList/>
</StmntSeq>
</Branch>
<Keyword EndOffset="4925" SrcFileId="7" StartOffset="4919"/>
<LocList>
<Loc EndOffset="5467" SrcFileId="7" StartOffset="4919"/>
</LocList>
</CondStmnt>
<LoopStmnt CovItemId="S78" CovItemPrefix="client.Controller.Game.java" Intrnl_Id="867" MltplExecId="L4-2" MltplExecPrefix="client.Controller.Game.java" NvrExecId="L4-0" NvrExecPrefix="client.Controller.Game.java" OnceExecutedId="L4-1" OnceExecutedPrefix="client.Controller.Game.java" OptBodyExec="true">
<StmntSeq Intrnl_Id="868">
<LocList>
<Loc EndOffset="5579" SrcFileId="7" StartOffset="5509"/>
</LocList>
<CondStmnt CovItemId="S79" CovItemPrefix="client.Controller.Game.java" Intrnl_Id="869">
<Branch CovItemId="B14" CovItemPrefix="client.Controller.Game.java" Implct="false" Intrnl_Id="870">
<Cond/>
<LocList>
<Loc EndOffset="5579" SrcFileId="7" StartOffset="5562"/>
</LocList>
<StmntSeq Intrnl_Id="871">
<LocList>
<Loc EndOffset="5579" SrcFileId="7" StartOffset="5562"/>
</LocList>
<BasicStmnt CovItemId="S80" CovItemPrefix="client.Controller.Game.java" Intrnl_Id="872">
<LocList>
<Loc EndOffset="5579" SrcFileId="7" StartOffset="5562"/>
</LocList>
</BasicStmnt>
</StmntSeq>
</Branch>
<Branch CovItemId="B15" CovItemPrefix="client.Controller.Game.java" Implct="true" Intrnl_Id="873">
<Cond/>
<LocList/>
<StmntSeq Intrnl_Id="874">
<LocList/>
</StmntSeq>
</Branch>
<Keyword EndOffset="5511" SrcFileId="7" StartOffset="5509"/>
<LocList>
<Loc EndOffset="5579" SrcFileId="7" StartOffset="5509"/>
</LocList>
<RootTerm CovItemId="C7" CovItemPrefix="client.Controller.Game.java" Intrnl_Id="875">
<BasicBoolTerm Intrnl_Id="876">
<LocList>
<Loc EndOffset="5553" SrcFileId="7" StartOffset="5513"/>
</LocList>
</BasicBoolTerm>
</RootTerm>
</CondStmnt>
</StmntSeq>
<Keyword EndOffset="5476" SrcFileId="7" StartOffset="5473"/>
<LocList>
<Loc EndOffset="5676" SrcFileId="7" StartOffset="5473"/>
</LocList>
<RootTerm CovItemId="C6" CovItemPrefix="client.Controller.Game.java" Intrnl_Id="877">
<BasicBoolTerm Intrnl_Id="878">
<LocList>
<Loc EndOffset="5494" SrcFileId="7" StartOffset="5489"/>
</LocList>
</BasicBoolTerm>
</RootTerm>
</LoopStmnt>
</StmntSeq>
<Keyword EndOffset="4658" SrcFileId="7" StartOffset="4653"/>
<LocList>
<Loc EndOffset="5684" SrcFileId="7" StartOffset="4653"/>
</LocList>
<RootTerm CovItemId="C5" CovItemPrefix="client.Controller.Game.java" Intrnl_Id="879">
<BasicBoolTerm Intrnl_Id="880">
<LocList>
<Loc EndOffset="4669" SrcFileId="7" StartOffset="4660"/>
</LocList>
</BasicBoolTerm>
</RootTerm>
</LoopStmnt>
<BasicStmnt CovItemId="S81" CovItemPrefix="client.Controller.Game.java" Intrnl_Id="881">
<LocList>
<Loc EndOffset="5722" SrcFileId="7" StartOffset="5691"/>
</LocList>
</BasicStmnt>
</StmntSeq>
<Keyword EndOffset="4573" SrcFileId="7" StartOffset="4570"/>
<LocList>
<Loc EndOffset="5727" SrcFileId="7" StartOffset="4570"/>
</LocList>
<RootTerm CovItemId="C4" CovItemPrefix="client.Controller.Game.java" Intrnl_Id="882">
<BasicBoolTerm Intrnl_Id="883">
<LocList>
<Loc EndOffset="4610" SrcFileId="7" StartOffset="4586"/>
</LocList>
</BasicBoolTerm>
</RootTerm>
</LoopStmnt>
</StmntSeq>
</HierarchyLvl>
<HierarchyLvl HierarchyLvlId="136" HierarchyLvlTypeId="15" Intrnl_Id="884" Name="setUserPanel">
<Header>
<Loc EndOffset="5779" SrcFileId="7" StartOffset="5738"/>
</Header>
<LocList>
<Loc EndOffset="5868" SrcFileId="7" StartOffset="5738"/>
</LocList>
<StmntSeq Intrnl_Id="885">
<LocList>
<Loc EndOffset="5808" SrcFileId="7" StartOffset="5785"/>
<Loc EndOffset="5864" SrcFileId="7" StartOffset="5812"/>
</LocList>
<BasicStmnt CovItemId="S82" CovItemPrefix="client.Controller.Game.java" Intrnl_Id="886">
<LocList>
<Loc EndOffset="5808" SrcFileId="7" StartOffset="5785"/>
</LocList>
</BasicStmnt>
<BasicStmnt CovItemId="S83" CovItemPrefix="client.Controller.Game.java" Intrnl_Id="887">
<LocList>
<Loc EndOffset="5864" SrcFileId="7" StartOffset="5812"/>
</LocList>
</BasicStmnt>
</StmntSeq>
</HierarchyLvl>
<HierarchyLvl HierarchyLvlId="137" HierarchyLvlTypeId="15" Intrnl_Id="888" Name="setBoardRenderer">
<Header>
<Loc EndOffset="5922" SrcFileId="7" StartOffset="5873"/>
</Header>
<LocList>
<Loc EndOffset="6038" SrcFileId="7" StartOffset="5873"/>
</LocList>
<StmntSeq Intrnl_Id="889">
<LocList>
<Loc EndOffset="5947" SrcFileId="7" StartOffset="5928"/>
<Loc EndOffset="6008" SrcFileId="7" StartOffset="5951"/>
<Loc EndOffset="6034" SrcFileId="7" StartOffset="6012"/>
</LocList>
<BasicStmnt CovItemId="S84" CovItemPrefix="client.Controller.Game.java" Intrnl_Id="890">
<LocList>
<Loc EndOffset="5947" SrcFileId="7" StartOffset="5928"/>
</LocList>
</BasicStmnt>
<BasicStmnt CovItemId="S85" CovItemPrefix="client.Controller.Game.java" Intrnl_Id="891">
<LocList>
<Loc EndOffset="6008" SrcFileId="7" StartOffset="5951"/>
</LocList>
</BasicStmnt>
<BasicStmnt CovItemId="S86" CovItemPrefix="client.Controller.Game.java" Intrnl_Id="892">
<LocList>
<Loc EndOffset="6034" SrcFileId="7" StartOffset="6012"/>
</LocList>
</BasicStmnt>
</StmntSeq>
</HierarchyLvl>
<HierarchyLvl HierarchyLvlId="138" HierarchyLvlTypeId="15" Intrnl_Id="893" Name="getCurrentTurnPhase">
<Header>
<Loc EndOffset="6081" SrcFileId="7" StartOffset="6043"/>
</Header>
<LocList>
<Loc EndOffset="6120" SrcFileId="7" StartOffset="6043"/>
</LocList>
<StmntSeq Intrnl_Id="894">
<LocList>
<Loc EndOffset="6116" SrcFileId="7" StartOffset="6087"/>
</LocList>
<BasicStmnt CovItemId="S87" CovItemPrefix="client.Controller.Game.java" Intrnl_Id="895">
<LocList>
<Loc EndOffset="6116" SrcFileId="7" StartOffset="6087"/>
</LocList>
</BasicStmnt>
</StmntSeq>
</HierarchyLvl>
<HierarchyLvl HierarchyLvlId="139" HierarchyLvlTypeId="15" Intrnl_Id="896" Name="getBuildType">
<Header>
<Loc EndOffset="6156" SrcFileId="7" StartOffset="6125"/>
</Header>
<LocList>
<Loc EndOffset="6195" SrcFileId="7" StartOffset="6125"/>
</LocList>
<StmntSeq Intrnl_Id="897">
<LocList>
<Loc EndOffset="6191" SrcFileId="7" StartOffset="6162"/>
</LocList>
<BasicStmnt CovItemId="S88" CovItemPrefix="client.Controller.Game.java" Intrnl_Id="898">
<LocList>
<Loc EndOffset="6191" SrcFileId="7" StartOffset="6162"/>
</LocList>
</BasicStmnt>
</StmntSeq>
</HierarchyLvl>
<HierarchyLvl HierarchyLvlId="140" HierarchyLvlTypeId="15" Intrnl_Id="899" Name="getCurrentPlayer">
<Header>
<Loc EndOffset="6229" SrcFileId="7" StartOffset="6200"/>
</Header>
<LocList>
<Loc EndOffset="6265" SrcFileId="7" StartOffset="6200"/>
</LocList>
<StmntSeq Intrnl_Id="900">
<LocList>
<Loc EndOffset="6261" SrcFileId="7" StartOffset="6235"/>
</LocList>
<BasicStmnt CovItemId="S89" CovItemPrefix="client.Controller.Game.java" Intrnl_Id="901">
<LocList>
<Loc EndOffset="6261" SrcFileId="7" StartOffset="6235"/>
</LocList>
</BasicStmnt>
</StmntSeq>
</HierarchyLvl>
<HierarchyLvl HierarchyLvlId="141" HierarchyLvlTypeId="15" Intrnl_Id="902" Name="addRoad">
<Header>
<Loc EndOffset="6352" SrcFileId="7" StartOffset="6270"/>
</Header>
<LocList>
<Loc EndOffset="6866" SrcFileId="7" StartOffset="6270"/>
</LocList>
<StmntSeq Intrnl_Id="903">
<LocList>
<Loc EndOffset="6453" SrcFileId="7" StartOffset="6406"/>
<Loc EndOffset="6528" SrcFileId="7" StartOffset="6457"/>
<Loc EndOffset="6692" SrcFileId="7" StartOffset="6532"/>
<Loc EndOffset="6862" SrcFileId="7" StartOffset="6696"/>
</LocList>
<BasicStmnt CovItemId="S90" CovItemPrefix="client.Controller.Game.java" Intrnl_Id="904">
<LocList>
<Loc EndOffset="6453" SrcFileId="7" StartOffset="6406"/>
</LocList>
</BasicStmnt>
<BasicStmnt CovItemId="S91" CovItemPrefix="client.Controller.Game.java" Intrnl_Id="905">
<LocList>
<Loc EndOffset="6528" SrcFileId="7" StartOffset="6457"/>
</LocList>
</BasicStmnt>
<CondStmnt CovItemId="S92" CovItemPrefix="client.Controller.Game.java" Intrnl_Id="906">
<Branch CovItemId="B16" CovItemPrefix="client.Controller.Game.java" Implct="false" Intrnl_Id="907">
<Cond/>
<LocList>
<Loc EndOffset="6628" SrcFileId="7" StartOffset="6559"/>
</LocList>
<StmntSeq Intrnl_Id="908">
<LocList>
<Loc EndOffset="6623" SrcFileId="7" StartOffset="6565"/>
</LocList>
<BasicStmnt CovItemId="S93" CovItemPrefix="client.Controller.Game.java" Intrnl_Id="909">
<LocList>
<Loc EndOffset="6623" SrcFileId="7" StartOffset="6565"/>
</LocList>
</BasicStmnt>
</StmntSeq>
</Branch>
<Branch CovItemId="B17" CovItemPrefix="client.Controller.Game.java" Implct="false" Intrnl_Id="910">
<Cond>
<Loc EndOffset="6633" SrcFileId="7" StartOffset="6629"/>
</Cond>
<LocList>
<Loc EndOffset="6692" SrcFileId="7" StartOffset="6634"/>
</LocList>
<StmntSeq Intrnl_Id="911">
<LocList>
<Loc EndOffset="6687" SrcFileId="7" StartOffset="6640"/>
</LocList>
<BasicStmnt CovItemId="S94" CovItemPrefix="client.Controller.Game.java" Intrnl_Id="912">
<LocList>
<Loc EndOffset="6687" SrcFileId="7" StartOffset="6640"/>
</LocList>
</BasicStmnt>
</StmntSeq>
</Branch>
<Keyword EndOffset="6534" SrcFileId="7" StartOffset="6532"/>
<LocList>
<Loc EndOffset="6692" SrcFileId="7" StartOffset="6532"/>
</LocList>
<RootTerm CovItemId="C8" CovItemPrefix="client.Controller.Game.java" Intrnl_Id="913">
<BasicBoolTerm Intrnl_Id="914">
<LocList>
<Loc EndOffset="6557" SrcFileId="7" StartOffset="6536"/>
</LocList>
</BasicBoolTerm>
</RootTerm>
</CondStmnt>
<CondStmnt CovItemId="S95" CovItemPrefix="client.Controller.Game.java" Intrnl_Id="915">
<Branch CovItemId="B18" CovItemPrefix="client.Controller.Game.java" Implct="false" Intrnl_Id="916">
<Cond/>
<LocList>
<Loc EndOffset="6862" SrcFileId="7" StartOffset="6768"/>
</LocList>
<StmntSeq Intrnl_Id="917">
<LocList>
<Loc EndOffset="6857" SrcFileId="7" StartOffset="6774"/>
</LocList>
<BasicStmnt CovItemId="S96" CovItemPrefix="client.Controller.Game.java" Intrnl_Id="918">
<LocList>
<Loc EndOffset="6857" SrcFileId="7" StartOffset="6774"/>
</LocList>
</BasicStmnt>
</StmntSeq>
</Branch>
<Branch CovItemId="B19" CovItemPrefix="client.Controller.Game.java" Implct="true" Intrnl_Id="919">
<Cond/>
<LocList/>
<StmntSeq Intrnl_Id="920">
<LocList/>
</StmntSeq>
</Branch>
<Keyword EndOffset="6698" SrcFileId="7" StartOffset="6696"/>
<LocList>
<Loc EndOffset="6862" SrcFileId="7" StartOffset="6696"/>
</LocList>
<RootTerm CovItemId="C9" CovItemPrefix="client.Controller.Game.java" Intrnl_Id="921">
<BasicBoolTerm Intrnl_Id="922">
<LocList>
<Loc EndOffset="6766" SrcFileId="7" StartOffset="6700"/>
</LocList>
</BasicBoolTerm>
</RootTerm>
</CondStmnt>
</StmntSeq>
</HierarchyLvl>
<HierarchyLvl HierarchyLvlId="142" HierarchyLvlTypeId="15" Intrnl_Id="923" Name="addBuilding">
<Header>
<Loc EndOffset="6962" SrcFileId="7" StartOffset="6871"/>
</Header>
<LocList>
<Loc EndOffset="7279" SrcFileId="7" StartOffset="6871"/>
</LocList>
<StmntSeq Intrnl_Id="924">
<LocList>
<Loc EndOffset="7275" SrcFileId="7" StartOffset="7016"/>
</LocList>
<CondStmnt CovItemId="S97" CovItemPrefix="client.Controller.Game.java" Intrnl_Id="925">
<Branch CovItemId="B20" CovItemPrefix="client.Controller.Game.java" Implct="false" Intrnl_Id="926">
<Cond/>
<LocList>
<Loc EndOffset="7171" SrcFileId="7" StartOffset="7067"/>
</LocList>
<StmntSeq Intrnl_Id="927">
<LocList>
<Loc EndOffset="7166" SrcFileId="7" StartOffset="7073"/>
</LocList>
<BasicStmnt CovItemId="S98" CovItemPrefix="client.Controller.Game.java" Intrnl_Id="928">
<LocList>
<Loc EndOffset="7166" SrcFileId="7" StartOffset="7073"/>
</LocList>
</BasicStmnt>
</StmntSeq>
</Branch>
<Branch CovItemId="B21" CovItemPrefix="client.Controller.Game.java" Implct="false" Intrnl_Id="929">
<Cond>
<Loc EndOffset="7176" SrcFileId="7" StartOffset="7172"/>
</Cond>
<LocList>
<Loc EndOffset="7275" SrcFileId="7" StartOffset="7177"/>
</LocList>
<StmntSeq Intrnl_Id="930">
<LocList>
<Loc EndOffset="7270" SrcFileId="7" StartOffset="7183"/>
</LocList>
<BasicStmnt CovItemId="S99" CovItemPrefix="client.Controller.Game.java" Intrnl_Id="931">
<LocList>
<Loc EndOffset="7270" SrcFileId="7" StartOffset="7183"/>
</LocList>
</BasicStmnt>
</StmntSeq>
</Branch>
<Keyword EndOffset="7018" SrcFileId="7" StartOffset="7016"/>
<LocList>
<Loc EndOffset="7275" SrcFileId="7" StartOffset="7016"/>
</LocList>
<RootTerm CovItemId="C10" CovItemPrefix="client.Controller.Game.java" Intrnl_Id="932">
<BasicBoolTerm Intrnl_Id="933">
<LocList>
<Loc EndOffset="7065" SrcFileId="7" StartOffset="7020"/>
</LocList>
</BasicBoolTerm>
</RootTerm>
</CondStmnt>
</StmntSeq>
</HierarchyLvl>
<HierarchyLvl HierarchyLvlId="143" HierarchyLvlTypeId="15" Intrnl_Id="934" Name="roll">
<Header>
<Loc EndOffset="7302" SrcFileId="7" StartOffset="7284"/>
</Header>
<LocList>
<Loc EndOffset="7385" SrcFileId="7" StartOffset="7284"/>
</LocList>
<StmntSeq Intrnl_Id="935">
<LocList>
<Loc EndOffset="7344" SrcFileId="7" StartOffset="7308"/>
<Loc EndOffset="7379" SrcFileId="7" StartOffset="7348"/>
</LocList>
<BasicStmnt CovItemId="S100" CovItemPrefix="client.Controller.Game.java" Intrnl_Id="936">
<LocList>
<Loc EndOffset="7344" SrcFileId="7" StartOffset="7308"/>
</LocList>
</BasicStmnt>
<BasicStmnt CovItemId="S101" CovItemPrefix="client.Controller.Game.java" Intrnl_Id="937">
<LocList>
<Loc EndOffset="7379" SrcFileId="7" StartOffset="7348"/>
</LocList>
</BasicStmnt>
</StmntSeq>
</HierarchyLvl>
<HierarchyLvl HierarchyLvlId="144" HierarchyLvlTypeId="15" Intrnl_Id="938" Name="drawDevCard">
<Header>
<Loc EndOffset="7415" SrcFileId="7" StartOffset="7390"/>
</Header>
<LocList>
<Loc EndOffset="7461" SrcFileId="7" StartOffset="7390"/>
</LocList>
</HierarchyLvl>
<HierarchyLvl HierarchyLvlId="145" HierarchyLvlTypeId="15" Intrnl_Id="939" Name="setBuildType">
<Header>
<Loc EndOffset="7506" SrcFileId="7" StartOffset="7466"/>
</Header>
<LocList>
<Loc EndOffset="7545" SrcFileId="7" StartOffset="7466"/>
</LocList>
<StmntSeq Intrnl_Id="940">
<LocList>
<Loc EndOffset="7541" SrcFileId="7" StartOffset="7512"/>
</LocList>
<BasicStmnt CovItemId="S102" CovItemPrefix="client.Controller.Game.java" Intrnl_Id="941">
<LocList>
<Loc EndOffset="7541" SrcFileId="7" StartOffset="7512"/>
</LocList>
</BasicStmnt>
</StmntSeq>
</HierarchyLvl>
<HierarchyLvl HierarchyLvlId="146" HierarchyLvlTypeId="15" Intrnl_Id="942" Name="endTurn">
<Header>
<Loc EndOffset="7571" SrcFileId="7" StartOffset="7550"/>
</Header>
<LocList>
<Loc EndOffset="7759" SrcFileId="7" StartOffset="7550"/>
</LocList>
<StmntSeq Intrnl_Id="943">
<LocList>
<Loc EndOffset="7646" SrcFileId="7" StartOffset="7577"/>
<Loc EndOffset="7702" SrcFileId="7" StartOffset="7650"/>
<Loc EndOffset="7753" SrcFileId="7" StartOffset="7706"/>
</LocList>
<BasicStmnt CovItemId="S103" CovItemPrefix="client.Controller.Game.java" Intrnl_Id="944">
<LocList>
<Loc EndOffset="7646" SrcFileId="7" StartOffset="7577"/>
</LocList>
</BasicStmnt>
<BasicStmnt CovItemId="S104" CovItemPrefix="client.Controller.Game.java" Intrnl_Id="945">
<LocList>
<Loc EndOffset="7702" SrcFileId="7" StartOffset="7650"/>
</LocList>
</BasicStmnt>
<BasicStmnt CovItemId="S105" CovItemPrefix="client.Controller.Game.java" Intrnl_Id="946">
<LocList>
<Loc EndOffset="7753" SrcFileId="7" StartOffset="7706"/>
</LocList>
</BasicStmnt>
</StmntSeq>
</HierarchyLvl>
<HierarchyLvl HierarchyLvlId="147" HierarchyLvlTypeId="15" Intrnl_Id="947" Name="getPlayerColors">
<Header>
<Loc EndOffset="7796" SrcFileId="7" StartOffset="7764"/>
</Header>
<LocList>
<Loc EndOffset="7829" SrcFileId="7" StartOffset="7764"/>
</LocList>
<StmntSeq Intrnl_Id="948">
<LocList>
<Loc EndOffset="7825" SrcFileId="7" StartOffset="7802"/>
</LocList>
<BasicStmnt CovItemId="S106" CovItemPrefix="client.Controller.Game.java" Intrnl_Id="949">
<LocList>
<Loc EndOffset="7825" SrcFileId="7" StartOffset="7802"/>
</LocList>
</BasicStmnt>
</StmntSeq>
</HierarchyLvl>
<HierarchyLvl HierarchyLvlId="148" HierarchyLvlTypeId="15" Intrnl_Id="950" Name="getNumberOfPlayers">
<Header>
<Loc EndOffset="7865" SrcFileId="7" StartOffset="7834"/>
</Header>
<LocList>
<Loc EndOffset="7903" SrcFileId="7" StartOffset="7834"/>
</LocList>
<StmntSeq Intrnl_Id="951">
<LocList>
<Loc EndOffset="7899" SrcFileId="7" StartOffset="7871"/>
</LocList>
<BasicStmnt CovItemId="S107" CovItemPrefix="client.Controller.Game.java" Intrnl_Id="952">
<LocList>
<Loc EndOffset="7899" SrcFileId="7" StartOffset="7871"/>
</LocList>
</BasicStmnt>
</StmntSeq>
</HierarchyLvl>
</HierarchyLvl>
<HierarchyLvl HierarchyLvlId="153" HierarchyLvlTypeId="16" Intrnl_Id="953" Name="Die">
<Header>
<Loc EndOffset="72" SrcFileId="8" StartOffset="56"/>
</Header>
<LocList>
<Loc EndOffset="305" SrcFileId="8" StartOffset="56"/>
</LocList>
<HierarchyLvl HierarchyLvlId="150" HierarchyLvlTypeId="15" Intrnl_Id="954" Name="Die">
<Header>
<Loc EndOffset="108" SrcFileId="8" StartOffset="96"/>
</Header>
<LocList>
<Loc EndOffset="150" SrcFileId="8" StartOffset="96"/>
</LocList>
<StmntSeq Intrnl_Id="955">
<LocList>
<Loc EndOffset="146" SrcFileId="8" StartOffset="114"/>
</LocList>
<BasicStmnt CovItemId="S1" CovItemPrefix="client.Controller.Die.java" Intrnl_Id="956">
<LocList>
<Loc EndOffset="146" SrcFileId="8" StartOffset="114"/>
</LocList>
</BasicStmnt>
</StmntSeq>
</HierarchyLvl>
<HierarchyLvl HierarchyLvlId="151" HierarchyLvlTypeId="15" Intrnl_Id="957" Name="Die">
<Header>
<Loc EndOffset="176" SrcFileId="8" StartOffset="155"/>
</Header>
<LocList>
<Loc EndOffset="222" SrcFileId="8" StartOffset="155"/>
</LocList>
<StmntSeq Intrnl_Id="958">
<LocList>
<Loc EndOffset="218" SrcFileId="8" StartOffset="182"/>
</LocList>
<BasicStmnt CovItemId="S2" CovItemPrefix="client.Controller.Die.java" Intrnl_Id="959">
<LocList>
<Loc EndOffset="218" SrcFileId="8" StartOffset="182"/>
</LocList>
</BasicStmnt>
</StmntSeq>
</HierarchyLvl>
<HierarchyLvl HierarchyLvlId="152" HierarchyLvlTypeId="15" Intrnl_Id="960" Name="rollDie">
<Header>
<Loc EndOffset="247" SrcFileId="8" StartOffset="227"/>
</Header>
<LocList>
<Loc EndOffset="302" SrcFileId="8" StartOffset="227"/>
</LocList>
<StmntSeq Intrnl_Id="961">
<LocList>
<Loc EndOffset="298" SrcFileId="8" StartOffset="253"/>
</LocList>
<BasicStmnt CovItemId="S3" CovItemPrefix="client.Controller.Die.java" Intrnl_Id="962">
<LocList>
<Loc EndOffset="298" SrcFileId="8" StartOffset="253"/>
</LocList>
</BasicStmnt>
</StmntSeq>
</HierarchyLvl>
</HierarchyLvl>
<HierarchyLvl HierarchyLvlId="156" HierarchyLvlTypeId="16" Intrnl_Id="963" Name="Dice">
<Header>
<Loc EndOffset="49" SrcFileId="9" StartOffset="32"/>
</Header>
<LocList>
<Loc EndOffset="519" SrcFileId="9" StartOffset="32"/>
</LocList>
<HierarchyLvl HierarchyLvlId="154" HierarchyLvlTypeId="15" Intrnl_Id="964" Name="Dice">
<Header>
<Loc EndOffset="120" SrcFileId="9" StartOffset="107"/>
</Header>
<LocList>
<Loc EndOffset="187" SrcFileId="9" StartOffset="107"/>
</LocList>
<StmntSeq Intrnl_Id="965">
<LocList>
<Loc EndOffset="152" SrcFileId="9" StartOffset="126"/>
<Loc EndOffset="183" SrcFileId="9" StartOffset="156"/>
</LocList>
<BasicStmnt CovItemId="S1" CovItemPrefix="client.Controller.Dice.java" Intrnl_Id="966">
<LocList>
<Loc EndOffset="152" SrcFileId="9" StartOffset="126"/>
</LocList>
</BasicStmnt>
<BasicStmnt CovItemId="S2" CovItemPrefix="client.Controller.Dice.java" Intrnl_Id="967">
<LocList>
<Loc EndOffset="183" SrcFileId="9" StartOffset="156"/>
</LocList>
</BasicStmnt>
</StmntSeq>
</HierarchyLvl>
<HierarchyLvl HierarchyLvlId="155" HierarchyLvlTypeId="15" Intrnl_Id="968" Name="rollDice">
<Header>
<Loc EndOffset="298" SrcFileId="9" StartOffset="275"/>
</Header>
<LocList>
<Loc EndOffset="514" SrcFileId="9" StartOffset="275"/>
</LocList>
<StmntSeq Intrnl_Id="969">
<LocList>
<Loc EndOffset="330" SrcFileId="9" StartOffset="304"/>
<Loc EndOffset="370" SrcFileId="9" StartOffset="334"/>
<Loc EndOffset="412" SrcFileId="9" StartOffset="374"/>
<Loc EndOffset="445" SrcFileId="9" StartOffset="418"/>
<Loc EndOffset="467" SrcFileId="9" StartOffset="449"/>
<Loc EndOffset="490" SrcFileId="9" StartOffset="471"/>
<Loc EndOffset="510" SrcFileId="9" StartOffset="496"/>
</LocList>
<BasicStmnt CovItemId="S3" CovItemPrefix="client.Controller.Dice.java" Intrnl_Id="970">
<LocList>
<Loc EndOffset="330" SrcFileId="9" StartOffset="304"/>
</LocList>
</BasicStmnt>
<BasicStmnt CovItemId="S4" CovItemPrefix="client.Controller.Dice.java" Intrnl_Id="971">
<LocList>
<Loc EndOffset="370" SrcFileId="9" StartOffset="334"/>
</LocList>
</BasicStmnt>
<BasicStmnt CovItemId="S5" CovItemPrefix="client.Controller.Dice.java" Intrnl_Id="972">
<LocList>
<Loc EndOffset="412" SrcFileId="9" StartOffset="374"/>
</LocList>
</BasicStmnt>
<BasicStmnt CovItemId="S6" CovItemPrefix="client.Controller.Dice.java" Intrnl_Id="973">
<LocList>
<Loc EndOffset="445" SrcFileId="9" StartOffset="418"/>
</LocList>
</BasicStmnt>
<BasicStmnt CovItemId="S7" CovItemPrefix="client.Controller.Dice.java" Intrnl_Id="974">
<LocList>
<Loc EndOffset="467" SrcFileId="9" StartOffset="449"/>
</LocList>
</BasicStmnt>
<BasicStmnt CovItemId="S8" CovItemPrefix="client.Controller.Dice.java" Intrnl_Id="975">
<LocList>
<Loc EndOffset="490" SrcFileId="9" StartOffset="471"/>
</LocList>
</BasicStmnt>
<BasicStmnt CovItemId="S9" CovItemPrefix="client.Controller.Dice.java" Intrnl_Id="976">
<LocList>
<Loc EndOffset="510" SrcFileId="9" StartOffset="496"/>
</LocList>
</BasicStmnt>
</StmntSeq>
</HierarchyLvl>
</HierarchyLvl>
<HierarchyLvl HierarchyLvlId="157" HierarchyLvlTypeId="16" Intrnl_Id="977" Name="Bank">
<Header>
<Loc EndOffset="47" SrcFileId="10" StartOffset="30"/>
</Header>
<LocList>
<Loc EndOffset="54" SrcFileId="10" StartOffset="30"/>
</LocList>
</HierarchyLvl>
</HierarchyLvl>
</HierarchyLvl>
</HierarchyLvl>
</MASTRoot>
</TestSessionContainer>
